[ 2016-12-29T10:18:35+08:00 ] ::1 /BLOG/index.php/Home/Article/index/id/assets/js/jquery.min.js
ERR: 1054:Unknown column 'assets' in 'where clause'
 [ SQL语句 ] : SELECT * FROM `ykt_article` WHERE ( id<assets ) ORDER BY id desc LIMIT 1  

[ 2016-12-29T10:18:35+08:00 ] ::1 /BLOG/index.php/Home/Article/index/id/assets/js/amazeui.min.js
ERR: 1054:Unknown column 'assets' in 'where clause'
 [ SQL语句 ] : SELECT * FROM `ykt_article` WHERE ( id<assets ) ORDER BY id desc LIMIT 1  

[ 2016-12-29T10:22:46+08:00 ] ::1 /BLOG/index.php/Home/Article/index/id/assets/js/jquery.min.js
ERR: 1054:Unknown column 'assets' in 'where clause'
 [ SQL语句 ] : SELECT * FROM `ykt_article` WHERE ( id<assets ) ORDER BY id desc LIMIT 1  

[ 2016-12-29T10:22:46+08:00 ] ::1 /BLOG/index.php/Home/Article/index/id/assets/js/amazeui.min.js
ERR: 1054:Unknown column 'assets' in 'where clause'
 [ SQL语句 ] : SELECT * FROM `ykt_article` WHERE ( id<assets ) ORDER BY id desc LIMIT 1  

[ 2016-12-29T10:22:52+08:00 ] ::1 /BLOG/index.php/Home/Article/index/id/assets/js/jquery.min.js
ERR: 1054:Unknown column 'assets' in 'where clause'
 [ SQL语句 ] : SELECT * FROM `ykt_article` WHERE ( id<assets ) ORDER BY id desc LIMIT 1  

[ 2016-12-29T10:22:52+08:00 ] ::1 /BLOG/index.php/Home/Article/index/id/assets/js/amazeui.min.js
ERR: 1054:Unknown column 'assets' in 'where clause'
 [ SQL语句 ] : SELECT * FROM `ykt_article` WHERE ( id<assets ) ORDER BY id desc LIMIT 1  

[ 2016-12-29T10:23:00+08:00 ] ::1 /BLOG/index.php/Home/Article/index/id/assets/js/amazeui.min.js
ERR: 1054:Unknown column 'assets' in 'where clause'
 [ SQL语句 ] : SELECT * FROM `ykt_article` WHERE ( id<assets ) ORDER BY id desc LIMIT 1  

[ 2016-12-29T10:23:00+08:00 ] ::1 /BLOG/index.php/Home/Article/index/id/assets/js/jquery.min.js
ERR: 1054:Unknown column 'assets' in 'where clause'
 [ SQL语句 ] : SELECT * FROM `ykt_article` WHERE ( id<assets ) ORDER BY id desc LIMIT 1  

[ 2016-12-29T10:23:00+08:00 ] ::1 /BLOG/index.php/Home/Article/index/id/assets/js/amazeui.min.js
ERR: 1054:Unknown column 'assets' in 'where clause'
 [ SQL语句 ] : SELECT * FROM `ykt_article` WHERE ( id<assets ) ORDER BY id desc LIMIT 1  

[ 2016-12-29T10:23:28+08:00 ] ::1 /BLOG/index.php/Home/Article/index/id/assets/js/jquery.min.js
ERR: 1054:Unknown column 'assets' in 'where clause'
 [ SQL语句 ] : SELECT * FROM `ykt_article` WHERE ( id<assets ) ORDER BY id desc LIMIT 1  

[ 2016-12-29T10:23:28+08:00 ] ::1 /BLOG/index.php/Home/Article/index/id/assets/js/amazeui.min.js
ERR: 1054:Unknown column 'assets' in 'where clause'
 [ SQL语句 ] : SELECT * FROM `ykt_article` WHERE ( id<assets ) ORDER BY id desc LIMIT 1  

[ 2016-12-29T10:23:33+08:00 ] ::1 /BLOG/index.php/Home/Article/index/id/assets/js/amazeui.min.js
ERR: 1054:Unknown column 'assets' in 'where clause'
 [ SQL语句 ] : SELECT * FROM `ykt_article` WHERE ( id<assets ) ORDER BY id desc LIMIT 1  

[ 2016-12-29T10:23:33+08:00 ] ::1 /BLOG/index.php/Home/Article/index/id/assets/js/jquery.min.js
ERR: 1054:Unknown column 'assets' in 'where clause'
 [ SQL语句 ] : SELECT * FROM `ykt_article` WHERE ( id<assets ) ORDER BY id desc LIMIT 1  

[ 2016-12-29T10:23:33+08:00 ] ::1 /BLOG/index.php/Home/Article/index/id/assets/js/amazeui.min.js
ERR: 1054:Unknown column 'assets' in 'where clause'
 [ SQL语句 ] : SELECT * FROM `ykt_article` WHERE ( id<assets ) ORDER BY id desc LIMIT 1  

[ 2016-12-29T10:42:41+08:00 ] ::1 /BLOG/index.php/Home/write
ERR: 无法加载控制器:Write

[ 2016-12-29T10:43:14+08:00 ] ::1 /BLOG/index.php/Home/write
ERR: 无法加载控制器:Write

[ 2016-12-29T10:43:17+08:00 ] ::1 /BLOG/index.php/Home/Article/add
ERR: 模板不存在:./Application/Home/View/Article/write.html

[ 2016-12-29T10:48:04+08:00 ] ::1 /BLOG/index.php/Home/assets/css/amazeui.min.css
ERR: 无法加载控制器:Assets

[ 2016-12-29T10:48:04+08:00 ] ::1 /BLOG/index.php/Home/assets/js/jquery.min.js
ERR: 无法加载控制器:Assets

[ 2016-12-29T10:48:04+08:00 ] ::1 /BLOG/index.php/Home/assets/js/amazeui.min.js
ERR: 无法加载控制器:Assets

[ 2016-12-29T10:48:04+08:00 ] ::1 /BLOG/index.php/Home/assets/js/app.js
ERR: 无法加载控制器:Assets

[ 2016-12-29T10:48:04+08:00 ] ::1 /BLOG/index.php/Home/assets/css/app.css
ERR: 无法加载控制器:Assets

[ 2016-12-29T10:48:04+08:00 ] ::1 /BLOG/index.php/Home/assets/js/amazeui.min.js
ERR: 无法加载控制器:Assets

[ 2016-12-29T10:48:04+08:00 ] ::1 /BLOG/index.php/Home/assets/js/app.js
ERR: 无法加载控制器:Assets

[ 2016-12-29T10:48:29+08:00 ] ::1 /BLOG/index.php/Home/assets/js/jquery.min.js
ERR: 无法加载控制器:Assets

[ 2016-12-29T10:48:29+08:00 ] ::1 /BLOG/index.php/Home/assets/css/app.css
ERR: 无法加载控制器:Assets

[ 2016-12-29T10:48:29+08:00 ] ::1 /BLOG/index.php/Home/assets/js/amazeui.min.js
ERR: 无法加载控制器:Assets

[ 2016-12-29T10:48:29+08:00 ] ::1 /BLOG/index.php/Home/assets/css/amazeui.min.css
ERR: 无法加载控制器:Assets

[ 2016-12-29T10:48:29+08:00 ] ::1 /BLOG/index.php/Home/assets/js/app.js
ERR: 无法加载控制器:Assets

[ 2016-12-29T10:48:29+08:00 ] ::1 /BLOG/index.php/Home/assets/js/amazeui.min.js
ERR: 无法加载控制器:Assets

[ 2016-12-29T10:48:29+08:00 ] ::1 /BLOG/index.php/Home/assets/js/app.js
ERR: 无法加载控制器:Assets

[ 2016-12-29T10:48:29+08:00 ] ::1 /BLOG/index.php/Home/assets/js/amazeui.min.js
ERR: 无法加载控制器:Assets

[ 2016-12-29T10:48:29+08:00 ] ::1 /BLOG/index.php/Home/assets/css/amazeui.min.css
ERR: 无法加载控制器:Assets

[ 2016-12-29T10:48:29+08:00 ] ::1 /BLOG/index.php/Home/assets/css/app.css
ERR: 无法加载控制器:Assets

[ 2016-12-29T10:48:29+08:00 ] ::1 /BLOG/index.php/Home/assets/js/app.js
ERR: 无法加载控制器:Assets

[ 2016-12-29T10:48:29+08:00 ] ::1 /BLOG/index.php/Home/assets/js/jquery.min.js
ERR: 无法加载控制器:Assets

[ 2016-12-29T10:48:29+08:00 ] ::1 /BLOG/index.php/Home/assets/js/amazeui.min.js
ERR: 无法加载控制器:Assets

[ 2016-12-29T10:48:29+08:00 ] ::1 /BLOG/index.php/Home/assets/js/app.js
ERR: 无法加载控制器:Assets

[ 2016-12-29T10:50:12+08:00 ] ::1 /BLOG/index.php/Home/assets/js/amazeui.min.js
ERR: 无法加载控制器:Assets

[ 2016-12-29T10:50:12+08:00 ] ::1 /BLOG/index.php/Home/assets/js/app.js
ERR: 无法加载控制器:Assets

[ 2016-12-29T10:50:12+08:00 ] ::1 /BLOG/index.php/Home/assets/js/jquery.min.js
ERR: 无法加载控制器:Assets

[ 2016-12-29T10:50:12+08:00 ] ::1 /BLOG/index.php/Home/assets/js/amazeui.min.js
ERR: 无法加载控制器:Assets

[ 2016-12-29T10:50:13+08:00 ] ::1 /BLOG/index.php/Home/assets/js/app.js
ERR: 无法加载控制器:Assets

[ 2016-12-29T11:15:40+08:00 ] ::1 /BLOG/index.php/Home/assets/js/jquery.min.js
ERR: 无法加载控制器:Assets

[ 2016-12-29T11:15:40+08:00 ] ::1 /BLOG/index.php/Home/assets/js/amazeui.min.js
ERR: 无法加载控制器:Assets

[ 2016-12-29T11:15:40+08:00 ] ::1 /BLOG/index.php/Home/assets/js/app.js
ERR: 无法加载控制器:Assets

[ 2016-12-29T11:16:29+08:00 ] ::1 /BLOG/index.php/Home/assets/js/app.js
ERR: 无法加载控制器:Assets

[ 2016-12-29T11:16:29+08:00 ] ::1 /BLOG/index.php/Home/assets/js/jquery.min.js
ERR: 无法加载控制器:Assets

[ 2016-12-29T11:16:29+08:00 ] ::1 /BLOG/index.php/Home/assets/js/amazeui.min.js
ERR: 无法加载控制器:Assets

[ 2016-12-29T11:16:29+08:00 ] ::1 /BLOG/index.php/Home/assets/js/app.js
ERR: 无法加载控制器:Assets

[ 2016-12-29T11:20:49+08:00 ] ::1 /BLOG/index.php/Home/assets/js/jquery.min.js
ERR: 无法加载控制器:Assets

[ 2016-12-29T11:20:49+08:00 ] ::1 /BLOG/index.php/Home/assets/js/amazeui.min.js
ERR: 无法加载控制器:Assets

[ 2016-12-29T11:20:49+08:00 ] ::1 /BLOG/index.php/Home/assets/js/app.js
ERR: 无法加载控制器:Assets

[ 2016-12-29T11:21:06+08:00 ] ::1 /BLOG/index.php/Home/assets/js/jquery.min.js
ERR: 无法加载控制器:Assets

[ 2016-12-29T11:21:06+08:00 ] ::1 /BLOG/index.php/Home/assets/js/amazeui.min.js
ERR: 无法加载控制器:Assets

[ 2016-12-29T11:21:06+08:00 ] ::1 /BLOG/index.php/Home/assets/js/app.js
ERR: 无法加载控制器:Assets

[ 2016-12-29T11:21:17+08:00 ] ::1 /BLOG/index.php/Home/assets/js/amazeui.min.js
ERR: 无法加载控制器:Assets

[ 2016-12-29T11:21:17+08:00 ] ::1 /BLOG/index.php/Home/assets/js/jquery.min.js
ERR: 无法加载控制器:Assets

[ 2016-12-29T11:21:17+08:00 ] ::1 /BLOG/index.php/Home/assets/js/app.js
ERR: 无法加载控制器:Assets

[ 2016-12-29T11:21:17+08:00 ] ::1 /BLOG/index.php/Home/assets/js/amazeui.min.js
ERR: 无法加载控制器:Assets

[ 2016-12-29T11:21:17+08:00 ] ::1 /BLOG/index.php/Home/assets/js/app.js
ERR: 无法加载控制器:Assets

[ 2016-12-29T11:21:29+08:00 ] ::1 /BLOG/index.php/Home/assets/js/jquery.min.js
ERR: 无法加载控制器:Assets

[ 2016-12-29T11:21:29+08:00 ] ::1 /BLOG/index.php/Home/assets/js/amazeui.min.js
ERR: 无法加载控制器:Assets

[ 2016-12-29T11:21:29+08:00 ] ::1 /BLOG/index.php/Home/assets/js/app.js
ERR: 无法加载控制器:Assets

[ 2016-12-29T12:02:43+08:00 ] ::1 /BLOG/index.php/Home/user
ERR: 无法加载控制器:User

[ 2016-12-29T12:02:50+08:00 ] ::1 /BLOG/index.php/Home/user/
ERR: 无法加载控制器:User

[ 2016-12-29T12:03:11+08:00 ] ::1 /BLOG/index.php/Home/user/
ERR: 非法操作:index

[ 2016-12-29T12:04:49+08:00 ] ::1 /BLOG/index.php/Home/user/assets/js/amazeui.min.js
ERR: 非法操作:assets

[ 2016-12-29T12:04:49+08:00 ] ::1 /BLOG/index.php/Home/user/assets/js/app.js
ERR: 非法操作:assets

[ 2016-12-29T12:04:49+08:00 ] ::1 /BLOG/index.php/Home/user/assets/js/jquery.min.js
ERR: 非法操作:assets

[ 2016-12-29T12:04:49+08:00 ] ::1 /BLOG/index.php/Home/user/assets/js/amazeui.min.js
ERR: 非法操作:assets

[ 2016-12-29T12:04:50+08:00 ] ::1 /BLOG/index.php/Home/user/assets/js/app.js
ERR: 非法操作:assets

[ 2016-12-29T12:05:37+08:00 ] ::1 /BLOG/index.php/Home/user/assets/js/app.js
ERR: 非法操作:assets

[ 2016-12-29T12:05:37+08:00 ] ::1 /BLOG/index.php/Home/user/assets/js/jquery.min.js
ERR: 非法操作:assets

[ 2016-12-29T12:05:37+08:00 ] ::1 /BLOG/index.php/Home/user/assets/js/amazeui.min.js
ERR: 非法操作:assets

[ 2016-12-29T12:05:37+08:00 ] ::1 /BLOG/index.php/Home/user/assets/js/app.js
ERR: 非法操作:assets

[ 2016-12-29T12:05:38+08:00 ] ::1 /BLOG/index.php/Home/user/assets/js/amazeui.min.js
ERR: 非法操作:assets

[ 2016-12-29T12:05:38+08:00 ] ::1 /BLOG/index.php/Home/user/assets/js/app.js
ERR: 非法操作:assets

[ 2016-12-29T12:05:38+08:00 ] ::1 /BLOG/index.php/Home/user/assets/js/jquery.min.js
ERR: 非法操作:assets

[ 2016-12-29T12:05:38+08:00 ] ::1 /BLOG/index.php/Home/user/assets/js/amazeui.min.js
ERR: 非法操作:assets

[ 2016-12-29T12:05:38+08:00 ] ::1 /BLOG/index.php/Home/user/assets/js/app.js
ERR: 非法操作:assets

[ 2016-12-29T12:07:19+08:00 ] ::1 /BLOG/index.php/Home/User/assets/js/jquery.min.js
ERR: 非法操作:assets

[ 2016-12-29T12:07:19+08:00 ] ::1 /BLOG/index.php/Home/User/assets/js/app.js
ERR: 非法操作:assets

[ 2016-12-29T12:07:19+08:00 ] ::1 /BLOG/index.php/Home/User/assets/js/amazeui.min.js
ERR: 非法操作:assets

[ 2016-12-29T12:07:19+08:00 ] ::1 /BLOG/index.php/Home/User/assets/js/app.js
ERR: 非法操作:assets

[ 2016-12-29T12:09:50+08:00 ] ::1 /BLOG/index.php/Home/User/login
ERR: Think\Model:login方法不存在！

[ 2016-12-29T12:10:27+08:00 ] ::1 /BLOG/index.php/Home/User/login
ERR: Think\Model:login方法不存在！

[ 2016-12-29T12:10:30+08:00 ] ::1 /BLOG/index.php/Home/User/login
ERR: Think\Model:login方法不存在！

[ 2016-12-29T12:10:38+08:00 ] ::1 /BLOG/index.php/Home/User/login
ERR: Think\Model:login方法不存在！

[ 2016-12-29T12:25:45+08:00 ] ::1 /BLOG/index.php/Home/User/assets/js/jquery.min.js
ERR: 非法操作:assets

[ 2016-12-29T12:25:45+08:00 ] ::1 /BLOG/index.php/Home/User/assets/js/amazeui.min.js
ERR: 非法操作:assets

[ 2016-12-29T12:25:45+08:00 ] ::1 /BLOG/index.php/Home/User/assets/js/app.js
ERR: 非法操作:assets

[ 2016-12-29T12:25:49+08:00 ] ::1 /BLOG/index.php/Home/User/assets/js/jquery.min.js
ERR: 非法操作:assets

[ 2016-12-29T12:25:49+08:00 ] ::1 /BLOG/index.php/Home/User/assets/js/amazeui.min.js
ERR: 非法操作:assets

[ 2016-12-29T12:25:49+08:00 ] ::1 /BLOG/index.php/Home/User/assets/js/app.js
ERR: 非法操作:assets

[ 2016-12-29T12:26:02+08:00 ] ::1 /BLOG/index.php/Home/User/assets/js/jquery.min.js
ERR: 非法操作:assets

[ 2016-12-29T12:26:02+08:00 ] ::1 /BLOG/index.php/Home/User/assets/js/app.js
ERR: 非法操作:assets

[ 2016-12-29T12:26:02+08:00 ] ::1 /BLOG/index.php/Home/User/assets/js/amazeui.min.js
ERR: 非法操作:assets

[ 2016-12-29T12:26:02+08:00 ] ::1 /BLOG/index.php/Home/User/assets/js/app.js
ERR: 非法操作:assets

[ 2016-12-29T12:31:01+08:00 ] ::1 /BLOG/index.php/Home/User/assets/js/jquery.min.js
ERR: 非法操作:assets

[ 2016-12-29T12:31:01+08:00 ] ::1 /BLOG/index.php/Home/User/assets/js/amazeui.min.js
ERR: 非法操作:assets

[ 2016-12-29T12:31:01+08:00 ] ::1 /BLOG/index.php/Home/User/assets/js/app.js
ERR: 非法操作:assets

[ 2016-12-29T12:41:45+08:00 ] ::1 /BLOG/index.php/Home/User/assets/js/jquery.min.js
ERR: 非法操作:assets

[ 2016-12-29T12:41:45+08:00 ] ::1 /BLOG/index.php/Home/User/assets/js/app.js
ERR: 非法操作:assets

[ 2016-12-29T12:41:45+08:00 ] ::1 /BLOG/index.php/Home/User/assets/js/amazeui.min.js
ERR: 非法操作:assets

[ 2016-12-29T12:41:45+08:00 ] ::1 /BLOG/index.php/Home/User/assets/js/app.js
ERR: 非法操作:assets

[ 2016-12-29T12:41:54+08:00 ] ::1 /BLOG/index.php/Home/User/assets/js/jquery.min.js
ERR: 非法操作:assets

[ 2016-12-29T12:41:54+08:00 ] ::1 /BLOG/index.php/Home/User/assets/js/app.js
ERR: 非法操作:assets

[ 2016-12-29T12:41:55+08:00 ] ::1 /BLOG/index.php/Home/User/assets/js/amazeui.min.js
ERR: 非法操作:assets

[ 2016-12-29T12:41:55+08:00 ] ::1 /BLOG/index.php/Home/User/assets/js/app.js
ERR: 非法操作:assets

[ 2016-12-29T12:42:54+08:00 ] ::1 /BLOG/index.php/Home/User/assets/js/jquery.min.js
ERR: 非法操作:assets

[ 2016-12-29T12:42:54+08:00 ] ::1 /BLOG/index.php/Home/User/assets/js/amazeui.min.js
ERR: 非法操作:assets

[ 2016-12-29T12:42:54+08:00 ] ::1 /BLOG/index.php/Home/User/assets/js/app.js
ERR: 非法操作:assets

[ 2016-12-29T12:43:00+08:00 ] ::1 /BLOG/index.php/Home/Home/index.html
ERR: 无法加载控制器:Home

[ 2016-12-29T12:43:23+08:00 ] ::1 /BLOG/index.php/Home/Home/index.html
ERR: 无法加载控制器:Home

[ 2016-12-29T12:43:25+08:00 ] ::1 /BLOG/index.php/Home/Home/index.html
ERR: 无法加载控制器:Home

[ 2016-12-29T12:43:27+08:00 ] ::1 /BLOG/index.php/Home/User/assets/js/jquery.min.js
ERR: 非法操作:assets

[ 2016-12-29T12:43:27+08:00 ] ::1 /BLOG/index.php/Home/User/assets/js/app.js
ERR: 非法操作:assets

[ 2016-12-29T12:43:27+08:00 ] ::1 /BLOG/index.php/Home/User/assets/js/amazeui.min.js
ERR: 非法操作:assets

[ 2016-12-29T12:43:27+08:00 ] ::1 /BLOG/index.php/Home/User/assets/js/app.js
ERR: 非法操作:assets

[ 2016-12-29T12:43:35+08:00 ] ::1 /BLOG/index.php/Home/User/assets/js/app.js
ERR: 非法操作:assets

[ 2016-12-29T12:43:35+08:00 ] ::1 /BLOG/index.php/Home/User/assets/js/jquery.min.js
ERR: 非法操作:assets

[ 2016-12-29T12:43:35+08:00 ] ::1 /BLOG/index.php/Home/User/assets/js/amazeui.min.js
ERR: 非法操作:assets

[ 2016-12-29T12:43:35+08:00 ] ::1 /BLOG/index.php/Home/User/assets/js/app.js
ERR: 非法操作:assets

[ 2016-12-29T12:48:00+08:00 ] ::1 /BLOG/index.php/Home/User/assets/js/jquery.min.js
ERR: 非法操作:assets

[ 2016-12-29T12:48:00+08:00 ] ::1 /BLOG/index.php/Home/User/assets/js/amazeui.min.js
ERR: 非法操作:assets

[ 2016-12-29T12:48:00+08:00 ] ::1 /BLOG/index.php/Home/User/assets/js/app.js
ERR: 非法操作:assets

[ 2016-12-29T12:48:08+08:00 ] ::1 /BLOG/index.php/Home/User/assets/js/jquery.min.js
ERR: 非法操作:assets

[ 2016-12-29T12:48:08+08:00 ] ::1 /BLOG/index.php/Home/User/assets/js/amazeui.min.js
ERR: 非法操作:assets

[ 2016-12-29T12:48:08+08:00 ] ::1 /BLOG/index.php/Home/User/assets/js/app.js
ERR: 非法操作:assets

[ 2016-12-29T12:49:23+08:00 ] ::1 /BLOG/index.php/Home/User/assets/js/app.js
ERR: 非法操作:assets

[ 2016-12-29T12:49:23+08:00 ] ::1 /BLOG/index.php/Home/User/assets/js/amazeui.min.js
ERR: 非法操作:assets

[ 2016-12-29T12:49:23+08:00 ] ::1 /BLOG/index.php/Home/User/assets/js/jquery.min.js
ERR: 非法操作:assets

[ 2016-12-29T12:49:23+08:00 ] ::1 /BLOG/index.php/Home/User/assets/js/amazeui.min.js
ERR: 非法操作:assets

[ 2016-12-29T12:49:23+08:00 ] ::1 /BLOG/index.php/Home/User/assets/js/app.js
ERR: 非法操作:assets

[ 2016-12-29T12:56:45+08:00 ] ::1 /BLOG/index.php/Home/User/assets/js/jquery.min.js
ERR: 非法操作:assets

[ 2016-12-29T12:56:45+08:00 ] ::1 /BLOG/index.php/Home/User/assets/js/amazeui.min.js
ERR: 非法操作:assets

[ 2016-12-29T12:56:45+08:00 ] ::1 /BLOG/index.php/Home/User/assets/js/app.js
ERR: 非法操作:assets

[ 2016-12-29T14:04:20+08:00 ] ::1 /BLOG/Home/login
ERR: 无法加载控制器:Login

[ 2016-12-29T14:10:33+08:00 ] ::1 /BLOG/Home/user/assets/js/amazeui.min.js
ERR: 非法操作:assets

[ 2016-12-29T14:10:33+08:00 ] ::1 /BLOG/Home/user/assets/js/jquery.min.js
ERR: 非法操作:assets

[ 2016-12-29T14:10:34+08:00 ] ::1 /BLOG/Home/user/assets/js/app.js
ERR: 非法操作:assets

[ 2016-12-29T14:10:34+08:00 ] ::1 /BLOG/Home/user/assets/js/amazeui.min.js
ERR: 非法操作:assets

[ 2016-12-29T14:10:34+08:00 ] ::1 /BLOG/Home/user/assets/js/app.js
ERR: 非法操作:assets

[ 2016-12-29T14:10:56+08:00 ] ::1 /BLOG/index.php/Home/index/assets/css/amazeui.min.css
ERR: 非法操作:assets

[ 2016-12-29T14:10:56+08:00 ] ::1 /BLOG/index.php/Home/index/assets/css/app.css
ERR: 非法操作:assets

[ 2016-12-29T14:10:56+08:00 ] ::1 /BLOG/index.php/Home/index/assets/js/jquery.min.js
ERR: 非法操作:assets

[ 2016-12-29T14:10:56+08:00 ] ::1 /BLOG/index.php/Home/index/assets/js/amazeui.min.js
ERR: 非法操作:assets

[ 2016-12-29T14:11:36+08:00 ] ::1 /BLOG/Home/USER/LOGIN
ERR: 无法加载控制器:USER

[ 2016-12-29T14:11:56+08:00 ] ::1 /BLOG/index.php/Home/index/assets/css/app.css
ERR: 非法操作:assets

[ 2016-12-29T14:11:56+08:00 ] ::1 /BLOG/index.php/Home/index/assets/css/amazeui.min.css
ERR: 非法操作:assets

[ 2016-12-29T14:11:56+08:00 ] ::1 /BLOG/index.php/Home/index/assets/js/jquery.min.js
ERR: 非法操作:assets

[ 2016-12-29T14:11:56+08:00 ] ::1 /BLOG/index.php/Home/index/assets/js/amazeui.min.js
ERR: 非法操作:assets

[ 2016-12-29T14:12:49+08:00 ] ::1 /BLOG/index.php/Home/index/assets/js/jquery.min.js
ERR: 非法操作:assets

[ 2016-12-29T14:12:49+08:00 ] ::1 /BLOG/index.php/Home/index/assets/js/amazeui.min.js
ERR: 非法操作:assets

[ 2016-12-29T14:15:29+08:00 ] ::1 /BLOG/index.php/Home/index/assets/js/jquery.min.js
ERR: 非法操作:assets

[ 2016-12-29T14:15:29+08:00 ] ::1 /BLOG/index.php/Home/index/assets/js/amazeui.min.js
ERR: 非法操作:assets

[ 2016-12-29T14:16:02+08:00 ] ::1 /BLOG/index.php/Home/index/assets/js/jquery.min.js
ERR: 非法操作:assets

[ 2016-12-29T14:16:02+08:00 ] ::1 /BLOG/index.php/Home/index/assets/js/amazeui.min.js
ERR: 非法操作:assets

[ 2016-12-29T14:16:19+08:00 ] ::1 /BLOG/index.php/Home/index/assets/js/amazeui.min.js
ERR: 非法操作:assets

[ 2016-12-29T14:16:19+08:00 ] ::1 /BLOG/index.php/Home/index/assets/js/jquery.min.js
ERR: 非法操作:assets

[ 2016-12-29T14:16:19+08:00 ] ::1 /BLOG/index.php/Home/index/assets/js/amazeui.min.js
ERR: 非法操作:assets

[ 2016-12-29T14:16:48+08:00 ] ::1 /BLOG/index.php/Home/index/assets/js/jquery.min.js
ERR: 非法操作:assets

[ 2016-12-29T14:16:48+08:00 ] ::1 /BLOG/index.php/Home/index/assets/js/amazeui.min.js
ERR: 非法操作:assets

[ 2016-12-29T14:17:20+08:00 ] ::1 /BLOG/index.php/Home/index/assets/js/amazeui.min.js
ERR: 非法操作:assets

[ 2016-12-29T14:17:20+08:00 ] ::1 /BLOG/index.php/Home/index/assets/js/jquery.min.js
ERR: 非法操作:assets

[ 2016-12-29T14:17:20+08:00 ] ::1 /BLOG/index.php/Home/index/assets/js/amazeui.min.js
ERR: 非法操作:assets

[ 2016-12-29T14:17:33+08:00 ] ::1 /BLOG/index.php/Home/index/assets/js/jquery.min.js
ERR: 非法操作:assets

[ 2016-12-29T14:17:33+08:00 ] ::1 /BLOG/index.php/Home/index/assets/js/amazeui.min.js
ERR: 非法操作:assets

[ 2016-12-29T14:17:41+08:00 ] ::1 /BLOG/index.php/Home/index/assets/js/amazeui.min.js
ERR: 非法操作:assets

[ 2016-12-29T14:17:41+08:00 ] ::1 /BLOG/index.php/Home/index/assets/js/jquery.min.js
ERR: 非法操作:assets

[ 2016-12-29T14:17:41+08:00 ] ::1 /BLOG/index.php/Home/index/assets/js/amazeui.min.js
ERR: 非法操作:assets

[ 2016-12-29T14:21:49+08:00 ] ::1 /BLOG/index.php/Home/index/assets/js/jquery.min.js
ERR: 非法操作:assets

[ 2016-12-29T14:21:49+08:00 ] ::1 /BLOG/index.php/Home/index/assets/js/amazeui.min.js
ERR: 非法操作:assets

[ 2016-12-29T14:33:19+08:00 ] ::1 /BLOG/index.php/Home/login
ERR: 无法加载控制器:Login

[ 2016-12-29T14:33:33+08:00 ] ::1 /BLOG/index.php/Home/index/assets/js/jquery.min.js
ERR: 非法操作:assets

[ 2016-12-29T14:33:33+08:00 ] ::1 /BLOG/index.php/Home/index/assets/js/amazeui.min.js
ERR: 非法操作:assets

