[ 2016-12-19T12:46:34+08:00 ] ::1 /ykt/thinkphp/index.php/home
ERR: Think\Controller:dispaly方法不存在！

[ 2016-12-19T13:07:39+08:00 ] ::1 /ykt/thinkphp/index.php/home/style/style.css
ERR: 无法加载控制器:Style

[ 2016-12-19T13:07:39+08:00 ] ::1 /ykt/thinkphp/index.php/home/style/jquery.min.js
ERR: 无法加载控制器:Style

[ 2016-12-19T13:08:04+08:00 ] ::1 /ykt/thinkphp/index.php/home/style/jquery.min.js
ERR: 无法加载控制器:Style

[ 2016-12-19T13:09:16+08:00 ] ::1 /ykt/thinkphp/index.php/home/article
ERR: 模板不存在:./Application/Home/View/Article/index.html

[ 2016-12-19T13:09:45+08:00 ] ::1 /ykt/thinkphp/index.php/home/style/jquery.min.js
ERR: 无法加载控制器:Style

[ 2016-12-19T13:09:45+08:00 ] ::1 /ykt/thinkphp/index.php/home/style/post.js
ERR: 无法加载控制器:Style

[ 2016-12-19T13:09:45+08:00 ] ::1 /ykt/thinkphp/index.php/home/style/jquery.min.js
ERR: 无法加载控制器:Style

[ 2016-12-19T13:09:45+08:00 ] ::1 /ykt/thinkphp/index.php/home/style/post.js
ERR: 无法加载控制器:Style

[ 2016-12-19T13:17:23+08:00 ] ::1 /ykt/thinkphp/index.php/home/style/jquery.min.js
ERR: 无法加载控制器:Style

[ 2016-12-19T13:17:23+08:00 ] ::1 /ykt/thinkphp/index.php/home/style/post.js
ERR: 无法加载控制器:Style

[ 2016-12-19T13:17:23+08:00 ] ::1 /ykt/thinkphp/index.php/home/style/jquery.min.js
ERR: 无法加载控制器:Style

[ 2016-12-19T13:17:23+08:00 ] ::1 /ykt/thinkphp/index.php/home/style/post.js
ERR: 无法加载控制器:Style

[ 2016-12-19T13:17:31+08:00 ] ::1 /ykt/thinkphp/index.php/home/style/jquery.min.js
ERR: 无法加载控制器:Style

[ 2016-12-19T13:17:32+08:00 ] ::1 /ykt/thinkphp/index.php/home/style/jquery.min.js
ERR: 无法加载控制器:Style

[ 2016-12-19T13:17:32+08:00 ] ::1 /ykt/thinkphp/index.php/home/style/post.js
ERR: 无法加载控制器:Style

[ 2016-12-19T13:18:04+08:00 ] ::1 /ykt/thinkphp/index.php/home/article
ERR: XML标签语法错误

[ 2016-12-19T13:18:28+08:00 ] ::1 /ykt/thinkphp/index.php/home/style/jquery.min.js
ERR: 无法加载控制器:Style

[ 2016-12-19T13:18:28+08:00 ] ::1 /ykt/thinkphp/index.php/home/style/post.js
ERR: 无法加载控制器:Style

[ 2016-12-19T13:18:28+08:00 ] ::1 /ykt/thinkphp/index.php/home/style/jquery.min.js
ERR: 无法加载控制器:Style

[ 2016-12-19T13:18:28+08:00 ] ::1 /ykt/thinkphp/index.php/home/style/post.js
ERR: 无法加载控制器:Style

[ 2016-12-19T13:18:35+08:00 ] ::1 /ykt/thinkphp/index.php/home/style/post.js
ERR: 无法加载控制器:Style

[ 2016-12-19T13:18:35+08:00 ] ::1 /ykt/thinkphp/index.php/home/style/jquery.min.js
ERR: 无法加载控制器:Style

[ 2016-12-19T13:18:35+08:00 ] ::1 /ykt/thinkphp/index.php/home/style/post.js
ERR: 无法加载控制器:Style

[ 2016-12-19T13:19:31+08:00 ] ::1 /ykt/thinkphp/index.php/home/style/jquery.min.js
ERR: 无法加载控制器:Style

[ 2016-12-19T13:20:14+08:00 ] ::1 /ykt/thinkphp/index.php/home/style/jquery.min.js
ERR: 无法加载控制器:Style

[ 2016-12-19T13:20:18+08:00 ] ::1 /ykt/thinkphp/index.php/home/style/jquery.min.js
ERR: 无法加载控制器:Style

[ 2016-12-19T13:20:32+08:00 ] ::1 /ykt/thinkphp/index.php/home/style/jquery.min.js
ERR: 无法加载控制器:Style

[ 2016-12-19T13:20:33+08:00 ] ::1 /ykt/thinkphp/index.php/home/style/jquery.min.js
ERR: 无法加载控制器:Style

[ 2016-12-19T13:22:10+08:00 ] ::1 /ykt/thinkphp/index.php/home/style/jquery.min.js
ERR: 无法加载控制器:Style

[ 2016-12-19T13:22:17+08:00 ] ::1 /ykt/thinkphp/index.php/home/style/jquery.min.js
ERR: 无法加载控制器:Style

[ 2016-12-19T13:23:12+08:00 ] ::1 /ykt/thinkphp/index.php/home/style/jquery.min.js
ERR: 无法加载控制器:Style

[ 2016-12-19T13:23:18+08:00 ] ::1 /ykt/thinkphp/index.php/home/style/jquery.min.js
ERR: 无法加载控制器:Style

[ 2016-12-19T13:23:18+08:00 ] ::1 /ykt/thinkphp/index.php/home/style/post.js
ERR: 无法加载控制器:Style

[ 2016-12-19T13:23:18+08:00 ] ::1 /ykt/thinkphp/index.php/home/style/jquery.min.js
ERR: 无法加载控制器:Style

[ 2016-12-19T13:23:19+08:00 ] ::1 /ykt/thinkphp/index.php/home/style/post.js
ERR: 无法加载控制器:Style

[ 2016-12-19T13:25:03+08:00 ] ::1 /ykt/thinkphp/index.php/home/style/jquery.min.js
ERR: 无法加载控制器:Style

[ 2016-12-19T13:26:30+08:00 ] ::1 /ykt/thinkphp/index.php/home/style/jquery.min.js
ERR: 无法加载控制器:Style

[ 2016-12-19T13:27:00+08:00 ] ::1 /ykt/thinkphp/index.php/home/style/jquery.min.js
ERR: 无法加载控制器:Style

[ 2016-12-19T13:27:10+08:00 ] ::1 /ykt/thinkphp/index.php/home/style/jquery.min.js
ERR: 无法加载控制器:Style

[ 2016-12-19T13:27:10+08:00 ] ::1 /ykt/thinkphp/index.php/home/style/post.js
ERR: 无法加载控制器:Style

[ 2016-12-19T13:27:39+08:00 ] ::1 /ykt/thinkphp/index.php/home/style/post.js
ERR: 无法加载控制器:Style

[ 2016-12-19T13:27:39+08:00 ] ::1 /ykt/thinkphp/index.php/home/style/jquery.min.js
ERR: 无法加载控制器:Style

[ 2016-12-19T13:27:39+08:00 ] ::1 /ykt/thinkphp/index.php/home/style/jquery.min.js
ERR: 无法加载控制器:Style

[ 2016-12-19T13:27:39+08:00 ] ::1 /ykt/thinkphp/index.php/home/style/post.js
ERR: 无法加载控制器:Style

[ 2016-12-19T13:28:27+08:00 ] ::1 /ykt/thinkphp/index.php/home/style/jquery.min.js
ERR: 无法加载控制器:Style

[ 2016-12-19T13:28:27+08:00 ] ::1 /ykt/thinkphp/index.php/home/style/jquery.min.js
ERR: 无法加载控制器:Style

[ 2016-12-19T13:29:03+08:00 ] ::1 /ykt/thinkphp/index.php/home/style/jquery.min.js
ERR: 无法加载控制器:Style

[ 2016-12-19T13:29:08+08:00 ] ::1 /ykt/thinkphp/index.php/home/style/jquery.min.js
ERR: 无法加载控制器:Style

[ 2016-12-19T13:29:08+08:00 ] ::1 /ykt/thinkphp/index.php/home/style/jquery.min.js
ERR: 无法加载控制器:Style

[ 2016-12-19T13:29:08+08:00 ] ::1 /ykt/thinkphp/index.php/home/style/post.js
ERR: 无法加载控制器:Style

[ 2016-12-19T13:29:14+08:00 ] ::1 /ykt/thinkphp/index.php/home/style/jquery.min.js
ERR: 无法加载控制器:Style

[ 2016-12-19T13:30:27+08:00 ] ::1 /ykt/thinkphp/index.php/home/style/jquery.min.js
ERR: 无法加载控制器:Style

[ 2016-12-19T13:30:27+08:00 ] ::1 /ykt/thinkphp/index.php/home/style/jquery.min.js
ERR: 无法加载控制器:Style

[ 2016-12-19T13:36:44+08:00 ] ::1 /ykt/thinkphp/index.php/home/style/jquery.min.js
ERR: 无法加载控制器:Style

[ 2016-12-19T13:37:53+08:00 ] ::1 /ykt/thinkphp/index.php/home/style/jquery.min.js
ERR: 无法加载控制器:Style

[ 2016-12-19T13:37:57+08:00 ] ::1 /ykt/thinkphp/index.php/home/style/jquery.min.js
ERR: 无法加载控制器:Style

[ 2016-12-19T16:14:12+08:00 ] ::1 /ykt/thinkphp/index.php/home/style/jquery.min.js
ERR: 无法加载控制器:Style

[ 2016-12-19T16:14:57+08:00 ] ::1 /ykt/thinkphp/index.php/home/style/jquery.min.js
ERR: 无法加载控制器:Style

[ 2016-12-19T16:15:28+08:00 ] ::1 /ykt/thinkphp/index.php/home/style/jquery.min.js
ERR: 无法加载控制器:Style

[ 2016-12-19T16:15:49+08:00 ] ::1 /ykt/thinkphp/index.php/home/style/jquery.min.js
ERR: 无法加载控制器:Style

[ 2016-12-19T16:16:55+08:00 ] ::1 /ykt/thinkphp/index.php/home/style/jquery.min.js
ERR: 无法加载控制器:Style

[ 2016-12-19T16:16:57+08:00 ] ::1 /ykt/thinkphp/index.php/home/style/jquery.min.js
ERR: 无法加载控制器:Style

[ 2016-12-19T16:17:03+08:00 ] ::1 /ykt/thinkphp/index.php/home/style/jquery.min.js
ERR: 无法加载控制器:Style

[ 2016-12-19T16:17:26+08:00 ] ::1 /ykt/thinkphp/index.php/home/style/jquery.min.js
ERR: 无法加载控制器:Style

[ 2016-12-19T16:17:40+08:00 ] ::1 /ykt/thinkphp/index.php/home/style/jquery.min.js
ERR: 无法加载控制器:Style

[ 2016-12-19T16:17:41+08:00 ] ::1 /ykt/thinkphp/index.php/home/style/jquery.min.js
ERR: 无法加载控制器:Style

[ 2016-12-19T16:18:41+08:00 ] ::1 /ykt/thinkphp/index.php/home/style/jquery.min.js
ERR: 无法加载控制器:Style

[ 2016-12-19T16:18:43+08:00 ] ::1 /ykt/thinkphp/index.php/home/style/jquery.min.js
ERR: 无法加载控制器:Style

[ 2016-12-19T16:21:00+08:00 ] ::1 /ykt/thinkphp/index.php/home/style/jquery.min.js
ERR: 无法加载控制器:Style

[ 2016-12-19T16:21:02+08:00 ] ::1 /ykt/thinkphp/index.php/home/style/jquery.min.js
ERR: 无法加载控制器:Style

[ 2016-12-19T16:21:03+08:00 ] ::1 /ykt/thinkphp/index.php/home/style/jquery.min.js
ERR: 无法加载控制器:Style

[ 2016-12-19T16:22:02+08:00 ] ::1 /ykt/thinkphp/index.php/home/style/jquery.min.js
ERR: 无法加载控制器:Style

[ 2016-12-19T16:23:44+08:00 ] ::1 /ykt/thinkphp/index.php/home/style/jquery.min.js
ERR: 无法加载控制器:Style

[ 2016-12-19T16:23:46+08:00 ] ::1 /ykt/thinkphp/index.php/home/__MOUDLE__/cate/
ERR: 无法加载控制器:__MOUDLE__

[ 2016-12-19T16:24:13+08:00 ] ::1 /ykt/thinkphp/index.php/home/__MOUDLE__/cate/
ERR: 无法加载控制器:__MOUDLE__

[ 2016-12-19T16:24:13+08:00 ] ::1 /ykt/thinkphp/index.php/home/__MOUDLE__/cate/
ERR: 无法加载控制器:__MOUDLE__

[ 2016-12-19T16:24:14+08:00 ] ::1 /ykt/thinkphp/index.php/home/__MOUDLE__/cate/
ERR: 无法加载控制器:__MOUDLE__

[ 2016-12-19T16:24:14+08:00 ] ::1 /ykt/thinkphp/index.php/home/__MOUDLE__/cate/
ERR: 无法加载控制器:__MOUDLE__

[ 2016-12-19T16:24:56+08:00 ] ::1 /ykt/thinkphp/index.php/home/__MOUDLE__/cate/
ERR: 无法加载控制器:__MOUDLE__

[ 2016-12-19T16:24:57+08:00 ] ::1 /ykt/thinkphp/index.php/home/__MOUDLE__/cate/
ERR: 无法加载控制器:__MOUDLE__

[ 2016-12-19T16:24:57+08:00 ] ::1 /ykt/thinkphp/index.php/home/__MOUDLE__/cate/
ERR: 无法加载控制器:__MOUDLE__

[ 2016-12-19T16:25:37+08:00 ] ::1 /ykt/thinkphp/index.php/home/__MOUDLE__/cate/
ERR: 无法加载控制器:__MOUDLE__

[ 2016-12-19T16:25:38+08:00 ] ::1 /ykt/thinkphp/index.php/home/style/jquery.min.js
ERR: 无法加载控制器:Style

[ 2016-12-19T16:25:40+08:00 ] ::1 /ykt/thinkphp/index.php/home/style/jquery.min.js
ERR: 无法加载控制器:Style

[ 2016-12-19T16:25:50+08:00 ] ::1 /ykt/thinkphp/index.php/Home/Cate/id/%7Bvo.id%7D
ERR: 非法操作:id

[ 2016-12-19T16:26:46+08:00 ] ::1 /ykt/thinkphp/index.php/Home/Cate/id/%7Bvo.id%7D
ERR: 非法操作:id

[ 2016-12-19T16:26:48+08:00 ] ::1 /ykt/thinkphp/index.php/home/style/jquery.min.js
ERR: 无法加载控制器:Style

[ 2016-12-19T16:26:51+08:00 ] ::1 /ykt/thinkphp/index.php/home/style/jquery.min.js
ERR: 无法加载控制器:Style

[ 2016-12-19T16:26:53+08:00 ] ::1 /ykt/thinkphp/index.php/Home/Cate/id/1
ERR: 非法操作:id

[ 2016-12-19T16:27:50+08:00 ] ::1 /ykt/thinkphp/index.php/home/style/jquery.min.js
ERR: 无法加载控制器:Style

[ 2016-12-19T16:27:50+08:00 ] ::1 /ykt/thinkphp/index.php/home/style/jquery.min.js
ERR: 无法加载控制器:Style

[ 2016-12-19T16:27:51+08:00 ] ::1 /ykt/thinkphp/index.php/Home/Cate/id/1
ERR: 非法操作:id

[ 2016-12-19T16:27:53+08:00 ] ::1 /ykt/thinkphp/index.php/Home/Cate/id/1
ERR: 非法操作:id

[ 2016-12-19T16:27:54+08:00 ] ::1 /ykt/thinkphp/index.php/home/style/jquery.min.js
ERR: 无法加载控制器:Style

[ 2016-12-19T16:27:55+08:00 ] ::1 /ykt/thinkphp/index.php/home/style/jquery.min.js
ERR: 无法加载控制器:Style

[ 2016-12-19T16:28:45+08:00 ] ::1 /ykt/thinkphp/index.php/Home/Cate/index/id/1
ERR: 无法加载控制器:Cate

[ 2016-12-19T16:30:00+08:00 ] ::1 /ykt/thinkphp/index.php/home/style/jquery.min.js
ERR: 无法加载控制器:Style

[ 2016-12-19T16:30:03+08:00 ] ::1 /ykt/thinkphp/index.php/home/style/jquery.min.js
ERR: 无法加载控制器:Style

[ 2016-12-19T16:30:15+08:00 ] ::1 /ykt/thinkphp/index.php/Home/style/jquery.min.js
ERR: 无法加载控制器:Style

[ 2016-12-19T16:30:15+08:00 ] ::1 /ykt/thinkphp/index.php/Home/style/jquery.min.js
ERR: 无法加载控制器:Style

[ 2016-12-19T16:30:15+08:00 ] ::1 /ykt/thinkphp/index.php/Home/style/post.js
ERR: 无法加载控制器:Style

[ 2016-12-19T17:05:19+08:00 ] ::1 /ykt/thinkphp/index.php/Home/Article/id/10
ERR: 非法操作:id

[ 2016-12-19T17:06:01+08:00 ] ::1 /ykt/thinkphp/index.php/Home/Article/id/10
ERR: 非法操作:id

[ 2016-12-19T17:06:44+08:00 ] ::1 /ykt/thinkphp/index.php/Home/style/jquery.min.js
ERR: 无法加载控制器:Style

[ 2016-12-19T17:52:32+08:00 ] ::1 /ykt/thinkphp/index.php/Home/style/jquery.min.js
ERR: 无法加载控制器:Style

[ 2016-12-19T20:26:32+08:00 ] ::1 /ykt/thinkphp/index.php/Home/Cate/style/jquery.min.js
ERR: 非法操作:style

[ 2016-12-19T20:26:35+08:00 ] ::1 /ykt/thinkphp/index.php/Home/Cate/style/jquery.min.js
ERR: 非法操作:style

[ 2016-12-19T20:28:35+08:00 ] ::1 /ykt/thinkphp/index.php/Home/Cate/style/jquery.min.js
ERR: 非法操作:style

[ 2016-12-19T20:28:36+08:00 ] ::1 /ykt/thinkphp/index.php/Home/Cate/style/jquery.min.js
ERR: 非法操作:style

[ 2016-12-19T20:32:16+08:00 ] ::1 /ykt/thinkphp/index.php/Home/Cate/style/jquery.min.js
ERR: 非法操作:style

[ 2016-12-19T20:33:03+08:00 ] ::1 /ykt/thinkphp/index.php/Home/Article/style/jquery.min.js
ERR: 非法操作:style

[ 2016-12-19T20:33:03+08:00 ] ::1 /ykt/thinkphp/index.php/Home/Article/style/post.js
ERR: 非法操作:style

[ 2016-12-19T20:33:08+08:00 ] ::1 /ykt/thinkphp/index.php/Home/Article/style/post.js
ERR: 非法操作:style

[ 2016-12-19T20:33:08+08:00 ] ::1 /ykt/thinkphp/index.php/Home/Article/style/jquery.min.js
ERR: 非法操作:style

[ 2016-12-19T20:33:08+08:00 ] ::1 /ykt/thinkphp/index.php/Home/Article/style/post.js
ERR: 非法操作:style

[ 2016-12-19T20:49:26+08:00 ] ::1 /ykt/thinkphp/index.php/Home/Article/index/id/style/jquery.min.js
ERR: 1054:Unknown column 'style' in 'where clause'
 [ SQL语句 ] : SELECT * FROM `ykt_article` WHERE ( id<style ) ORDER BY id desc LIMIT 1  

[ 2016-12-19T20:49:26+08:00 ] ::1 /ykt/thinkphp/index.php/Home/Article/index/id/style/post.js
ERR: 1054:Unknown column 'style' in 'where clause'
 [ SQL语句 ] : SELECT * FROM `ykt_article` WHERE ( id<style ) ORDER BY id desc LIMIT 1  

[ 2016-12-19T20:49:31+08:00 ] ::1 /ykt/thinkphp/index.php/Home/Article/index/id/style/jquery.min.js
ERR: 1054:Unknown column 'style' in 'where clause'
 [ SQL语句 ] : SELECT * FROM `ykt_article` WHERE ( id<style ) ORDER BY id desc LIMIT 1  

[ 2016-12-19T20:49:31+08:00 ] ::1 /ykt/thinkphp/index.php/Home/Article/index/id/style/post.js
ERR: 1054:Unknown column 'style' in 'where clause'
 [ SQL语句 ] : SELECT * FROM `ykt_article` WHERE ( id<style ) ORDER BY id desc LIMIT 1  

[ 2016-12-19T20:51:21+08:00 ] ::1 /ykt/thinkphp/index.php/Home/Article/index/id/style/jquery.min.js
ERR: 1054:Unknown column 'style' in 'where clause'
 [ SQL语句 ] : SELECT * FROM `ykt_article` WHERE ( id<style ) ORDER BY id desc LIMIT 1  

[ 2016-12-19T20:51:21+08:00 ] ::1 /ykt/thinkphp/index.php/Home/Article/index/id/style/post.js
ERR: 1054:Unknown column 'style' in 'where clause'
 [ SQL语句 ] : SELECT * FROM `ykt_article` WHERE ( id<style ) ORDER BY id desc LIMIT 1  

[ 2016-12-19T20:51:22+08:00 ] ::1 /ykt/thinkphp/index.php/Home/Article/index/id/__MOUDLE__/Article/index/id/style/jquery.min.js
ERR: 1054:Unknown column 'style' in 'where clause'
 [ SQL语句 ] : SELECT * FROM `ykt_article` WHERE ( id<style ) ORDER BY id desc LIMIT 1  

[ 2016-12-19T20:51:23+08:00 ] ::1 /ykt/thinkphp/index.php/Home/Article/index/id/__MOUDLE__/Article/index/id/style/post.js
ERR: 1054:Unknown column 'style' in 'where clause'
 [ SQL语句 ] : SELECT * FROM `ykt_article` WHERE ( id<style ) ORDER BY id desc LIMIT 1  

[ 2016-12-19T20:52:56+08:00 ] ::1 /ykt/thinkphp/index.php/Home/Article/index/id/__MOUDLE__/Article/index/id/style/post.js
ERR: 1054:Unknown column 'style' in 'where clause'
 [ SQL语句 ] : SELECT * FROM `ykt_article` WHERE ( id<style ) ORDER BY id desc LIMIT 1  

[ 2016-12-19T20:52:56+08:00 ] ::1 /ykt/thinkphp/index.php/Home/Article/index/id/__MOUDLE__/Article/index/id/style/jquery.min.js
ERR: 1054:Unknown column 'style' in 'where clause'
 [ SQL语句 ] : SELECT * FROM `ykt_article` WHERE ( id<style ) ORDER BY id desc LIMIT 1  

[ 2016-12-19T20:52:57+08:00 ] ::1 /ykt/thinkphp/index.php/Home/Article/index/id/__MOUDLE__/Article/index/id/style/jquery.min.js
ERR: 1054:Unknown column 'style' in 'where clause'
 [ SQL语句 ] : SELECT * FROM `ykt_article` WHERE ( id<style ) ORDER BY id desc LIMIT 1  

[ 2016-12-19T20:52:57+08:00 ] ::1 /ykt/thinkphp/index.php/Home/Article/index/id/__MOUDLE__/Article/index/id/style/post.js
ERR: 1054:Unknown column 'style' in 'where clause'
 [ SQL语句 ] : SELECT * FROM `ykt_article` WHERE ( id<style ) ORDER BY id desc LIMIT 1  

[ 2016-12-19T20:53:02+08:00 ] ::1 /ykt/thinkphp/index.php/Home/Article/index/id/style/post.js
ERR: 1054:Unknown column 'style' in 'where clause'
 [ SQL语句 ] : SELECT * FROM `ykt_article` WHERE ( id<style ) ORDER BY id desc LIMIT 1  

[ 2016-12-19T20:53:02+08:00 ] ::1 /ykt/thinkphp/index.php/Home/Article/index/id/style/jquery.min.js
ERR: 1054:Unknown column 'style' in 'where clause'
 [ SQL语句 ] : SELECT * FROM `ykt_article` WHERE ( id<style ) ORDER BY id desc LIMIT 1  

[ 2016-12-19T20:53:04+08:00 ] ::1 /ykt/thinkphp/index.php/Home/Article/index/id/__MOUDLE__/Article/index/id/style/jquery.min.js
ERR: 1054:Unknown column 'style' in 'where clause'
 [ SQL语句 ] : SELECT * FROM `ykt_article` WHERE ( id<style ) ORDER BY id desc LIMIT 1  

[ 2016-12-19T20:53:04+08:00 ] ::1 /ykt/thinkphp/index.php/Home/Article/index/id/__MOUDLE__/Article/index/id/style/post.js
ERR: 1054:Unknown column 'style' in 'where clause'
 [ SQL语句 ] : SELECT * FROM `ykt_article` WHERE ( id<style ) ORDER BY id desc LIMIT 1  

[ 2016-12-19T20:53:06+08:00 ] ::1 /ykt/thinkphp/index.php/Home/Article/index/id/__MOUDLE__/Article/index/id/__MOUDLE__/Article/index/id/style/post.js
ERR: 1054:Unknown column 'style' in 'where clause'
 [ SQL语句 ] : SELECT * FROM `ykt_article` WHERE ( id<style ) ORDER BY id desc LIMIT 1  

[ 2016-12-19T20:53:06+08:00 ] ::1 /ykt/thinkphp/index.php/Home/Article/index/id/__MOUDLE__/Article/index/id/__MOUDLE__/Article/index/id/style/jquery.min.js
ERR: 1054:Unknown column 'style' in 'where clause'
 [ SQL语句 ] : SELECT * FROM `ykt_article` WHERE ( id<style ) ORDER BY id desc LIMIT 1  

[ 2016-12-19T20:53:06+08:00 ] ::1 /ykt/thinkphp/index.php/Home/Article/index/id/__MOUDLE__/Article/index/id/__MOUDLE__/Article/index/id/style/post.js
ERR: 1054:Unknown column 'style' in 'where clause'
 [ SQL语句 ] : SELECT * FROM `ykt_article` WHERE ( id<style ) ORDER BY id desc LIMIT 1  

[ 2016-12-19T20:53:11+08:00 ] ::1 /ykt/thinkphp/index.php/Home/Article/index/id/__MOUDLE__/Article/index/id/__MOUDLE__/Article/index/id/__MOUDLE__/Article/index/id/style/post.js
ERR: 1054:Unknown column 'style' in 'where clause'
 [ SQL语句 ] : SELECT * FROM `ykt_article` WHERE ( id<style ) ORDER BY id desc LIMIT 1  

[ 2016-12-19T20:53:11+08:00 ] ::1 /ykt/thinkphp/index.php/Home/Article/index/id/__MOUDLE__/Article/index/id/__MOUDLE__/Article/index/id/__MOUDLE__/Article/index/id/style/jquery.min.js
ERR: 1054:Unknown column 'style' in 'where clause'
 [ SQL语句 ] : SELECT * FROM `ykt_article` WHERE ( id<style ) ORDER BY id desc LIMIT 1  

[ 2016-12-19T20:53:12+08:00 ] ::1 /ykt/thinkphp/index.php/Home/Article/index/id/__MOUDLE__/Article/index/id/__MOUDLE__/Article/index/id/__MOUDLE__/Article/index/id/style/jquery.min.js
ERR: 1054:Unknown column 'style' in 'where clause'
 [ SQL语句 ] : SELECT * FROM `ykt_article` WHERE ( id<style ) ORDER BY id desc LIMIT 1  

[ 2016-12-19T20:53:12+08:00 ] ::1 /ykt/thinkphp/index.php/Home/Article/index/id/__MOUDLE__/Article/index/id/__MOUDLE__/Article/index/id/__MOUDLE__/Article/index/id/style/post.js
ERR: 1054:Unknown column 'style' in 'where clause'
 [ SQL语句 ] : SELECT * FROM `ykt_article` WHERE ( id<style ) ORDER BY id desc LIMIT 1  

[ 2016-12-19T20:53:14+08:00 ] ::1 /ykt/thinkphp/index.php/Home/Article/index/id/__MOUDLE__/Article/index/id/__MOUDLE__/Article/index/id/style/post.js
ERR: 1054:Unknown column 'style' in 'where clause'
 [ SQL语句 ] : SELECT * FROM `ykt_article` WHERE ( id<style ) ORDER BY id desc LIMIT 1  

[ 2016-12-19T20:53:14+08:00 ] ::1 /ykt/thinkphp/index.php/Home/Article/index/id/__MOUDLE__/Article/index/id/__MOUDLE__/Article/index/id/style/jquery.min.js
ERR: 1054:Unknown column 'style' in 'where clause'
 [ SQL语句 ] : SELECT * FROM `ykt_article` WHERE ( id<style ) ORDER BY id desc LIMIT 1  

[ 2016-12-19T20:53:14+08:00 ] ::1 /ykt/thinkphp/index.php/Home/Article/index/id/__MOUDLE__/Article/index/id/__MOUDLE__/Article/index/id/style/post.js
ERR: 1054:Unknown column 'style' in 'where clause'
 [ SQL语句 ] : SELECT * FROM `ykt_article` WHERE ( id<style ) ORDER BY id desc LIMIT 1  

[ 2016-12-19T20:53:15+08:00 ] ::1 /ykt/thinkphp/index.php/Home/Article/index/id/__MOUDLE__/Article/index/id/style/jquery.min.js
ERR: 1054:Unknown column 'style' in 'where clause'
 [ SQL语句 ] : SELECT * FROM `ykt_article` WHERE ( id<style ) ORDER BY id desc LIMIT 1  

[ 2016-12-19T20:53:15+08:00 ] ::1 /ykt/thinkphp/index.php/Home/Article/index/id/__MOUDLE__/Article/index/id/style/post.js
ERR: 1054:Unknown column 'style' in 'where clause'
 [ SQL语句 ] : SELECT * FROM `ykt_article` WHERE ( id<style ) ORDER BY id desc LIMIT 1  

[ 2016-12-19T20:53:17+08:00 ] ::1 /ykt/thinkphp/index.php/Home/Article/index/id/__MOUDLE__/Article/index/id/__MOUDLE__/Article/index/id/style/jquery.min.js
ERR: 1054:Unknown column 'style' in 'where clause'
 [ SQL语句 ] : SELECT * FROM `ykt_article` WHERE ( id<style ) ORDER BY id desc LIMIT 1  

[ 2016-12-19T20:53:17+08:00 ] ::1 /ykt/thinkphp/index.php/Home/Article/index/id/__MOUDLE__/Article/index/id/__MOUDLE__/Article/index/id/style/post.js
ERR: 1054:Unknown column 'style' in 'where clause'
 [ SQL语句 ] : SELECT * FROM `ykt_article` WHERE ( id<style ) ORDER BY id desc LIMIT 1  

[ 2016-12-19T20:53:17+08:00 ] ::1 /ykt/thinkphp/index.php/Home/Article/index/id/__MOUDLE__/Article/index/id/__MOUDLE__/Article/index/id/style/jquery.min.js
ERR: 1054:Unknown column 'style' in 'where clause'
 [ SQL语句 ] : SELECT * FROM `ykt_article` WHERE ( id<style ) ORDER BY id desc LIMIT 1  

[ 2016-12-19T20:53:17+08:00 ] ::1 /ykt/thinkphp/index.php/Home/Article/index/id/__MOUDLE__/Article/index/id/__MOUDLE__/Article/index/id/style/post.js
ERR: 1054:Unknown column 'style' in 'where clause'
 [ SQL语句 ] : SELECT * FROM `ykt_article` WHERE ( id<style ) ORDER BY id desc LIMIT 1  

[ 2016-12-19T20:53:19+08:00 ] ::1 /ykt/thinkphp/index.php/Home/Article/index/id/__MOUDLE__/Article/index/id/style/post.js
ERR: 1054:Unknown column 'style' in 'where clause'
 [ SQL语句 ] : SELECT * FROM `ykt_article` WHERE ( id<style ) ORDER BY id desc LIMIT 1  

[ 2016-12-19T20:53:19+08:00 ] ::1 /ykt/thinkphp/index.php/Home/Article/index/id/__MOUDLE__/Article/index/id/style/jquery.min.js
ERR: 1054:Unknown column 'style' in 'where clause'
 [ SQL语句 ] : SELECT * FROM `ykt_article` WHERE ( id<style ) ORDER BY id desc LIMIT 1  

[ 2016-12-19T20:53:19+08:00 ] ::1 /ykt/thinkphp/index.php/Home/Article/index/id/__MOUDLE__/Article/index/id/style/post.js
ERR: 1054:Unknown column 'style' in 'where clause'
 [ SQL语句 ] : SELECT * FROM `ykt_article` WHERE ( id<style ) ORDER BY id desc LIMIT 1  

[ 2016-12-19T20:53:21+08:00 ] ::1 /ykt/thinkphp/index.php/Home/Article/index/id/style/jquery.min.js
ERR: 1054:Unknown column 'style' in 'where clause'
 [ SQL语句 ] : SELECT * FROM `ykt_article` WHERE ( id<style ) ORDER BY id desc LIMIT 1  

[ 2016-12-19T20:53:21+08:00 ] ::1 /ykt/thinkphp/index.php/Home/Article/index/id/style/post.js
ERR: 1054:Unknown column 'style' in 'where clause'
 [ SQL语句 ] : SELECT * FROM `ykt_article` WHERE ( id<style ) ORDER BY id desc LIMIT 1  

[ 2016-12-19T20:53:25+08:00 ] ::1 /ykt/thinkphp/index.php/Home/Article/index/id/style/jquery.min.js
ERR: 1054:Unknown column 'style' in 'where clause'
 [ SQL语句 ] : SELECT * FROM `ykt_article` WHERE ( id<style ) ORDER BY id desc LIMIT 1  

[ 2016-12-19T20:53:25+08:00 ] ::1 /ykt/thinkphp/index.php/Home/Article/index/id/style/post.js
ERR: 1054:Unknown column 'style' in 'where clause'
 [ SQL语句 ] : SELECT * FROM `ykt_article` WHERE ( id<style ) ORDER BY id desc LIMIT 1  

[ 2016-12-19T20:53:28+08:00 ] ::1 /ykt/thinkphp/index.php/Home/Article/index/id/__MOUDLE__/Article/index/id/style/jquery.min.js
ERR: 1054:Unknown column 'style' in 'where clause'
 [ SQL语句 ] : SELECT * FROM `ykt_article` WHERE ( id<style ) ORDER BY id desc LIMIT 1  

[ 2016-12-19T20:53:29+08:00 ] ::1 /ykt/thinkphp/index.php/Home/Article/index/id/__MOUDLE__/Article/index/id/style/post.js
ERR: 1054:Unknown column 'style' in 'where clause'
 [ SQL语句 ] : SELECT * FROM `ykt_article` WHERE ( id<style ) ORDER BY id desc LIMIT 1  

[ 2016-12-19T20:53:30+08:00 ] ::1 /ykt/thinkphp/index.php/Home/Article/index/id/style/post.js
ERR: 1054:Unknown column 'style' in 'where clause'
 [ SQL语句 ] : SELECT * FROM `ykt_article` WHERE ( id<style ) ORDER BY id desc LIMIT 1  

[ 2016-12-19T20:53:30+08:00 ] ::1 /ykt/thinkphp/index.php/Home/Article/index/id/style/jquery.min.js
ERR: 1054:Unknown column 'style' in 'where clause'
 [ SQL语句 ] : SELECT * FROM `ykt_article` WHERE ( id<style ) ORDER BY id desc LIMIT 1  

[ 2016-12-19T20:53:30+08:00 ] ::1 /ykt/thinkphp/index.php/Home/Article/index/id/style/post.js
ERR: 1054:Unknown column 'style' in 'where clause'
 [ SQL语句 ] : SELECT * FROM `ykt_article` WHERE ( id<style ) ORDER BY id desc LIMIT 1  

[ 2016-12-19T20:53:53+08:00 ] ::1 /ykt/thinkphp/index.php/Home/Article/index/id/style/jquery.min.js
ERR: 1054:Unknown column 'style' in 'where clause'
 [ SQL语句 ] : SELECT * FROM `ykt_article` WHERE ( id<style ) ORDER BY id desc LIMIT 1  

[ 2016-12-19T20:53:53+08:00 ] ::1 /ykt/thinkphp/index.php/Home/Article/index/id/style/post.js
ERR: 1054:Unknown column 'style' in 'where clause'
 [ SQL语句 ] : SELECT * FROM `ykt_article` WHERE ( id<style ) ORDER BY id desc LIMIT 1  

[ 2016-12-19T20:53:56+08:00 ] ::1 /ykt/thinkphp/index.php/Home/Article/index/id/style/jquery.min.js
ERR: 1054:Unknown column 'style' in 'where clause'
 [ SQL语句 ] : SELECT * FROM `ykt_article` WHERE ( id<style ) ORDER BY id desc LIMIT 1  

[ 2016-12-19T20:53:56+08:00 ] ::1 /ykt/thinkphp/index.php/Home/Article/index/id/style/post.js
ERR: 1054:Unknown column 'style' in 'where clause'
 [ SQL语句 ] : SELECT * FROM `ykt_article` WHERE ( id<style ) ORDER BY id desc LIMIT 1  

[ 2016-12-19T20:53:58+08:00 ] ::1 /ykt/thinkphp/index.php/Home/Article/index/id/__MOUDLE__/Article/index/id/style/jquery.min.js
ERR: 1054:Unknown column 'style' in 'where clause'
 [ SQL语句 ] : SELECT * FROM `ykt_article` WHERE ( id<style ) ORDER BY id desc LIMIT 1  

[ 2016-12-19T20:53:58+08:00 ] ::1 /ykt/thinkphp/index.php/Home/Article/index/id/__MOUDLE__/Article/index/id/style/post.js
ERR: 1054:Unknown column 'style' in 'where clause'
 [ SQL语句 ] : SELECT * FROM `ykt_article` WHERE ( id<style ) ORDER BY id desc LIMIT 1  

[ 2016-12-19T20:54:37+08:00 ] ::1 /ykt/thinkphp/index.php/Home/Article/index/id/__MOUDLE__/Article/index/id/style/post.js
ERR: 1054:Unknown column 'style' in 'where clause'
 [ SQL语句 ] : SELECT * FROM `ykt_article` WHERE ( id<style ) ORDER BY id desc LIMIT 1  

[ 2016-12-19T20:54:38+08:00 ] ::1 /ykt/thinkphp/index.php/Home/Article/index/id/__MOUDLE__/Article/index/id/style/jquery.min.js
ERR: 1054:Unknown column 'style' in 'where clause'
 [ SQL语句 ] : SELECT * FROM `ykt_article` WHERE ( id<style ) ORDER BY id desc LIMIT 1  

[ 2016-12-19T20:54:38+08:00 ] ::1 /ykt/thinkphp/index.php/Home/Article/index/id/__MOUDLE__/Article/index/id/style/post.js
ERR: 1054:Unknown column 'style' in 'where clause'
 [ SQL语句 ] : SELECT * FROM `ykt_article` WHERE ( id<style ) ORDER BY id desc LIMIT 1  

[ 2016-12-19T20:54:39+08:00 ] ::1 /ykt/thinkphp/index.php/Home/Article/index/id/__MOUDLE__/Article/index/id/__MOUDLE__/Article/index/id/style/post.js
ERR: 1054:Unknown column 'style' in 'where clause'
 [ SQL语句 ] : SELECT * FROM `ykt_article` WHERE ( id<style ) ORDER BY id desc LIMIT 1  

[ 2016-12-19T20:54:39+08:00 ] ::1 /ykt/thinkphp/index.php/Home/Article/index/id/__MOUDLE__/Article/index/id/__MOUDLE__/Article/index/id/style/jquery.min.js
ERR: 1054:Unknown column 'style' in 'where clause'
 [ SQL语句 ] : SELECT * FROM `ykt_article` WHERE ( id<style ) ORDER BY id desc LIMIT 1  

[ 2016-12-19T20:54:40+08:00 ] ::1 /ykt/thinkphp/index.php/Home/Article/index/id/__MOUDLE__/Article/index/id/__MOUDLE__/Article/index/id/style/post.js
ERR: 1054:Unknown column 'style' in 'where clause'
 [ SQL语句 ] : SELECT * FROM `ykt_article` WHERE ( id<style ) ORDER BY id desc LIMIT 1  

[ 2016-12-19T20:54:46+08:00 ] ::1 /ykt/thinkphp/index.php/Home/Article/index/id/__MOUDLE__/Article/index/id/__MOUDLE__/Article/index/id/__MOUDLE__/Article/index/id/style/jquery.min.js
ERR: 1054:Unknown column 'style' in 'where clause'
 [ SQL语句 ] : SELECT * FROM `ykt_article` WHERE ( id<style ) ORDER BY id desc LIMIT 1  

[ 2016-12-19T20:54:47+08:00 ] ::1 /ykt/thinkphp/index.php/Home/Article/index/id/__MOUDLE__/Article/index/id/__MOUDLE__/Article/index/id/__MOUDLE__/Article/index/id/style/jquery.min.js
ERR: 1054:Unknown column 'style' in 'where clause'
 [ SQL语句 ] : SELECT * FROM `ykt_article` WHERE ( id<style ) ORDER BY id desc LIMIT 1  

[ 2016-12-19T20:54:47+08:00 ] ::1 /ykt/thinkphp/index.php/Home/Article/index/id/__MOUDLE__/Article/index/id/__MOUDLE__/Article/index/id/__MOUDLE__/Article/index/id/style/post.js
ERR: 1054:Unknown column 'style' in 'where clause'
 [ SQL语句 ] : SELECT * FROM `ykt_article` WHERE ( id<style ) ORDER BY id desc LIMIT 1  

[ 2016-12-19T20:54:48+08:00 ] ::1 /ykt/thinkphp/index.php/Home/Article/index/id/__MOUDLE__/Article/index/id/__MOUDLE__/Article/index/id/__MOUDLE__/Article/index/id/__MOUDLE__/Article/index/id/style/post.js
ERR: 1054:Unknown column 'style' in 'where clause'
 [ SQL语句 ] : SELECT * FROM `ykt_article` WHERE ( id<style ) ORDER BY id desc LIMIT 1  

[ 2016-12-19T20:54:48+08:00 ] ::1 /ykt/thinkphp/index.php/Home/Article/index/id/__MOUDLE__/Article/index/id/__MOUDLE__/Article/index/id/__MOUDLE__/Article/index/id/__MOUDLE__/Article/index/id/style/jquery.min.js
ERR: 1054:Unknown column 'style' in 'where clause'
 [ SQL语句 ] : SELECT * FROM `ykt_article` WHERE ( id<style ) ORDER BY id desc LIMIT 1  

[ 2016-12-19T20:54:48+08:00 ] ::1 /ykt/thinkphp/index.php/Home/Article/index/id/__MOUDLE__/Article/index/id/__MOUDLE__/Article/index/id/__MOUDLE__/Article/index/id/__MOUDLE__/Article/index/id/style/post.js
ERR: 1054:Unknown column 'style' in 'where clause'
 [ SQL语句 ] : SELECT * FROM `ykt_article` WHERE ( id<style ) ORDER BY id desc LIMIT 1  

[ 2016-12-19T20:54:49+08:00 ] ::1 /ykt/thinkphp/index.php/Home/Article/index/id/__MOUDLE__/Article/index/id/__MOUDLE__/Article/index/id/__MOUDLE__/Article/index/id/__MOUDLE__/Article/index/id/__MOUDLE__/Article/index/id/style/jquery.min.js
ERR: 1054:Unknown column 'style' in 'where clause'
 [ SQL语句 ] : SELECT * FROM `ykt_article` WHERE ( id<style ) ORDER BY id desc LIMIT 1  

[ 2016-12-19T20:54:49+08:00 ] ::1 /ykt/thinkphp/index.php/Home/Article/index/id/__MOUDLE__/Article/index/id/__MOUDLE__/Article/index/id/__MOUDLE__/Article/index/id/__MOUDLE__/Article/index/id/__MOUDLE__/Article/index/id/style/post.js
ERR: 1054:Unknown column 'style' in 'where clause'
 [ SQL语句 ] : SELECT * FROM `ykt_article` WHERE ( id<style ) ORDER BY id desc LIMIT 1  

[ 2016-12-19T20:54:54+08:00 ] ::1 /ykt/thinkphp/index.php/Home/Article/index/id/__MOUDLE__/Article/index/id/__MOUDLE__/Article/index/id/__MOUDLE__/Article/index/id/__MOUDLE__/Article/index/id/__MOUDLE__/Article/index/id/__MOUDLE__/Article/index/id/style/post.js
ERR: 1054:Unknown column 'style' in 'where clause'
 [ SQL语句 ] : SELECT * FROM `ykt_article` WHERE ( id<style ) ORDER BY id desc LIMIT 1  

[ 2016-12-19T20:54:54+08:00 ] ::1 /ykt/thinkphp/index.php/Home/Article/index/id/__MOUDLE__/Article/index/id/__MOUDLE__/Article/index/id/__MOUDLE__/Article/index/id/__MOUDLE__/Article/index/id/__MOUDLE__/Article/index/id/__MOUDLE__/Article/index/id/style/jquery.min.js
ERR: 1054:Unknown column 'style' in 'where clause'
 [ SQL语句 ] : SELECT * FROM `ykt_article` WHERE ( id<style ) ORDER BY id desc LIMIT 1  

[ 2016-12-19T20:54:54+08:00 ] ::1 /ykt/thinkphp/index.php/Home/Article/index/id/__MOUDLE__/Article/index/id/__MOUDLE__/Article/index/id/__MOUDLE__/Article/index/id/__MOUDLE__/Article/index/id/__MOUDLE__/Article/index/id/__MOUDLE__/Article/index/id/style/post.js
ERR: 1054:Unknown column 'style' in 'where clause'
 [ SQL语句 ] : SELECT * FROM `ykt_article` WHERE ( id<style ) ORDER BY id desc LIMIT 1  

[ 2016-12-19T20:54:55+08:00 ] ::1 /ykt/thinkphp/index.php/Home/Article/index/id/__MOUDLE__/Article/index/id/__MOUDLE__/Article/index/id/__MOUDLE__/Article/index/id/__MOUDLE__/Article/index/id/__MOUDLE__/Article/index/id/__MOUDLE__/Article/index/id/__MOUDLE__/Article/index/id/style/jquery.min.js
ERR: 1054:Unknown column 'style' in 'where clause'
 [ SQL语句 ] : SELECT * FROM `ykt_article` WHERE ( id<style ) ORDER BY id desc LIMIT 1  

[ 2016-12-19T20:54:55+08:00 ] ::1 /ykt/thinkphp/index.php/Home/Article/index/id/__MOUDLE__/Article/index/id/__MOUDLE__/Article/index/id/__MOUDLE__/Article/index/id/__MOUDLE__/Article/index/id/__MOUDLE__/Article/index/id/__MOUDLE__/Article/index/id/__MOUDLE__/Article/index/id/style/post.js
ERR: 1054:Unknown column 'style' in 'where clause'
 [ SQL语句 ] : SELECT * FROM `ykt_article` WHERE ( id<style ) ORDER BY id desc LIMIT 1  

[ 2016-12-19T20:54:56+08:00 ] ::1 /ykt/thinkphp/index.php/Home/Article/index/id/__MOUDLE__/Article/index/id/__MOUDLE__/Article/index/id/__MOUDLE__/Article/index/id/__MOUDLE__/Article/index/id/__MOUDLE__/Article/index/id/__MOUDLE__/Article/index/id/__MOUDLE__/Article/index/id/__MOUDLE__/Article/index/id/style/post.js
ERR: 1054:Unknown column 'style' in 'where clause'
 [ SQL语句 ] : SELECT * FROM `ykt_article` WHERE ( id<style ) ORDER BY id desc LIMIT 1  

[ 2016-12-19T20:54:56+08:00 ] ::1 /ykt/thinkphp/index.php/Home/Article/index/id/__MOUDLE__/Article/index/id/__MOUDLE__/Article/index/id/__MOUDLE__/Article/index/id/__MOUDLE__/Article/index/id/__MOUDLE__/Article/index/id/__MOUDLE__/Article/index/id/__MOUDLE__/Article/index/id/__MOUDLE__/Article/index/id/style/jquery.min.js
ERR: 1054:Unknown column 'style' in 'where clause'
 [ SQL语句 ] : SELECT * FROM `ykt_article` WHERE ( id<style ) ORDER BY id desc LIMIT 1  

[ 2016-12-19T20:54:56+08:00 ] ::1 /ykt/thinkphp/index.php/Home/Article/index/id/__MOUDLE__/Article/index/id/__MOUDLE__/Article/index/id/__MOUDLE__/Article/index/id/__MOUDLE__/Article/index/id/__MOUDLE__/Article/index/id/__MOUDLE__/Article/index/id/__MOUDLE__/Article/index/id/__MOUDLE__/Article/index/id/style/post.js
ERR: 1054:Unknown column 'style' in 'where clause'
 [ SQL语句 ] : SELECT * FROM `ykt_article` WHERE ( id<style ) ORDER BY id desc LIMIT 1  

[ 2016-12-19T20:54:58+08:00 ] ::1 /ykt/thinkphp/index.php/Home/Article/index/id/__MOUDLE__/Article/index/id/__MOUDLE__/Article/index/id/__MOUDLE__/Article/index/id/__MOUDLE__/Article/index/id/__MOUDLE__/Article/index/id/__MOUDLE__/Article/index/id/__MOUDLE__/Article/index/id/__MOUDLE__/Article/index/id/__MOUDLE__/Article/index/id/style/jquery.min.js
ERR: 1054:Unknown column 'style' in 'where clause'
 [ SQL语句 ] : SELECT * FROM `ykt_article` WHERE ( id<style ) ORDER BY id desc LIMIT 1  

[ 2016-12-19T20:54:58+08:00 ] ::1 /ykt/thinkphp/index.php/Home/Article/index/id/__MOUDLE__/Article/index/id/__MOUDLE__/Article/index/id/__MOUDLE__/Article/index/id/__MOUDLE__/Article/index/id/__MOUDLE__/Article/index/id/__MOUDLE__/Article/index/id/__MOUDLE__/Article/index/id/__MOUDLE__/Article/index/id/__MOUDLE__/Article/index/id/style/post.js
ERR: 1054:Unknown column 'style' in 'where clause'
 [ SQL语句 ] : SELECT * FROM `ykt_article` WHERE ( id<style ) ORDER BY id desc LIMIT 1  

[ 2016-12-19T20:55:03+08:00 ] ::1 /ykt/thinkphp/index.php/Home/Article/index/id/style/jquery.min.js
ERR: 1054:Unknown column 'style' in 'where clause'
 [ SQL语句 ] : SELECT * FROM `ykt_article` WHERE ( id<style ) ORDER BY id desc LIMIT 1  

[ 2016-12-19T20:55:03+08:00 ] ::1 /ykt/thinkphp/index.php/Home/Article/index/id/style/post.js
ERR: 1054:Unknown column 'style' in 'where clause'
 [ SQL语句 ] : SELECT * FROM `ykt_article` WHERE ( id<style ) ORDER BY id desc LIMIT 1  

[ 2016-12-19T20:55:03+08:00 ] ::1 /ykt/thinkphp/index.php/Home/Article/index/id/style/jquery.min.js
ERR: 1054:Unknown column 'style' in 'where clause'
 [ SQL语句 ] : SELECT * FROM `ykt_article` WHERE ( id<style ) ORDER BY id desc LIMIT 1  

[ 2016-12-19T20:55:03+08:00 ] ::1 /ykt/thinkphp/index.php/Home/Article/index/id/style/post.js
ERR: 1054:Unknown column 'style' in 'where clause'
 [ SQL语句 ] : SELECT * FROM `ykt_article` WHERE ( id<style ) ORDER BY id desc LIMIT 1  

[ 2016-12-19T20:55:07+08:00 ] ::1 /ykt/thinkphp/index.php/Home/Article/index/id/__MOUDLE__/Article/index/id/style/post.js
ERR: 1054:Unknown column 'style' in 'where clause'
 [ SQL语句 ] : SELECT * FROM `ykt_article` WHERE ( id<style ) ORDER BY id desc LIMIT 1  

[ 2016-12-19T20:55:07+08:00 ] ::1 /ykt/thinkphp/index.php/Home/Article/index/id/__MOUDLE__/Article/index/id/style/jquery.min.js
ERR: 1054:Unknown column 'style' in 'where clause'
 [ SQL语句 ] : SELECT * FROM `ykt_article` WHERE ( id<style ) ORDER BY id desc LIMIT 1  

[ 2016-12-19T20:55:07+08:00 ] ::1 /ykt/thinkphp/index.php/Home/Article/index/id/__MOUDLE__/Article/index/id/style/post.js
ERR: 1054:Unknown column 'style' in 'where clause'
 [ SQL语句 ] : SELECT * FROM `ykt_article` WHERE ( id<style ) ORDER BY id desc LIMIT 1  

[ 2016-12-19T20:55:09+08:00 ] ::1 /ykt/thinkphp/index.php/Home/Article/index/id/__MOUDLE__/Article/index/id/__MOUDLE__/Article/index/id/style/jquery.min.js
ERR: 1054:Unknown column 'style' in 'where clause'
 [ SQL语句 ] : SELECT * FROM `ykt_article` WHERE ( id<style ) ORDER BY id desc LIMIT 1  

[ 2016-12-19T20:55:09+08:00 ] ::1 /ykt/thinkphp/index.php/Home/Article/index/id/__MOUDLE__/Article/index/id/__MOUDLE__/Article/index/id/style/post.js
ERR: 1054:Unknown column 'style' in 'where clause'
 [ SQL语句 ] : SELECT * FROM `ykt_article` WHERE ( id<style ) ORDER BY id desc LIMIT 1  

[ 2016-12-19T20:55:09+08:00 ] ::1 /ykt/thinkphp/index.php/Home/Article/index/id/__MOUDLE__/Article/index/id/__MOUDLE__/Article/index/id/style/jquery.min.js
ERR: 1054:Unknown column 'style' in 'where clause'
 [ SQL语句 ] : SELECT * FROM `ykt_article` WHERE ( id<style ) ORDER BY id desc LIMIT 1  

[ 2016-12-19T20:55:09+08:00 ] ::1 /ykt/thinkphp/index.php/Home/Article/index/id/__MOUDLE__/Article/index/id/__MOUDLE__/Article/index/id/style/post.js
ERR: 1054:Unknown column 'style' in 'where clause'
 [ SQL语句 ] : SELECT * FROM `ykt_article` WHERE ( id<style ) ORDER BY id desc LIMIT 1  

[ 2016-12-19T20:55:14+08:00 ] ::1 /ykt/thinkphp/index.php/Home/Article/index/id/__MOUDLE__/Article/index/id/__MOUDLE__/Article/index/id/__MOUDLE__/Article/index/id/style/post.js
ERR: 1054:Unknown column 'style' in 'where clause'
 [ SQL语句 ] : SELECT * FROM `ykt_article` WHERE ( id<style ) ORDER BY id desc LIMIT 1  

[ 2016-12-19T20:55:14+08:00 ] ::1 /ykt/thinkphp/index.php/Home/Article/index/id/__MOUDLE__/Article/index/id/__MOUDLE__/Article/index/id/__MOUDLE__/Article/index/id/style/jquery.min.js
ERR: 1054:Unknown column 'style' in 'where clause'
 [ SQL语句 ] : SELECT * FROM `ykt_article` WHERE ( id<style ) ORDER BY id desc LIMIT 1  

[ 2016-12-19T20:55:14+08:00 ] ::1 /ykt/thinkphp/index.php/Home/Article/index/id/__MOUDLE__/Article/index/id/__MOUDLE__/Article/index/id/__MOUDLE__/Article/index/id/style/post.js
ERR: 1054:Unknown column 'style' in 'where clause'
 [ SQL语句 ] : SELECT * FROM `ykt_article` WHERE ( id<style ) ORDER BY id desc LIMIT 1  

[ 2016-12-19T20:55:16+08:00 ] ::1 /ykt/thinkphp/index.php/Home/Article/index/id/__MOUDLE__/Article/index/id/__MOUDLE__/Article/index/id/__MOUDLE__/Article/index/id/__MOUDLE__/Article/index/id/style/jquery.min.js
ERR: 1054:Unknown column 'style' in 'where clause'
 [ SQL语句 ] : SELECT * FROM `ykt_article` WHERE ( id<style ) ORDER BY id desc LIMIT 1  

[ 2016-12-19T20:55:16+08:00 ] ::1 /ykt/thinkphp/index.php/Home/Article/index/id/__MOUDLE__/Article/index/id/__MOUDLE__/Article/index/id/__MOUDLE__/Article/index/id/__MOUDLE__/Article/index/id/style/post.js
ERR: 1054:Unknown column 'style' in 'where clause'
 [ SQL语句 ] : SELECT * FROM `ykt_article` WHERE ( id<style ) ORDER BY id desc LIMIT 1  

[ 2016-12-19T20:55:18+08:00 ] ::1 /ykt/thinkphp/index.php/Home/Article/index/id/__MOUDLE__/Article/index/id/__MOUDLE__/Article/index/id/__MOUDLE__/Article/index/id/__MOUDLE__/Article/index/id/__MOUDLE__/Article/index/id/style/jquery.min.js
ERR: 1054:Unknown column 'style' in 'where clause'
 [ SQL语句 ] : SELECT * FROM `ykt_article` WHERE ( id<style ) ORDER BY id desc LIMIT 1  

[ 2016-12-19T20:55:18+08:00 ] ::1 /ykt/thinkphp/index.php/Home/Article/index/id/__MOUDLE__/Article/index/id/__MOUDLE__/Article/index/id/__MOUDLE__/Article/index/id/__MOUDLE__/Article/index/id/__MOUDLE__/Article/index/id/style/jquery.min.js
ERR: 1054:Unknown column 'style' in 'where clause'
 [ SQL语句 ] : SELECT * FROM `ykt_article` WHERE ( id<style ) ORDER BY id desc LIMIT 1  

[ 2016-12-19T20:55:18+08:00 ] ::1 /ykt/thinkphp/index.php/Home/Article/index/id/__MOUDLE__/Article/index/id/__MOUDLE__/Article/index/id/__MOUDLE__/Article/index/id/__MOUDLE__/Article/index/id/__MOUDLE__/Article/index/id/style/post.js
ERR: 1054:Unknown column 'style' in 'where clause'
 [ SQL语句 ] : SELECT * FROM `ykt_article` WHERE ( id<style ) ORDER BY id desc LIMIT 1  

[ 2016-12-19T21:22:55+08:00 ] ::1 /ykt/thinkphp/index.php/Home/Article/index/id/__MOUDLE__/Article/index/id/__MOUDLE__/Article/index/id/__MOUDLE__/Article/index/id/__MOUDLE__/Article/index/id/style/jquery.min.js
ERR: 1054:Unknown column 'style' in 'where clause'
 [ SQL语句 ] : SELECT * FROM `ykt_article` WHERE ( id<style ) ORDER BY id desc LIMIT 1  

[ 2016-12-19T21:22:55+08:00 ] ::1 /ykt/thinkphp/index.php/Home/Article/index/id/__MOUDLE__/Article/index/id/__MOUDLE__/Article/index/id/__MOUDLE__/Article/index/id/__MOUDLE__/Article/index/id/style/post.js
ERR: 1054:Unknown column 'style' in 'where clause'
 [ SQL语句 ] : SELECT * FROM `ykt_article` WHERE ( id<style ) ORDER BY id desc LIMIT 1  

[ 2016-12-19T21:24:17+08:00 ] ::1 /ykt/thinkphp/index.php/Home/Article/index/id/__MOUDLE__/Article/index/id/__MOUDLE__/Article/index/id/__MOUDLE__/Article/index/id/__MOUDLE__/Article/index/id/style/jquery.min.js
ERR: 1054:Unknown column 'style' in 'where clause'
 [ SQL语句 ] : SELECT * FROM `ykt_article` WHERE ( id<style ) ORDER BY id desc LIMIT 1  

[ 2016-12-19T21:24:17+08:00 ] ::1 /ykt/thinkphp/index.php/Home/Article/index/id/__MOUDLE__/Article/index/id/__MOUDLE__/Article/index/id/__MOUDLE__/Article/index/id/__MOUDLE__/Article/index/id/style/post.js
ERR: 1054:Unknown column 'style' in 'where clause'
 [ SQL语句 ] : SELECT * FROM `ykt_article` WHERE ( id<style ) ORDER BY id desc LIMIT 1  

[ 2016-12-19T21:24:33+08:00 ] ::1 /ykt/thinkphp/index.php/Home/Article/index/id/__MOUDLE__/Article/index/id/__MOUDLE__/Article/index/id/__MOUDLE__/Article/index/id/__MOUDLE__/Article/index/id/style/jquery.min.js
ERR: 1054:Unknown column 'style' in 'where clause'
 [ SQL语句 ] : SELECT * FROM `ykt_article` WHERE ( id<style ) ORDER BY id desc LIMIT 1  

[ 2016-12-19T21:24:33+08:00 ] ::1 /ykt/thinkphp/index.php/Home/Article/index/id/__MOUDLE__/Article/index/id/__MOUDLE__/Article/index/id/__MOUDLE__/Article/index/id/__MOUDLE__/Article/index/id/style/post.js
ERR: 1054:Unknown column 'style' in 'where clause'
 [ SQL语句 ] : SELECT * FROM `ykt_article` WHERE ( id<style ) ORDER BY id desc LIMIT 1  

[ 2016-12-19T21:24:33+08:00 ] ::1 /ykt/thinkphp/index.php/Home/Article/index/id/__MOUDLE__/Article/index/id/__MOUDLE__/Article/index/id/__MOUDLE__/Article/index/id/__MOUDLE__/Article/index/id/style/jquery.min.js
ERR: 1054:Unknown column 'style' in 'where clause'
 [ SQL语句 ] : SELECT * FROM `ykt_article` WHERE ( id<style ) ORDER BY id desc LIMIT 1  

[ 2016-12-19T21:24:33+08:00 ] ::1 /ykt/thinkphp/index.php/Home/Article/index/id/__MOUDLE__/Article/index/id/__MOUDLE__/Article/index/id/__MOUDLE__/Article/index/id/__MOUDLE__/Article/index/id/style/post.js
ERR: 1054:Unknown column 'style' in 'where clause'
 [ SQL语句 ] : SELECT * FROM `ykt_article` WHERE ( id<style ) ORDER BY id desc LIMIT 1  

[ 2016-12-19T21:24:35+08:00 ] ::1 /ykt/thinkphp/index.php/Home/Article/index/id/__MOUDLE__/Article/index/id/__MOUDLE__/Article/index/id/__MOUDLE__/Article/index/id/__MOUDLE__/Article/index/id/__MOUDLE__/Article/index/id/style/post.js
ERR: 1054:Unknown column 'style' in 'where clause'
 [ SQL语句 ] : SELECT * FROM `ykt_article` WHERE ( id<style ) ORDER BY id desc LIMIT 1  

[ 2016-12-19T21:24:35+08:00 ] ::1 /ykt/thinkphp/index.php/Home/Article/index/id/__MOUDLE__/Article/index/id/__MOUDLE__/Article/index/id/__MOUDLE__/Article/index/id/__MOUDLE__/Article/index/id/__MOUDLE__/Article/index/id/style/jquery.min.js
ERR: 1054:Unknown column 'style' in 'where clause'
 [ SQL语句 ] : SELECT * FROM `ykt_article` WHERE ( id<style ) ORDER BY id desc LIMIT 1  

[ 2016-12-19T21:24:35+08:00 ] ::1 /ykt/thinkphp/index.php/Home/Article/index/id/__MOUDLE__/Article/index/id/__MOUDLE__/Article/index/id/__MOUDLE__/Article/index/id/__MOUDLE__/Article/index/id/__MOUDLE__/Article/index/id/style/post.js
ERR: 1054:Unknown column 'style' in 'where clause'
 [ SQL语句 ] : SELECT * FROM `ykt_article` WHERE ( id<style ) ORDER BY id desc LIMIT 1  

[ 2016-12-19T21:24:37+08:00 ] ::1 /ykt/thinkphp/index.php/Home/Article/index/id/__MOUDLE__/Article/index/id/__MOUDLE__/Article/index/id/__MOUDLE__/Article/index/id/__MOUDLE__/Article/index/id/__MOUDLE__/Article/index/id/__MOUDLE__/Article/index/id/style/jquery.min.js
ERR: 1054:Unknown column 'style' in 'where clause'
 [ SQL语句 ] : SELECT * FROM `ykt_article` WHERE ( id<style ) ORDER BY id desc LIMIT 1  

[ 2016-12-19T21:24:37+08:00 ] ::1 /ykt/thinkphp/index.php/Home/Article/index/id/__MOUDLE__/Article/index/id/__MOUDLE__/Article/index/id/__MOUDLE__/Article/index/id/__MOUDLE__/Article/index/id/__MOUDLE__/Article/index/id/__MOUDLE__/Article/index/id/style/post.js
ERR: 1054:Unknown column 'style' in 'where clause'
 [ SQL语句 ] : SELECT * FROM `ykt_article` WHERE ( id<style ) ORDER BY id desc LIMIT 1  

[ 2016-12-19T21:24:39+08:00 ] ::1 /ykt/thinkphp/index.php/Home/Article/index/id/__MOUDLE__/Article/index/id/__MOUDLE__/Article/index/id/__MOUDLE__/Article/index/id/__MOUDLE__/Article/index/id/__MOUDLE__/Article/index/id/__MOUDLE__/Article/index/id/__MOUDLE__/Article/index/id/style/jquery.min.js
ERR: 1054:Unknown column 'style' in 'where clause'
 [ SQL语句 ] : SELECT * FROM `ykt_article` WHERE ( id<style ) ORDER BY id desc LIMIT 1  

[ 2016-12-19T21:24:39+08:00 ] ::1 /ykt/thinkphp/index.php/Home/Article/index/id/__MOUDLE__/Article/index/id/__MOUDLE__/Article/index/id/__MOUDLE__/Article/index/id/__MOUDLE__/Article/index/id/__MOUDLE__/Article/index/id/__MOUDLE__/Article/index/id/__MOUDLE__/Article/index/id/style/post.js
ERR: 1054:Unknown column 'style' in 'where clause'
 [ SQL语句 ] : SELECT * FROM `ykt_article` WHERE ( id<style ) ORDER BY id desc LIMIT 1  

[ 2016-12-19T21:24:40+08:00 ] ::1 /ykt/thinkphp/index.php/Home/Article/index/id/__MOUDLE__/Article/index/id/__MOUDLE__/Article/index/id/__MOUDLE__/Article/index/id/__MOUDLE__/Article/index/id/__MOUDLE__/Article/index/id/__MOUDLE__/Article/index/id/__MOUDLE__/Article/index/id/__MOUDLE__/Article/index/id/style/jquery.min.js
ERR: 1054:Unknown column 'style' in 'where clause'
 [ SQL语句 ] : SELECT * FROM `ykt_article` WHERE ( id<style ) ORDER BY id desc LIMIT 1  

[ 2016-12-19T21:24:40+08:00 ] ::1 /ykt/thinkphp/index.php/Home/Article/index/id/__MOUDLE__/Article/index/id/__MOUDLE__/Article/index/id/__MOUDLE__/Article/index/id/__MOUDLE__/Article/index/id/__MOUDLE__/Article/index/id/__MOUDLE__/Article/index/id/__MOUDLE__/Article/index/id/__MOUDLE__/Article/index/id/style/post.js
ERR: 1054:Unknown column 'style' in 'where clause'
 [ SQL语句 ] : SELECT * FROM `ykt_article` WHERE ( id<style ) ORDER BY id desc LIMIT 1  

[ 2016-12-19T21:25:39+08:00 ] ::1 /ykt/thinkphp/index.php/Home/Article/index/id/__MOUDLE__/Article/index/id/__MOUDLE__/Article/index/id/__MOUDLE__/Article/index/id/__MOUDLE__/Article/index/id/__MOUDLE__/Article/index/id/__MOUDLE__/Article/index/id/__MOUDLE__/Article/index/id/__MOUDLE__/Article/index/id/style/jquery.min.js
ERR: 1054:Unknown column 'style' in 'where clause'
 [ SQL语句 ] : SELECT * FROM `ykt_article` WHERE ( id<style ) ORDER BY id desc LIMIT 1  

[ 2016-12-19T21:25:39+08:00 ] ::1 /ykt/thinkphp/index.php/Home/Article/index/id/__MOUDLE__/Article/index/id/__MOUDLE__/Article/index/id/__MOUDLE__/Article/index/id/__MOUDLE__/Article/index/id/__MOUDLE__/Article/index/id/__MOUDLE__/Article/index/id/__MOUDLE__/Article/index/id/__MOUDLE__/Article/index/id/style/post.js
ERR: 1054:Unknown column 'style' in 'where clause'
 [ SQL语句 ] : SELECT * FROM `ykt_article` WHERE ( id<style ) ORDER BY id desc LIMIT 1  

[ 2016-12-19T21:25:39+08:00 ] ::1 /ykt/thinkphp/index.php/Home/Article/index/id/__MOUDLE__/Article/index/id/__MOUDLE__/Article/index/id/__MOUDLE__/Article/index/id/__MOUDLE__/Article/index/id/__MOUDLE__/Article/index/id/__MOUDLE__/Article/index/id/__MOUDLE__/Article/index/id/__MOUDLE__/Article/index/id/style/jquery.min.js
ERR: 1054:Unknown column 'style' in 'where clause'
 [ SQL语句 ] : SELECT * FROM `ykt_article` WHERE ( id<style ) ORDER BY id desc LIMIT 1  

[ 2016-12-19T21:25:39+08:00 ] ::1 /ykt/thinkphp/index.php/Home/Article/index/id/__MOUDLE__/Article/index/id/__MOUDLE__/Article/index/id/__MOUDLE__/Article/index/id/__MOUDLE__/Article/index/id/__MOUDLE__/Article/index/id/__MOUDLE__/Article/index/id/__MOUDLE__/Article/index/id/__MOUDLE__/Article/index/id/style/post.js
ERR: 1054:Unknown column 'style' in 'where clause'
 [ SQL语句 ] : SELECT * FROM `ykt_article` WHERE ( id<style ) ORDER BY id desc LIMIT 1  

[ 2016-12-19T21:25:41+08:00 ] ::1 /ykt/thinkphp/index.php/Home/Article/index/id/__MOUDLE__/Article/index/id/__MOUDLE__/Article/index/id/__MOUDLE__/Article/index/id/__MOUDLE__/Article/index/id/__MOUDLE__/Article/index/id/__MOUDLE__/Article/index/id/__MOUDLE__/Article/index/id/__MOUDLE__/Article/index/id/__MOUDLE__/Article/index/id/style/jquery.min.js
ERR: 1054:Unknown column 'style' in 'where clause'
 [ SQL语句 ] : SELECT * FROM `ykt_article` WHERE ( id<style ) ORDER BY id desc LIMIT 1  

[ 2016-12-19T21:25:41+08:00 ] ::1 /ykt/thinkphp/index.php/Home/Article/index/id/__MOUDLE__/Article/index/id/__MOUDLE__/Article/index/id/__MOUDLE__/Article/index/id/__MOUDLE__/Article/index/id/__MOUDLE__/Article/index/id/__MOUDLE__/Article/index/id/__MOUDLE__/Article/index/id/__MOUDLE__/Article/index/id/__MOUDLE__/Article/index/id/style/post.js
ERR: 1054:Unknown column 'style' in 'where clause'
 [ SQL语句 ] : SELECT * FROM `ykt_article` WHERE ( id<style ) ORDER BY id desc LIMIT 1  

[ 2016-12-19T21:25:42+08:00 ] ::1 /ykt/thinkphp/index.php/Home/Article/index/id/__MOUDLE__/Article/index/id/__MOUDLE__/Article/index/id/__MOUDLE__/Article/index/id/__MOUDLE__/Article/index/id/__MOUDLE__/Article/index/id/__MOUDLE__/Article/index/id/__MOUDLE__/Article/index/id/__MOUDLE__/Article/index/id/__MOUDLE__/Article/index/id/__MOUDLE__/Article/index/id/style/jquery.min.js
ERR: 1054:Unknown column 'style' in 'where clause'
 [ SQL语句 ] : SELECT * FROM `ykt_article` WHERE ( id<style ) ORDER BY id desc LIMIT 1  

[ 2016-12-19T21:25:42+08:00 ] ::1 /ykt/thinkphp/index.php/Home/Article/index/id/__MOUDLE__/Article/index/id/__MOUDLE__/Article/index/id/__MOUDLE__/Article/index/id/__MOUDLE__/Article/index/id/__MOUDLE__/Article/index/id/__MOUDLE__/Article/index/id/__MOUDLE__/Article/index/id/__MOUDLE__/Article/index/id/__MOUDLE__/Article/index/id/__MOUDLE__/Article/index/id/style/post.js
ERR: 1054:Unknown column 'style' in 'where clause'
 [ SQL语句 ] : SELECT * FROM `ykt_article` WHERE ( id<style ) ORDER BY id desc LIMIT 1  

[ 2016-12-19T21:25:43+08:00 ] ::1 /ykt/thinkphp/index.php/Home/Article/index/id/__MOUDLE__/Article/index/id/__MOUDLE__/Article/index/id/__MOUDLE__/Article/index/id/__MOUDLE__/Article/index/id/__MOUDLE__/Article/index/id/__MOUDLE__/Article/index/id/__MOUDLE__/Article/index/id/__MOUDLE__/Article/index/id/__MOUDLE__/Article/index/id/__MOUDLE__/Article/index/id/__MOUDLE__/Article/index/id/style/jquery.min.js
ERR: 1054:Unknown column 'style' in 'where clause'
 [ SQL语句 ] : SELECT * FROM `ykt_article` WHERE ( id<style ) ORDER BY id desc LIMIT 1  

[ 2016-12-19T21:25:43+08:00 ] ::1 /ykt/thinkphp/index.php/Home/Article/index/id/__MOUDLE__/Article/index/id/__MOUDLE__/Article/index/id/__MOUDLE__/Article/index/id/__MOUDLE__/Article/index/id/__MOUDLE__/Article/index/id/__MOUDLE__/Article/index/id/__MOUDLE__/Article/index/id/__MOUDLE__/Article/index/id/__MOUDLE__/Article/index/id/__MOUDLE__/Article/index/id/__MOUDLE__/Article/index/id/style/post.js
ERR: 1054:Unknown column 'style' in 'where clause'
 [ SQL语句 ] : SELECT * FROM `ykt_article` WHERE ( id<style ) ORDER BY id desc LIMIT 1  

[ 2016-12-19T21:25:45+08:00 ] ::1 /ykt/thinkphp/index.php/Home/Article/index/id/__MOUDLE__/Article/index/id/__MOUDLE__/Article/index/id/__MOUDLE__/Article/index/id/__MOUDLE__/Article/index/id/__MOUDLE__/Article/index/id/__MOUDLE__/Article/index/id/__MOUDLE__/Article/index/id/__MOUDLE__/Article/index/id/__MOUDLE__/Article/index/id/__MOUDLE__/Article/index/id/__MOUDLE__/Article/index/id/__MOUDLE__/Article/index/id/style/post.js
ERR: 1054:Unknown column 'style' in 'where clause'
 [ SQL语句 ] : SELECT * FROM `ykt_article` WHERE ( id<style ) ORDER BY id desc LIMIT 1  

[ 2016-12-19T21:25:45+08:00 ] ::1 /ykt/thinkphp/index.php/Home/Article/index/id/__MOUDLE__/Article/index/id/__MOUDLE__/Article/index/id/__MOUDLE__/Article/index/id/__MOUDLE__/Article/index/id/__MOUDLE__/Article/index/id/__MOUDLE__/Article/index/id/__MOUDLE__/Article/index/id/__MOUDLE__/Article/index/id/__MOUDLE__/Article/index/id/__MOUDLE__/Article/index/id/__MOUDLE__/Article/index/id/__MOUDLE__/Article/index/id/style/jquery.min.js
ERR: 1054:Unknown column 'style' in 'where clause'
 [ SQL语句 ] : SELECT * FROM `ykt_article` WHERE ( id<style ) ORDER BY id desc LIMIT 1  

[ 2016-12-19T21:25:45+08:00 ] ::1 /ykt/thinkphp/index.php/Home/Article/index/id/__MOUDLE__/Article/index/id/__MOUDLE__/Article/index/id/__MOUDLE__/Article/index/id/__MOUDLE__/Article/index/id/__MOUDLE__/Article/index/id/__MOUDLE__/Article/index/id/__MOUDLE__/Article/index/id/__MOUDLE__/Article/index/id/__MOUDLE__/Article/index/id/__MOUDLE__/Article/index/id/__MOUDLE__/Article/index/id/__MOUDLE__/Article/index/id/style/post.js
ERR: 1054:Unknown column 'style' in 'where clause'
 [ SQL语句 ] : SELECT * FROM `ykt_article` WHERE ( id<style ) ORDER BY id desc LIMIT 1  

[ 2016-12-19T21:25:47+08:00 ] ::1 /ykt/thinkphp/index.php/Home/Article/index/id/__MOUDLE__/Article/index/id/__MOUDLE__/Article/index/id/__MOUDLE__/Article/index/id/__MOUDLE__/Article/index/id/__MOUDLE__/Article/index/id/__MOUDLE__/Article/index/id/__MOUDLE__/Article/index/id/__MOUDLE__/Article/index/id/__MOUDLE__/Article/index/id/__MOUDLE__/Article/index/id/__MOUDLE__/Article/index/id/__MOUDLE__/Article/index/id/__MOUDLE__/Article/index/id/style/jquery.min.js
ERR: 1054:Unknown column 'style' in 'where clause'
 [ SQL语句 ] : SELECT * FROM `ykt_article` WHERE ( id<style ) ORDER BY id desc LIMIT 1  

[ 2016-12-19T21:25:47+08:00 ] ::1 /ykt/thinkphp/index.php/Home/Article/index/id/__MOUDLE__/Article/index/id/__MOUDLE__/Article/index/id/__MOUDLE__/Article/index/id/__MOUDLE__/Article/index/id/__MOUDLE__/Article/index/id/__MOUDLE__/Article/index/id/__MOUDLE__/Article/index/id/__MOUDLE__/Article/index/id/__MOUDLE__/Article/index/id/__MOUDLE__/Article/index/id/__MOUDLE__/Article/index/id/__MOUDLE__/Article/index/id/__MOUDLE__/Article/index/id/style/post.js
ERR: 1054:Unknown column 'style' in 'where clause'
 [ SQL语句 ] : SELECT * FROM `ykt_article` WHERE ( id<style ) ORDER BY id desc LIMIT 1  

[ 2016-12-19T21:25:48+08:00 ] ::1 /ykt/thinkphp/index.php/Home/Article/index/id/__MOUDLE__/Article/index/id/__MOUDLE__/Article/index/id/__MOUDLE__/Article/index/id/__MOUDLE__/Article/index/id/__MOUDLE__/Article/index/id/__MOUDLE__/Article/index/id/__MOUDLE__/Article/index/id/__MOUDLE__/Article/index/id/__MOUDLE__/Article/index/id/__MOUDLE__/Article/index/id/__MOUDLE__/Article/index/id/__MOUDLE__/Article/index/id/__MOUDLE__/Article/index/id/__MOUDLE__/Article/index/id/style/jquery.min.js
ERR: 1054:Unknown column 'style' in 'where clause'
 [ SQL语句 ] : SELECT * FROM `ykt_article` WHERE ( id<style ) ORDER BY id desc LIMIT 1  

[ 2016-12-19T21:25:48+08:00 ] ::1 /ykt/thinkphp/index.php/Home/Article/index/id/__MOUDLE__/Article/index/id/__MOUDLE__/Article/index/id/__MOUDLE__/Article/index/id/__MOUDLE__/Article/index/id/__MOUDLE__/Article/index/id/__MOUDLE__/Article/index/id/__MOUDLE__/Article/index/id/__MOUDLE__/Article/index/id/__MOUDLE__/Article/index/id/__MOUDLE__/Article/index/id/__MOUDLE__/Article/index/id/__MOUDLE__/Article/index/id/__MOUDLE__/Article/index/id/__MOUDLE__/Article/index/id/style/post.js
ERR: 1054:Unknown column 'style' in 'where clause'
 [ SQL语句 ] : SELECT * FROM `ykt_article` WHERE ( id<style ) ORDER BY id desc LIMIT 1  

[ 2016-12-19T21:25:48+08:00 ] ::1 /ykt/thinkphp/index.php/Home/Article/index/id/__MOUDLE__/Article/index/id/__MOUDLE__/Article/index/id/__MOUDLE__/Article/index/id/__MOUDLE__/Article/index/id/__MOUDLE__/Article/index/id/__MOUDLE__/Article/index/id/__MOUDLE__/Article/index/id/__MOUDLE__/Article/index/id/__MOUDLE__/Article/index/id/__MOUDLE__/Article/index/id/__MOUDLE__/Article/index/id/__MOUDLE__/Article/index/id/__MOUDLE__/Article/index/id/__MOUDLE__/Article/index/id/style/jquery.min.js
ERR: 1054:Unknown column 'style' in 'where clause'
 [ SQL语句 ] : SELECT * FROM `ykt_article` WHERE ( id<style ) ORDER BY id desc LIMIT 1  

[ 2016-12-19T21:25:48+08:00 ] ::1 /ykt/thinkphp/index.php/Home/Article/index/id/__MOUDLE__/Article/index/id/__MOUDLE__/Article/index/id/__MOUDLE__/Article/index/id/__MOUDLE__/Article/index/id/__MOUDLE__/Article/index/id/__MOUDLE__/Article/index/id/__MOUDLE__/Article/index/id/__MOUDLE__/Article/index/id/__MOUDLE__/Article/index/id/__MOUDLE__/Article/index/id/__MOUDLE__/Article/index/id/__MOUDLE__/Article/index/id/__MOUDLE__/Article/index/id/__MOUDLE__/Article/index/id/style/post.js
ERR: 1054:Unknown column 'style' in 'where clause'
 [ SQL语句 ] : SELECT * FROM `ykt_article` WHERE ( id<style ) ORDER BY id desc LIMIT 1  

[ 2016-12-19T21:25:52+08:00 ] ::1 /ykt/thinkphp/index.php/Home/Article/index/id/__MOUDLE__/Article/index/id/__MOUDLE__/Article/index/id/__MOUDLE__/Article/index/id/__MOUDLE__/Article/index/id/__MOUDLE__/Article/index/id/__MOUDLE__/Article/index/id/__MOUDLE__/Article/index/id/__MOUDLE__/Article/index/id/__MOUDLE__/Article/index/id/__MOUDLE__/Article/index/id/__MOUDLE__/Article/index/id/__MOUDLE__/Article/index/id/__MOUDLE__/Article/index/id/__MOUDLE__/Article/index/id/__MOUDLE__/Article/index/id/style/post.js
ERR: 1054:Unknown column 'style' in 'where clause'
 [ SQL语句 ] : SELECT * FROM `ykt_article` WHERE ( id<style ) ORDER BY id desc LIMIT 1  

[ 2016-12-19T21:25:52+08:00 ] ::1 /ykt/thinkphp/index.php/Home/Article/index/id/__MOUDLE__/Article/index/id/__MOUDLE__/Article/index/id/__MOUDLE__/Article/index/id/__MOUDLE__/Article/index/id/__MOUDLE__/Article/index/id/__MOUDLE__/Article/index/id/__MOUDLE__/Article/index/id/__MOUDLE__/Article/index/id/__MOUDLE__/Article/index/id/__MOUDLE__/Article/index/id/__MOUDLE__/Article/index/id/__MOUDLE__/Article/index/id/__MOUDLE__/Article/index/id/__MOUDLE__/Article/index/id/__MOUDLE__/Article/index/id/style/jquery.min.js
ERR: 1054:Unknown column 'style' in 'where clause'
 [ SQL语句 ] : SELECT * FROM `ykt_article` WHERE ( id<style ) ORDER BY id desc LIMIT 1  

[ 2016-12-19T21:25:52+08:00 ] ::1 /ykt/thinkphp/index.php/Home/Article/index/id/__MOUDLE__/Article/index/id/__MOUDLE__/Article/index/id/__MOUDLE__/Article/index/id/__MOUDLE__/Article/index/id/__MOUDLE__/Article/index/id/__MOUDLE__/Article/index/id/__MOUDLE__/Article/index/id/__MOUDLE__/Article/index/id/__MOUDLE__/Article/index/id/__MOUDLE__/Article/index/id/__MOUDLE__/Article/index/id/__MOUDLE__/Article/index/id/__MOUDLE__/Article/index/id/__MOUDLE__/Article/index/id/__MOUDLE__/Article/index/id/style/post.js
ERR: 1054:Unknown column 'style' in 'where clause'
 [ SQL语句 ] : SELECT * FROM `ykt_article` WHERE ( id<style ) ORDER BY id desc LIMIT 1  

[ 2016-12-19T21:25:54+08:00 ] ::1 /ykt/thinkphp/index.php/Home/Article/index/id/__MOUDLE__/Article/index/id/__MOUDLE__/Article/index/id/__MOUDLE__/Article/index/id/__MOUDLE__/Article/index/id/__MOUDLE__/Article/index/id/__MOUDLE__/Article/index/id/__MOUDLE__/Article/index/id/__MOUDLE__/Article/index/id/__MOUDLE__/Article/index/id/__MOUDLE__/Article/index/id/__MOUDLE__/Article/index/id/__MOUDLE__/Article/index/id/__MOUDLE__/Article/index/id/__MOUDLE__/Article/index/id/__MOUDLE__/Article/index/id/__MOUDLE__/Article/index/id/style/jquery.min.js
ERR: 1054:Unknown column 'style' in 'where clause'
 [ SQL语句 ] : SELECT * FROM `ykt_article` WHERE ( id<style ) ORDER BY id desc LIMIT 1  

[ 2016-12-19T21:25:54+08:00 ] ::1 /ykt/thinkphp/index.php/Home/Article/index/id/__MOUDLE__/Article/index/id/__MOUDLE__/Article/index/id/__MOUDLE__/Article/index/id/__MOUDLE__/Article/index/id/__MOUDLE__/Article/index/id/__MOUDLE__/Article/index/id/__MOUDLE__/Article/index/id/__MOUDLE__/Article/index/id/__MOUDLE__/Article/index/id/__MOUDLE__/Article/index/id/__MOUDLE__/Article/index/id/__MOUDLE__/Article/index/id/__MOUDLE__/Article/index/id/__MOUDLE__/Article/index/id/__MOUDLE__/Article/index/id/__MOUDLE__/Article/index/id/style/post.js
ERR: 1054:Unknown column 'style' in 'where clause'
 [ SQL语句 ] : SELECT * FROM `ykt_article` WHERE ( id<style ) ORDER BY id desc LIMIT 1  

[ 2016-12-19T21:39:59+08:00 ] ::1 /ykt/thinkphp/index.php/Home/Article/index/id/__MOUDLE__/Article/index/id/__MOUDLE__/Article/index/id/__MOUDLE__/Article/index/id/__MOUDLE__/Article/index/id/__MOUDLE__/Article/index/id/__MOUDLE__/Article/index/id/__MOUDLE__/Article/index/id/__MOUDLE__/Article/index/id/__MOUDLE__/Article/index/id/__MOUDLE__/Article/index/id/__MOUDLE__/Article/index/id/__MOUDLE__/Article/index/id/__MOUDLE__/Article/index/id/__MOUDLE__/Article/index/id/__MOUDLE__/Article/index/id/__MOUDLE__/Article/index/id/style/post.js
ERR: 1054:Unknown column 'style' in 'where clause'
 [ SQL语句 ] : SELECT * FROM `ykt_article` WHERE ( id<style ) ORDER BY id desc LIMIT 1  

[ 2016-12-19T21:39:59+08:00 ] ::1 /ykt/thinkphp/index.php/Home/Article/index/id/__MOUDLE__/Article/index/id/__MOUDLE__/Article/index/id/__MOUDLE__/Article/index/id/__MOUDLE__/Article/index/id/__MOUDLE__/Article/index/id/__MOUDLE__/Article/index/id/__MOUDLE__/Article/index/id/__MOUDLE__/Article/index/id/__MOUDLE__/Article/index/id/__MOUDLE__/Article/index/id/__MOUDLE__/Article/index/id/__MOUDLE__/Article/index/id/__MOUDLE__/Article/index/id/__MOUDLE__/Article/index/id/__MOUDLE__/Article/index/id/__MOUDLE__/Article/index/id/style/jquery.min.js
ERR: 1054:Unknown column 'style' in 'where clause'
 [ SQL语句 ] : SELECT * FROM `ykt_article` WHERE ( id<style ) ORDER BY id desc LIMIT 1  

[ 2016-12-19T21:39:59+08:00 ] ::1 /ykt/thinkphp/index.php/Home/Article/index/id/__MOUDLE__/Article/index/id/__MOUDLE__/Article/index/id/__MOUDLE__/Article/index/id/__MOUDLE__/Article/index/id/__MOUDLE__/Article/index/id/__MOUDLE__/Article/index/id/__MOUDLE__/Article/index/id/__MOUDLE__/Article/index/id/__MOUDLE__/Article/index/id/__MOUDLE__/Article/index/id/__MOUDLE__/Article/index/id/__MOUDLE__/Article/index/id/__MOUDLE__/Article/index/id/__MOUDLE__/Article/index/id/__MOUDLE__/Article/index/id/__MOUDLE__/Article/index/id/style/post.js
ERR: 1054:Unknown column 'style' in 'where clause'
 [ SQL语句 ] : SELECT * FROM `ykt_article` WHERE ( id<style ) ORDER BY id desc LIMIT 1  

[ 2016-12-19T21:40:24+08:00 ] ::1 /ykt/thinkphp/index.php/Home/Article/index/id/__MOUDLE__/Article/index/id/__MOUDLE__/Article/index/id/__MOUDLE__/Article/index/id/__MOUDLE__/Article/index/id/__MOUDLE__/Article/index/id/__MOUDLE__/Article/index/id/__MOUDLE__/Article/index/id/__MOUDLE__/Article/index/id/__MOUDLE__/Article/index/id/__MOUDLE__/Article/index/id/__MOUDLE__/Article/index/id/__MOUDLE__/Article/index/id/__MOUDLE__/Article/index/id/__MOUDLE__/Article/index/id/__MOUDLE__/Article/index/id/style/jquery.min.js
ERR: 1054:Unknown column 'style' in 'where clause'
 [ SQL语句 ] : SELECT * FROM `ykt_article` WHERE ( id<style ) ORDER BY id desc LIMIT 1  

[ 2016-12-19T21:40:24+08:00 ] ::1 /ykt/thinkphp/index.php/Home/Article/index/id/__MOUDLE__/Article/index/id/__MOUDLE__/Article/index/id/__MOUDLE__/Article/index/id/__MOUDLE__/Article/index/id/__MOUDLE__/Article/index/id/__MOUDLE__/Article/index/id/__MOUDLE__/Article/index/id/__MOUDLE__/Article/index/id/__MOUDLE__/Article/index/id/__MOUDLE__/Article/index/id/__MOUDLE__/Article/index/id/__MOUDLE__/Article/index/id/__MOUDLE__/Article/index/id/__MOUDLE__/Article/index/id/__MOUDLE__/Article/index/id/style/post.js
ERR: 1054:Unknown column 'style' in 'where clause'
 [ SQL语句 ] : SELECT * FROM `ykt_article` WHERE ( id<style ) ORDER BY id desc LIMIT 1  

[ 2016-12-19T21:40:25+08:00 ] ::1 /ykt/thinkphp/index.php/Home/Article/index/id/__MOUDLE__/Article/index/id/__MOUDLE__/Article/index/id/__MOUDLE__/Article/index/id/__MOUDLE__/Article/index/id/__MOUDLE__/Article/index/id/__MOUDLE__/Article/index/id/__MOUDLE__/Article/index/id/__MOUDLE__/Article/index/id/__MOUDLE__/Article/index/id/__MOUDLE__/Article/index/id/__MOUDLE__/Article/index/id/__MOUDLE__/Article/index/id/__MOUDLE__/Article/index/id/__MOUDLE__/Article/index/id/__MOUDLE__/Article/index/id/style/jquery.min.js
ERR: 1054:Unknown column 'style' in 'where clause'
 [ SQL语句 ] : SELECT * FROM `ykt_article` WHERE ( id<style ) ORDER BY id desc LIMIT 1  

[ 2016-12-19T21:40:25+08:00 ] ::1 /ykt/thinkphp/index.php/Home/Article/index/id/__MOUDLE__/Article/index/id/__MOUDLE__/Article/index/id/__MOUDLE__/Article/index/id/__MOUDLE__/Article/index/id/__MOUDLE__/Article/index/id/__MOUDLE__/Article/index/id/__MOUDLE__/Article/index/id/__MOUDLE__/Article/index/id/__MOUDLE__/Article/index/id/__MOUDLE__/Article/index/id/__MOUDLE__/Article/index/id/__MOUDLE__/Article/index/id/__MOUDLE__/Article/index/id/__MOUDLE__/Article/index/id/__MOUDLE__/Article/index/id/style/post.js
ERR: 1054:Unknown column 'style' in 'where clause'
 [ SQL语句 ] : SELECT * FROM `ykt_article` WHERE ( id<style ) ORDER BY id desc LIMIT 1  

[ 2016-12-19T21:40:25+08:00 ] ::1 /ykt/thinkphp/index.php/Home/Article/index/id/__MOUDLE__/Article/index/id/__MOUDLE__/Article/index/id/__MOUDLE__/Article/index/id/__MOUDLE__/Article/index/id/__MOUDLE__/Article/index/id/__MOUDLE__/Article/index/id/__MOUDLE__/Article/index/id/__MOUDLE__/Article/index/id/__MOUDLE__/Article/index/id/__MOUDLE__/Article/index/id/__MOUDLE__/Article/index/id/__MOUDLE__/Article/index/id/__MOUDLE__/Article/index/id/__MOUDLE__/Article/index/id/style/jquery.min.js
ERR: 1054:Unknown column 'style' in 'where clause'
 [ SQL语句 ] : SELECT * FROM `ykt_article` WHERE ( id<style ) ORDER BY id desc LIMIT 1  

[ 2016-12-19T21:40:25+08:00 ] ::1 /ykt/thinkphp/index.php/Home/Article/index/id/__MOUDLE__/Article/index/id/__MOUDLE__/Article/index/id/__MOUDLE__/Article/index/id/__MOUDLE__/Article/index/id/__MOUDLE__/Article/index/id/__MOUDLE__/Article/index/id/__MOUDLE__/Article/index/id/__MOUDLE__/Article/index/id/__MOUDLE__/Article/index/id/__MOUDLE__/Article/index/id/__MOUDLE__/Article/index/id/__MOUDLE__/Article/index/id/__MOUDLE__/Article/index/id/__MOUDLE__/Article/index/id/style/post.js
ERR: 1054:Unknown column 'style' in 'where clause'
 [ SQL语句 ] : SELECT * FROM `ykt_article` WHERE ( id<style ) ORDER BY id desc LIMIT 1  

[ 2016-12-19T21:40:25+08:00 ] ::1 /ykt/thinkphp/index.php/Home/Article/index/id/__MOUDLE__/Article/index/id/__MOUDLE__/Article/index/id/__MOUDLE__/Article/index/id/__MOUDLE__/Article/index/id/__MOUDLE__/Article/index/id/__MOUDLE__/Article/index/id/__MOUDLE__/Article/index/id/__MOUDLE__/Article/index/id/__MOUDLE__/Article/index/id/__MOUDLE__/Article/index/id/__MOUDLE__/Article/index/id/__MOUDLE__/Article/index/id/__MOUDLE__/Article/index/id/__MOUDLE__/Article/index/id/style/jquery.min.js
ERR: 1054:Unknown column 'style' in 'where clause'
 [ SQL语句 ] : SELECT * FROM `ykt_article` WHERE ( id<style ) ORDER BY id desc LIMIT 1  

[ 2016-12-19T21:40:25+08:00 ] ::1 /ykt/thinkphp/index.php/Home/Article/index/id/__MOUDLE__/Article/index/id/__MOUDLE__/Article/index/id/__MOUDLE__/Article/index/id/__MOUDLE__/Article/index/id/__MOUDLE__/Article/index/id/__MOUDLE__/Article/index/id/__MOUDLE__/Article/index/id/__MOUDLE__/Article/index/id/__MOUDLE__/Article/index/id/__MOUDLE__/Article/index/id/__MOUDLE__/Article/index/id/__MOUDLE__/Article/index/id/__MOUDLE__/Article/index/id/__MOUDLE__/Article/index/id/style/post.js
ERR: 1054:Unknown column 'style' in 'where clause'
 [ SQL语句 ] : SELECT * FROM `ykt_article` WHERE ( id<style ) ORDER BY id desc LIMIT 1  

[ 2016-12-19T21:40:26+08:00 ] ::1 /ykt/thinkphp/index.php/Home/Article/index/id/__MOUDLE__/Article/index/id/__MOUDLE__/Article/index/id/__MOUDLE__/Article/index/id/__MOUDLE__/Article/index/id/__MOUDLE__/Article/index/id/__MOUDLE__/Article/index/id/__MOUDLE__/Article/index/id/__MOUDLE__/Article/index/id/__MOUDLE__/Article/index/id/__MOUDLE__/Article/index/id/__MOUDLE__/Article/index/id/__MOUDLE__/Article/index/id/__MOUDLE__/Article/index/id/style/jquery.min.js
ERR: 1054:Unknown column 'style' in 'where clause'
 [ SQL语句 ] : SELECT * FROM `ykt_article` WHERE ( id<style ) ORDER BY id desc LIMIT 1  

[ 2016-12-19T21:40:26+08:00 ] ::1 /ykt/thinkphp/index.php/Home/Article/index/id/__MOUDLE__/Article/index/id/__MOUDLE__/Article/index/id/__MOUDLE__/Article/index/id/__MOUDLE__/Article/index/id/__MOUDLE__/Article/index/id/__MOUDLE__/Article/index/id/__MOUDLE__/Article/index/id/__MOUDLE__/Article/index/id/__MOUDLE__/Article/index/id/__MOUDLE__/Article/index/id/__MOUDLE__/Article/index/id/__MOUDLE__/Article/index/id/__MOUDLE__/Article/index/id/style/post.js
ERR: 1054:Unknown column 'style' in 'where clause'
 [ SQL语句 ] : SELECT * FROM `ykt_article` WHERE ( id<style ) ORDER BY id desc LIMIT 1  

[ 2016-12-19T21:40:27+08:00 ] ::1 /ykt/thinkphp/index.php/Home/Article/index/id/__MOUDLE__/Article/index/id/__MOUDLE__/Article/index/id/__MOUDLE__/Article/index/id/__MOUDLE__/Article/index/id/__MOUDLE__/Article/index/id/__MOUDLE__/Article/index/id/__MOUDLE__/Article/index/id/__MOUDLE__/Article/index/id/__MOUDLE__/Article/index/id/__MOUDLE__/Article/index/id/__MOUDLE__/Article/index/id/__MOUDLE__/Article/index/id/style/post.js
ERR: 1054:Unknown column 'style' in 'where clause'
 [ SQL语句 ] : SELECT * FROM `ykt_article` WHERE ( id<style ) ORDER BY id desc LIMIT 1  

[ 2016-12-19T21:40:27+08:00 ] ::1 /ykt/thinkphp/index.php/Home/Article/index/id/__MOUDLE__/Article/index/id/__MOUDLE__/Article/index/id/__MOUDLE__/Article/index/id/__MOUDLE__/Article/index/id/__MOUDLE__/Article/index/id/__MOUDLE__/Article/index/id/__MOUDLE__/Article/index/id/__MOUDLE__/Article/index/id/__MOUDLE__/Article/index/id/__MOUDLE__/Article/index/id/__MOUDLE__/Article/index/id/__MOUDLE__/Article/index/id/style/jquery.min.js
ERR: 1054:Unknown column 'style' in 'where clause'
 [ SQL语句 ] : SELECT * FROM `ykt_article` WHERE ( id<style ) ORDER BY id desc LIMIT 1  

[ 2016-12-19T21:40:27+08:00 ] ::1 /ykt/thinkphp/index.php/Home/Article/index/id/__MOUDLE__/Article/index/id/__MOUDLE__/Article/index/id/__MOUDLE__/Article/index/id/__MOUDLE__/Article/index/id/__MOUDLE__/Article/index/id/__MOUDLE__/Article/index/id/__MOUDLE__/Article/index/id/__MOUDLE__/Article/index/id/__MOUDLE__/Article/index/id/__MOUDLE__/Article/index/id/__MOUDLE__/Article/index/id/__MOUDLE__/Article/index/id/style/post.js
ERR: 1054:Unknown column 'style' in 'where clause'
 [ SQL语句 ] : SELECT * FROM `ykt_article` WHERE ( id<style ) ORDER BY id desc LIMIT 1  

[ 2016-12-19T21:40:27+08:00 ] ::1 /ykt/thinkphp/index.php/Home/Article/index/id/__MOUDLE__/Article/index/id/__MOUDLE__/Article/index/id/__MOUDLE__/Article/index/id/__MOUDLE__/Article/index/id/__MOUDLE__/Article/index/id/__MOUDLE__/Article/index/id/__MOUDLE__/Article/index/id/__MOUDLE__/Article/index/id/__MOUDLE__/Article/index/id/__MOUDLE__/Article/index/id/__MOUDLE__/Article/index/id/style/jquery.min.js
ERR: 1054:Unknown column 'style' in 'where clause'
 [ SQL语句 ] : SELECT * FROM `ykt_article` WHERE ( id<style ) ORDER BY id desc LIMIT 1  

[ 2016-12-19T21:40:27+08:00 ] ::1 /ykt/thinkphp/index.php/Home/Article/index/id/__MOUDLE__/Article/index/id/__MOUDLE__/Article/index/id/__MOUDLE__/Article/index/id/__MOUDLE__/Article/index/id/__MOUDLE__/Article/index/id/__MOUDLE__/Article/index/id/__MOUDLE__/Article/index/id/__MOUDLE__/Article/index/id/__MOUDLE__/Article/index/id/__MOUDLE__/Article/index/id/__MOUDLE__/Article/index/id/style/post.js
ERR: 1054:Unknown column 'style' in 'where clause'
 [ SQL语句 ] : SELECT * FROM `ykt_article` WHERE ( id<style ) ORDER BY id desc LIMIT 1  

[ 2016-12-19T21:40:37+08:00 ] ::1 /ykt/thinkphp/index.php/Home/style/jquery.min.js
ERR: 无法加载控制器:Style

[ 2016-12-19T21:43:43+08:00 ] ::1 /ykt/thinkphp/index.php/Home/style/jquery.min.js
ERR: 无法加载控制器:Style

[ 2016-12-19T21:44:08+08:00 ] ::1 /ykt/thinkphp/index.php/Home/Article/index/id/__MOUDLE__/Article/index/id/__MOUDLE__/Article/index/id/__MOUDLE__/Article/index/id/__MOUDLE__/Article/index/id/__MOUDLE__/Article/index/id/__MOUDLE__/Article/index/id/__MOUDLE__/Article/index/id/__MOUDLE__/Article/index/id/__MOUDLE__/Article/index/id/__MOUDLE__/Article/index/id/__MOUDLE__/Article/index/id/style/jquery.min.js
ERR: 1054:Unknown column 'style' in 'where clause'
 [ SQL语句 ] : SELECT * FROM `ykt_article` WHERE ( id<style ) ORDER BY id desc LIMIT 1  

[ 2016-12-19T21:44:08+08:00 ] ::1 /ykt/thinkphp/index.php/Home/Article/index/id/__MOUDLE__/Article/index/id/__MOUDLE__/Article/index/id/__MOUDLE__/Article/index/id/__MOUDLE__/Article/index/id/__MOUDLE__/Article/index/id/__MOUDLE__/Article/index/id/__MOUDLE__/Article/index/id/__MOUDLE__/Article/index/id/__MOUDLE__/Article/index/id/__MOUDLE__/Article/index/id/__MOUDLE__/Article/index/id/style/post.js
ERR: 1054:Unknown column 'style' in 'where clause'
 [ SQL语句 ] : SELECT * FROM `ykt_article` WHERE ( id<style ) ORDER BY id desc LIMIT 1  

[ 2016-12-19T21:44:08+08:00 ] ::1 /ykt/thinkphp/index.php/Home/Article/index/id/__MOUDLE__/Article/index/id/__MOUDLE__/Article/index/id/__MOUDLE__/Article/index/id/__MOUDLE__/Article/index/id/__MOUDLE__/Article/index/id/__MOUDLE__/Article/index/id/__MOUDLE__/Article/index/id/__MOUDLE__/Article/index/id/__MOUDLE__/Article/index/id/__MOUDLE__/Article/index/id/__MOUDLE__/Article/index/id/style/jquery.min.js
ERR: 1054:Unknown column 'style' in 'where clause'
 [ SQL语句 ] : SELECT * FROM `ykt_article` WHERE ( id<style ) ORDER BY id desc LIMIT 1  

[ 2016-12-19T21:44:08+08:00 ] ::1 /ykt/thinkphp/index.php/Home/Article/index/id/__MOUDLE__/Article/index/id/__MOUDLE__/Article/index/id/__MOUDLE__/Article/index/id/__MOUDLE__/Article/index/id/__MOUDLE__/Article/index/id/__MOUDLE__/Article/index/id/__MOUDLE__/Article/index/id/__MOUDLE__/Article/index/id/__MOUDLE__/Article/index/id/__MOUDLE__/Article/index/id/__MOUDLE__/Article/index/id/style/post.js
ERR: 1054:Unknown column 'style' in 'where clause'
 [ SQL语句 ] : SELECT * FROM `ykt_article` WHERE ( id<style ) ORDER BY id desc LIMIT 1  

[ 2016-12-19T21:44:19+08:00 ] ::1 /ykt/thinkphp/index.php/Home/style/jquery.min.js
ERR: 无法加载控制器:Style

[ 2016-12-19T21:44:36+08:00 ] ::1 /ykt/thinkphp/index.php/Home/style/jquery.min.js
ERR: 无法加载控制器:Style

[ 2016-12-19T21:44:36+08:00 ] ::1 /ykt/thinkphp/index.php/Home/style/jquery.min.js
ERR: 无法加载控制器:Style

[ 2016-12-19T21:45:42+08:00 ] ::1 /ykt/thinkphp/index.php/Home/style/jquery.min.js
ERR: 无法加载控制器:Style

[ 2016-12-19T21:47:50+08:00 ] ::1 /ykt/thinkphp/index.php/Home/style/jquery.min.js
ERR: 无法加载控制器:Style

[ 2016-12-19T21:47:59+08:00 ] ::1 /ykt/thinkphp/index.php/Home/Article/index/id/style/jquery.min.js
ERR: 1054:Unknown column 'style' in 'where clause'
 [ SQL语句 ] : SELECT * FROM `ykt_article` WHERE ( id<style ) ORDER BY id desc LIMIT 1  

[ 2016-12-19T21:47:59+08:00 ] ::1 /ykt/thinkphp/index.php/Home/Article/index/id/style/jquery.min.js
ERR: 1054:Unknown column 'style' in 'where clause'
 [ SQL语句 ] : SELECT * FROM `ykt_article` WHERE ( id<style ) ORDER BY id desc LIMIT 1  

[ 2016-12-19T21:47:59+08:00 ] ::1 /ykt/thinkphp/index.php/Home/Article/index/id/style/post.js
ERR: 1054:Unknown column 'style' in 'where clause'
 [ SQL语句 ] : SELECT * FROM `ykt_article` WHERE ( id<style ) ORDER BY id desc LIMIT 1  

[ 2016-12-19T21:48:05+08:00 ] ::1 /ykt/thinkphp/index.php/Home/Article/index/id/__MOUDLE__/Article/index/id/style/jquery.min.js
ERR: 1054:Unknown column 'style' in 'where clause'
 [ SQL语句 ] : SELECT * FROM `ykt_article` WHERE ( id<style ) ORDER BY id desc LIMIT 1  

[ 2016-12-19T21:48:05+08:00 ] ::1 /ykt/thinkphp/index.php/Home/Article/index/id/__MOUDLE__/Article/index/id/style/post.js
ERR: 1054:Unknown column 'style' in 'where clause'
 [ SQL语句 ] : SELECT * FROM `ykt_article` WHERE ( id<style ) ORDER BY id desc LIMIT 1  

[ 2016-12-19T21:48:07+08:00 ] ::1 /ykt/thinkphp/index.php/Home/Article/index/id/style/jquery.min.js
ERR: 1054:Unknown column 'style' in 'where clause'
 [ SQL语句 ] : SELECT * FROM `ykt_article` WHERE ( id<style ) ORDER BY id desc LIMIT 1  

[ 2016-12-19T21:48:07+08:00 ] ::1 /ykt/thinkphp/index.php/Home/Article/index/id/style/post.js
ERR: 1054:Unknown column 'style' in 'where clause'
 [ SQL语句 ] : SELECT * FROM `ykt_article` WHERE ( id<style ) ORDER BY id desc LIMIT 1  

[ 2016-12-19T21:48:07+08:00 ] ::1 /ykt/thinkphp/index.php/Home/Article/index/id/style/jquery.min.js
ERR: 1054:Unknown column 'style' in 'where clause'
 [ SQL语句 ] : SELECT * FROM `ykt_article` WHERE ( id<style ) ORDER BY id desc LIMIT 1  

[ 2016-12-19T21:48:07+08:00 ] ::1 /ykt/thinkphp/index.php/Home/Article/index/id/style/post.js
ERR: 1054:Unknown column 'style' in 'where clause'
 [ SQL语句 ] : SELECT * FROM `ykt_article` WHERE ( id<style ) ORDER BY id desc LIMIT 1  

[ 2016-12-19T21:48:07+08:00 ] ::1 /ykt/thinkphp/index.php/Home/style/jquery.min.js
ERR: 无法加载控制器:Style

[ 2016-12-19T21:49:01+08:00 ] ::1 /ykt/thinkphp/index.php/Home/style/jquery.min.js
ERR: 无法加载控制器:Style

[ 2016-12-19T21:50:19+08:00 ] ::1 /ykt/thinkphp/index.php/Home/style/jquery.min.js
ERR: 无法加载控制器:Style

[ 2016-12-19T21:50:25+08:00 ] ::1 /ykt/thinkphp/index.php/Home/style/jquery.min.js
ERR: 无法加载控制器:Style

[ 2016-12-19T21:51:27+08:00 ] ::1 /ykt/thinkphp/index.php/Home/style/jquery.min.js
ERR: 无法加载控制器:Style

[ 2016-12-19T21:55:33+08:00 ] ::1 /ykt/thinkphp/index.php/Home/style/jquery.min.js
ERR: 无法加载控制器:Style

[ 2016-12-19T21:56:50+08:00 ] ::1 /ykt/thinkphp/index.php/Home/style/jquery.min.js
ERR: 无法加载控制器:Style

[ 2016-12-19T21:56:53+08:00 ] ::1 /ykt/thinkphp/index.php/Home/style/jquery.min.js
ERR: 无法加载控制器:Style

[ 2016-12-19T21:57:00+08:00 ] ::1 /ykt/thinkphp/index.php/Home/style/jquery.min.js
ERR: 无法加载控制器:Style

[ 2016-12-19T21:57:13+08:00 ] ::1 /ykt/thinkphp/index.php/Home/style/jquery.min.js
ERR: 无法加载控制器:Style

[ 2016-12-19T21:58:14+08:00 ] ::1 /ykt/thinkphp/index.php/Home/article
ERR: 1064:You have an error in your SQL syntax; check the manual that corresponds to your MariaDB server version for the right syntax to use near ') ORDER BY id desc LIMIT 1' at line 1
 [ SQL语句 ] : SELECT * FROM `ykt_article` WHERE ( id< ) ORDER BY id desc LIMIT 1  

[ 2016-12-19T21:59:04+08:00 ] ::1 /ykt/thinkphp/index.php/Home/article
ERR: 1064:You have an error in your SQL syntax; check the manual that corresponds to your MariaDB server version for the right syntax to use near ') ORDER BY id desc LIMIT 1' at line 1
 [ SQL语句 ] : SELECT * FROM `ykt_article` WHERE ( id < ) ORDER BY id desc LIMIT 1  

[ 2016-12-19T21:59:05+08:00 ] ::1 /ykt/thinkphp/index.php/Home/article
ERR: 1064:You have an error in your SQL syntax; check the manual that corresponds to your MariaDB server version for the right syntax to use near ') ORDER BY id desc LIMIT 1' at line 1
 [ SQL语句 ] : SELECT * FROM `ykt_article` WHERE ( id < ) ORDER BY id desc LIMIT 1  

[ 2016-12-19T21:59:37+08:00 ] ::1 /ykt/thinkphp/index.php/Home/article
ERR: 1064:You have an error in your SQL syntax; check the manual that corresponds to your MariaDB server version for the right syntax to use near ''. ) ORDER BY id desc LIMIT 1' at line 1
 [ SQL语句 ] : SELECT * FROM `ykt_article` WHERE ( id <'. ) ORDER BY id desc LIMIT 1  

[ 2016-12-19T21:59:38+08:00 ] ::1 /ykt/thinkphp/index.php/Home/article
ERR: 1064:You have an error in your SQL syntax; check the manual that corresponds to your MariaDB server version for the right syntax to use near ''. ) ORDER BY id desc LIMIT 1' at line 1
 [ SQL语句 ] : SELECT * FROM `ykt_article` WHERE ( id <'. ) ORDER BY id desc LIMIT 1  

[ 2016-12-19T21:59:56+08:00 ] ::1 /ykt/thinkphp/index.php/Home/article
ERR: 1064:You have an error in your SQL syntax; check the manual that corresponds to your MariaDB server version for the right syntax to use near ') ORDER BY id desc LIMIT 1' at line 1
 [ SQL语句 ] : SELECT * FROM `ykt_article` WHERE ( id< ) ORDER BY id desc LIMIT 1  

[ 2016-12-19T22:00:05+08:00 ] ::1 /ykt/thinkphp/index.php/Home/article
ERR: 1064:You have an error in your SQL syntax; check the manual that corresponds to your MariaDB server version for the right syntax to use near ') ORDER BY id asc LIMIT 1' at line 1
 [ SQL语句 ] : SELECT * FROM `ykt_article` WHERE ( id> ) ORDER BY id asc LIMIT 1  

[ 2016-12-19T22:01:08+08:00 ] ::1 /ykt/thinkphp/index.php/Home/style/jquery.min.js
ERR: 无法加载控制器:Style

[ 2016-12-19T22:01:30+08:00 ] ::1 /ykt/thinkphp/index.php/Home/style/jquery.min.js
ERR: 无法加载控制器:Style

[ 2016-12-19T22:01:54+08:00 ] ::1 /ykt/thinkphp/index.php/Home/style/jquery.min.js
ERR: 无法加载控制器:Style

[ 2016-12-19T22:02:00+08:00 ] ::1 /ykt/thinkphp/index.php/Home/style/jquery.min.js
ERR: 无法加载控制器:Style

[ 2016-12-19T22:02:23+08:00 ] ::1 /ykt/thinkphp/index.php/Home/style/jquery.min.js
ERR: 无法加载控制器:Style

[ 2016-12-19T22:02:36+08:00 ] ::1 /ykt/thinkphp/index.php/Home/style/jquery.min.js
ERR: 无法加载控制器:Style

[ 2016-12-19T22:03:02+08:00 ] ::1 /ykt/thinkphp/index.php/Home/style/jquery.min.js
ERR: 无法加载控制器:Style

[ 2016-12-19T22:03:39+08:00 ] ::1 /ykt/thinkphp/index.php/Home/style/jquery.min.js
ERR: 无法加载控制器:Style

[ 2016-12-19T22:03:40+08:00 ] ::1 /ykt/thinkphp/index.php/Home/style/jquery.min.js
ERR: 无法加载控制器:Style

[ 2016-12-19T22:03:41+08:00 ] ::1 /ykt/thinkphp/index.php/Home/style/jquery.min.js
ERR: 无法加载控制器:Style

[ 2016-12-19T22:03:54+08:00 ] ::1 /ykt/thinkphp/index.php/Home/style/jquery.min.js
ERR: 无法加载控制器:Style

[ 2016-12-19T22:04:55+08:00 ] ::1 /ykt/thinkphp/home/style/jquery.min.js
ERR: 无法加载控制器:Style

[ 2016-12-19T22:06:11+08:00 ] ::1 /ykt/thinkphp/index.php/Home/style/jquery.min.js
ERR: 无法加载控制器:Style

[ 2016-12-19T22:06:24+08:00 ] ::1 /ykt/thinkphp/home/style/jquery.min.js
ERR: 无法加载控制器:Style

[ 2016-12-19T22:06:26+08:00 ] ::1 /ykt/thinkphp/home/style/jquery.min.js
ERR: 无法加载控制器:Style

[ 2016-12-19T22:06:51+08:00 ] ::1 /ykt/thinkphp/index.php/Home/style/jquery.min.js
ERR: 无法加载控制器:Style

[ 2016-12-19T22:06:53+08:00 ] ::1 /ykt/thinkphp/home/style/jquery.min.js
ERR: 无法加载控制器:Style

[ 2016-12-19T22:15:17+08:00 ] ::1 /ykt/thinkphp/home/style/jquery.min.js
ERR: 无法加载控制器:Style

[ 2016-12-19T23:07:52+08:00 ] ::1 /YKT/thinkphp/index.php/Home/Article/index/id/style/jquery.min.js
ERR: 1054:Unknown column 'style' in 'where clause'
 [ SQL语句 ] : SELECT * FROM `ykt_article` WHERE ( id<style ) ORDER BY id desc LIMIT 1  

[ 2016-12-19T23:07:52+08:00 ] ::1 /YKT/thinkphp/index.php/Home/Article/index/id/style/post.js
ERR: 1054:Unknown column 'style' in 'where clause'
 [ SQL语句 ] : SELECT * FROM `ykt_article` WHERE ( id<style ) ORDER BY id desc LIMIT 1  

[ 2016-12-19T23:07:52+08:00 ] ::1 /YKT/thinkphp/index.php/Home/Article/index/id/style/jquery.min.js
ERR: 1054:Unknown column 'style' in 'where clause'
 [ SQL语句 ] : SELECT * FROM `ykt_article` WHERE ( id<style ) ORDER BY id desc LIMIT 1  

[ 2016-12-19T23:07:52+08:00 ] ::1 /YKT/thinkphp/index.php/Home/Article/index/id/style/post.js
ERR: 1054:Unknown column 'style' in 'where clause'
 [ SQL语句 ] : SELECT * FROM `ykt_article` WHERE ( id<style ) ORDER BY id desc LIMIT 1  

[ 2016-12-19T23:08:07+08:00 ] ::1 /YKT/thinkphp/index.php/Home/style/jquery.min.js
ERR: 无法加载控制器:Style

