[ 2016-12-28T10:17:06+08:00 ] ::1 /BLOG/index.php/Home/assets/js/jquery.min.js
ERR: 无法加载控制器:Assets

[ 2016-12-28T10:17:06+08:00 ] ::1 /BLOG/index.php/Home/assets/js/amazeui.min.js
ERR: 无法加载控制器:Assets

[ 2016-12-28T10:17:20+08:00 ] ::1 /BLOG/index.php/Home/article
ERR: 1064:You have an error in your SQL syntax; check the manual that corresponds to your MariaDB server version for the right syntax to use near ') ORDER BY id desc LIMIT 1' at line 1
 [ SQL语句 ] : SELECT * FROM `ykt_article` WHERE ( id< ) ORDER BY id desc LIMIT 1  

[ 2016-12-28T10:45:49+08:00 ] ::1 /BLOG/index.php/Home/Article/index/id/assets/js/jquery.min.js
ERR: 1054:Unknown column 'assets' in 'where clause'
 [ SQL语句 ] : SELECT * FROM `ykt_article` WHERE ( id<assets ) ORDER BY id desc LIMIT 1  

[ 2016-12-28T10:45:49+08:00 ] ::1 /BLOG/index.php/Home/Article/index/id/assets/js/amazeui.min.js
ERR: 1054:Unknown column 'assets' in 'where clause'
 [ SQL语句 ] : SELECT * FROM `ykt_article` WHERE ( id<assets ) ORDER BY id desc LIMIT 1  

[ 2016-12-28T11:47:34+08:00 ] ::1 /BLOG/index.php/Home/Article/index/id/assets/js/jquery.min.js
ERR: 1054:Unknown column 'assets' in 'where clause'
 [ SQL语句 ] : SELECT * FROM `ykt_article` WHERE ( id<assets ) ORDER BY id desc LIMIT 1  

[ 2016-12-28T11:47:34+08:00 ] ::1 /BLOG/index.php/Home/Article/index/id/assets/js/amazeui.min.js
ERR: 1054:Unknown column 'assets' in 'where clause'
 [ SQL语句 ] : SELECT * FROM `ykt_article` WHERE ( id<assets ) ORDER BY id desc LIMIT 1  

[ 2016-12-28T11:48:01+08:00 ] ::1 /BLOG/index.php/Home/Article
ERR: 1064:You have an error in your SQL syntax; check the manual that corresponds to your MariaDB server version for the right syntax to use near ') ORDER BY id desc LIMIT 1' at line 1
 [ SQL语句 ] : SELECT * FROM `ykt_article` WHERE ( id< ) ORDER BY id desc LIMIT 1  

[ 2016-12-28T11:48:05+08:00 ] ::1 /BLOG/index.php/Home/Article/
ERR: 1064:You have an error in your SQL syntax; check the manual that corresponds to your MariaDB server version for the right syntax to use near ') ORDER BY id desc LIMIT 1' at line 1
 [ SQL语句 ] : SELECT * FROM `ykt_article` WHERE ( id< ) ORDER BY id desc LIMIT 1  

[ 2016-12-28T11:48:31+08:00 ] ::1 /BLOG/index.php/Home/Article
ERR: 1064:You have an error in your SQL syntax; check the manual that corresponds to your MariaDB server version for the right syntax to use near ') ORDER BY id desc LIMIT 1' at line 1
 [ SQL语句 ] : SELECT * FROM `ykt_article` WHERE ( id< ) ORDER BY id desc LIMIT 1  

[ 2016-12-28T11:48:32+08:00 ] ::1 /BLOG/index.php/Home/Article/index/id/assets/js/amazeui.min.js
ERR: 1054:Unknown column 'assets' in 'where clause'
 [ SQL语句 ] : SELECT * FROM `ykt_article` WHERE ( id<assets ) ORDER BY id desc LIMIT 1  

[ 2016-12-28T11:48:32+08:00 ] ::1 /BLOG/index.php/Home/Article/index/id/assets/js/jquery.min.js
ERR: 1054:Unknown column 'assets' in 'where clause'
 [ SQL语句 ] : SELECT * FROM `ykt_article` WHERE ( id<assets ) ORDER BY id desc LIMIT 1  

[ 2016-12-28T11:48:32+08:00 ] ::1 /BLOG/index.php/Home/Article/index/id/assets/js/amazeui.min.js
ERR: 1054:Unknown column 'assets' in 'where clause'
 [ SQL语句 ] : SELECT * FROM `ykt_article` WHERE ( id<assets ) ORDER BY id desc LIMIT 1  

[ 2016-12-28T11:52:39+08:00 ] ::1 /BLOG/index.php/Home/Article/index/id/assets/js/jquery.min.js
ERR: 1054:Unknown column 'assets' in 'where clause'
 [ SQL语句 ] : SELECT * FROM `ykt_article` WHERE ( id<assets ) ORDER BY id desc LIMIT 1  

[ 2016-12-28T11:52:39+08:00 ] ::1 /BLOG/index.php/Home/Article/index/id/assets/js/amazeui.min.js
ERR: 1054:Unknown column 'assets' in 'where clause'
 [ SQL语句 ] : SELECT * FROM `ykt_article` WHERE ( id<assets ) ORDER BY id desc LIMIT 1  

[ 2016-12-28T11:54:32+08:00 ] ::1 /BLOG/index.php/Home/Article/index/id/assets/js/amazeui.min.js
ERR: 1054:Unknown column 'assets' in 'where clause'
 [ SQL语句 ] : SELECT * FROM `ykt_article` WHERE ( id<assets ) ORDER BY id desc LIMIT 1  

[ 2016-12-28T11:54:32+08:00 ] ::1 /BLOG/index.php/Home/Article/index/id/assets/js/jquery.min.js
ERR: 1054:Unknown column 'assets' in 'where clause'
 [ SQL语句 ] : SELECT * FROM `ykt_article` WHERE ( id<assets ) ORDER BY id desc LIMIT 1  

[ 2016-12-28T11:54:32+08:00 ] ::1 /BLOG/index.php/Home/Article/index/id/assets/js/amazeui.min.js
ERR: 1054:Unknown column 'assets' in 'where clause'
 [ SQL语句 ] : SELECT * FROM `ykt_article` WHERE ( id<assets ) ORDER BY id desc LIMIT 1  

[ 2016-12-28T11:54:40+08:00 ] ::1 /BLOG/index.php/Home/Article/index/id/assets/js/jquery.min.js
ERR: 1054:Unknown column 'assets' in 'where clause'
 [ SQL语句 ] : SELECT * FROM `ykt_article` WHERE ( id<assets ) ORDER BY id desc LIMIT 1  

[ 2016-12-28T11:54:40+08:00 ] ::1 /BLOG/index.php/Home/Article/index/id/assets/js/amazeui.min.js
ERR: 1054:Unknown column 'assets' in 'where clause'
 [ SQL语句 ] : SELECT * FROM `ykt_article` WHERE ( id<assets ) ORDER BY id desc LIMIT 1  

[ 2016-12-28T11:54:46+08:00 ] ::1 /BLOG/index.php/Home/Article/index/id/assets/js/jquery.min.js
ERR: 1054:Unknown column 'assets' in 'where clause'
 [ SQL语句 ] : SELECT * FROM `ykt_article` WHERE ( id<assets ) ORDER BY id desc LIMIT 1  

[ 2016-12-28T11:54:46+08:00 ] ::1 /BLOG/index.php/Home/Article/index/id/assets/js/amazeui.min.js
ERR: 1054:Unknown column 'assets' in 'where clause'
 [ SQL语句 ] : SELECT * FROM `ykt_article` WHERE ( id<assets ) ORDER BY id desc LIMIT 1  

[ 2016-12-28T11:54:48+08:00 ] ::1 /BLOG/index.php/Home/Article/index/id/assets/js/amazeui.min.js
ERR: 1054:Unknown column 'assets' in 'where clause'
 [ SQL语句 ] : SELECT * FROM `ykt_article` WHERE ( id<assets ) ORDER BY id desc LIMIT 1  

[ 2016-12-28T11:54:48+08:00 ] ::1 /BLOG/index.php/Home/Article/index/id/assets/js/jquery.min.js
ERR: 1054:Unknown column 'assets' in 'where clause'
 [ SQL语句 ] : SELECT * FROM `ykt_article` WHERE ( id<assets ) ORDER BY id desc LIMIT 1  

[ 2016-12-28T11:54:48+08:00 ] ::1 /BLOG/index.php/Home/Article/index/id/assets/js/amazeui.min.js
ERR: 1054:Unknown column 'assets' in 'where clause'
 [ SQL语句 ] : SELECT * FROM `ykt_article` WHERE ( id<assets ) ORDER BY id desc LIMIT 1  

[ 2016-12-28T11:55:08+08:00 ] ::1 /BLOG/index.php/Home/Article/index/id/assets/js/jquery.min.js
ERR: 1054:Unknown column 'assets' in 'where clause'
 [ SQL语句 ] : SELECT * FROM `ykt_article` WHERE ( id<assets ) ORDER BY id desc LIMIT 1  

[ 2016-12-28T11:55:08+08:00 ] ::1 /BLOG/index.php/Home/Article/index/id/assets/js/amazeui.min.js
ERR: 1054:Unknown column 'assets' in 'where clause'
 [ SQL语句 ] : SELECT * FROM `ykt_article` WHERE ( id<assets ) ORDER BY id desc LIMIT 1  

[ 2016-12-28T11:56:26+08:00 ] ::1 /BLOG/index.php/Home/Article/index/id/assets/js/amazeui.min.js
ERR: 1054:Unknown column 'assets' in 'where clause'
 [ SQL语句 ] : SELECT * FROM `ykt_article` WHERE ( id<assets ) ORDER BY id desc LIMIT 1  

[ 2016-12-28T11:56:26+08:00 ] ::1 /BLOG/index.php/Home/Article/index/id/assets/js/jquery.min.js
ERR: 1054:Unknown column 'assets' in 'where clause'
 [ SQL语句 ] : SELECT * FROM `ykt_article` WHERE ( id<assets ) ORDER BY id desc LIMIT 1  

[ 2016-12-28T11:56:26+08:00 ] ::1 /BLOG/index.php/Home/Article/index/id/assets/js/amazeui.min.js
ERR: 1054:Unknown column 'assets' in 'where clause'
 [ SQL语句 ] : SELECT * FROM `ykt_article` WHERE ( id<assets ) ORDER BY id desc LIMIT 1  

[ 2016-12-28T11:57:09+08:00 ] ::1 /BLOG/index.php/Home/Article/index/id/assets/js/amazeui.min.js
ERR: 1054:Unknown column 'assets' in 'where clause'
 [ SQL语句 ] : SELECT * FROM `ykt_article` WHERE ( id<assets ) ORDER BY id desc LIMIT 1  

[ 2016-12-28T11:57:09+08:00 ] ::1 /BLOG/index.php/Home/Article/index/id/assets/js/jquery.min.js
ERR: 1054:Unknown column 'assets' in 'where clause'
 [ SQL语句 ] : SELECT * FROM `ykt_article` WHERE ( id<assets ) ORDER BY id desc LIMIT 1  

[ 2016-12-28T11:57:09+08:00 ] ::1 /BLOG/index.php/Home/Article/index/id/assets/js/amazeui.min.js
ERR: 1054:Unknown column 'assets' in 'where clause'
 [ SQL语句 ] : SELECT * FROM `ykt_article` WHERE ( id<assets ) ORDER BY id desc LIMIT 1  

[ 2016-12-28T11:57:33+08:00 ] ::1 /BLOG/index.php/Home/Article/index/id/assets/js/jquery.min.js
ERR: 1054:Unknown column 'assets' in 'where clause'
 [ SQL语句 ] : SELECT * FROM `ykt_article` WHERE ( id<assets ) ORDER BY id desc LIMIT 1  

[ 2016-12-28T11:57:33+08:00 ] ::1 /BLOG/index.php/Home/Article/index/id/assets/js/amazeui.min.js
ERR: 1054:Unknown column 'assets' in 'where clause'
 [ SQL语句 ] : SELECT * FROM `ykt_article` WHERE ( id<assets ) ORDER BY id desc LIMIT 1  

[ 2016-12-28T11:57:52+08:00 ] ::1 /BLOG/index.php/Home/Article/index/id/assets/js/amazeui.min.js
ERR: 1054:Unknown column 'assets' in 'where clause'
 [ SQL语句 ] : SELECT * FROM `ykt_article` WHERE ( id<assets ) ORDER BY id desc LIMIT 1  

[ 2016-12-28T11:57:52+08:00 ] ::1 /BLOG/index.php/Home/Article/index/id/assets/js/jquery.min.js
ERR: 1054:Unknown column 'assets' in 'where clause'
 [ SQL语句 ] : SELECT * FROM `ykt_article` WHERE ( id<assets ) ORDER BY id desc LIMIT 1  

[ 2016-12-28T11:57:52+08:00 ] ::1 /BLOG/index.php/Home/Article/index/id/assets/js/amazeui.min.js
ERR: 1054:Unknown column 'assets' in 'where clause'
 [ SQL语句 ] : SELECT * FROM `ykt_article` WHERE ( id<assets ) ORDER BY id desc LIMIT 1  

[ 2016-12-28T11:58:49+08:00 ] ::1 /BLOG/index.php/Home/Article/index/id/assets/js/amazeui.min.js
ERR: 1054:Unknown column 'assets' in 'where clause'
 [ SQL语句 ] : SELECT * FROM `ykt_article` WHERE ( id<assets ) ORDER BY id desc LIMIT 1  

[ 2016-12-28T11:58:49+08:00 ] ::1 /BLOG/index.php/Home/Article/index/id/assets/js/jquery.min.js
ERR: 1054:Unknown column 'assets' in 'where clause'
 [ SQL语句 ] : SELECT * FROM `ykt_article` WHERE ( id<assets ) ORDER BY id desc LIMIT 1  

[ 2016-12-28T11:58:49+08:00 ] ::1 /BLOG/index.php/Home/Article/index/id/assets/js/amazeui.min.js
ERR: 1054:Unknown column 'assets' in 'where clause'
 [ SQL语句 ] : SELECT * FROM `ykt_article` WHERE ( id<assets ) ORDER BY id desc LIMIT 1  

[ 2016-12-28T11:59:35+08:00 ] ::1 /BLOG/index.php/Home/Article/index/id/assets/js/jquery.min.js
ERR: 1054:Unknown column 'assets' in 'where clause'
 [ SQL语句 ] : SELECT * FROM `ykt_article` WHERE ( id<assets ) ORDER BY id desc LIMIT 1  

[ 2016-12-28T11:59:35+08:00 ] ::1 /BLOG/index.php/Home/Article/index/id/assets/js/amazeui.min.js
ERR: 1054:Unknown column 'assets' in 'where clause'
 [ SQL语句 ] : SELECT * FROM `ykt_article` WHERE ( id<assets ) ORDER BY id desc LIMIT 1  

[ 2016-12-28T11:59:56+08:00 ] ::1 /BLOG/index.php/Home/Article/index/id/assets/js/amazeui.min.js
ERR: 1054:Unknown column 'assets' in 'where clause'
 [ SQL语句 ] : SELECT * FROM `ykt_article` WHERE ( id<assets ) ORDER BY id desc LIMIT 1  

[ 2016-12-28T11:59:56+08:00 ] ::1 /BLOG/index.php/Home/Article/index/id/assets/js/jquery.min.js
ERR: 1054:Unknown column 'assets' in 'where clause'
 [ SQL语句 ] : SELECT * FROM `ykt_article` WHERE ( id<assets ) ORDER BY id desc LIMIT 1  

[ 2016-12-28T11:59:56+08:00 ] ::1 /BLOG/index.php/Home/Article/index/id/assets/js/amazeui.min.js
ERR: 1054:Unknown column 'assets' in 'where clause'
 [ SQL语句 ] : SELECT * FROM `ykt_article` WHERE ( id<assets ) ORDER BY id desc LIMIT 1  

[ 2016-12-28T12:00:18+08:00 ] ::1 /BLOG/index.php/Home/Article/index/id/assets/js/jquery.min.js
ERR: 1054:Unknown column 'assets' in 'where clause'
 [ SQL语句 ] : SELECT * FROM `ykt_article` WHERE ( id<assets ) ORDER BY id desc LIMIT 1  

[ 2016-12-28T12:00:18+08:00 ] ::1 /BLOG/index.php/Home/Article/index/id/assets/js/amazeui.min.js
ERR: 1054:Unknown column 'assets' in 'where clause'
 [ SQL语句 ] : SELECT * FROM `ykt_article` WHERE ( id<assets ) ORDER BY id desc LIMIT 1  

[ 2016-12-28T12:00:51+08:00 ] ::1 /BLOG/index.php/Home/Article/index/id/assets/js/jquery.min.js
ERR: 1054:Unknown column 'assets' in 'where clause'
 [ SQL语句 ] : SELECT * FROM `ykt_article` WHERE ( id<assets ) ORDER BY id desc LIMIT 1  

[ 2016-12-28T12:00:51+08:00 ] ::1 /BLOG/index.php/Home/Article/index/id/assets/js/amazeui.min.js
ERR: 1054:Unknown column 'assets' in 'where clause'
 [ SQL语句 ] : SELECT * FROM `ykt_article` WHERE ( id<assets ) ORDER BY id desc LIMIT 1  

[ 2016-12-28T12:01:08+08:00 ] ::1 /BLOG/index.php/Home/Article/index/id/assets/js/amazeui.min.js
ERR: 1054:Unknown column 'assets' in 'where clause'
 [ SQL语句 ] : SELECT * FROM `ykt_article` WHERE ( id<assets ) ORDER BY id desc LIMIT 1  

[ 2016-12-28T12:01:08+08:00 ] ::1 /BLOG/index.php/Home/Article/index/id/assets/js/jquery.min.js
ERR: 1054:Unknown column 'assets' in 'where clause'
 [ SQL语句 ] : SELECT * FROM `ykt_article` WHERE ( id<assets ) ORDER BY id desc LIMIT 1  

[ 2016-12-28T12:01:08+08:00 ] ::1 /BLOG/index.php/Home/Article/index/id/assets/js/amazeui.min.js
ERR: 1054:Unknown column 'assets' in 'where clause'
 [ SQL语句 ] : SELECT * FROM `ykt_article` WHERE ( id<assets ) ORDER BY id desc LIMIT 1  

[ 2016-12-28T12:03:00+08:00 ] ::1 /BLOG/index.php/Home/Article/index/id/assets/js/amazeui.min.js
ERR: 1054:Unknown column 'assets' in 'where clause'
 [ SQL语句 ] : SELECT * FROM `ykt_article` WHERE ( id<assets ) ORDER BY id desc LIMIT 1  

[ 2016-12-28T12:03:01+08:00 ] ::1 /BLOG/index.php/Home/Article/index/id/assets/js/jquery.min.js
ERR: 1054:Unknown column 'assets' in 'where clause'
 [ SQL语句 ] : SELECT * FROM `ykt_article` WHERE ( id<assets ) ORDER BY id desc LIMIT 1  

[ 2016-12-28T12:03:01+08:00 ] ::1 /BLOG/index.php/Home/Article/index/id/assets/js/amazeui.min.js
ERR: 1054:Unknown column 'assets' in 'where clause'
 [ SQL语句 ] : SELECT * FROM `ykt_article` WHERE ( id<assets ) ORDER BY id desc LIMIT 1  

[ 2016-12-28T12:05:53+08:00 ] ::1 /BLOG/index.php/Home/Article/index/id/assets/js/jquery.min.js
ERR: 1054:Unknown column 'assets' in 'where clause'
 [ SQL语句 ] : SELECT * FROM `ykt_article` WHERE ( id<assets ) ORDER BY id desc LIMIT 1  

[ 2016-12-28T12:05:53+08:00 ] ::1 /BLOG/index.php/Home/Article/index/id/assets/js/amazeui.min.js
ERR: 1054:Unknown column 'assets' in 'where clause'
 [ SQL语句 ] : SELECT * FROM `ykt_article` WHERE ( id<assets ) ORDER BY id desc LIMIT 1  

[ 2016-12-28T12:05:58+08:00 ] ::1 /BLOG/index.php/Home/Article/index/id/assets/js/jquery.min.js
ERR: 1054:Unknown column 'assets' in 'where clause'
 [ SQL语句 ] : SELECT * FROM `ykt_article` WHERE ( id<assets ) ORDER BY id desc LIMIT 1  

[ 2016-12-28T12:05:58+08:00 ] ::1 /BLOG/index.php/Home/Article/index/id/assets/js/amazeui.min.js
ERR: 1054:Unknown column 'assets' in 'where clause'
 [ SQL语句 ] : SELECT * FROM `ykt_article` WHERE ( id<assets ) ORDER BY id desc LIMIT 1  

[ 2016-12-28T12:06:00+08:00 ] ::1 /BLOG/index.php/Home/Article/index/id/assets/js/jquery.min.js
ERR: 1054:Unknown column 'assets' in 'where clause'
 [ SQL语句 ] : SELECT * FROM `ykt_article` WHERE ( id<assets ) ORDER BY id desc LIMIT 1  

[ 2016-12-28T12:06:01+08:00 ] ::1 /BLOG/index.php/Home/Article/index/id/assets/js/amazeui.min.js
ERR: 1054:Unknown column 'assets' in 'where clause'
 [ SQL语句 ] : SELECT * FROM `ykt_article` WHERE ( id<assets ) ORDER BY id desc LIMIT 1  

[ 2016-12-28T12:06:06+08:00 ] ::1 /BLOG/index.php/Home/Article/index/id/assets/js/jquery.min.js
ERR: 1054:Unknown column 'assets' in 'where clause'
 [ SQL语句 ] : SELECT * FROM `ykt_article` WHERE ( id<assets ) ORDER BY id desc LIMIT 1  

[ 2016-12-28T12:06:06+08:00 ] ::1 /BLOG/index.php/Home/Article/index/id/assets/js/amazeui.min.js
ERR: 1054:Unknown column 'assets' in 'where clause'
 [ SQL语句 ] : SELECT * FROM `ykt_article` WHERE ( id<assets ) ORDER BY id desc LIMIT 1  

[ 2016-12-28T12:06:17+08:00 ] ::1 /BLOG/index.php/Home/Article/index/id/assets/js/amazeui.min.js
ERR: 1054:Unknown column 'assets' in 'where clause'
 [ SQL语句 ] : SELECT * FROM `ykt_article` WHERE ( id<assets ) ORDER BY id desc LIMIT 1  

[ 2016-12-28T12:06:17+08:00 ] ::1 /BLOG/index.php/Home/Article/index/id/assets/js/jquery.min.js
ERR: 1054:Unknown column 'assets' in 'where clause'
 [ SQL语句 ] : SELECT * FROM `ykt_article` WHERE ( id<assets ) ORDER BY id desc LIMIT 1  

[ 2016-12-28T12:06:17+08:00 ] ::1 /BLOG/index.php/Home/Article/index/id/assets/js/amazeui.min.js
ERR: 1054:Unknown column 'assets' in 'where clause'
 [ SQL语句 ] : SELECT * FROM `ykt_article` WHERE ( id<assets ) ORDER BY id desc LIMIT 1  

[ 2016-12-28T12:06:25+08:00 ] ::1 /BLOG/index.php/Home/Article/index/id/assets/js/amazeui.min.js
ERR: 1054:Unknown column 'assets' in 'where clause'
 [ SQL语句 ] : SELECT * FROM `ykt_article` WHERE ( id<assets ) ORDER BY id desc LIMIT 1  

[ 2016-12-28T12:06:25+08:00 ] ::1 /BLOG/index.php/Home/Article/index/id/assets/js/jquery.min.js
ERR: 1054:Unknown column 'assets' in 'where clause'
 [ SQL语句 ] : SELECT * FROM `ykt_article` WHERE ( id<assets ) ORDER BY id desc LIMIT 1  

[ 2016-12-28T12:06:25+08:00 ] ::1 /BLOG/index.php/Home/Article/index/id/assets/js/amazeui.min.js
ERR: 1054:Unknown column 'assets' in 'where clause'
 [ SQL语句 ] : SELECT * FROM `ykt_article` WHERE ( id<assets ) ORDER BY id desc LIMIT 1  

[ 2016-12-28T12:06:28+08:00 ] ::1 /BLOG/index.php/Home/Article/index/id/assets/js/jquery.min.js
ERR: 1054:Unknown column 'assets' in 'where clause'
 [ SQL语句 ] : SELECT * FROM `ykt_article` WHERE ( id<assets ) ORDER BY id desc LIMIT 1  

[ 2016-12-28T12:06:28+08:00 ] ::1 /BLOG/index.php/Home/Article/index/id/assets/js/amazeui.min.js
ERR: 1054:Unknown column 'assets' in 'where clause'
 [ SQL语句 ] : SELECT * FROM `ykt_article` WHERE ( id<assets ) ORDER BY id desc LIMIT 1  

[ 2016-12-28T12:06:31+08:00 ] ::1 /BLOG/index.php/Home/Article/index/id/assets/js/jquery.min.js
ERR: 1054:Unknown column 'assets' in 'where clause'
 [ SQL语句 ] : SELECT * FROM `ykt_article` WHERE ( id<assets ) ORDER BY id desc LIMIT 1  

[ 2016-12-28T12:06:31+08:00 ] ::1 /BLOG/index.php/Home/Article/index/id/assets/js/amazeui.min.js
ERR: 1054:Unknown column 'assets' in 'where clause'
 [ SQL语句 ] : SELECT * FROM `ykt_article` WHERE ( id<assets ) ORDER BY id desc LIMIT 1  

[ 2016-12-28T12:06:35+08:00 ] ::1 /BLOG/index.php/Home/Article/index/id/assets/js/amazeui.min.js
ERR: 1054:Unknown column 'assets' in 'where clause'
 [ SQL语句 ] : SELECT * FROM `ykt_article` WHERE ( id<assets ) ORDER BY id desc LIMIT 1  

[ 2016-12-28T12:06:35+08:00 ] ::1 /BLOG/index.php/Home/Article/index/id/assets/js/jquery.min.js
ERR: 1054:Unknown column 'assets' in 'where clause'
 [ SQL语句 ] : SELECT * FROM `ykt_article` WHERE ( id<assets ) ORDER BY id desc LIMIT 1  

[ 2016-12-28T12:06:35+08:00 ] ::1 /BLOG/index.php/Home/Article/index/id/assets/js/amazeui.min.js
ERR: 1054:Unknown column 'assets' in 'where clause'
 [ SQL语句 ] : SELECT * FROM `ykt_article` WHERE ( id<assets ) ORDER BY id desc LIMIT 1  

[ 2016-12-28T12:06:38+08:00 ] ::1 /BLOG/index.php/Home/Article/index/id/assets/js/amazeui.min.js
ERR: 1054:Unknown column 'assets' in 'where clause'
 [ SQL语句 ] : SELECT * FROM `ykt_article` WHERE ( id<assets ) ORDER BY id desc LIMIT 1  

[ 2016-12-28T12:06:38+08:00 ] ::1 /BLOG/index.php/Home/Article/index/id/assets/js/jquery.min.js
ERR: 1054:Unknown column 'assets' in 'where clause'
 [ SQL语句 ] : SELECT * FROM `ykt_article` WHERE ( id<assets ) ORDER BY id desc LIMIT 1  

[ 2016-12-28T12:06:38+08:00 ] ::1 /BLOG/index.php/Home/Article/index/id/assets/js/amazeui.min.js
ERR: 1054:Unknown column 'assets' in 'where clause'
 [ SQL语句 ] : SELECT * FROM `ykt_article` WHERE ( id<assets ) ORDER BY id desc LIMIT 1  

[ 2016-12-28T12:06:41+08:00 ] ::1 /BLOG/index.php/Home/Article/index/id/assets/js/amazeui.min.js
ERR: 1054:Unknown column 'assets' in 'where clause'
 [ SQL语句 ] : SELECT * FROM `ykt_article` WHERE ( id<assets ) ORDER BY id desc LIMIT 1  

[ 2016-12-28T12:06:41+08:00 ] ::1 /BLOG/index.php/Home/Article/index/id/assets/js/jquery.min.js
ERR: 1054:Unknown column 'assets' in 'where clause'
 [ SQL语句 ] : SELECT * FROM `ykt_article` WHERE ( id<assets ) ORDER BY id desc LIMIT 1  

[ 2016-12-28T12:06:41+08:00 ] ::1 /BLOG/index.php/Home/Article/index/id/assets/js/amazeui.min.js
ERR: 1054:Unknown column 'assets' in 'where clause'
 [ SQL语句 ] : SELECT * FROM `ykt_article` WHERE ( id<assets ) ORDER BY id desc LIMIT 1  

[ 2016-12-28T12:06:48+08:00 ] ::1 /BLOG/index.php/Home/Article/index/id/assets/js/amazeui.min.js
ERR: 1054:Unknown column 'assets' in 'where clause'
 [ SQL语句 ] : SELECT * FROM `ykt_article` WHERE ( id<assets ) ORDER BY id desc LIMIT 1  

[ 2016-12-28T12:06:48+08:00 ] ::1 /BLOG/index.php/Home/Article/index/id/assets/js/jquery.min.js
ERR: 1054:Unknown column 'assets' in 'where clause'
 [ SQL语句 ] : SELECT * FROM `ykt_article` WHERE ( id<assets ) ORDER BY id desc LIMIT 1  

[ 2016-12-28T12:06:48+08:00 ] ::1 /BLOG/index.php/Home/Article/index/id/assets/js/amazeui.min.js
ERR: 1054:Unknown column 'assets' in 'where clause'
 [ SQL语句 ] : SELECT * FROM `ykt_article` WHERE ( id<assets ) ORDER BY id desc LIMIT 1  

[ 2016-12-28T12:07:31+08:00 ] ::1 /BLOG/index.php/Home/Article/index/id/assets/js/amazeui.min.js
ERR: 1054:Unknown column 'assets' in 'where clause'
 [ SQL语句 ] : SELECT * FROM `ykt_article` WHERE ( id<assets ) ORDER BY id desc LIMIT 1  

[ 2016-12-28T12:07:31+08:00 ] ::1 /BLOG/index.php/Home/Article/index/id/assets/js/jquery.min.js
ERR: 1054:Unknown column 'assets' in 'where clause'
 [ SQL语句 ] : SELECT * FROM `ykt_article` WHERE ( id<assets ) ORDER BY id desc LIMIT 1  

[ 2016-12-28T12:07:31+08:00 ] ::1 /BLOG/index.php/Home/Article/index/id/assets/js/amazeui.min.js
ERR: 1054:Unknown column 'assets' in 'where clause'
 [ SQL语句 ] : SELECT * FROM `ykt_article` WHERE ( id<assets ) ORDER BY id desc LIMIT 1  

[ 2016-12-28T12:07:41+08:00 ] ::1 /BLOG/index.php/Home/Article/index/id/assets/js/jquery.min.js
ERR: 1054:Unknown column 'assets' in 'where clause'
 [ SQL语句 ] : SELECT * FROM `ykt_article` WHERE ( id<assets ) ORDER BY id desc LIMIT 1  

[ 2016-12-28T12:07:41+08:00 ] ::1 /BLOG/index.php/Home/Article/index/id/assets/js/amazeui.min.js
ERR: 1054:Unknown column 'assets' in 'where clause'
 [ SQL语句 ] : SELECT * FROM `ykt_article` WHERE ( id<assets ) ORDER BY id desc LIMIT 1  

[ 2016-12-28T12:08:14+08:00 ] ::1 /BLOG/index.php/Home/Article/index/id/assets/js/jquery.min.js
ERR: 1054:Unknown column 'assets' in 'where clause'
 [ SQL语句 ] : SELECT * FROM `ykt_article` WHERE ( id<assets ) ORDER BY id desc LIMIT 1  

[ 2016-12-28T12:08:14+08:00 ] ::1 /BLOG/index.php/Home/Article/index/id/assets/js/amazeui.min.js
ERR: 1054:Unknown column 'assets' in 'where clause'
 [ SQL语句 ] : SELECT * FROM `ykt_article` WHERE ( id<assets ) ORDER BY id desc LIMIT 1  

[ 2016-12-28T12:08:58+08:00 ] ::1 /BLOG/index.php/Home/Article/index/id/assets/js/jquery.min.js
ERR: 1054:Unknown column 'assets' in 'where clause'
 [ SQL语句 ] : SELECT * FROM `ykt_article` WHERE ( id<assets ) ORDER BY id desc LIMIT 1  

[ 2016-12-28T12:08:58+08:00 ] ::1 /BLOG/index.php/Home/Article/index/id/assets/js/amazeui.min.js
ERR: 1054:Unknown column 'assets' in 'where clause'
 [ SQL语句 ] : SELECT * FROM `ykt_article` WHERE ( id<assets ) ORDER BY id desc LIMIT 1  

[ 2016-12-28T12:16:24+08:00 ] ::1 /BLOG/index.php/Home/Article/index/id/assets/css/amazeui.min.css
ERR: 1054:Unknown column 'assets' in 'where clause'
 [ SQL语句 ] : SELECT * FROM `ykt_article` WHERE ( id<assets ) ORDER BY id desc LIMIT 1  

[ 2016-12-28T12:16:24+08:00 ] ::1 /BLOG/index.php/Home/Article/index/id/assets/js/amazeui.min.js
ERR: 1054:Unknown column 'assets' in 'where clause'
 [ SQL语句 ] : SELECT * FROM `ykt_article` WHERE ( id<assets ) ORDER BY id desc LIMIT 1  

[ 2016-12-28T12:16:24+08:00 ] ::1 /BLOG/index.php/Home/Article/index/id/assets/js/jquery.min.js
ERR: 1054:Unknown column 'assets' in 'where clause'
 [ SQL语句 ] : SELECT * FROM `ykt_article` WHERE ( id<assets ) ORDER BY id desc LIMIT 1  

[ 2016-12-28T12:16:24+08:00 ] ::1 /BLOG/index.php/Home/Article/index/id/assets/js/amazeui.min.js
ERR: 1054:Unknown column 'assets' in 'where clause'
 [ SQL语句 ] : SELECT * FROM `ykt_article` WHERE ( id<assets ) ORDER BY id desc LIMIT 1  

[ 2016-12-28T12:16:43+08:00 ] ::1 /BLOG/index.php/Home/Article/index/id/assets/js/jquery.min.js
ERR: 1054:Unknown column 'assets' in 'where clause'
 [ SQL语句 ] : SELECT * FROM `ykt_article` WHERE ( id<assets ) ORDER BY id desc LIMIT 1  

[ 2016-12-28T12:16:43+08:00 ] ::1 /BLOG/index.php/Home/Article/index/id/assets/js/amazeui.min.js
ERR: 1054:Unknown column 'assets' in 'where clause'
 [ SQL语句 ] : SELECT * FROM `ykt_article` WHERE ( id<assets ) ORDER BY id desc LIMIT 1  

[ 2016-12-28T12:16:43+08:00 ] ::1 /BLOG/index.php/Home/Article/index/id/assets/css/amazeui.min.css
ERR: 1054:Unknown column 'assets' in 'where clause'
 [ SQL语句 ] : SELECT * FROM `ykt_article` WHERE ( id<assets ) ORDER BY id desc LIMIT 1  

[ 2016-12-28T12:16:43+08:00 ] ::1 /BLOG/index.php/Home/Article/index/id/assets/js/amazeui.min.js
ERR: 1054:Unknown column 'assets' in 'where clause'
 [ SQL语句 ] : SELECT * FROM `ykt_article` WHERE ( id<assets ) ORDER BY id desc LIMIT 1  

[ 2016-12-28T12:17:01+08:00 ] ::1 /BLOG/index.php/Home/Article/index/id/assets/js/jquery.min.js
ERR: 1054:Unknown column 'assets' in 'where clause'
 [ SQL语句 ] : SELECT * FROM `ykt_article` WHERE ( id<assets ) ORDER BY id desc LIMIT 1  

[ 2016-12-28T12:17:01+08:00 ] ::1 /BLOG/index.php/Home/Article/index/id/assets/js/amazeui.min.js
ERR: 1054:Unknown column 'assets' in 'where clause'
 [ SQL语句 ] : SELECT * FROM `ykt_article` WHERE ( id<assets ) ORDER BY id desc LIMIT 1  

[ 2016-12-28T12:17:11+08:00 ] ::1 /BLOG/index.php/Home/Article/index/id/assets/js/amazeui.min.js
ERR: 1054:Unknown column 'assets' in 'where clause'
 [ SQL语句 ] : SELECT * FROM `ykt_article` WHERE ( id<assets ) ORDER BY id desc LIMIT 1  

[ 2016-12-28T12:17:12+08:00 ] ::1 /BLOG/index.php/Home/Article/index/id/assets/js/jquery.min.js
ERR: 1054:Unknown column 'assets' in 'where clause'
 [ SQL语句 ] : SELECT * FROM `ykt_article` WHERE ( id<assets ) ORDER BY id desc LIMIT 1  

[ 2016-12-28T12:17:12+08:00 ] ::1 /BLOG/index.php/Home/Article/index/id/assets/js/amazeui.min.js
ERR: 1054:Unknown column 'assets' in 'where clause'
 [ SQL语句 ] : SELECT * FROM `ykt_article` WHERE ( id<assets ) ORDER BY id desc LIMIT 1  

[ 2016-12-28T12:19:20+08:00 ] ::1 /BLOG/index.php/Home/Article/index/id/assets/js/jquery.min.js
ERR: 1054:Unknown column 'assets' in 'where clause'
 [ SQL语句 ] : SELECT * FROM `ykt_article` WHERE ( id<assets ) ORDER BY id desc LIMIT 1  

[ 2016-12-28T12:19:20+08:00 ] ::1 /BLOG/index.php/Home/Article/index/id/assets/js/amazeui.min.js
ERR: 1054:Unknown column 'assets' in 'where clause'
 [ SQL语句 ] : SELECT * FROM `ykt_article` WHERE ( id<assets ) ORDER BY id desc LIMIT 1  

[ 2016-12-28T12:19:34+08:00 ] ::1 /BLOG/index.php/Home/Article/index/id/assets/js/amazeui.min.js
ERR: 1054:Unknown column 'assets' in 'where clause'
 [ SQL语句 ] : SELECT * FROM `ykt_article` WHERE ( id<assets ) ORDER BY id desc LIMIT 1  

[ 2016-12-28T12:19:34+08:00 ] ::1 /BLOG/index.php/Home/Article/index/id/assets/js/jquery.min.js
ERR: 1054:Unknown column 'assets' in 'where clause'
 [ SQL语句 ] : SELECT * FROM `ykt_article` WHERE ( id<assets ) ORDER BY id desc LIMIT 1  

[ 2016-12-28T12:19:34+08:00 ] ::1 /BLOG/index.php/Home/Article/index/id/assets/js/amazeui.min.js
ERR: 1054:Unknown column 'assets' in 'where clause'
 [ SQL语句 ] : SELECT * FROM `ykt_article` WHERE ( id<assets ) ORDER BY id desc LIMIT 1  

[ 2016-12-28T12:21:45+08:00 ] ::1 /BLOG/index.php/Home/Article/index/id/assets/js/jquery.min.js
ERR: 1054:Unknown column 'assets' in 'where clause'
 [ SQL语句 ] : SELECT * FROM `ykt_article` WHERE ( id<assets ) ORDER BY id desc LIMIT 1  

[ 2016-12-28T12:21:45+08:00 ] ::1 /BLOG/index.php/Home/Article/index/id/assets/js/amazeui.min.js
ERR: 1054:Unknown column 'assets' in 'where clause'
 [ SQL语句 ] : SELECT * FROM `ykt_article` WHERE ( id<assets ) ORDER BY id desc LIMIT 1  

[ 2016-12-28T12:22:08+08:00 ] ::1 /BLOG/index.php/Home/Article/index/id/assets/js/jquery.min.js
ERR: 1054:Unknown column 'assets' in 'where clause'
 [ SQL语句 ] : SELECT * FROM `ykt_article` WHERE ( id<assets ) ORDER BY id desc LIMIT 1  

[ 2016-12-28T12:22:08+08:00 ] ::1 /BLOG/index.php/Home/Article/index/id/assets/js/amazeui.min.js
ERR: 1054:Unknown column 'assets' in 'where clause'
 [ SQL语句 ] : SELECT * FROM `ykt_article` WHERE ( id<assets ) ORDER BY id desc LIMIT 1  

[ 2016-12-28T12:22:34+08:00 ] ::1 /BLOG/index.php/Home/Article/index/id/assets/js/jquery.min.js
ERR: 1054:Unknown column 'assets' in 'where clause'
 [ SQL语句 ] : SELECT * FROM `ykt_article` WHERE ( id<assets ) ORDER BY id desc LIMIT 1  

[ 2016-12-28T12:22:34+08:00 ] ::1 /BLOG/index.php/Home/Article/index/id/assets/js/amazeui.min.js
ERR: 1054:Unknown column 'assets' in 'where clause'
 [ SQL语句 ] : SELECT * FROM `ykt_article` WHERE ( id<assets ) ORDER BY id desc LIMIT 1  

[ 2016-12-28T12:23:23+08:00 ] ::1 /BLOG/index.php/Home/Article/index/id/assets/js/jquery.min.js
ERR: 1054:Unknown column 'assets' in 'where clause'
 [ SQL语句 ] : SELECT * FROM `ykt_article` WHERE ( id<assets ) ORDER BY id desc LIMIT 1  

[ 2016-12-28T12:23:23+08:00 ] ::1 /BLOG/index.php/Home/Article/index/id/assets/js/amazeui.min.js
ERR: 1054:Unknown column 'assets' in 'where clause'
 [ SQL语句 ] : SELECT * FROM `ykt_article` WHERE ( id<assets ) ORDER BY id desc LIMIT 1  

[ 2016-12-28T12:23:39+08:00 ] ::1 /BLOG/index.php/Home/Article/index/id/assets/js/amazeui.min.js
ERR: 1054:Unknown column 'assets' in 'where clause'
 [ SQL语句 ] : SELECT * FROM `ykt_article` WHERE ( id<assets ) ORDER BY id desc LIMIT 1  

[ 2016-12-28T12:23:39+08:00 ] ::1 /BLOG/index.php/Home/Article/index/id/assets/js/jquery.min.js
ERR: 1054:Unknown column 'assets' in 'where clause'
 [ SQL语句 ] : SELECT * FROM `ykt_article` WHERE ( id<assets ) ORDER BY id desc LIMIT 1  

[ 2016-12-28T12:23:39+08:00 ] ::1 /BLOG/index.php/Home/Article/index/id/assets/js/amazeui.min.js
ERR: 1054:Unknown column 'assets' in 'where clause'
 [ SQL语句 ] : SELECT * FROM `ykt_article` WHERE ( id<assets ) ORDER BY id desc LIMIT 1  

[ 2016-12-28T12:24:07+08:00 ] ::1 /BLOG/index.php/Home/Article/index/id/assets/js/jquery.min.js
ERR: 1054:Unknown column 'assets' in 'where clause'
 [ SQL语句 ] : SELECT * FROM `ykt_article` WHERE ( id<assets ) ORDER BY id desc LIMIT 1  

[ 2016-12-28T12:24:07+08:00 ] ::1 /BLOG/index.php/Home/Article/index/id/assets/js/amazeui.min.js
ERR: 1054:Unknown column 'assets' in 'where clause'
 [ SQL语句 ] : SELECT * FROM `ykt_article` WHERE ( id<assets ) ORDER BY id desc LIMIT 1  

[ 2016-12-28T12:24:19+08:00 ] ::1 /BLOG/index.php/Home/Article/index/id/assets/js/amazeui.min.js
ERR: 1054:Unknown column 'assets' in 'where clause'
 [ SQL语句 ] : SELECT * FROM `ykt_article` WHERE ( id<assets ) ORDER BY id desc LIMIT 1  

[ 2016-12-28T12:24:19+08:00 ] ::1 /BLOG/index.php/Home/Article/index/id/assets/js/jquery.min.js
ERR: 1054:Unknown column 'assets' in 'where clause'
 [ SQL语句 ] : SELECT * FROM `ykt_article` WHERE ( id<assets ) ORDER BY id desc LIMIT 1  

[ 2016-12-28T12:24:19+08:00 ] ::1 /BLOG/index.php/Home/Article/index/id/assets/js/amazeui.min.js
ERR: 1054:Unknown column 'assets' in 'where clause'
 [ SQL语句 ] : SELECT * FROM `ykt_article` WHERE ( id<assets ) ORDER BY id desc LIMIT 1  

[ 2016-12-28T12:25:38+08:00 ] ::1 /BLOG/index.php/Home/Article/index/id/assets/js/jquery.min.js
ERR: 1054:Unknown column 'assets' in 'where clause'
 [ SQL语句 ] : SELECT * FROM `ykt_article` WHERE ( id<assets ) ORDER BY id desc LIMIT 1  

[ 2016-12-28T12:25:38+08:00 ] ::1 /BLOG/index.php/Home/Article/index/id/assets/js/amazeui.min.js
ERR: 1054:Unknown column 'assets' in 'where clause'
 [ SQL语句 ] : SELECT * FROM `ykt_article` WHERE ( id<assets ) ORDER BY id desc LIMIT 1  

[ 2016-12-28T12:26:37+08:00 ] ::1 /BLOG/index.php/Home/Article/index/id/assets/js/amazeui.min.js
ERR: 1054:Unknown column 'assets' in 'where clause'
 [ SQL语句 ] : SELECT * FROM `ykt_article` WHERE ( id<assets ) ORDER BY id desc LIMIT 1  

[ 2016-12-28T12:26:37+08:00 ] ::1 /BLOG/index.php/Home/Article/index/id/assets/js/jquery.min.js
ERR: 1054:Unknown column 'assets' in 'where clause'
 [ SQL语句 ] : SELECT * FROM `ykt_article` WHERE ( id<assets ) ORDER BY id desc LIMIT 1  

[ 2016-12-28T12:26:38+08:00 ] ::1 /BLOG/index.php/Home/Article/index/id/assets/js/amazeui.min.js
ERR: 1054:Unknown column 'assets' in 'where clause'
 [ SQL语句 ] : SELECT * FROM `ykt_article` WHERE ( id<assets ) ORDER BY id desc LIMIT 1  

[ 2016-12-28T12:27:14+08:00 ] ::1 /BLOG/index.php/Home/Article/index/id/assets/js/jquery.min.js
ERR: 1054:Unknown column 'assets' in 'where clause'
 [ SQL语句 ] : SELECT * FROM `ykt_article` WHERE ( id<assets ) ORDER BY id desc LIMIT 1  

[ 2016-12-28T12:27:14+08:00 ] ::1 /BLOG/index.php/Home/Article/index/id/assets/js/amazeui.min.js
ERR: 1054:Unknown column 'assets' in 'where clause'
 [ SQL语句 ] : SELECT * FROM `ykt_article` WHERE ( id<assets ) ORDER BY id desc LIMIT 1  

[ 2016-12-28T12:27:36+08:00 ] ::1 /BLOG/index.php/Home/Article/index/id/assets/js/jquery.min.js
ERR: 1054:Unknown column 'assets' in 'where clause'
 [ SQL语句 ] : SELECT * FROM `ykt_article` WHERE ( id<assets ) ORDER BY id desc LIMIT 1  

[ 2016-12-28T12:27:36+08:00 ] ::1 /BLOG/index.php/Home/Article/index/id/assets/js/amazeui.min.js
ERR: 1054:Unknown column 'assets' in 'where clause'
 [ SQL语句 ] : SELECT * FROM `ykt_article` WHERE ( id<assets ) ORDER BY id desc LIMIT 1  

[ 2016-12-28T12:27:50+08:00 ] ::1 /BLOG/index.php/Home/Article/index/id/assets/js/amazeui.min.js
ERR: 1054:Unknown column 'assets' in 'where clause'
 [ SQL语句 ] : SELECT * FROM `ykt_article` WHERE ( id<assets ) ORDER BY id desc LIMIT 1  

[ 2016-12-28T12:27:50+08:00 ] ::1 /BLOG/index.php/Home/Article/index/id/assets/js/jquery.min.js
ERR: 1054:Unknown column 'assets' in 'where clause'
 [ SQL语句 ] : SELECT * FROM `ykt_article` WHERE ( id<assets ) ORDER BY id desc LIMIT 1  

[ 2016-12-28T12:27:50+08:00 ] ::1 /BLOG/index.php/Home/Article/index/id/assets/js/amazeui.min.js
ERR: 1054:Unknown column 'assets' in 'where clause'
 [ SQL语句 ] : SELECT * FROM `ykt_article` WHERE ( id<assets ) ORDER BY id desc LIMIT 1  

[ 2016-12-28T12:30:20+08:00 ] ::1 /BLOG/index.php/Home/Article/index/id/assets/js/amazeui.min.js
ERR: 1054:Unknown column 'assets' in 'where clause'
 [ SQL语句 ] : SELECT * FROM `ykt_article` WHERE ( id<assets ) ORDER BY id desc LIMIT 1  

[ 2016-12-28T12:30:20+08:00 ] ::1 /BLOG/index.php/Home/Article/index/id/assets/js/jquery.min.js
ERR: 1054:Unknown column 'assets' in 'where clause'
 [ SQL语句 ] : SELECT * FROM `ykt_article` WHERE ( id<assets ) ORDER BY id desc LIMIT 1  

[ 2016-12-28T12:30:20+08:00 ] ::1 /BLOG/index.php/Home/Article/index/id/assets/js/amazeui.min.js
ERR: 1054:Unknown column 'assets' in 'where clause'
 [ SQL语句 ] : SELECT * FROM `ykt_article` WHERE ( id<assets ) ORDER BY id desc LIMIT 1  

[ 2016-12-28T12:30:30+08:00 ] ::1 /BLOG/index.php/Home/Article/index/id/assets/js/jquery.min.js
ERR: 1054:Unknown column 'assets' in 'where clause'
 [ SQL语句 ] : SELECT * FROM `ykt_article` WHERE ( id<assets ) ORDER BY id desc LIMIT 1  

[ 2016-12-28T12:30:30+08:00 ] ::1 /BLOG/index.php/Home/Article/index/id/assets/js/amazeui.min.js
ERR: 1054:Unknown column 'assets' in 'where clause'
 [ SQL语句 ] : SELECT * FROM `ykt_article` WHERE ( id<assets ) ORDER BY id desc LIMIT 1  

[ 2016-12-28T12:30:32+08:00 ] ::1 /BLOG/index.php/Home/Article/index/id/assets/js/jquery.min.js
ERR: 1054:Unknown column 'assets' in 'where clause'
 [ SQL语句 ] : SELECT * FROM `ykt_article` WHERE ( id<assets ) ORDER BY id desc LIMIT 1  

[ 2016-12-28T12:30:32+08:00 ] ::1 /BLOG/index.php/Home/Article/index/id/assets/js/amazeui.min.js
ERR: 1054:Unknown column 'assets' in 'where clause'
 [ SQL语句 ] : SELECT * FROM `ykt_article` WHERE ( id<assets ) ORDER BY id desc LIMIT 1  

[ 2016-12-28T12:30:34+08:00 ] ::1 /BLOG/index.php/Home/Article/index/id/assets/js/amazeui.min.js
ERR: 1054:Unknown column 'assets' in 'where clause'
 [ SQL语句 ] : SELECT * FROM `ykt_article` WHERE ( id<assets ) ORDER BY id desc LIMIT 1  

[ 2016-12-28T12:30:34+08:00 ] ::1 /BLOG/index.php/Home/Article/index/id/assets/js/jquery.min.js
ERR: 1054:Unknown column 'assets' in 'where clause'
 [ SQL语句 ] : SELECT * FROM `ykt_article` WHERE ( id<assets ) ORDER BY id desc LIMIT 1  

[ 2016-12-28T12:30:34+08:00 ] ::1 /BLOG/index.php/Home/Article/index/id/assets/js/amazeui.min.js
ERR: 1054:Unknown column 'assets' in 'where clause'
 [ SQL语句 ] : SELECT * FROM `ykt_article` WHERE ( id<assets ) ORDER BY id desc LIMIT 1  

[ 2016-12-28T12:30:36+08:00 ] ::1 /BLOG/index.php/Home/Article/index/id/assets/js/amazeui.min.js
ERR: 1054:Unknown column 'assets' in 'where clause'
 [ SQL语句 ] : SELECT * FROM `ykt_article` WHERE ( id<assets ) ORDER BY id desc LIMIT 1  

[ 2016-12-28T12:30:36+08:00 ] ::1 /BLOG/index.php/Home/Article/index/id/assets/js/jquery.min.js
ERR: 1054:Unknown column 'assets' in 'where clause'
 [ SQL语句 ] : SELECT * FROM `ykt_article` WHERE ( id<assets ) ORDER BY id desc LIMIT 1  

[ 2016-12-28T12:30:37+08:00 ] ::1 /BLOG/index.php/Home/Article/index/id/assets/js/amazeui.min.js
ERR: 1054:Unknown column 'assets' in 'where clause'
 [ SQL语句 ] : SELECT * FROM `ykt_article` WHERE ( id<assets ) ORDER BY id desc LIMIT 1  

[ 2016-12-28T12:30:40+08:00 ] ::1 /BLOG/index.php/Home/Article/index/id/assets/js/amazeui.min.js
ERR: 1054:Unknown column 'assets' in 'where clause'
 [ SQL语句 ] : SELECT * FROM `ykt_article` WHERE ( id<assets ) ORDER BY id desc LIMIT 1  

[ 2016-12-28T12:30:40+08:00 ] ::1 /BLOG/index.php/Home/Article/index/id/assets/js/jquery.min.js
ERR: 1054:Unknown column 'assets' in 'where clause'
 [ SQL语句 ] : SELECT * FROM `ykt_article` WHERE ( id<assets ) ORDER BY id desc LIMIT 1  

[ 2016-12-28T12:30:40+08:00 ] ::1 /BLOG/index.php/Home/Article/index/id/assets/js/amazeui.min.js
ERR: 1054:Unknown column 'assets' in 'where clause'
 [ SQL语句 ] : SELECT * FROM `ykt_article` WHERE ( id<assets ) ORDER BY id desc LIMIT 1  

[ 2016-12-28T12:30:42+08:00 ] ::1 /BLOG/index.php/Home/Article/index/id/assets/js/amazeui.min.js
ERR: 1054:Unknown column 'assets' in 'where clause'
 [ SQL语句 ] : SELECT * FROM `ykt_article` WHERE ( id<assets ) ORDER BY id desc LIMIT 1  

[ 2016-12-28T12:30:42+08:00 ] ::1 /BLOG/index.php/Home/Article/index/id/assets/js/jquery.min.js
ERR: 1054:Unknown column 'assets' in 'where clause'
 [ SQL语句 ] : SELECT * FROM `ykt_article` WHERE ( id<assets ) ORDER BY id desc LIMIT 1  

[ 2016-12-28T12:30:42+08:00 ] ::1 /BLOG/index.php/Home/Article/index/id/assets/js/amazeui.min.js
ERR: 1054:Unknown column 'assets' in 'where clause'
 [ SQL语句 ] : SELECT * FROM `ykt_article` WHERE ( id<assets ) ORDER BY id desc LIMIT 1  

[ 2016-12-28T12:30:43+08:00 ] ::1 /BLOG/index.php/Home/Article/index/id/assets/js/jquery.min.js
ERR: 1054:Unknown column 'assets' in 'where clause'
 [ SQL语句 ] : SELECT * FROM `ykt_article` WHERE ( id<assets ) ORDER BY id desc LIMIT 1  

[ 2016-12-28T12:30:43+08:00 ] ::1 /BLOG/index.php/Home/Article/index/id/assets/js/amazeui.min.js
ERR: 1054:Unknown column 'assets' in 'where clause'
 [ SQL语句 ] : SELECT * FROM `ykt_article` WHERE ( id<assets ) ORDER BY id desc LIMIT 1  

[ 2016-12-28T12:30:46+08:00 ] ::1 /BLOG/index.php/Home/Article/index/id/assets/js/jquery.min.js
ERR: 1054:Unknown column 'assets' in 'where clause'
 [ SQL语句 ] : SELECT * FROM `ykt_article` WHERE ( id<assets ) ORDER BY id desc LIMIT 1  

[ 2016-12-28T12:30:46+08:00 ] ::1 /BLOG/index.php/Home/Article/index/id/assets/js/amazeui.min.js
ERR: 1054:Unknown column 'assets' in 'where clause'
 [ SQL语句 ] : SELECT * FROM `ykt_article` WHERE ( id<assets ) ORDER BY id desc LIMIT 1  

[ 2016-12-28T12:30:50+08:00 ] ::1 /BLOG/index.php/Home/Article/index/id/assets/js/amazeui.min.js
ERR: 1054:Unknown column 'assets' in 'where clause'
 [ SQL语句 ] : SELECT * FROM `ykt_article` WHERE ( id<assets ) ORDER BY id desc LIMIT 1  

[ 2016-12-28T12:30:50+08:00 ] ::1 /BLOG/index.php/Home/Article/index/id/assets/js/jquery.min.js
ERR: 1054:Unknown column 'assets' in 'where clause'
 [ SQL语句 ] : SELECT * FROM `ykt_article` WHERE ( id<assets ) ORDER BY id desc LIMIT 1  

[ 2016-12-28T12:30:50+08:00 ] ::1 /BLOG/index.php/Home/Article/index/id/assets/js/amazeui.min.js
ERR: 1054:Unknown column 'assets' in 'where clause'
 [ SQL语句 ] : SELECT * FROM `ykt_article` WHERE ( id<assets ) ORDER BY id desc LIMIT 1  

[ 2016-12-28T12:30:51+08:00 ] ::1 /BLOG/index.php/Home/Article/index/id/assets/js/amazeui.min.js
ERR: 1054:Unknown column 'assets' in 'where clause'
 [ SQL语句 ] : SELECT * FROM `ykt_article` WHERE ( id<assets ) ORDER BY id desc LIMIT 1  

[ 2016-12-28T12:30:51+08:00 ] ::1 /BLOG/index.php/Home/Article/index/id/assets/js/jquery.min.js
ERR: 1054:Unknown column 'assets' in 'where clause'
 [ SQL语句 ] : SELECT * FROM `ykt_article` WHERE ( id<assets ) ORDER BY id desc LIMIT 1  

[ 2016-12-28T12:30:51+08:00 ] ::1 /BLOG/index.php/Home/Article/index/id/assets/js/amazeui.min.js
ERR: 1054:Unknown column 'assets' in 'where clause'
 [ SQL语句 ] : SELECT * FROM `ykt_article` WHERE ( id<assets ) ORDER BY id desc LIMIT 1  

[ 2016-12-28T12:30:58+08:00 ] ::1 /BLOG/index.php/Home/Article/index/id/assets/js/amazeui.min.js
ERR: 1054:Unknown column 'assets' in 'where clause'
 [ SQL语句 ] : SELECT * FROM `ykt_article` WHERE ( id<assets ) ORDER BY id desc LIMIT 1  

[ 2016-12-28T12:30:58+08:00 ] ::1 /BLOG/index.php/Home/Article/index/id/assets/js/jquery.min.js
ERR: 1054:Unknown column 'assets' in 'where clause'
 [ SQL语句 ] : SELECT * FROM `ykt_article` WHERE ( id<assets ) ORDER BY id desc LIMIT 1  

[ 2016-12-28T12:30:59+08:00 ] ::1 /BLOG/index.php/Home/Article/index/id/assets/js/amazeui.min.js
ERR: 1054:Unknown column 'assets' in 'where clause'
 [ SQL语句 ] : SELECT * FROM `ykt_article` WHERE ( id<assets ) ORDER BY id desc LIMIT 1  

[ 2016-12-28T12:31:01+08:00 ] ::1 /BLOG/index.php/Home/Article/index/id/assets/js/jquery.min.js
ERR: 1054:Unknown column 'assets' in 'where clause'
 [ SQL语句 ] : SELECT * FROM `ykt_article` WHERE ( id<assets ) ORDER BY id desc LIMIT 1  

[ 2016-12-28T12:31:01+08:00 ] ::1 /BLOG/index.php/Home/Article/index/id/assets/js/amazeui.min.js
ERR: 1054:Unknown column 'assets' in 'where clause'
 [ SQL语句 ] : SELECT * FROM `ykt_article` WHERE ( id<assets ) ORDER BY id desc LIMIT 1  

[ 2016-12-28T12:32:00+08:00 ] ::1 /BLOG/index.php/Home/Article/index/id/assets/js/amazeui.min.js
ERR: 1054:Unknown column 'assets' in 'where clause'
 [ SQL语句 ] : SELECT * FROM `ykt_article` WHERE ( id<assets ) ORDER BY id desc LIMIT 1  

[ 2016-12-28T12:32:00+08:00 ] ::1 /BLOG/index.php/Home/Article/index/id/assets/js/jquery.min.js
ERR: 1054:Unknown column 'assets' in 'where clause'
 [ SQL语句 ] : SELECT * FROM `ykt_article` WHERE ( id<assets ) ORDER BY id desc LIMIT 1  

[ 2016-12-28T12:32:00+08:00 ] ::1 /BLOG/index.php/Home/Article/index/id/assets/js/amazeui.min.js
ERR: 1054:Unknown column 'assets' in 'where clause'
 [ SQL语句 ] : SELECT * FROM `ykt_article` WHERE ( id<assets ) ORDER BY id desc LIMIT 1  

[ 2016-12-28T12:32:26+08:00 ] ::1 /BLOG/index.php/Home/Article/index/id/assets/js/jquery.min.js
ERR: 1054:Unknown column 'assets' in 'where clause'
 [ SQL语句 ] : SELECT * FROM `ykt_article` WHERE ( id<assets ) ORDER BY id desc LIMIT 1  

[ 2016-12-28T12:32:26+08:00 ] ::1 /BLOG/index.php/Home/Article/index/id/assets/js/amazeui.min.js
ERR: 1054:Unknown column 'assets' in 'where clause'
 [ SQL语句 ] : SELECT * FROM `ykt_article` WHERE ( id<assets ) ORDER BY id desc LIMIT 1  

[ 2016-12-28T12:32:59+08:00 ] ::1 /BLOG/index.php/Home/Article/index/id/assets/js/jquery.min.js
ERR: 1054:Unknown column 'assets' in 'where clause'
 [ SQL语句 ] : SELECT * FROM `ykt_article` WHERE ( id<assets ) ORDER BY id desc LIMIT 1  

[ 2016-12-28T12:32:59+08:00 ] ::1 /BLOG/index.php/Home/Article/index/id/assets/js/amazeui.min.js
ERR: 1054:Unknown column 'assets' in 'where clause'
 [ SQL语句 ] : SELECT * FROM `ykt_article` WHERE ( id<assets ) ORDER BY id desc LIMIT 1  

[ 2016-12-28T12:33:07+08:00 ] ::1 /BLOG/index.php/Home/Article/index/id/assets/js/jquery.min.js
ERR: 1054:Unknown column 'assets' in 'where clause'
 [ SQL语句 ] : SELECT * FROM `ykt_article` WHERE ( id<assets ) ORDER BY id desc LIMIT 1  

[ 2016-12-28T12:33:07+08:00 ] ::1 /BLOG/index.php/Home/Article/index/id/assets/js/amazeui.min.js
ERR: 1054:Unknown column 'assets' in 'where clause'
 [ SQL语句 ] : SELECT * FROM `ykt_article` WHERE ( id<assets ) ORDER BY id desc LIMIT 1  

[ 2016-12-28T12:34:18+08:00 ] ::1 /BLOG/index.php/Home/Article/index/id/assets/js/amazeui.min.js
ERR: 1054:Unknown column 'assets' in 'where clause'
 [ SQL语句 ] : SELECT * FROM `ykt_article` WHERE ( id<assets ) ORDER BY id desc LIMIT 1  

[ 2016-12-28T12:34:18+08:00 ] ::1 /BLOG/index.php/Home/Article/index/id/assets/js/jquery.min.js
ERR: 1054:Unknown column 'assets' in 'where clause'
 [ SQL语句 ] : SELECT * FROM `ykt_article` WHERE ( id<assets ) ORDER BY id desc LIMIT 1  

[ 2016-12-28T12:34:18+08:00 ] ::1 /BLOG/index.php/Home/Article/index/id/assets/js/amazeui.min.js
ERR: 1054:Unknown column 'assets' in 'where clause'
 [ SQL语句 ] : SELECT * FROM `ykt_article` WHERE ( id<assets ) ORDER BY id desc LIMIT 1  

[ 2016-12-28T12:37:32+08:00 ] ::1 /BLOG/index.php/Home/Article/index/id/assets/js/amazeui.min.js
ERR: 1054:Unknown column 'assets' in 'where clause'
 [ SQL语句 ] : SELECT * FROM `ykt_article` WHERE ( id<assets ) ORDER BY id desc LIMIT 1  

[ 2016-12-28T12:37:32+08:00 ] ::1 /BLOG/index.php/Home/Article/index/id/assets/js/jquery.min.js
ERR: 1054:Unknown column 'assets' in 'where clause'
 [ SQL语句 ] : SELECT * FROM `ykt_article` WHERE ( id<assets ) ORDER BY id desc LIMIT 1  

[ 2016-12-28T12:37:32+08:00 ] ::1 /BLOG/index.php/Home/Article/index/id/assets/js/amazeui.min.js
ERR: 1054:Unknown column 'assets' in 'where clause'
 [ SQL语句 ] : SELECT * FROM `ykt_article` WHERE ( id<assets ) ORDER BY id desc LIMIT 1  

[ 2016-12-28T12:39:38+08:00 ] ::1 /BLOG/index.php/Home/Article/index/id/assets/js/jquery.min.js
ERR: 1054:Unknown column 'assets' in 'where clause'
 [ SQL语句 ] : SELECT * FROM `ykt_article` WHERE ( id<assets ) ORDER BY id desc LIMIT 1  

[ 2016-12-28T12:39:38+08:00 ] ::1 /BLOG/index.php/Home/Article/index/id/assets/js/amazeui.min.js
ERR: 1054:Unknown column 'assets' in 'where clause'
 [ SQL语句 ] : SELECT * FROM `ykt_article` WHERE ( id<assets ) ORDER BY id desc LIMIT 1  

[ 2016-12-28T12:40:18+08:00 ] ::1 /BLOG/index.php/Home/Article/index/id/assets/js/amazeui.min.js
ERR: 1054:Unknown column 'assets' in 'where clause'
 [ SQL语句 ] : SELECT * FROM `ykt_article` WHERE ( id<assets ) ORDER BY id desc LIMIT 1  

[ 2016-12-28T12:40:18+08:00 ] ::1 /BLOG/index.php/Home/Article/index/id/assets/js/jquery.min.js
ERR: 1054:Unknown column 'assets' in 'where clause'
 [ SQL语句 ] : SELECT * FROM `ykt_article` WHERE ( id<assets ) ORDER BY id desc LIMIT 1  

[ 2016-12-28T12:40:18+08:00 ] ::1 /BLOG/index.php/Home/Article/index/id/assets/js/amazeui.min.js
ERR: 1054:Unknown column 'assets' in 'where clause'
 [ SQL语句 ] : SELECT * FROM `ykt_article` WHERE ( id<assets ) ORDER BY id desc LIMIT 1  

[ 2016-12-28T13:29:29+08:00 ] ::1 /BLOG/index.php/Home/Article/index/id/assets/js/amazeui.min.js
ERR: 1054:Unknown column 'assets' in 'where clause'
 [ SQL语句 ] : SELECT * FROM `ykt_article` WHERE ( id<assets ) ORDER BY id desc LIMIT 1  

[ 2016-12-28T13:29:29+08:00 ] ::1 /BLOG/index.php/Home/Article/index/id/assets/js/jquery.min.js
ERR: 1054:Unknown column 'assets' in 'where clause'
 [ SQL语句 ] : SELECT * FROM `ykt_article` WHERE ( id<assets ) ORDER BY id desc LIMIT 1  

[ 2016-12-28T13:29:29+08:00 ] ::1 /BLOG/index.php/Home/Article/index/id/assets/js/amazeui.min.js
ERR: 1054:Unknown column 'assets' in 'where clause'
 [ SQL语句 ] : SELECT * FROM `ykt_article` WHERE ( id<assets ) ORDER BY id desc LIMIT 1  

[ 2016-12-28T13:29:39+08:00 ] ::1 /BLOG/index.php/Home/Article/index/id/assets/js/amazeui.min.js
ERR: 1054:Unknown column 'assets' in 'where clause'
 [ SQL语句 ] : SELECT * FROM `ykt_article` WHERE ( id<assets ) ORDER BY id desc LIMIT 1  

[ 2016-12-28T13:29:39+08:00 ] ::1 /BLOG/index.php/Home/Article/index/id/assets/js/jquery.min.js
ERR: 1054:Unknown column 'assets' in 'where clause'
 [ SQL语句 ] : SELECT * FROM `ykt_article` WHERE ( id<assets ) ORDER BY id desc LIMIT 1  

[ 2016-12-28T13:29:39+08:00 ] ::1 /BLOG/index.php/Home/Article/index/id/assets/js/amazeui.min.js
ERR: 1054:Unknown column 'assets' in 'where clause'
 [ SQL语句 ] : SELECT * FROM `ykt_article` WHERE ( id<assets ) ORDER BY id desc LIMIT 1  

[ 2016-12-28T13:29:44+08:00 ] ::1 /BLOG/index.php/Home/Article/index/id/assets/js/jquery.min.js
ERR: 1054:Unknown column 'assets' in 'where clause'
 [ SQL语句 ] : SELECT * FROM `ykt_article` WHERE ( id<assets ) ORDER BY id desc LIMIT 1  

[ 2016-12-28T13:29:44+08:00 ] ::1 /BLOG/index.php/Home/Article/index/id/assets/js/amazeui.min.js
ERR: 1054:Unknown column 'assets' in 'where clause'
 [ SQL语句 ] : SELECT * FROM `ykt_article` WHERE ( id<assets ) ORDER BY id desc LIMIT 1  

[ 2016-12-28T13:29:47+08:00 ] ::1 /BLOG/index.php/Home/Article/index/id/assets/js/amazeui.min.js
ERR: 1054:Unknown column 'assets' in 'where clause'
 [ SQL语句 ] : SELECT * FROM `ykt_article` WHERE ( id<assets ) ORDER BY id desc LIMIT 1  

[ 2016-12-28T13:29:47+08:00 ] ::1 /BLOG/index.php/Home/Article/index/id/assets/js/jquery.min.js
ERR: 1054:Unknown column 'assets' in 'where clause'
 [ SQL语句 ] : SELECT * FROM `ykt_article` WHERE ( id<assets ) ORDER BY id desc LIMIT 1  

[ 2016-12-28T13:29:47+08:00 ] ::1 /BLOG/index.php/Home/Article/index/id/assets/js/amazeui.min.js
ERR: 1054:Unknown column 'assets' in 'where clause'
 [ SQL语句 ] : SELECT * FROM `ykt_article` WHERE ( id<assets ) ORDER BY id desc LIMIT 1  

[ 2016-12-28T13:30:27+08:00 ] ::1 /BLOG/index.php/Home/Article/index/id/assets/js/amazeui.min.js
ERR: 1054:Unknown column 'assets' in 'where clause'
 [ SQL语句 ] : SELECT * FROM `ykt_article` WHERE ( id<assets ) ORDER BY id desc LIMIT 1  

[ 2016-12-28T13:30:27+08:00 ] ::1 /BLOG/index.php/Home/Article/index/id/assets/js/jquery.min.js
ERR: 1054:Unknown column 'assets' in 'where clause'
 [ SQL语句 ] : SELECT * FROM `ykt_article` WHERE ( id<assets ) ORDER BY id desc LIMIT 1  

[ 2016-12-28T13:30:27+08:00 ] ::1 /BLOG/index.php/Home/Article/index/id/assets/js/amazeui.min.js
ERR: 1054:Unknown column 'assets' in 'where clause'
 [ SQL语句 ] : SELECT * FROM `ykt_article` WHERE ( id<assets ) ORDER BY id desc LIMIT 1  

[ 2016-12-28T13:32:39+08:00 ] ::1 /BLOG/index.php/Home/Article/index/id/assets/js/amazeui.min.js
ERR: 1054:Unknown column 'assets' in 'where clause'
 [ SQL语句 ] : SELECT * FROM `ykt_article` WHERE ( id<assets ) ORDER BY id desc LIMIT 1  

[ 2016-12-28T13:32:39+08:00 ] ::1 /BLOG/index.php/Home/Article/index/id/assets/js/jquery.min.js
ERR: 1054:Unknown column 'assets' in 'where clause'
 [ SQL语句 ] : SELECT * FROM `ykt_article` WHERE ( id<assets ) ORDER BY id desc LIMIT 1  

[ 2016-12-28T13:32:39+08:00 ] ::1 /BLOG/index.php/Home/Article/index/id/assets/js/amazeui.min.js
ERR: 1054:Unknown column 'assets' in 'where clause'
 [ SQL语句 ] : SELECT * FROM `ykt_article` WHERE ( id<assets ) ORDER BY id desc LIMIT 1  

[ 2016-12-28T13:32:45+08:00 ] ::1 /BLOG/index.php/Home/Article/index/id/assets/js/amazeui.min.js
ERR: 1054:Unknown column 'assets' in 'where clause'
 [ SQL语句 ] : SELECT * FROM `ykt_article` WHERE ( id<assets ) ORDER BY id desc LIMIT 1  

[ 2016-12-28T13:32:45+08:00 ] ::1 /BLOG/index.php/Home/Article/index/id/assets/js/jquery.min.js
ERR: 1054:Unknown column 'assets' in 'where clause'
 [ SQL语句 ] : SELECT * FROM `ykt_article` WHERE ( id<assets ) ORDER BY id desc LIMIT 1  

[ 2016-12-28T13:32:45+08:00 ] ::1 /BLOG/index.php/Home/Article/index/id/assets/js/amazeui.min.js
ERR: 1054:Unknown column 'assets' in 'where clause'
 [ SQL语句 ] : SELECT * FROM `ykt_article` WHERE ( id<assets ) ORDER BY id desc LIMIT 1  

[ 2016-12-28T13:36:26+08:00 ] ::1 /BLOG/index.php/Home/Article/index/id/assets/js/jquery.min.js
ERR: 1054:Unknown column 'assets' in 'where clause'
 [ SQL语句 ] : SELECT * FROM `ykt_article` WHERE ( id<assets ) ORDER BY id desc LIMIT 1  

[ 2016-12-28T13:36:26+08:00 ] ::1 /BLOG/index.php/Home/Article/index/id/assets/js/amazeui.min.js
ERR: 1054:Unknown column 'assets' in 'where clause'
 [ SQL语句 ] : SELECT * FROM `ykt_article` WHERE ( id<assets ) ORDER BY id desc LIMIT 1  

[ 2016-12-28T13:37:18+08:00 ] ::1 /BLOG/index.php/Home/Article/index/id/assets/js/amazeui.min.js
ERR: 1054:Unknown column 'assets' in 'where clause'
 [ SQL语句 ] : SELECT * FROM `ykt_article` WHERE ( id<assets ) ORDER BY id desc LIMIT 1  

[ 2016-12-28T13:37:18+08:00 ] ::1 /BLOG/index.php/Home/Article/index/id/assets/js/jquery.min.js
ERR: 1054:Unknown column 'assets' in 'where clause'
 [ SQL语句 ] : SELECT * FROM `ykt_article` WHERE ( id<assets ) ORDER BY id desc LIMIT 1  

[ 2016-12-28T13:37:18+08:00 ] ::1 /BLOG/index.php/Home/Article/index/id/assets/js/amazeui.min.js
ERR: 1054:Unknown column 'assets' in 'where clause'
 [ SQL语句 ] : SELECT * FROM `ykt_article` WHERE ( id<assets ) ORDER BY id desc LIMIT 1  

[ 2016-12-28T13:37:23+08:00 ] ::1 /BLOG/index.php/Home/Article/index/id/__MOUDLE__/Article/index/id/assets/js/amazeui.min.js
ERR: 1054:Unknown column 'assets' in 'where clause'
 [ SQL语句 ] : SELECT * FROM `ykt_article` WHERE ( id<assets ) ORDER BY id desc LIMIT 1  

[ 2016-12-28T13:37:23+08:00 ] ::1 /BLOG/index.php/Home/Article/index/id/__MOUDLE__/Article/index/id/assets/js/jquery.min.js
ERR: 1054:Unknown column 'assets' in 'where clause'
 [ SQL语句 ] : SELECT * FROM `ykt_article` WHERE ( id<assets ) ORDER BY id desc LIMIT 1  

[ 2016-12-28T13:37:23+08:00 ] ::1 /BLOG/index.php/Home/Article/index/id/__MOUDLE__/Article/index/id/assets/js/amazeui.min.js
ERR: 1054:Unknown column 'assets' in 'where clause'
 [ SQL语句 ] : SELECT * FROM `ykt_article` WHERE ( id<assets ) ORDER BY id desc LIMIT 1  

[ 2016-12-28T13:37:25+08:00 ] ::1 /BLOG/index.php/Home/Article/index/id/__MOUDLE__/Article/index/id/__MOUDLE__/Article/index/id/assets/js/amazeui.min.js
ERR: 1054:Unknown column 'assets' in 'where clause'
 [ SQL语句 ] : SELECT * FROM `ykt_article` WHERE ( id<assets ) ORDER BY id desc LIMIT 1  

[ 2016-12-28T13:37:25+08:00 ] ::1 /BLOG/index.php/Home/Article/index/id/__MOUDLE__/Article/index/id/__MOUDLE__/Article/index/id/assets/js/jquery.min.js
ERR: 1054:Unknown column 'assets' in 'where clause'
 [ SQL语句 ] : SELECT * FROM `ykt_article` WHERE ( id<assets ) ORDER BY id desc LIMIT 1  

[ 2016-12-28T13:37:25+08:00 ] ::1 /BLOG/index.php/Home/Article/index/id/__MOUDLE__/Article/index/id/__MOUDLE__/Article/index/id/assets/js/amazeui.min.js
ERR: 1054:Unknown column 'assets' in 'where clause'
 [ SQL语句 ] : SELECT * FROM `ykt_article` WHERE ( id<assets ) ORDER BY id desc LIMIT 1  

[ 2016-12-28T13:37:54+08:00 ] ::1 /BLOG/index.php/Home/Article/index/id/__MOUDLE__/Article/index/id/__MOUDLE__/Article/index/id/assets/js/jquery.min.js
ERR: 1054:Unknown column 'assets' in 'where clause'
 [ SQL语句 ] : SELECT * FROM `ykt_article` WHERE ( id<assets ) ORDER BY id desc LIMIT 1  

[ 2016-12-28T13:37:54+08:00 ] ::1 /BLOG/index.php/Home/Article/index/id/__MOUDLE__/Article/index/id/__MOUDLE__/Article/index/id/assets/js/amazeui.min.js
ERR: 1054:Unknown column 'assets' in 'where clause'
 [ SQL语句 ] : SELECT * FROM `ykt_article` WHERE ( id<assets ) ORDER BY id desc LIMIT 1  

[ 2016-12-28T13:38:35+08:00 ] ::1 /BLOG/index.php/Home/Article/index/id/assets/js/jquery.min.js
ERR: 1054:Unknown column 'assets' in 'where clause'
 [ SQL语句 ] : SELECT * FROM `ykt_article` WHERE ( id<assets ) ORDER BY id desc LIMIT 1  

[ 2016-12-28T13:38:35+08:00 ] ::1 /BLOG/index.php/Home/Article/index/id/assets/js/amazeui.min.js
ERR: 1054:Unknown column 'assets' in 'where clause'
 [ SQL语句 ] : SELECT * FROM `ykt_article` WHERE ( id<assets ) ORDER BY id desc LIMIT 1  

[ 2016-12-28T13:41:23+08:00 ] ::1 /BLOG/index.php/Home/Article/index/id/assets/js/jquery.min.js
ERR: 1054:Unknown column 'assets' in 'where clause'
 [ SQL语句 ] : SELECT * FROM `ykt_article` WHERE ( id<assets ) ORDER BY id desc LIMIT 1  

[ 2016-12-28T13:41:23+08:00 ] ::1 /BLOG/index.php/Home/Article/index/id/assets/js/amazeui.min.js
ERR: 1054:Unknown column 'assets' in 'where clause'
 [ SQL语句 ] : SELECT * FROM `ykt_article` WHERE ( id<assets ) ORDER BY id desc LIMIT 1  

[ 2016-12-28T13:41:31+08:00 ] ::1 /BLOG/index.php/Home/Cate/search
ERR: 非法操作:search

[ 2016-12-28T13:42:29+08:00 ] ::1 /BLOG/index.php/Home/article/search
ERR: 1146:Table 'ykt.ykt_info' doesn't exist
 [ SQL语句 ] : SHOW COLUMNS FROM `ykt_info`

[ 2016-12-28T13:43:23+08:00 ] ::1 /BLOG/index.php/Home/article/search
ERR: 模板不存在:./Application/Home/View/Article/lst.html

[ 2016-12-28T13:43:44+08:00 ] ::1 /BLOG/index.php/Home/article/search
ERR: 模板不存在:./Application/Home/View/Article/search.html

[ 2016-12-28T13:44:10+08:00 ] ::1 /BLOG/index.php/Home/Article/index/id/assets/js/jquery.min.js
ERR: 1054:Unknown column 'assets' in 'where clause'
 [ SQL语句 ] : SELECT * FROM `ykt_article` WHERE ( id<assets ) ORDER BY id desc LIMIT 1  

[ 2016-12-28T13:44:10+08:00 ] ::1 /BLOG/index.php/Home/Article/index/id/assets/js/amazeui.min.js
ERR: 1054:Unknown column 'assets' in 'where clause'
 [ SQL语句 ] : SELECT * FROM `ykt_article` WHERE ( id<assets ) ORDER BY id desc LIMIT 1  

[ 2016-12-28T13:44:13+08:00 ] ::1 /BLOG/index.php/Home/article/search
ERR: 模板不存在:./Application/Home/View/Article/search.html

[ 2016-12-28T13:46:51+08:00 ] ::1 /BLOG/index.php/Home/article/search
ERR: 模板不存在:./Application/Home/View/Article/search.html

[ 2016-12-28T13:46:53+08:00 ] ::1 /BLOG/index.php/Home/Article/index/id/assets/js/jquery.min.js
ERR: 1054:Unknown column 'assets' in 'where clause'
 [ SQL语句 ] : SELECT * FROM `ykt_article` WHERE ( id<assets ) ORDER BY id desc LIMIT 1  

[ 2016-12-28T13:46:53+08:00 ] ::1 /BLOG/index.php/Home/Article/index/id/assets/js/amazeui.min.js
ERR: 1054:Unknown column 'assets' in 'where clause'
 [ SQL语句 ] : SELECT * FROM `ykt_article` WHERE ( id<assets ) ORDER BY id desc LIMIT 1  

[ 2016-12-28T13:46:54+08:00 ] ::1 /BLOG/index.php/Home/Article/index/id/assets/js/jquery.min.js
ERR: 1054:Unknown column 'assets' in 'where clause'
 [ SQL语句 ] : SELECT * FROM `ykt_article` WHERE ( id<assets ) ORDER BY id desc LIMIT 1  

[ 2016-12-28T13:46:54+08:00 ] ::1 /BLOG/index.php/Home/Article/index/id/assets/js/amazeui.min.js
ERR: 1054:Unknown column 'assets' in 'where clause'
 [ SQL语句 ] : SELECT * FROM `ykt_article` WHERE ( id<assets ) ORDER BY id desc LIMIT 1  

[ 2016-12-28T13:46:58+08:00 ] ::1 /BLOG/index.php/Home/article/search
ERR: 模板不存在:./Application/Home/View/Article/search.html

[ 2016-12-28T13:48:28+08:00 ] ::1 /BLOG/index.php/Home/article/search
ERR: 非法操作:search

[ 2016-12-28T13:48:31+08:00 ] ::1 /BLOG/index.php/Home/Article/index/id/assets/js/jquery.min.js
ERR: 1054:Unknown column 'assets' in 'where clause'
 [ SQL语句 ] : SELECT * FROM `ykt_article` WHERE ( id<assets ) ORDER BY id desc LIMIT 1  

[ 2016-12-28T13:48:31+08:00 ] ::1 /BLOG/index.php/Home/Article/index/id/assets/js/amazeui.min.js
ERR: 1054:Unknown column 'assets' in 'where clause'
 [ SQL语句 ] : SELECT * FROM `ykt_article` WHERE ( id<assets ) ORDER BY id desc LIMIT 1  

[ 2016-12-28T13:48:32+08:00 ] ::1 /BLOG/index.php/Home/Article/index/id/assets/js/amazeui.min.js
ERR: 1054:Unknown column 'assets' in 'where clause'
 [ SQL语句 ] : SELECT * FROM `ykt_article` WHERE ( id<assets ) ORDER BY id desc LIMIT 1  

[ 2016-12-28T13:48:32+08:00 ] ::1 /BLOG/index.php/Home/Article/index/id/assets/js/jquery.min.js
ERR: 1054:Unknown column 'assets' in 'where clause'
 [ SQL语句 ] : SELECT * FROM `ykt_article` WHERE ( id<assets ) ORDER BY id desc LIMIT 1  

[ 2016-12-28T13:48:32+08:00 ] ::1 /BLOG/index.php/Home/Article/index/id/assets/js/amazeui.min.js
ERR: 1054:Unknown column 'assets' in 'where clause'
 [ SQL语句 ] : SELECT * FROM `ykt_article` WHERE ( id<assets ) ORDER BY id desc LIMIT 1  

[ 2016-12-28T13:48:33+08:00 ] ::1 /BLOG/index.php/Home/Article/index/id/assets/js/jquery.min.js
ERR: 1054:Unknown column 'assets' in 'where clause'
 [ SQL语句 ] : SELECT * FROM `ykt_article` WHERE ( id<assets ) ORDER BY id desc LIMIT 1  

[ 2016-12-28T13:48:33+08:00 ] ::1 /BLOG/index.php/Home/Article/index/id/assets/js/amazeui.min.js
ERR: 1054:Unknown column 'assets' in 'where clause'
 [ SQL语句 ] : SELECT * FROM `ykt_article` WHERE ( id<assets ) ORDER BY id desc LIMIT 1  

[ 2016-12-28T13:48:35+08:00 ] ::1 /BLOG/index.php/Home/Article/index/id/assets/js/amazeui.min.js
ERR: 1054:Unknown column 'assets' in 'where clause'
 [ SQL语句 ] : SELECT * FROM `ykt_article` WHERE ( id<assets ) ORDER BY id desc LIMIT 1  

[ 2016-12-28T13:48:35+08:00 ] ::1 /BLOG/index.php/Home/Article/index/id/assets/js/jquery.min.js
ERR: 1054:Unknown column 'assets' in 'where clause'
 [ SQL语句 ] : SELECT * FROM `ykt_article` WHERE ( id<assets ) ORDER BY id desc LIMIT 1  

[ 2016-12-28T13:48:35+08:00 ] ::1 /BLOG/index.php/Home/Article/index/id/assets/js/amazeui.min.js
ERR: 1054:Unknown column 'assets' in 'where clause'
 [ SQL语句 ] : SELECT * FROM `ykt_article` WHERE ( id<assets ) ORDER BY id desc LIMIT 1  

[ 2016-12-28T13:48:42+08:00 ] ::1 /BLOG/index.php/Home/article/search
ERR: 非法操作:search

[ 2016-12-28T13:49:29+08:00 ] ::1 /BLOG/index.php/Home/Article/index/id/assets/js/jquery.min.js
ERR: 1054:Unknown column 'assets' in 'where clause'
 [ SQL语句 ] : SELECT * FROM `ykt_article` WHERE ( id<assets ) ORDER BY id desc LIMIT 1  

[ 2016-12-28T13:49:29+08:00 ] ::1 /BLOG/index.php/Home/Article/index/id/assets/js/amazeui.min.js
ERR: 1054:Unknown column 'assets' in 'where clause'
 [ SQL语句 ] : SELECT * FROM `ykt_article` WHERE ( id<assets ) ORDER BY id desc LIMIT 1  

[ 2016-12-28T13:49:31+08:00 ] ::1 /BLOG/index.php/Home/article/search
ERR: 非法操作:search

[ 2016-12-28T13:49:34+08:00 ] ::1 /BLOG/index.php/Home/article/search
ERR: 非法操作:search

[ 2016-12-28T13:49:35+08:00 ] ::1 /BLOG/index.php/Home/Article/index/id/assets/js/jquery.min.js
ERR: 1054:Unknown column 'assets' in 'where clause'
 [ SQL语句 ] : SELECT * FROM `ykt_article` WHERE ( id<assets ) ORDER BY id desc LIMIT 1  

[ 2016-12-28T13:49:35+08:00 ] ::1 /BLOG/index.php/Home/Article/index/id/assets/js/amazeui.min.js
ERR: 1054:Unknown column 'assets' in 'where clause'
 [ SQL语句 ] : SELECT * FROM `ykt_article` WHERE ( id<assets ) ORDER BY id desc LIMIT 1  

[ 2016-12-28T13:49:36+08:00 ] ::1 /BLOG/index.php/Home/Article/index/id/assets/js/amazeui.min.js
ERR: 1054:Unknown column 'assets' in 'where clause'
 [ SQL语句 ] : SELECT * FROM `ykt_article` WHERE ( id<assets ) ORDER BY id desc LIMIT 1  

[ 2016-12-28T13:49:36+08:00 ] ::1 /BLOG/index.php/Home/Article/index/id/assets/js/jquery.min.js
ERR: 1054:Unknown column 'assets' in 'where clause'
 [ SQL语句 ] : SELECT * FROM `ykt_article` WHERE ( id<assets ) ORDER BY id desc LIMIT 1  

[ 2016-12-28T13:49:36+08:00 ] ::1 /BLOG/index.php/Home/Article/index/id/assets/js/amazeui.min.js
ERR: 1054:Unknown column 'assets' in 'where clause'
 [ SQL语句 ] : SELECT * FROM `ykt_article` WHERE ( id<assets ) ORDER BY id desc LIMIT 1  

[ 2016-12-28T13:49:43+08:00 ] ::1 /BLOG/index.php/Home/article/search
ERR: 非法操作:search

[ 2016-12-28T13:49:56+08:00 ] ::1 /BLOG/index.php/Home/Article/index/id/assets/js/amazeui.min.js
ERR: 1054:Unknown column 'assets' in 'where clause'
 [ SQL语句 ] : SELECT * FROM `ykt_article` WHERE ( id<assets ) ORDER BY id desc LIMIT 1  

[ 2016-12-28T13:49:56+08:00 ] ::1 /BLOG/index.php/Home/Article/index/id/assets/js/jquery.min.js
ERR: 1054:Unknown column 'assets' in 'where clause'
 [ SQL语句 ] : SELECT * FROM `ykt_article` WHERE ( id<assets ) ORDER BY id desc LIMIT 1  

[ 2016-12-28T13:49:56+08:00 ] ::1 /BLOG/index.php/Home/Article/index/id/assets/js/amazeui.min.js
ERR: 1054:Unknown column 'assets' in 'where clause'
 [ SQL语句 ] : SELECT * FROM `ykt_article` WHERE ( id<assets ) ORDER BY id desc LIMIT 1  

[ 2016-12-28T13:50:02+08:00 ] ::1 /BLOG/index.php/Home/article/search
ERR: 非法操作:search

[ 2016-12-28T13:50:43+08:00 ] ::1 /BLOG/index.php/Home/article/search
ERR: 非法操作:search

[ 2016-12-28T13:50:47+08:00 ] ::1 /BLOG/index.php/Home/Article/index/id/assets/js/amazeui.min.js
ERR: 1054:Unknown column 'assets' in 'where clause'
 [ SQL语句 ] : SELECT * FROM `ykt_article` WHERE ( id<assets ) ORDER BY id desc LIMIT 1  

[ 2016-12-28T13:50:47+08:00 ] ::1 /BLOG/index.php/Home/Article/index/id/assets/js/jquery.min.js
ERR: 1054:Unknown column 'assets' in 'where clause'
 [ SQL语句 ] : SELECT * FROM `ykt_article` WHERE ( id<assets ) ORDER BY id desc LIMIT 1  

[ 2016-12-28T13:50:47+08:00 ] ::1 /BLOG/index.php/Home/Article/index/id/assets/js/amazeui.min.js
ERR: 1054:Unknown column 'assets' in 'where clause'
 [ SQL语句 ] : SELECT * FROM `ykt_article` WHERE ( id<assets ) ORDER BY id desc LIMIT 1  

[ 2016-12-28T13:50:49+08:00 ] ::1 /BLOG/index.php/Home/Article/index/id/assets/js/jquery.min.js
ERR: 1054:Unknown column 'assets' in 'where clause'
 [ SQL语句 ] : SELECT * FROM `ykt_article` WHERE ( id<assets ) ORDER BY id desc LIMIT 1  

[ 2016-12-28T13:50:49+08:00 ] ::1 /BLOG/index.php/Home/Article/index/id/assets/js/amazeui.min.js
ERR: 1054:Unknown column 'assets' in 'where clause'
 [ SQL语句 ] : SELECT * FROM `ykt_article` WHERE ( id<assets ) ORDER BY id desc LIMIT 1  

[ 2016-12-28T13:50:53+08:00 ] ::1 /BLOG/index.php/Home/article/search
ERR: 非法操作:search

[ 2016-12-28T13:52:47+08:00 ] ::1 /BLOG/index.php/Home/article/assets/js/jquery.min.js
ERR: 非法操作:assets

[ 2016-12-28T13:52:47+08:00 ] ::1 /BLOG/index.php/Home/article/assets/js/amazeui.min.js
ERR: 非法操作:assets

[ 2016-12-28T13:52:56+08:00 ] ::1 /BLOG/index.php/Home/article/assets/js/jquery.min.js
ERR: 非法操作:assets

[ 2016-12-28T13:52:56+08:00 ] ::1 /BLOG/index.php/Home/article/assets/js/amazeui.min.js
ERR: 非法操作:assets

[ 2016-12-28T13:53:07+08:00 ] ::1 /BLOG/index.php/Home/article/assets/js/jquery.min.js
ERR: 非法操作:assets

[ 2016-12-28T13:53:07+08:00 ] ::1 /BLOG/index.php/Home/article/assets/js/amazeui.min.js
ERR: 非法操作:assets

[ 2016-12-28T13:53:34+08:00 ] ::1 /BLOG/index.php/Home/article/assets/js/jquery.min.js
ERR: 非法操作:assets

[ 2016-12-28T13:53:34+08:00 ] ::1 /BLOG/index.php/Home/article/assets/js/amazeui.min.js
ERR: 非法操作:assets

[ 2016-12-28T13:54:53+08:00 ] ::1 /BLOG/index.php/Home/article/search
ERR: 非法操作:search

[ 2016-12-28T13:55:40+08:00 ] ::1 /BLOG/index.php/Home/article/search
ERR: 非法操作:search

[ 2016-12-28T13:55:47+08:00 ] ::1 /BLOG/index.php/Home/article/search
ERR: 非法操作:search

[ 2016-12-28T13:56:54+08:00 ] ::1 /BLOG/index.php/Home/Article/index/id/assets/js/amazeui.min.js
ERR: 1054:Unknown column 'assets' in 'where clause'
 [ SQL语句 ] : SELECT * FROM `ykt_article` WHERE ( id<assets ) ORDER BY id desc LIMIT 1  

[ 2016-12-28T13:56:54+08:00 ] ::1 /BLOG/index.php/Home/Article/index/id/assets/js/jquery.min.js
ERR: 1054:Unknown column 'assets' in 'where clause'
 [ SQL语句 ] : SELECT * FROM `ykt_article` WHERE ( id<assets ) ORDER BY id desc LIMIT 1  

[ 2016-12-28T13:56:54+08:00 ] ::1 /BLOG/index.php/Home/Article/index/id/assets/js/amazeui.min.js
ERR: 1054:Unknown column 'assets' in 'where clause'
 [ SQL语句 ] : SELECT * FROM `ykt_article` WHERE ( id<assets ) ORDER BY id desc LIMIT 1  

[ 2016-12-28T13:57:33+08:00 ] ::1 /BLOG/index.php/Home/Article/index/id/assets/js/jquery.min.js
ERR: 1054:Unknown column 'assets' in 'where clause'
 [ SQL语句 ] : SELECT * FROM `ykt_article` WHERE ( id<assets ) ORDER BY id desc LIMIT 1  

[ 2016-12-28T13:57:33+08:00 ] ::1 /BLOG/index.php/Home/Article/index/id/assets/js/amazeui.min.js
ERR: 1054:Unknown column 'assets' in 'where clause'
 [ SQL语句 ] : SELECT * FROM `ykt_article` WHERE ( id<assets ) ORDER BY id desc LIMIT 1  

[ 2016-12-28T13:57:38+08:00 ] ::1 /BLOG/index.php/Home/article/search
ERR: 非法操作:search

[ 2016-12-28T13:57:55+08:00 ] ::1 /BLOG/index.php/Home/article/search
ERR: 非法操作:search

[ 2016-12-28T13:58:50+08:00 ] ::1 /BLOG/index.php/Home/article/search
ERR: 非法操作:search

[ 2016-12-28T14:03:35+08:00 ] ::1 /BLOG/index.php/Home/Article/index/id/assets/js/amazeui.min.js
ERR: 1054:Unknown column 'assets' in 'where clause'
 [ SQL语句 ] : SELECT * FROM `ykt_article` WHERE ( id<assets ) ORDER BY id desc LIMIT 1  

[ 2016-12-28T14:03:35+08:00 ] ::1 /BLOG/index.php/Home/Article/index/id/assets/js/jquery.min.js
ERR: 1054:Unknown column 'assets' in 'where clause'
 [ SQL语句 ] : SELECT * FROM `ykt_article` WHERE ( id<assets ) ORDER BY id desc LIMIT 1  

[ 2016-12-28T14:03:36+08:00 ] ::1 /BLOG/index.php/Home/Article/index/id/assets/js/amazeui.min.js
ERR: 1054:Unknown column 'assets' in 'where clause'
 [ SQL语句 ] : SELECT * FROM `ykt_article` WHERE ( id<assets ) ORDER BY id desc LIMIT 1  

[ 2016-12-28T14:14:06+08:00 ] ::1 /BLOG/index.php/Home/Article/index/id/assets/js/jquery.min.js
ERR: 1054:Unknown column 'assets' in 'where clause'
 [ SQL语句 ] : SELECT * FROM `ykt_article` WHERE ( id<assets ) ORDER BY id desc LIMIT 1  

[ 2016-12-28T14:14:06+08:00 ] ::1 /BLOG/index.php/Home/Article/index/id/assets/js/amazeui.min.js
ERR: 1054:Unknown column 'assets' in 'where clause'
 [ SQL语句 ] : SELECT * FROM `ykt_article` WHERE ( id<assets ) ORDER BY id desc LIMIT 1  

[ 2016-12-28T15:23:33+08:00 ] ::1 /BLOG/index.php/Home/Article/index/id/assets/js/jquery.min.js
ERR: 1054:Unknown column 'assets' in 'where clause'
 [ SQL语句 ] : SELECT * FROM `ykt_article` WHERE ( id<assets ) ORDER BY id desc LIMIT 1  

[ 2016-12-28T15:23:33+08:00 ] ::1 /BLOG/index.php/Home/Article/index/id/assets/js/amazeui.min.js
ERR: 1054:Unknown column 'assets' in 'where clause'
 [ SQL语句 ] : SELECT * FROM `ykt_article` WHERE ( id<assets ) ORDER BY id desc LIMIT 1  

[ 2016-12-28T15:23:38+08:00 ] ::1 /BLOG/index.php/Home/Article/index/id/assets/js/amazeui.min.js
ERR: 1054:Unknown column 'assets' in 'where clause'
 [ SQL语句 ] : SELECT * FROM `ykt_article` WHERE ( id<assets ) ORDER BY id desc LIMIT 1  

[ 2016-12-28T15:23:38+08:00 ] ::1 /BLOG/index.php/Home/Article/index/id/assets/js/jquery.min.js
ERR: 1054:Unknown column 'assets' in 'where clause'
 [ SQL语句 ] : SELECT * FROM `ykt_article` WHERE ( id<assets ) ORDER BY id desc LIMIT 1  

[ 2016-12-28T15:23:38+08:00 ] ::1 /BLOG/index.php/Home/Article/index/id/assets/js/amazeui.min.js
ERR: 1054:Unknown column 'assets' in 'where clause'
 [ SQL语句 ] : SELECT * FROM `ykt_article` WHERE ( id<assets ) ORDER BY id desc LIMIT 1  

[ 2016-12-28T15:33:44+08:00 ] ::1 /BLOG/index.php/Home/Article/index/id/assets/js/jquery.min.js
ERR: 1054:Unknown column 'assets' in 'where clause'
 [ SQL语句 ] : SELECT * FROM `ykt_article` WHERE ( id<assets ) ORDER BY id desc LIMIT 1  

[ 2016-12-28T15:33:44+08:00 ] ::1 /BLOG/index.php/Home/Article/index/id/assets/js/amazeui.min.js
ERR: 1054:Unknown column 'assets' in 'where clause'
 [ SQL语句 ] : SELECT * FROM `ykt_article` WHERE ( id<assets ) ORDER BY id desc LIMIT 1  

[ 2016-12-28T15:37:33+08:00 ] ::1 /BLOG/index.php/Home/login
ERR: 无法加载控制器:Login

[ 2016-12-28T15:37:51+08:00 ] ::1 /BLOG/index.php/Home/login
ERR: 无法加载控制器:Login

[ 2016-12-28T15:37:52+08:00 ] ::1 /BLOG/index.php/Home/login
ERR: 无法加载控制器:Login

[ 2016-12-28T15:39:56+08:00 ] ::1 /BLOG/index.php/Home/assets/css/amazeui.min.css
ERR: 无法加载控制器:Assets

[ 2016-12-28T15:51:35+08:00 ] ::1 /BLOG/index.php/Home/login
ERR: Think\Model:login方法不存在！

[ 2016-12-28T15:51:47+08:00 ] ::1 /BLOG/index.php/Home/login
ERR: Think\Model:login方法不存在！

[ 2016-12-28T15:55:40+08:00 ] ::1 /BLOG/index.php/Home/login
ERR: Think\Model:login方法不存在！

[ 2016-12-28T16:13:47+08:00 ] ::1 /BLOG/index.php/Home/login
ERR: Think\Model:login方法不存在！

[ 2016-12-28T16:16:40+08:00 ] ::1 /BLOG/index.php/Home/login
ERR: Think\Model:login方法不存在！

[ 2016-12-28T16:16:45+08:00 ] ::1 /BLOG/index.php/Home/login
ERR: Think\Model:login方法不存在！

[ 2016-12-28T16:17:37+08:00 ] ::1 /BLOG/home/login
ERR: Think\Model:login方法不存在！

[ 2016-12-28T16:20:51+08:00 ] ::1 /BLOG/home/login
ERR: Think\Model:login方法不存在！

[ 2016-12-28T16:20:55+08:00 ] ::1 /BLOG/home/login
ERR: Think\Model:login方法不存在！

[ 2016-12-28T16:24:59+08:00 ] ::1 /BLOG/home/login
ERR: Think\Model:login方法不存在！

[ 2016-12-28T16:25:02+08:00 ] ::1 /BLOG/home/login
ERR: Think\Model:login方法不存在！

[ 2016-12-28T16:27:06+08:00 ] ::1 /BLOG/home/login
ERR: Think\Model:login方法不存在！

[ 2016-12-28T16:27:25+08:00 ] ::1 /BLOG/home/index.php/login
ERR: 无法加载控制器:Index.php

[ 2016-12-28T16:28:20+08:00 ] ::1 /BLOG/home/login
ERR: Think\Model:login方法不存在！

[ 2016-12-28T16:34:19+08:00 ] ::1 /BLOG/home/login
ERR: Think\Model:login方法不存在！

[ 2016-12-28T16:42:28+08:00 ] ::1 /BLOG/home/login
ERR: 1146:Table 'ykt.ykt_login' doesn't exist
 [ SQL语句 ] : SHOW COLUMNS FROM `ykt_login`

[ 2016-12-28T17:02:26+08:00 ] ::1 /BLOG/index.php/Home/Article/index/id/assets/js/jquery.min.js
ERR: 1054:Unknown column 'assets' in 'where clause'
 [ SQL语句 ] : SELECT * FROM `ykt_article` WHERE ( id<assets ) ORDER BY id desc LIMIT 1  

[ 2016-12-28T17:02:26+08:00 ] ::1 /BLOG/index.php/Home/Article/index/id/assets/js/amazeui.min.js
ERR: 1054:Unknown column 'assets' in 'where clause'
 [ SQL语句 ] : SELECT * FROM `ykt_article` WHERE ( id<assets ) ORDER BY id desc LIMIT 1  

[ 2016-12-28T17:06:45+08:00 ] ::1 /BLOG/index.php/Home/write
ERR: 无法加载控制器:Write

[ 2016-12-28T17:16:29+08:00 ] ::1 /BLOG/index.php/Home/simditor-1.0.5/scripts/js/jquery.min.js
ERR: 无法加载控制器:Simditor-1.0.5

[ 2016-12-28T17:16:29+08:00 ] ::1 /BLOG/index.php/Home/simditor-1.0.5/scripts/js/module.js
ERR: 无法加载控制器:Simditor-1.0.5

[ 2016-12-28T17:16:29+08:00 ] ::1 /BLOG/index.php/Home/simditor-1.0.5/scripts/js/uploader.js
ERR: 无法加载控制器:Simditor-1.0.5

[ 2016-12-28T17:16:29+08:00 ] ::1 /BLOG/index.php/Home/simditor-1.0.5/styles/font-awesome.css
ERR: 无法加载控制器:Simditor-1.0.5

[ 2016-12-28T17:16:29+08:00 ] ::1 /BLOG/index.php/Home/assets/css/amazeui.min.css
ERR: 无法加载控制器:Assets

[ 2016-12-28T17:16:29+08:00 ] ::1 /BLOG/index.php/Home/simditor-1.0.5/styles/simditor.css
ERR: 无法加载控制器:Simditor-1.0.5

[ 2016-12-28T17:16:29+08:00 ] ::1 /BLOG/index.php/Home/simditor-1.0.5/scripts/js/simditor.js
ERR: 无法加载控制器:Simditor-1.0.5

[ 2016-12-28T17:16:29+08:00 ] ::1 /BLOG/index.php/Home/simditor-1.0.5/scripts/js/module.js
ERR: 无法加载控制器:Simditor-1.0.5

[ 2016-12-28T17:16:29+08:00 ] ::1 /BLOG/index.php/Home/simditor-1.0.5/scripts/js/uploader.js
ERR: 无法加载控制器:Simditor-1.0.5

[ 2016-12-28T17:16:29+08:00 ] ::1 /BLOG/index.php/Home/simditor-1.0.5/scripts/js/simditor.js
ERR: 无法加载控制器:Simditor-1.0.5

[ 2016-12-28T17:18:54+08:00 ] ::1 /BLOG/index.php/Home/simditor-1.0.5/styles/font-awesome.css
ERR: 无法加载控制器:Simditor-1.0.5

[ 2016-12-28T17:18:54+08:00 ] ::1 /BLOG/index.php/Home/simditor-1.0.5/styles/simditor.css
ERR: 无法加载控制器:Simditor-1.0.5

[ 2016-12-28T17:18:54+08:00 ] ::1 /BLOG/index.php/Home/simditor-1.0.5/scripts/js/module.js
ERR: 无法加载控制器:Simditor-1.0.5

[ 2016-12-28T17:18:54+08:00 ] ::1 /BLOG/index.php/Home/assets/css/amazeui.min.css
ERR: 无法加载控制器:Assets

[ 2016-12-28T17:18:54+08:00 ] ::1 /BLOG/index.php/Home/simditor-1.0.5/scripts/js/jquery.min.js
ERR: 无法加载控制器:Simditor-1.0.5

[ 2016-12-28T17:18:54+08:00 ] ::1 /BLOG/index.php/Home/simditor-1.0.5/scripts/js/uploader.js
ERR: 无法加载控制器:Simditor-1.0.5

[ 2016-12-28T17:18:54+08:00 ] ::1 /BLOG/index.php/Home/simditor-1.0.5/scripts/js/simditor.js
ERR: 无法加载控制器:Simditor-1.0.5

[ 2016-12-28T17:18:54+08:00 ] ::1 /BLOG/index.php/Home/simditor-1.0.5/scripts/js/module.js
ERR: 无法加载控制器:Simditor-1.0.5

[ 2016-12-28T17:18:54+08:00 ] ::1 /BLOG/index.php/Home/simditor-1.0.5/scripts/js/uploader.js
ERR: 无法加载控制器:Simditor-1.0.5

[ 2016-12-28T17:18:54+08:00 ] ::1 /BLOG/index.php/Home/simditor-1.0.5/scripts/js/simditor.js
ERR: 无法加载控制器:Simditor-1.0.5

[ 2016-12-28T17:19:36+08:00 ] ::1 /BLOG/index.php/Home/simditor-1.0.5/styles/simditor.css
ERR: 无法加载控制器:Simditor-1.0.5

[ 2016-12-28T17:19:36+08:00 ] ::1 /BLOG/index.php/Home/simditor-1.0.5/styles/font-awesome.css
ERR: 无法加载控制器:Simditor-1.0.5

[ 2016-12-28T17:19:36+08:00 ] ::1 /BLOG/index.php/Home/assets/css/amazeui.min.css
ERR: 无法加载控制器:Assets

[ 2016-12-28T17:19:37+08:00 ] ::1 /BLOG/index.php/Home/simditor-1.0.5/styles/simditor.css
ERR: 无法加载控制器:Simditor-1.0.5

[ 2016-12-28T17:19:37+08:00 ] ::1 /BLOG/index.php/Home/assets/css/amazeui.min.css
ERR: 无法加载控制器:Assets

[ 2016-12-28T17:19:37+08:00 ] ::1 /BLOG/index.php/Home/simditor-1.0.5/styles/font-awesome.css
ERR: 无法加载控制器:Simditor-1.0.5

[ 2016-12-28T17:19:49+08:00 ] ::1 /BLOG/index.php/Home/simditor-1.0.5/styles/font-awesome.css
ERR: 无法加载控制器:Simditor-1.0.5

[ 2016-12-28T17:19:49+08:00 ] ::1 /BLOG/index.php/Home/simditor-1.0.5/styles/simditor.css
ERR: 无法加载控制器:Simditor-1.0.5

[ 2016-12-28T17:19:49+08:00 ] ::1 /BLOG/index.php/Home/assets/css/amazeui.min.css
ERR: 无法加载控制器:Assets

[ 2016-12-28T17:46:30+08:00 ] ::1 /BLOG/index.php/Home/write_blog.php
ERR: 无法加载控制器:Write_blog.php

[ 2016-12-28T17:48:20+08:00 ] ::1 /BLOG/index.php/Home/write_blog.php
ERR: 无法加载控制器:Write_blog.php

[ 2016-12-28T17:48:22+08:00 ] ::1 /BLOG/index.php/Home/write_blog.php
ERR: 无法加载控制器:Write_blog.php

[ 2016-12-28T17:48:48+08:00 ] ::1 /BLOG/index.php/Home/Write/lst.html
ERR: 非法操作:lst

[ 2016-12-28T17:48:56+08:00 ] ::1 /BLOG/index.php/Home/Write/lst.html
ERR: 非法操作:lst

[ 2016-12-28T17:54:39+08:00 ] ::1 /BLOG/index.php/Home/Article/index/id/assets/js/amazeui.min.js
ERR: 1054:Unknown column 'assets' in 'where clause'
 [ SQL语句 ] : SELECT * FROM `ykt_article` WHERE ( id<assets ) ORDER BY id desc LIMIT 1  

[ 2016-12-28T17:54:39+08:00 ] ::1 /BLOG/index.php/Home/Article/index/id/assets/js/jquery.min.js
ERR: 1054:Unknown column 'assets' in 'where clause'
 [ SQL语句 ] : SELECT * FROM `ykt_article` WHERE ( id<assets ) ORDER BY id desc LIMIT 1  

[ 2016-12-28T17:54:39+08:00 ] ::1 /BLOG/index.php/Home/Article/index/id/assets/js/amazeui.min.js
ERR: 1054:Unknown column 'assets' in 'where clause'
 [ SQL语句 ] : SELECT * FROM `ykt_article` WHERE ( id<assets ) ORDER BY id desc LIMIT 1  

[ 2016-12-28T20:09:18+08:00 ] ::1 /BLOG/index.php/Home/Article/index/id/assets/js/jquery.min.js
ERR: 1054:Unknown column 'assets' in 'where clause'
 [ SQL语句 ] : SELECT * FROM `ykt_article` WHERE ( id<assets ) ORDER BY id desc LIMIT 1  

[ 2016-12-28T20:09:18+08:00 ] ::1 /BLOG/index.php/Home/Article/index/id/assets/js/amazeui.min.js
ERR: 1054:Unknown column 'assets' in 'where clause'
 [ SQL语句 ] : SELECT * FROM `ykt_article` WHERE ( id<assets ) ORDER BY id desc LIMIT 1  

[ 2016-12-28T20:09:23+08:00 ] ::1 /BLOG/index.php/Home/Article/index/id/assets/js/jquery.min.js
ERR: 1054:Unknown column 'assets' in 'where clause'
 [ SQL语句 ] : SELECT * FROM `ykt_article` WHERE ( id<assets ) ORDER BY id desc LIMIT 1  

[ 2016-12-28T20:09:23+08:00 ] ::1 /BLOG/index.php/Home/Article/index/id/assets/js/amazeui.min.js
ERR: 1054:Unknown column 'assets' in 'where clause'
 [ SQL语句 ] : SELECT * FROM `ykt_article` WHERE ( id<assets ) ORDER BY id desc LIMIT 1  

[ 2016-12-28T21:07:56+08:00 ] ::1 /BLOG/index.php/Home/i
ERR: 无法加载控制器:I

