[ 2016-12-18T10:15:11+08:00 ] ::1 /ykt/thinkphp/index/admin
ERR: 无法加载模块:Index

[ 2016-12-18T12:09:17+08:00 ] ::1 /YKT/thinkphp/Application/Admin/Public/simditor-1.0.5/scripts/hotkeys.min.js
ERR: 无法加载模块:Application

[ 2016-12-18T12:09:17+08:00 ] ::1 /YKT/thinkphp/Application/Admin/Public/simditor-1.0.5/scripts/simditor.min.js
ERR: 无法加载模块:Application

[ 2016-12-18T12:09:17+08:00 ] ::1 /YKT/thinkphp/Application/Admin/Public/simditor-1.0.5/scripts/module.min.js
ERR: 无法加载模块:Application

[ 2016-12-18T12:09:17+08:00 ] ::1 /YKT/thinkphp/Application/Admin/Public/simditor-1.0.5/scripts/uploader.min.js
ERR: 无法加载模块:Application

[ 2016-12-18T12:09:17+08:00 ] ::1 /YKT/thinkphp/Application/Admin/Public/simditor-1.0.5/scripts/jquery.min.js
ERR: 无法加载模块:Application

[ 2016-12-18T12:09:18+08:00 ] ::1 /YKT/thinkphp/Application/Admin/Public/simditor-1.0.5/scripts/module.min.js
ERR: 无法加载模块:Application

[ 2016-12-18T12:09:18+08:00 ] ::1 /YKT/thinkphp/Application/Admin/Public/simditor-1.0.5/scripts/hotkeys.min.js
ERR: 无法加载模块:Application

[ 2016-12-18T12:09:18+08:00 ] ::1 /YKT/thinkphp/Application/Admin/Public/simditor-1.0.5/scripts/uploader.min.js
ERR: 无法加载模块:Application

[ 2016-12-18T12:09:18+08:00 ] ::1 /YKT/thinkphp/Application/Admin/Public/simditor-1.0.5/scripts/simditor.min.js
ERR: 无法加载模块:Application

[ 2016-12-18T12:09:20+08:00 ] ::1 /YKT/thinkphp/Application/Admin/Public/simditor-1.0.5/scripts/module.min.js
ERR: 无法加载模块:Application

[ 2016-12-18T12:09:20+08:00 ] ::1 /YKT/thinkphp/Application/Admin/Public/simditor-1.0.5/scripts/simditor.min.js
ERR: 无法加载模块:Application

[ 2016-12-18T12:09:20+08:00 ] ::1 /YKT/thinkphp/Application/Admin/Public/simditor-1.0.5/scripts/hotkeys.min.js
ERR: 无法加载模块:Application

[ 2016-12-18T12:09:20+08:00 ] ::1 /YKT/thinkphp/Application/Admin/Public/simditor-1.0.5/scripts/jquery.min.js
ERR: 无法加载模块:Application

[ 2016-12-18T12:09:20+08:00 ] ::1 /YKT/thinkphp/Application/Admin/Public/simditor-1.0.5/scripts/uploader.min.js
ERR: 无法加载模块:Application

[ 2016-12-18T12:09:20+08:00 ] ::1 /YKT/thinkphp/Application/Admin/Public/simditor-1.0.5/scripts/module.min.js
ERR: 无法加载模块:Application

[ 2016-12-18T12:09:20+08:00 ] ::1 /YKT/thinkphp/Application/Admin/Public/simditor-1.0.5/scripts/hotkeys.min.js
ERR: 无法加载模块:Application

[ 2016-12-18T12:09:20+08:00 ] ::1 /YKT/thinkphp/Application/Admin/Public/simditor-1.0.5/scripts/uploader.min.js
ERR: 无法加载模块:Application

[ 2016-12-18T12:09:20+08:00 ] ::1 /YKT/thinkphp/Application/Admin/Public/simditor-1.0.5/scripts/simditor.min.js
ERR: 无法加载模块:Application

[ 2016-12-18T12:17:21+08:00 ] ::1 /YKT/thinkphp/Application/Admin/Public/simditor-1.0.5/scripts/jquery.min.js
ERR: 无法加载模块:Application

[ 2016-12-18T12:17:21+08:00 ] ::1 /YKT/thinkphp/Application/Admin/Public/simditor-1.0.5/scripts/module.min.js
ERR: 无法加载模块:Application

[ 2016-12-18T12:17:21+08:00 ] ::1 /YKT/thinkphp/Application/Admin/Public/simditor-1.0.5/scripts/hotkeys.min.js
ERR: 无法加载模块:Application

[ 2016-12-18T12:17:21+08:00 ] ::1 /YKT/thinkphp/Application/Admin/Public/simditor-1.0.5/scripts/uploader.min.js
ERR: 无法加载模块:Application

[ 2016-12-18T12:17:21+08:00 ] ::1 /YKT/thinkphp/Application/Admin/Public/simditor-1.0.5/scripts/simditor.min.js
ERR: 无法加载模块:Application

[ 2016-12-18T12:29:30+08:00 ] ::1 /YKT/thinkphp/Application/Admin/Public/ueditor/ueditor.config.js
ERR: 无法加载模块:Application

[ 2016-12-18T12:29:31+08:00 ] ::1 /YKT/thinkphp/Application/Admin/Public/ueditor/ueditor.all.min.js
ERR: 无法加载模块:Application

[ 2016-12-18T12:29:31+08:00 ] ::1 /YKT/thinkphp/Application/Admin/Public/ueditor/ueditor-cn/zh-cn.js
ERR: 无法加载模块:Application

[ 2016-12-18T12:31:11+08:00 ] ::1 /YKT/thinkphp/Application/Admin/Public/ueditor/ueditor.config.js
ERR: 无法加载模块:Application


[ 2016-12-18T12:31:11+08:00 ] ::1 /YKT/thinkphp/Application/Admin/Public/ueditor/ueditor.all.min.js
ERR: 无法加载模块:Application

[ 2016-12-18T12:31:11+08:00 ] ::1 /YKT/thinkphp/Application/Admin/Public/ueditor/ueditor-cn/zh-cn.js
ERR: 无法加载模块:Application

[ 2016-12-18T12:31:46+08:00 ] ::1 /YKT/thinkphp/Application/Admin/Public/ueditor/ueditor-cn/zh-cn.js
ERR: 无法加载模块:Application

[ 2016-12-18T12:31:47+08:00 ] ::1 /YKT/thinkphp/Application/Admin/Public/ueditor/ueditor-cn/zh-cn.js
ERR: 无法加载模块:Application

[ 2016-12-18T12:31:47+08:00 ] ::1 /YKT/thinkphp/Application/Admin/Public/ueditor/ueditor-cn/zh-cn.js
ERR: 无法加载模块:Application

[ 2016-12-18T12:31:48+08:00 ] ::1 /YKT/thinkphp/Application/Admin/Public/ueditor/ueditor-cn/zh-cn.js
ERR: 无法加载模块:Application

[ 2016-12-18T12:31:48+08:00 ] ::1 /YKT/thinkphp/Application/Admin/Public/ueditor/ueditor-cn/zh-cn.js
ERR: 无法加载模块:Application

[ 2016-12-18T12:31:59+08:00 ] ::1 /YKT/thinkphp/Application/Admin/Public/ueditor/ueditor-cn/zh-cn.js
ERR: 无法加载模块:Application

[ 2016-12-18T12:40:12+08:00 ] ::1 /YKT/thinkphp/Application/Admin/Public/ueditor/ueditor-cn/zh-cn.js
ERR: 无法加载模块:Application

[ 2016-12-18T12:45:52+08:00 ] ::1 /YKT/thinkphp/Application/Admin/Public/ueditor/ueditor-cn/zh-cn.js
ERR: 无法加载模块:Application

[ 2016-12-18T12:46:36+08:00 ] ::1 /YKT/thinkphp/Application/Admin/Public/ueditor/ueditor-cn/zh-cn.js
ERR: 无法加载模块:Application

[ 2016-12-18T15:01:01+08:00 ] ::1 /YKT/thinkphp/Application/Admin/Public/ueditor/ueditor-cn/zh-cn.js
ERR: 无法加载模块:Application

[ 2016-12-18T15:19:29+08:00 ] ::1 /YKT/thinkphp/Application/Admin/Public/ueditor/ueditor-cn/zh-cn.js
ERR: 无法加载模块:Application

[ 2016-12-18T15:58:06+08:00 ] ::1 /YKT/thinkphp/Application/Admin/Public/ueditor/ueditor-cn/zh-cn.js
ERR: 无法加载模块:Application

[ 2016-12-18T15:58:58+08:00 ] ::1 /YKT/thinkphp/Application/Admin/Public/ueditor/ueditor-cn/zh-cn.js
ERR: 无法加载模块:Application

[ 2016-12-18T16:00:28+08:00 ] ::1 /YKT/thinkphp/Application/Admin/Public/ueditor/ueditor-cn/zh-cn.js
ERR: 无法加载模块:Application

[ 2016-12-18T16:11:38+08:00 ] ::1 /YKT/thinkphp/Application/Admin/Public/ueditor/ueditor-cn/zh-cn.js
ERR: 无法加载模块:Application

[ 2016-12-18T16:12:05+08:00 ] ::1 /YKT/thinkphp/Application/Admin/Public/ueditor/ueditor-cn/zh-cn.js
ERR: 无法加载模块:Application

[ 2016-12-18T16:12:14+08:00 ] ::1 /YKT/thinkphp/Application/Admin/Public/ueditor/ueditor-cn/zh-cn.js
ERR: 无法加载模块:Application

[ 2016-12-18T16:12:16+08:00 ] ::1 /YKT/thinkphp/Application/Admin/Public/ueditor/ueditor-cn/zh-cn.js
ERR: 无法加载模块:Application

[ 2016-12-18T16:13:14+08:00 ] ::1 /YKT/thinkphp/Application/Admin/Public/ueditor/ueditor-cn/zh-cn.js
ERR: 无法加载模块:Application

[ 2016-12-18T16:13:25+08:00 ] ::1 /YKT/thinkphp/Application/Admin/Public/ueditor/ueditor-cn/zh-cn.js
ERR: 无法加载模块:Application

[ 2016-12-18T16:14:09+08:00 ] ::1 /YKT/thinkphp/Application/Admin/Public/ueditor/ueditor-cn/zh-cn.js
ERR: 无法加载模块:Application

[ 2016-12-18T16:14:50+08:00 ] ::1 /YKT/thinkphp/Application/Admin/Public/ueditor/ueditor-cn/zh-cn.js
ERR: 无法加载模块:Application

[ 2016-12-18T16:17:02+08:00 ] ::1 /YKT/thinkphp/Application/Admin/Public/ueditor/ueditor-cn/zh-cn.js
ERR: 无法加载模块:Application

[ 2016-12-18T16:17:27+08:00 ] ::1 /YKT/thinkphp/Application/Admin/Public/ueditor/ueditor-cn/zh-cn.js
ERR: 无法加载模块:Application

[ 2016-12-18T16:18:16+08:00 ] ::1 /YKT/thinkphp/Application/Admin/Public/ueditor/ueditor-cn/zh-cn.js
ERR: 无法加载模块:Application

[ 2016-12-18T16:21:35+08:00 ] ::1 /YKT/thinkphp/Application/Admin/Public/ueditor/ueditor-cn/zh-cn.js
ERR: 无法加载模块:Application

[ 2016-12-18T16:21:45+08:00 ] ::1 /YKT/thinkphp/Application/Admin/Public/ueditor/ueditor-cn/zh-cn.js
ERR: 无法加载模块:Application

[ 2016-12-18T16:21:59+08:00 ] ::1 /YKT/thinkphp/Application/Admin/Public/ueditor/ueditor-cn/zh-cn.js
ERR: 无法加载模块:Application

[ 2016-12-18T16:21:59+08:00 ] ::1 /YKT/thinkphp/Application/Admin/Public/ueditor/ueditor-cn/zh-cn.js
ERR: 无法加载模块:Application

[ 2016-12-18T16:22:39+08:00 ] ::1 /YKT/thinkphp/Application/Admin/Public/ueditor/ueditor-cn/zh-cn.js
ERR: 无法加载模块:Application

[ 2016-12-18T16:26:03+08:00 ] ::1 /YKT/thinkphp/Application/Admin/Public/ueditor/ueditor-cn/zh-cn.js
ERR: 无法加载模块:Application

[ 2016-12-18T16:29:18+08:00 ] ::1 /YKT/thinkphp/Application/Admin/Public/ueditor/ueditor-cn/zh-cn.js
ERR: 无法加载模块:Application

[ 2016-12-18T16:29:36+08:00 ] ::1 /YKT/thinkphp/Application/Admin/Public/ueditor/ueditor-cn/zh-cn.js
ERR: 无法加载模块:Application

[ 2016-12-18T16:37:53+08:00 ] ::1 /YKT/thinkphp/Application/Admin/Public/ueditor/ueditor-cn/zh-cn.js
ERR: 无法加载模块:Application

[ 2016-12-18T16:38:01+08:00 ] ::1 /YKT/thinkphp/Application/Admin/Public/ueditor/ueditor-cn/zh-cn.js
ERR: 无法加载模块:Application

[ 2016-12-18T16:39:57+08:00 ] ::1 /YKT/thinkphp/Application/Admin/Public/ueditor/ueditor-cn/zh-cn.js
ERR: 无法加载模块:Application

[ 2016-12-18T16:53:10+08:00 ] ::1 /YKT/thinkphp/Application/Admin/Public/ueditor/ueditor-cn/zh-cn.js
ERR: 无法加载模块:Application

