[ 2016-12-27T09:59:43+08:00 ] ::1 /ykt/thinkphp/index.php/style/jquery.min.js
ERR: 无法加载模块:Style

[ 2016-12-27T09:59:43+08:00 ] ::1 /ykt/thinkphp/Public/images/logo.png
ERR: 无法加载模块:Public

[ 2016-12-27T09:59:43+08:00 ] ::1 /ykt/thinkphp/Public/style/img/share.png
ERR: 无法加载模块:Public

[ 2016-12-27T14:21:56+08:00 ] ::1 /YKT/thinkphp/style/jquery.min.js
ERR: 无法加载模块:Style

[ 2016-12-27T14:21:56+08:00 ] ::1 /YKT/thinkphp/Public/images/logo.png
ERR: 无法加载模块:Public

[ 2016-12-27T14:21:56+08:00 ] ::1 /YKT/thinkphp/Public/style/img/share.png
ERR: 无法加载模块:Public

[ 2016-12-27T14:21:57+08:00 ] ::1 /YKT/thinkphp/style/jquery.min.js
ERR: 无法加载模块:Style

[ 2016-12-27T14:24:15+08:00 ] ::1 /YKT/thinkphp/Application/Admin/Public/ueditor/ueditor-cn/zh-cn.js
ERR: 无法加载模块:Application

[ 2016-12-27T14:24:37+08:00 ] ::1 /YKT/thinkphp/Application/Admin/Public/ueditor/ueditor-cn/zh-cn.js
ERR: 无法加载模块:Application

[ 2016-12-27T14:26:08+08:00 ] ::1 /YKT/thinkphp/Application/Admin/Public/ueditor/ueditor-cn/zh-cn.js
ERR: 无法加载模块:Application

[ 2016-12-27T14:26:13+08:00 ] ::1 /YKT/thinkphp/Application/Admin/Public/ueditor/ueditor-cn/zh-cn.js
ERR: 无法加载模块:Application

[ 2016-12-27T14:26:29+08:00 ] ::1 /YKT/thinkphp/Application/Admin/Public/ueditor/ueditor-cn/zh-cn.js
ERR: 无法加载模块:Application

[ 2016-12-27T14:27:28+08:00 ] ::1 /YKT/thinkphp/Application/Admin/Public/ueditor/ueditor-cn/zh-cn.js
ERR: 无法加载模块:Application

[ 2016-12-27T14:27:31+08:00 ] ::1 /YKT/thinkphp/Application/Admin/Public/ueditor/ueditor-cn/zh-cn.js
ERR: 无法加载模块:Application

[ 2016-12-27T14:27:34+08:00 ] ::1 /YKT/thinkphp/Application/Admin/Public/ueditor/ueditor-cn/zh-cn.js
ERR: 无法加载模块:Application

[ 2016-12-27T14:28:53+08:00 ] ::1 /YKT/thinkphp/Application/Admin/Public/ueditor/ueditor-cn/zh-cn.js
ERR: 无法加载模块:Application

[ 2016-12-27T14:31:54+08:00 ] ::1 /YKT/thinkphp/Application/Admin/Public/ueditor/ueditor-cn/zh-cn.js
ERR: 无法加载模块:Application

[ 2016-12-27T14:32:32+08:00 ] ::1 /YKT/thinkphp/Application/Admin/Public/ueditor/ueditor-cn/zh-cn.js
ERR: 无法加载模块:Application

[ 2016-12-27T14:32:35+08:00 ] ::1 /YKT/thinkphp/Application/Admin/Public/ueditor/ueditor-cn/zh-cn.js
ERR: 无法加载模块:Application

[ 2016-12-27T14:32:41+08:00 ] ::1 /YKT/thinkphp/Application/Admin/Public/ueditor/ueditor-cn/zh-cn.js
ERR: 无法加载模块:Application

[ 2016-12-27T14:32:46+08:00 ] ::1 /YKT/thinkphp/Application/Admin/Public/ueditor/ueditor-cn/zh-cn.js
ERR: 无法加载模块:Application

[ 2016-12-27T14:33:47+08:00 ] ::1 /YKT/thinkphp/Application/Admin/Public/ueditor/ueditor-cn/zh-cn.js
ERR: 无法加载模块:Application

[ 2016-12-27T14:34:59+08:00 ] ::1 /YKT/thinkphp/Application/Admin/Public/ueditor/ueditor-cn/zh-cn.js
ERR: 无法加载模块:Application

[ 2016-12-27T14:35:11+08:00 ] ::1 /YKT/thinkphp/Application/Admin/Public/ueditor/ueditor-cn/zh-cn.js
ERR: 无法加载模块:Application

[ 2016-12-27T14:36:31+08:00 ] ::1 /YKT/thinkphp/Application/Admin/Public/ueditor/ueditor-cn/zh-cn.js
ERR: 无法加载模块:Application

[ 2016-12-27T14:36:34+08:00 ] ::1 /YKT/thinkphp/Application/Admin/Public/ueditor/ueditor-cn/zh-cn.js
ERR: 无法加载模块:Application

[ 2016-12-27T14:36:38+08:00 ] ::1 /YKT/thinkphp/Application/Admin/Public/ueditor/ueditor-cn/zh-cn.js
ERR: 无法加载模块:Application

[ 2016-12-27T14:36:45+08:00 ] ::1 /YKT/thinkphp/Application/Admin/Public/ueditor/ueditor-cn/zh-cn.js
ERR: 无法加载模块:Application

[ 2016-12-27T14:36:58+08:00 ] ::1 /YKT/thinkphp/Application/Admin/Public/ueditor/ueditor-cn/zh-cn.js
ERR: 无法加载模块:Application

[ 2016-12-27T14:37:50+08:00 ] ::1 /YKT/thinkphp/index.php/style/jquery.min.js
ERR: 无法加载模块:Style

[ 2016-12-27T14:37:50+08:00 ] ::1 /YKT/thinkphp/Public/images/logo.png
ERR: 无法加载模块:Public

[ 2016-12-27T14:37:50+08:00 ] ::1 /YKT/thinkphp/Public/style/img/share.png
ERR: 无法加载模块:Public

[ 2016-12-27T14:37:56+08:00 ] ::1 /YKT/thinkphp/style/jquery.min.js
ERR: 无法加载模块:Style

[ 2016-12-27T14:37:56+08:00 ] ::1 /YKT/thinkphp/Public/images/logo.png
ERR: 无法加载模块:Public

[ 2016-12-27T14:37:56+08:00 ] ::1 /YKT/thinkphp/Public/style/img/share.png
ERR: 无法加载模块:Public

[ 2016-12-27T14:37:56+08:00 ] ::1 /YKT/thinkphp/style/jquery.min.js
ERR: 无法加载模块:Style

[ 2016-12-27T14:38:37+08:00 ] ::1 /YKT/thinkphp/style/jquery.min.js
ERR: 无法加载模块:Style

[ 2016-12-27T14:38:37+08:00 ] ::1 /YKT/thinkphp/Public/images/logo.png
ERR: 无法加载模块:Public

[ 2016-12-27T14:38:37+08:00 ] ::1 /YKT/thinkphp/Public/style/img/share.png
ERR: 无法加载模块:Public

[ 2016-12-27T14:38:51+08:00 ] ::1 /YKT/thinkphp/Public/images/logo.png
ERR: 无法加载模块:Public

[ 2016-12-27T14:38:51+08:00 ] ::1 /YKT/thinkphp/index.php/style/jquery.min.js
ERR: 无法加载模块:Style

[ 2016-12-27T14:38:51+08:00 ] ::1 /YKT/thinkphp/Public/style/img/share.png
ERR: 无法加载模块:Public

[ 2016-12-27T14:39:23+08:00 ] ::1 /YKT/thinkphp/Public/images/logo.png
ERR: 无法加载模块:Public

[ 2016-12-27T14:39:23+08:00 ] ::1 /YKT/thinkphp/index.php/style/jquery.min.js
ERR: 无法加载模块:Style

[ 2016-12-27T14:39:23+08:00 ] ::1 /YKT/thinkphp/Public/style/img/share.png
ERR: 无法加载模块:Public

[ 2016-12-27T14:41:35+08:00 ] ::1 /YKT/thinkphp/Application/Admin/Public/ueditor/ueditor-cn/zh-cn.js
ERR: 无法加载模块:Application

[ 2016-12-27T14:41:56+08:00 ] ::1 /YKT/thinkphp/Application/Admin/Public/ueditor/ueditor-cn/zh-cn.js
ERR: 无法加载模块:Application

[ 2016-12-27T14:42:06+08:00 ] ::1 /YKT/thinkphp/index.php/style/jquery.min.js
ERR: 无法加载模块:Style

[ 2016-12-27T14:42:06+08:00 ] ::1 /YKT/thinkphp/Public/images/logo.png
ERR: 无法加载模块:Public

[ 2016-12-27T14:42:06+08:00 ] ::1 /YKT/thinkphp/Public/style/img/share.png
ERR: 无法加载模块:Public

[ 2016-12-27T14:42:10+08:00 ] ::1 /YKT/thinkphp/Application/Admin/Public/ueditor/ueditor-cn/zh-cn.js
ERR: 无法加载模块:Application

[ 2016-12-27T14:47:47+08:00 ] ::1 /YKT/thinkphp/Application/Admin/Public/ueditor/ueditor-cn/zh-cn.js
ERR: 无法加载模块:Application

[ 2016-12-27T14:52:34+08:00 ] ::1 /YKT/thinkphp/index.php/style/jquery.min.js
ERR: 无法加载模块:Style

[ 2016-12-27T14:52:34+08:00 ] ::1 /YKT/thinkphp/Public/images/logo.png
ERR: 无法加载模块:Public

[ 2016-12-27T14:52:34+08:00 ] ::1 /YKT/thinkphp/Public/style/img/share.png
ERR: 无法加载模块:Public

[ 2016-12-27T14:55:10+08:00 ] ::1 /YKT/thinkphp/index.php/style/jquery.min.js
ERR: 无法加载模块:Style

[ 2016-12-27T14:55:10+08:00 ] ::1 /YKT/thinkphp/Public/images/logo.png
ERR: 无法加载模块:Public

[ 2016-12-27T14:55:10+08:00 ] ::1 /YKT/thinkphp/Public/style/img/share.png
ERR: 无法加载模块:Public

[ 2016-12-27T14:55:12+08:00 ] ::1 /YKT/thinkphp/Public/images/logo.png
ERR: 无法加载模块:Public

[ 2016-12-27T14:55:12+08:00 ] ::1 /YKT/thinkphp/Public/style/img/share.png
ERR: 无法加载模块:Public

[ 2016-12-27T14:55:17+08:00 ] ::1 /YKT/thinkphp/Public/images/logo.png
ERR: 无法加载模块:Public

[ 2016-12-27T14:55:17+08:00 ] ::1 /YKT/thinkphp/Public/style/img/share.png
ERR: 无法加载模块:Public

[ 2016-12-27T14:55:30+08:00 ] ::1 /YKT/thinkphp/Public/images/logo.png
ERR: 无法加载模块:Public

[ 2016-12-27T14:55:30+08:00 ] ::1 /YKT/thinkphp/Public/style/img/share.png
ERR: 无法加载模块:Public

[ 2016-12-27T14:55:40+08:00 ] ::1 /YKT/thinkphp/Application/Admin/Public/ueditor/ueditor-cn/zh-cn.js
ERR: 无法加载模块:Application

[ 2016-12-27T14:56:16+08:00 ] ::1 /YKT/thinkphp/Public/images/logo.png
ERR: 无法加载模块:Public

[ 2016-12-27T14:56:16+08:00 ] ::1 /YKT/thinkphp/Public/style/img/share.png
ERR: 无法加载模块:Public

[ 2016-12-27T14:57:24+08:00 ] ::1 /YKT/thinkphp/Public/images/logo.png
ERR: 无法加载模块:Public

[ 2016-12-27T14:57:24+08:00 ] ::1 /YKT/thinkphp/Public/style/img/share.png
ERR: 无法加载模块:Public

[ 2016-12-27T15:01:07+08:00 ] ::1 /YKT/thinkphp/Public/images/logo.png
ERR: 无法加载模块:Public

[ 2016-12-27T15:01:07+08:00 ] ::1 /YKT/thinkphp/Public/style/img/share.png
ERR: 无法加载模块:Public

[ 2016-12-27T15:06:01+08:00 ] ::1 /BLOG/style/jquery.min.js
ERR: 无法加载模块:Style

[ 2016-12-27T15:06:01+08:00 ] ::1 /BLOG/Public/images/logo.png
ERR: 无法加载模块:Public

[ 2016-12-27T15:06:01+08:00 ] ::1 /BLOG/Public/style/img/share.png
ERR: 无法加载模块:Public

[ 2016-12-27T15:55:51+08:00 ] ::1 /BLOG/index.php/assets/js/jquery.min.js
ERR: 无法加载模块:Assets

[ 2016-12-27T15:55:51+08:00 ] ::1 /BLOG/index.php/assets/css/amazeui.min.css
ERR: 无法加载模块:Assets

[ 2016-12-27T15:55:51+08:00 ] ::1 /BLOG/index.php/assets/js/amazeui.min.js
ERR: 无法加载模块:Assets

[ 2016-12-27T15:55:52+08:00 ] ::1 /BLOG/index.php/assets/i/favicon.png
ERR: 无法加载模块:Assets

[ 2016-12-27T15:56:28+08:00 ] ::1 /BLOG/Publicassets/css/amazeui.min.css
ERR: 无法加载模块:Publicassets

[ 2016-12-27T15:56:28+08:00 ] ::1 /BLOG/index.php/assets/js/amazeui.min.js
ERR: 无法加载模块:Assets

[ 2016-12-27T15:56:28+08:00 ] ::1 /BLOG/index.php/assets/js/jquery.min.js
ERR: 无法加载模块:Assets

[ 2016-12-27T15:56:28+08:00 ] ::1 /BLOG/index.php/assets/js/amazeui.min.js
ERR: 无法加载模块:Assets

[ 2016-12-27T15:56:40+08:00 ] ::1 /BLOG/Public/assets/css/amazeui.min.css
ERR: 无法加载模块:Public

[ 2016-12-27T15:56:40+08:00 ] ::1 /BLOG/index.php/assets/js/jquery.min.js
ERR: 无法加载模块:Assets

[ 2016-12-27T15:56:40+08:00 ] ::1 /BLOG/index.php/assets/js/amazeui.min.js
ERR: 无法加载模块:Assets

[ 2016-12-27T15:56:55+08:00 ] ::1 /BLOG/Public/assets/css/amazeui.min.css
ERR: 无法加载模块:Public

[ 2016-12-27T16:03:24+08:00 ] ::1 /BLOG/Public/assets/js/jquery.min.js
ERR: 无法加载模块:Public

[ 2016-12-27T16:03:24+08:00 ] ::1 /BLOG/Public/assets/js/jquery.min.js
ERR: 无法加载模块:Public

[ 2016-12-27T16:03:40+08:00 ] ::1 /BLOG/Public/assets/js/jquery.min.js
ERR: 无法加载模块:Public

[ 2016-12-27T16:04:28+08:00 ] ::1 /BLOG/Public/assets/js/jquery.min.js
ERR: 无法加载模块:Public

[ 2016-12-27T16:04:28+08:00 ] ::1 /BLOG/Public/assets/js/jquery.min.js
ERR: 无法加载模块:Public

[ 2016-12-27T16:06:22+08:00 ] ::1 /BLOG/Public/assets/js/jquery.min.js
ERR: 无法加载模块:Public

[ 2016-12-27T16:09:35+08:00 ] ::1 /BLOG/Publicassets/css/amazeui.min.css
ERR: 无法加载模块:Publicassets

[ 2016-12-27T16:10:16+08:00 ] ::1 /BLOG/Publicassets/js/amazeui.min.js
ERR: 无法加载模块:Publicassets

[ 2016-12-27T16:10:16+08:00 ] ::1 /BLOG/Publicassets/js/jquery.min.js
ERR: 无法加载模块:Publicassets

[ 2016-12-27T16:10:16+08:00 ] ::1 /BLOG/Publicassets/css/amazeui.min.css
ERR: 无法加载模块:Publicassets

[ 2016-12-27T16:10:16+08:00 ] ::1 /BLOG/Publicassets/js/amazeui.min.js
ERR: 无法加载模块:Publicassets

[ 2016-12-27T16:10:31+08:00 ] ::1 /BLOG/Public/assets/js/jquery.min.js
ERR: 无法加载模块:Public

[ 2016-12-27T16:12:46+08:00 ] ::1 /BLOG/Publicassets/css/amazeui.min.css
ERR: 无法加载模块:Publicassets

[ 2016-12-27T16:14:11+08:00 ] ::1 /BLOG/Public/assets/js/jquery.min.js
ERR: 无法加载模块:Public

[ 2016-12-27T16:20:23+08:00 ] ::1 /BLOG/Public/assets/js/jquery.min.js
ERR: 无法加载模块:Public

[ 2016-12-27T16:20:24+08:00 ] ::1 /BLOG/Public/assets/js/jquery.min.js
ERR: 无法加载模块:Public

[ 2016-12-27T16:21:55+08:00 ] ::1 /BLOG/Public/assets/js/jquery.min.js
ERR: 无法加载模块:Public

[ 2016-12-27T16:22:01+08:00 ] ::1 /BLOG/Public/assets/js/jquery.min.js
ERR: 无法加载模块:Public

[ 2016-12-27T16:22:02+08:00 ] ::1 /BLOG/Public/assets/js/jquery.min.js
ERR: 无法加载模块:Public

[ 2016-12-27T16:22:28+08:00 ] ::1 /BLOG/Public/assets/js/jquery.min.js
ERR: 无法加载模块:Public

[ 2016-12-27T16:23:28+08:00 ] ::1 /BLOG/Public/assets/js/jquery.min.js
ERR: 无法加载模块:Public

[ 2016-12-27T16:24:22+08:00 ] ::1 /BLOG/Public/assets/js/jquery.min.js
ERR: 无法加载模块:Public

[ 2016-12-27T16:24:54+08:00 ] ::1 /BLOG/Public/assets/js/jquery.min.js
ERR: 无法加载模块:Public

[ 2016-12-27T16:26:16+08:00 ] ::1 /BLOG/Public/assets/js/jquery.min.js
ERR: 无法加载模块:Public

[ 2016-12-27T16:26:16+08:00 ] ::1 /BLOG/Public/assets/js/jquery.min.js
ERR: 无法加载模块:Public

[ 2016-12-27T16:29:04+08:00 ] ::1 /BLOG/Public/assets/js/jquery.min.js
ERR: 无法加载模块:Public

[ 2016-12-27T16:29:49+08:00 ] ::1 /BLOG/Public/assets/js/jquery.min.js
ERR: 无法加载模块:Public

[ 2016-12-27T16:29:52+08:00 ] ::1 /BLOG/Public/assets/js/jquery.min.js
ERR: 无法加载模块:Public

[ 2016-12-27T16:29:54+08:00 ] ::1 /BLOG/Public/assets/js/jquery.min.js
ERR: 无法加载模块:Public

[ 2016-12-27T16:30:20+08:00 ] ::1 /BLOG/Public/assets/js/jquery.min.js
ERR: 无法加载模块:Public

[ 2016-12-27T16:31:11+08:00 ] ::1 /BLOG/Public/assets/js/jquery.min.js
ERR: 无法加载模块:Public

[ 2016-12-27T16:31:14+08:00 ] ::1 /BLOG/Public/assets/js/jquery.min.js
ERR: 无法加载模块:Public

[ 2016-12-27T16:32:27+08:00 ] ::1 /BLOG/Public/assets/js/jquery.min.js
ERR: 无法加载模块:Public

[ 2016-12-27T16:32:52+08:00 ] ::1 /BLOG/Public/assets/js/jquery.min.js
ERR: 无法加载模块:Public

[ 2016-12-27T16:42:28+08:00 ] ::1 /BLOG/Public/assets/js/jquery.min.js
ERR: 无法加载模块:Public

[ 2016-12-27T16:43:13+08:00 ] ::1 /BLOG/Public/assets/js/jquery.min.js
ERR: 无法加载模块:Public

[ 2016-12-27T16:46:46+08:00 ] ::1 /BLOG/Public/assets/js/jquery.min.js
ERR: 无法加载模块:Public

[ 2016-12-27T16:46:51+08:00 ] ::1 /BLOG/Public/assets/js/jquery.min.js
ERR: 无法加载模块:Public

[ 2016-12-27T16:46:54+08:00 ] ::1 /BLOG/Public/assets/js/jquery.min.js
ERR: 无法加载模块:Public

[ 2016-12-27T16:46:54+08:00 ] ::1 /BLOG/Public/assets/js/jquery.min.js
ERR: 无法加载模块:Public

[ 2016-12-27T16:46:55+08:00 ] ::1 /BLOG/Public/assets/js/jquery.min.js
ERR: 无法加载模块:Public

[ 2016-12-27T16:46:55+08:00 ] ::1 /BLOG/Public/assets/js/jquery.min.js
ERR: 无法加载模块:Public

[ 2016-12-27T16:47:01+08:00 ] ::1 /BLOG/Public/assets/js/jquery.min.js
ERR: 无法加载模块:Public

[ 2016-12-27T16:47:01+08:00 ] ::1 /BLOG/Public/assets/js/jquery.min.js
ERR: 无法加载模块:Public

[ 2016-12-27T16:47:09+08:00 ] ::1 /BLOG/Public/assets/js/jquery.min.js
ERR: 无法加载模块:Public

[ 2016-12-27T16:47:10+08:00 ] ::1 /BLOG/Public/assets/js/jquery.min.js
ERR: 无法加载模块:Public

[ 2016-12-27T16:47:11+08:00 ] ::1 /BLOG/Public/assets/js/jquery.min.js
ERR: 无法加载模块:Public

[ 2016-12-27T16:47:11+08:00 ] ::1 /BLOG/Public/assets/js/jquery.min.js
ERR: 无法加载模块:Public

[ 2016-12-27T16:47:12+08:00 ] ::1 /BLOG/Public/assets/js/jquery.min.js
ERR: 无法加载模块:Public

[ 2016-12-27T16:50:44+08:00 ] ::1 /BLOG/Public/assets/js/jquery.min.js
ERR: 无法加载模块:Public

[ 2016-12-27T16:50:49+08:00 ] ::1 /BLOG/Public/assets/js/jquery.min.js
ERR: 无法加载模块:Public

[ 2016-12-27T16:50:50+08:00 ] ::1 /BLOG/Public/assets/js/jquery.min.js
ERR: 无法加载模块:Public

[ 2016-12-27T16:50:51+08:00 ] ::1 /BLOG/Public/assets/js/jquery.min.js
ERR: 无法加载模块:Public

[ 2016-12-27T16:50:53+08:00 ] ::1 /BLOG/Public/assets/js/jquery.min.js
ERR: 无法加载模块:Public

[ 2016-12-27T16:53:38+08:00 ] ::1 /BLOG/Public/assets/js/jquery.min.js
ERR: 无法加载模块:Public

[ 2016-12-27T16:53:44+08:00 ] ::1 /BLOG/Public/assets/js/jquery.min.js
ERR: 无法加载模块:Public

[ 2016-12-27T16:54:30+08:00 ] ::1 /BLOG/Public/assets/js/jquery.min.js
ERR: 无法加载模块:Public

[ 2016-12-27T16:55:18+08:00 ] ::1 /BLOG/Public/assets/js/jquery.min.js
ERR: 无法加载模块:Public

[ 2016-12-27T16:55:20+08:00 ] ::1 /BLOG/Public/assets/js/jquery.min.js
ERR: 无法加载模块:Public

[ 2016-12-27T16:56:10+08:00 ] ::1 /BLOG/Public/assets/js/jquery.min.js
ERR: 无法加载模块:Public

[ 2016-12-27T16:56:11+08:00 ] ::1 /BLOG/Public/assets/js/jquery.min.js
ERR: 无法加载模块:Public

[ 2016-12-27T16:56:12+08:00 ] ::1 /BLOG/Public/assets/js/jquery.min.js
ERR: 无法加载模块:Public

[ 2016-12-27T16:57:56+08:00 ] ::1 /BLOG/Public/assets/js/jquery.min.js
ERR: 无法加载模块:Public

[ 2016-12-27T16:57:58+08:00 ] ::1 /BLOG/Public/assets/js/jquery.min.js
ERR: 无法加载模块:Public

[ 2016-12-27T17:00:17+08:00 ] ::1 /BLOG/Public/assets/js/jquery.min.js
ERR: 无法加载模块:Public

[ 2016-12-27T17:00:20+08:00 ] ::1 /BLOG/Public/assets/js/jquery.min.js
ERR: 无法加载模块:Public

[ 2016-12-27T17:01:50+08:00 ] ::1 /BLOG/Public/assets/js/jquery.min.js
ERR: 无法加载模块:Public

[ 2016-12-27T17:01:53+08:00 ] ::1 /BLOG/Public/assets/js/jquery.min.js
ERR: 无法加载模块:Public

[ 2016-12-27T17:03:22+08:00 ] ::1 /BLOG/Public/assets/js/jquery.min.js
ERR: 无法加载模块:Public

[ 2016-12-27T17:04:15+08:00 ] ::1 /BLOG/Public/assets/js/jquery.min.js
ERR: 无法加载模块:Public

[ 2016-12-27T17:05:27+08:00 ] ::1 /BLOG/Public/assets/js/jquery.min.js
ERR: 无法加载模块:Public

[ 2016-12-27T17:05:27+08:00 ] ::1 /BLOG/Public/assets/js/jquery.min.js
ERR: 无法加载模块:Public

[ 2016-12-27T17:07:12+08:00 ] ::1 /BLOG/Public/assets/js/jquery.min.js
ERR: 无法加载模块:Public

[ 2016-12-27T17:08:23+08:00 ] ::1 /BLOG/Public/assets/js/jquery.min.js
ERR: 无法加载模块:Public

[ 2016-12-27T17:10:27+08:00 ] ::1 /BLOG/Public/assets/js/jquery.min.js
ERR: 无法加载模块:Public

[ 2016-12-27T17:10:34+08:00 ] ::1 /BLOG/Public/assets/js/jquery.min.js
ERR: 无法加载模块:Public

[ 2016-12-27T17:10:37+08:00 ] ::1 /BLOG/Public/assets/js/jquery.min.js
ERR: 无法加载模块:Public

[ 2016-12-27T17:10:45+08:00 ] ::1 /BLOG/Public/assets/js/jquery.min.js
ERR: 无法加载模块:Public

[ 2016-12-27T17:10:45+08:00 ] ::1 /BLOG/Public/assets/js/jquery.min.js
ERR: 无法加载模块:Public

[ 2016-12-27T17:14:44+08:00 ] ::1 /BLOG/Public/assets/js/jquery.min.js
ERR: 无法加载模块:Public

[ 2016-12-27T17:15:26+08:00 ] ::1 /BLOG/Public/assets/js/jquery.min.js
ERR: 无法加载模块:Public

[ 2016-12-27T17:15:26+08:00 ] ::1 /BLOG/Public/assets/js/jquery.min.js
ERR: 无法加载模块:Public

[ 2016-12-27T17:16:47+08:00 ] ::1 /BLOG/Public/assets/js/jquery.min.js
ERR: 无法加载模块:Public

[ 2016-12-27T17:17:11+08:00 ] ::1 /BLOG/Public/assets/js/jquery.min.js
ERR: 无法加载模块:Public

[ 2016-12-27T17:17:41+08:00 ] ::1 /BLOG/Public/assets/js/jquery.min.js
ERR: 无法加载模块:Public

[ 2016-12-27T17:19:07+08:00 ] ::1 /BLOG/Public/assets/js/jquery.min.js
ERR: 无法加载模块:Public

[ 2016-12-27T17:19:07+08:00 ] ::1 /BLOG/Public/assets/js/jquery.min.js
ERR: 无法加载模块:Public

[ 2016-12-27T17:19:33+08:00 ] ::1 /BLOG/Public/assets/js/jquery.min.js
ERR: 无法加载模块:Public

[ 2016-12-27T17:19:39+08:00 ] ::1 /BLOG/Public/assets/js/jquery.min.js
ERR: 无法加载模块:Public

[ 2016-12-27T17:20:18+08:00 ] ::1 /BLOG/Public/assets/js/jquery.min.js
ERR: 无法加载模块:Public

[ 2016-12-27T17:20:21+08:00 ] ::1 /BLOG/Public/assets/js/jquery.min.js
ERR: 无法加载模块:Public

[ 2016-12-27T17:20:24+08:00 ] ::1 /BLOG/Public/assets/js/jquery.min.js
ERR: 无法加载模块:Public

[ 2016-12-27T17:20:28+08:00 ] ::1 /BLOG/Public/assets/js/jquery.min.js
ERR: 无法加载模块:Public

[ 2016-12-27T17:22:02+08:00 ] ::1 /BLOG/Public/assets/js/jquery.min.js
ERR: 无法加载模块:Public

[ 2016-12-27T17:22:08+08:00 ] ::1 /BLOG/Public/assets/js/jquery.min.js
ERR: 无法加载模块:Public

[ 2016-12-27T17:23:31+08:00 ] ::1 /BLOG/Public/assets/js/jquery.min.js
ERR: 无法加载模块:Public

[ 2016-12-27T17:23:34+08:00 ] ::1 /BLOG/Public/assets/js/jquery.min.js
ERR: 无法加载模块:Public

[ 2016-12-27T17:23:34+08:00 ] ::1 /BLOG/Public/assets/js/jquery.min.js
ERR: 无法加载模块:Public

[ 2016-12-27T17:24:41+08:00 ] ::1 /BLOG/Public/assets/js/jquery.min.js
ERR: 无法加载模块:Public

[ 2016-12-27T17:24:45+08:00 ] ::1 /BLOG/Public/assets/js/jquery.min.js
ERR: 无法加载模块:Public

[ 2016-12-27T17:24:45+08:00 ] ::1 /BLOG/Public/assets/js/jquery.min.js
ERR: 无法加载模块:Public

[ 2016-12-27T17:25:04+08:00 ] ::1 /BLOG/Public/assets/js/jquery.min.js
ERR: 无法加载模块:Public

[ 2016-12-27T17:25:14+08:00 ] ::1 /BLOG/Public/assets/js/jquery.min.js
ERR: 无法加载模块:Public

[ 2016-12-27T17:25:16+08:00 ] ::1 /BLOG/Public/assets/js/jquery.min.js
ERR: 无法加载模块:Public

[ 2016-12-27T17:25:20+08:00 ] ::1 /BLOG/Public/assets/js/jquery.min.js
ERR: 无法加载模块:Public

[ 2016-12-27T17:26:18+08:00 ] ::1 /BLOG/Public/assets/js/jquery.min.js
ERR: 无法加载模块:Public

[ 2016-12-27T17:26:27+08:00 ] ::1 /BLOG/Public/assets/js/jquery.min.js
ERR: 无法加载模块:Public

[ 2016-12-27T17:26:29+08:00 ] ::1 /BLOG/Public/assets/js/jquery.min.js
ERR: 无法加载模块:Public

[ 2016-12-27T17:27:21+08:00 ] ::1 /BLOG/Public/assets/js/jquery.min.js
ERR: 无法加载模块:Public

[ 2016-12-27T17:29:19+08:00 ] ::1 /BLOG/Public/assets/js/jquery.min.js
ERR: 无法加载模块:Public

[ 2016-12-27T17:31:59+08:00 ] ::1 /BLOG/Public/assets/js/jquery.min.js
ERR: 无法加载模块:Public

[ 2016-12-27T17:34:41+08:00 ] ::1 /BLOG/Public/assets/js/jquery.min.js
ERR: 无法加载模块:Public

[ 2016-12-27T17:34:45+08:00 ] ::1 /BLOG/Public/assets/js/jquery.min.js
ERR: 无法加载模块:Public

[ 2016-12-27T17:36:54+08:00 ] ::1 /BLOG/Public/assets/js/jquery.min.js
ERR: 无法加载模块:Public

[ 2016-12-27T17:39:29+08:00 ] ::1 /BLOG/Public/assets/js/jquery.min.js
ERR: 无法加载模块:Public

[ 2016-12-27T17:39:42+08:00 ] ::1 /BLOG/Public/assets/js/jquery.min.js
ERR: 无法加载模块:Public

[ 2016-12-27T17:40:36+08:00 ] ::1 /BLOG/Public/assets/js/jquery.min.js
ERR: 无法加载模块:Public

[ 2016-12-27T17:45:10+08:00 ] ::1 /BLOG/Public/assets/js/jquery.min.js
ERR: 无法加载模块:Public

[ 2016-12-27T17:48:13+08:00 ] ::1 /BLOG/Public/assets/js/jquery.min.js
ERR: 无法加载模块:Public

[ 2016-12-27T17:49:16+08:00 ] ::1 /BLOG/Public/assets/js/jquery.min.js
ERR: 无法加载模块:Public

[ 2016-12-27T17:49:17+08:00 ] ::1 /BLOG/Public/assets/js/jquery.min.js
ERR: 无法加载模块:Public

[ 2016-12-27T17:49:17+08:00 ] ::1 /BLOG/Public/assets/js/jquery.min.js
ERR: 无法加载模块:Public

[ 2016-12-27T17:49:19+08:00 ] ::1 /BLOG/Public/assets/js/jquery.min.js
ERR: 无法加载模块:Public

[ 2016-12-27T17:49:20+08:00 ] ::1 /BLOG/Public/assets/js/jquery.min.js
ERR: 无法加载模块:Public

[ 2016-12-27T17:49:21+08:00 ] ::1 /BLOG/Public/assets/js/jquery.min.js
ERR: 无法加载模块:Public

[ 2016-12-27T17:49:22+08:00 ] ::1 /BLOG/Public/assets/js/jquery.min.js
ERR: 无法加载模块:Public

