[ 2016-12-19T09:40:11+08:00 ] ::1 /ykt/thinkphp/index.php/index.html
ERR: 无法加载模块:Index

[ 2016-12-19T12:46:49+08:00 ] ::1 /ykt/thinkphp/index.php/style/style.css
ERR: 无法加载模块:Style

s

[ 2016-12-19T12:46:49+08:00 ] ::1 /ykt/thinkphp/index.php/style/jquery.min.js
ERR: 无法加载模块:Style

[ 2016-12-19T12:46:49+08:00 ] ::1 /ykt/thinkphp/index.php/images/znl01160.jpg
ERR: 无法加载模块:Images

[ 2016-12-19T12:46:49+08:00 ] ::1 /ykt/thinkphp/index.php/images/65466160.jpg
ERR: 无法加载模块:Images

[ 2016-12-19T12:46:49+08:00 ] ::1 /ykt/thinkphp/index.php/images/4566160-1.jpg
ERR: 无法加载模块:Images

[ 2016-12-19T12:46:49+08:00 ] ::1 /ykt/thinkphp/index.php/images/968657458160.jpg
ERR: 无法加载模块:Images

[ 2016-12-19T12:46:49+08:00 ] ::1 /ykt/thinkphp/index.php/images/xqq15160.jpg
ERR: 无法加载模块:Images

[ 2016-12-19T12:46:49+08:00 ] ::1 /ykt/thinkphp/index.php/images/xqq13160.jpg
ERR: 无法加载模块:Images

[ 2016-12-19T12:46:49+08:00 ] ::1 /ykt/thinkphp/index.php/images/xqq12160.jpg
ERR: 无法加载模块:Images

[ 2016-12-19T12:46:49+08:00 ] ::1 /ykt/thinkphp/index.php/images/xxqq18160.jpg
ERR: 无法加载模块:Images

[ 2016-12-19T12:46:49+08:00 ] ::1 /ykt/thinkphp/index.php/images/xxqq16160.jpg
ERR: 无法加载模块:Images

[ 2016-12-19T12:46:49+08:00 ] ::1 /ykt/thinkphp/index.php/images/xqq11160.jpg
ERR: 无法加载模块:Images

[ 2016-12-19T12:46:49+08:00 ] ::1 /ykt/thinkphp/index.php/images/gfv05160.jpg
ERR: 无法加载模块:Images

[ 2016-12-19T12:46:49+08:00 ] ::1 /ykt/thinkphp/index.php/images/gfv04160.jpg
ERR: 无法加载模块:Images

[ 2016-12-19T12:46:49+08:00 ] ::1 /ykt/thinkphp/index.php/images/zyx07160.jpg
ERR: 无法加载模块:Images

[ 2016-12-19T12:46:49+08:00 ] ::1 /ykt/thinkphp/index.php/images/xxqq17160.jpg
ERR: 无法加载模块:Images

[ 2016-12-19T12:46:50+08:00 ] ::1 /ykt/thinkphp/index.php/images/4654656160.jpg
ERR: 无法加载模块:Images

[ 2016-12-19T12:46:50+08:00 ] ::1 /ykt/thinkphp/index.php/images/46543160-2.jpg
ERR: 无法加载模块:Images

[ 2016-12-19T12:46:50+08:00 ] ::1 /ykt/thinkphp/index.php/images/znl02160.jpg
ERR: 无法加载模块:Images

[ 2016-12-19T12:46:50+08:00 ] ::1 /ykt/thinkphp/index.php/style/jquery.min.js
ERR: 无法加载模块:Style

[ 2016-12-19T12:48:52+08:00 ] ::1 /ykt/thinkphp/index.php/images/znl02160.jpg
ERR: 无法加载模块:Images

[ 2016-12-19T12:48:52+08:00 ] ::1 /ykt/thinkphp/index.php/images/65466160.jpg
ERR: 无法加载模块:Images

[ 2016-12-19T12:48:52+08:00 ] ::1 /ykt/thinkphp/index.php/images/4654656160.jpg
ERR: 无法加载模块:Images

[ 2016-12-19T12:48:52+08:00 ] ::1 /ykt/thinkphp/index.php/images/xqq15160.jpg
ERR: 无法加载模块:Images

[ 2016-12-19T12:48:52+08:00 ] ::1 /ykt/thinkphp/index.php/style/jquery.min.js
ERR: 无法加载模块:Style

[ 2016-12-19T12:48:52+08:00 ] ::1 /ykt/thinkphp/index.php/images/xqq14160.jpg
ERR: 无法加载模块:Images

[ 2016-12-19T12:48:52+08:00 ] ::1 /ykt/thinkphp/index.php/images/xqq13160.jpg
ERR: 无法加载模块:Images

[ 2016-12-19T12:48:52+08:00 ] ::1 /ykt/thinkphp/index.php/images/znl01160.jpg
ERR: 无法加载模块:Images

[ 2016-12-19T12:48:52+08:00 ] ::1 /ykt/thinkphp/index.php/images/xqq12160.jpg
ERR: 无法加载模块:Images

[ 2016-12-19T12:48:52+08:00 ] ::1 /ykt/thinkphp/index.php/images/xqq11160.jpg
ERR: 无法加载模块:Images

[ 2016-12-19T12:48:52+08:00 ] ::1 /ykt/thinkphp/index.php/images/xxqq18160.jpg
ERR: 无法加载模块:Images

[ 2016-12-19T12:48:52+08:00 ] ::1 /ykt/thinkphp/index.php/images/xxqq17160.jpg
ERR: 无法加载模块:Images

[ 2016-12-19T12:48:52+08:00 ] ::1 /ykt/thinkphp/index.php/images/xxqq16160.jpg
ERR: 无法加载模块:Images

[ 2016-12-19T12:48:52+08:00 ] ::1 /ykt/thinkphp/index.php/images/gfv05160.jpg
ERR: 无法加载模块:Images

[ 2016-12-19T12:48:52+08:00 ] ::1 /ykt/thinkphp/index.php/images/968657458160.jpg
ERR: 无法加载模块:Images

[ 2016-12-19T12:48:52+08:00 ] ::1 /ykt/thinkphp/index.php/images/gfv04160.jpg
ERR: 无法加载模块:Images

[ 2016-12-19T12:48:52+08:00 ] ::1 /ykt/thinkphp/index.php/images/zyx07160.jpg
ERR: 无法加载模块:Images

[ 2016-12-19T12:48:52+08:00 ] ::1 /ykt/thinkphp/index.php/images/znl02160.jpg
ERR: 无法加载模块:Images

[ 2016-12-19T12:48:52+08:00 ] ::1 /ykt/thinkphp/index.php/images/4566160-1.jpg
ERR: 无法加载模块:Images

[ 2016-12-19T12:48:52+08:00 ] ::1 /ykt/thinkphp/Public/style/img/share.png
ERR: 无法加载模块:Public

[ 2016-12-19T12:48:52+08:00 ] ::1 /ykt/thinkphp/Public/images/logo.png
ERR: 无法加载模块:Public

[ 2016-12-19T12:48:52+08:00 ] ::1 /ykt/thinkphp/index.php/images/46543160-2.jpg
ERR: 无法加载模块:Images

[ 2016-12-19T13:01:52+08:00 ] ::1 /ykt/thinkphp/index.php/images/4566160-1.jpg
ERR: 无法加载模块:Images

[ 2016-12-19T13:01:52+08:00 ] ::1 /ykt/thinkphp/index.php/images/znl02160.jpg
ERR: 无法加载模块:Images

[ 2016-12-19T13:01:52+08:00 ] ::1 /ykt/thinkphp/index.php/images/65466160.jpg
ERR: 无法加载模块:Images

[ 2016-12-19T13:01:52+08:00 ] ::1 /ykt/thinkphp/index.php/images/46543160-2.jpg
ERR: 无法加载模块:Images

[ 2016-12-19T13:01:52+08:00 ] ::1 /ykt/thinkphp/index.php/images/968657458160.jpg
ERR: 无法加载模块:Images

[ 2016-12-19T13:01:52+08:00 ] ::1 /ykt/thinkphp/index.php/images/znl01160.jpg
ERR: 无法加载模块:Images

[ 2016-12-19T13:01:52+08:00 ] ::1 /ykt/thinkphp/index.php/images/xqq15160.jpg
ERR: 无法加载模块:Images

[ 2016-12-19T13:01:52+08:00 ] ::1 /ykt/thinkphp/index.php/images/xqq13160.jpg
ERR: 无法加载模块:Images

[ 2016-12-19T13:01:52+08:00 ] ::1 /ykt/thinkphp/index.php/images/xqq14160.jpg
ERR: 无法加载模块:Images

[ 2016-12-19T13:01:52+08:00 ] ::1 /ykt/thinkphp/index.php/images/xqq11160.jpg
ERR: 无法加载模块:Images

[ 2016-12-19T13:01:52+08:00 ] ::1 /ykt/thinkphp/index.php/images/xxqq18160.jpg
ERR: 无法加载模块:Images

[ 2016-12-19T13:01:52+08:00 ] ::1 /ykt/thinkphp/index.php/images/xxqq17160.jpg
ERR: 无法加载模块:Images

[ 2016-12-19T13:01:52+08:00 ] ::1 /ykt/thinkphp/index.php/images/xxqq16160.jpg
ERR: 无法加载模块:Images

[ 2016-12-19T13:01:52+08:00 ] ::1 /ykt/thinkphp/index.php/images/gfv05160.jpg
ERR: 无法加载模块:Images

[ 2016-12-19T13:01:52+08:00 ] ::1 /ykt/thinkphp/index.php/images/gfv04160.jpg
ERR: 无法加载模块:Images

[ 2016-12-19T13:01:52+08:00 ] ::1 /ykt/thinkphp/index.php/images/4654656160.jpg
ERR: 无法加载模块:Images

[ 2016-12-19T13:01:52+08:00 ] ::1 /ykt/thinkphp/Public/images/logo.png
ERR: 无法加载模块:Public

[ 2016-12-19T13:01:52+08:00 ] ::1 /ykt/thinkphp/Public/style/img/share.png
ERR: 无法加载模块:Public

[ 2016-12-19T13:01:52+08:00 ] ::1 /ykt/thinkphp/index.php/images/xqq12160.jpg
ERR: 无法加载模块:Images

[ 2016-12-19T13:01:52+08:00 ] ::1 /ykt/thinkphp/index.php/images/zyx07160.jpg
ERR: 无法加载模块:Images

[ 2016-12-19T13:04:38+08:00 ] ::1 /ykt/thinkphp/index.php/images/znl02160.jpg
ERR: 无法加载模块:Images

[ 2016-12-19T13:04:38+08:00 ] ::1 /ykt/thinkphp/index.php/images/968657458160.jpg
ERR: 无法加载模块:Images

[ 2016-12-19T13:04:38+08:00 ] ::1 /ykt/thinkphp/index.php/images/4654656160.jpg
ERR: 无法加载模块:Images

[ 2016-12-19T13:04:38+08:00 ] ::1 /ykt/thinkphp/index.php/images/65466160.jpg
ERR: 无法加载模块:Images

[ 2016-12-19T13:04:38+08:00 ] ::1 /ykt/thinkphp/index.php/images/xqq15160.jpg
ERR: 无法加载模块:Images

[ 2016-12-19T13:04:38+08:00 ] ::1 /ykt/thinkphp/index.php/images/xqq14160.jpg
ERR: 无法加载模块:Images

[ 2016-12-19T13:04:38+08:00 ] ::1 /ykt/thinkphp/index.php/images/xqq13160.jpg
ERR: 无法加载模块:Images

[ 2016-12-19T13:04:38+08:00 ] ::1 /ykt/thinkphp/index.php/images/xqq12160.jpg
ERR: 无法加载模块:Images

[ 2016-12-19T13:04:38+08:00 ] ::1 /ykt/thinkphp/index.php/images/4566160-1.jpg
ERR: 无法加载模块:Images

[ 2016-12-19T13:04:38+08:00 ] ::1 /ykt/thinkphp/index.php/images/xxqq18160.jpg
ERR: 无法加载模块:Images

[ 2016-12-19T13:04:38+08:00 ] ::1 /ykt/thinkphp/index.php/images/xxqq16160.jpg
ERR: 无法加载模块:Images

[ 2016-12-19T13:04:38+08:00 ] ::1 /ykt/thinkphp/index.php/images/gfv05160.jpg
ERR: 无法加载模块:Images

[ 2016-12-19T13:04:38+08:00 ] ::1 /ykt/thinkphp/index.php/images/gfv04160.jpg
ERR: 无法加载模块:Images

[ 2016-12-19T13:04:38+08:00 ] ::1 /ykt/thinkphp/index.php/images/xqq11160.jpg
ERR: 无法加载模块:Images

[ 2016-12-19T13:04:38+08:00 ] ::1 /ykt/thinkphp/index.php/images/zyx07160.jpg
ERR: 无法加载模块:Images

[ 2016-12-19T13:04:38+08:00 ] ::1 /ykt/thinkphp/index.php/images/46543160-2.jpg
ERR: 无法加载模块:Images

[ 2016-12-19T13:04:39+08:00 ] ::1 /ykt/thinkphp/index.php/images/xxqq17160.jpg
ERR: 无法加载模块:Images

[ 2016-12-19T13:04:39+08:00 ] ::1 /ykt/thinkphp/index.php/images/znl01160.jpg
ERR: 无法加载模块:Images

[ 2016-12-19T13:04:48+08:00 ] ::1 /ykt/thinkphp/index.php/style/jquery.min.js
ERR: 无法加载模块:Style

[ 2016-12-19T13:04:48+08:00 ] ::1 /ykt/thinkphp/index.php/images/znl01160.jpg
ERR: 无法加载模块:Images

[ 2016-12-19T13:04:48+08:00 ] ::1 /ykt/thinkphp/index.php/images/4654656160.jpg
ERR: 无法加载模块:Images

[ 2016-12-19T13:04:48+08:00 ] ::1 /ykt/thinkphp/index.php/images/968657458160.jpg
ERR: 无法加载模块:Images

[ 2016-12-19T13:04:48+08:00 ] ::1 /ykt/thinkphp/index.php/images/46543160-2.jpg
ERR: 无法加载模块:Images

[ 2016-12-19T13:04:48+08:00 ] ::1 /ykt/thinkphp/index.php/images/65466160.jpg
ERR: 无法加载模块:Images

[ 2016-12-19T13:04:48+08:00 ] ::1 /ykt/thinkphp/index.php/images/xqq14160.jpg
ERR: 无法加载模块:Images

[ 2016-12-19T13:04:48+08:00 ] ::1 /ykt/thinkphp/index.php/images/xqq13160.jpg
ERR: 无法加载模块:Images

[ 2016-12-19T13:04:48+08:00 ] ::1 /ykt/thinkphp/index.php/images/4566160-1.jpg
ERR: 无法加载模块:Images

[ 2016-12-19T13:04:48+08:00 ] ::1 /ykt/thinkphp/index.php/images/xqq12160.jpg
ERR: 无法加载模块:Images

[ 2016-12-19T13:04:48+08:00 ] ::1 /ykt/thinkphp/index.php/images/xqq11160.jpg
ERR: 无法加载模块:Images

[ 2016-12-19T13:04:48+08:00 ] ::1 /ykt/thinkphp/index.php/images/xxqq17160.jpg
ERR: 无法加载模块:Images

[ 2016-12-19T13:04:48+08:00 ] ::1 /ykt/thinkphp/index.php/images/xxqq16160.jpg
ERR: 无法加载模块:Images

[ 2016-12-19T13:04:48+08:00 ] ::1 /ykt/thinkphp/index.php/images/gfv04160.jpg
ERR: 无法加载模块:Images

[ 2016-12-19T13:04:48+08:00 ] ::1 /ykt/thinkphp/index.php/images/zyx07160.jpg
ERR: 无法加载模块:Images

[ 2016-12-19T13:04:48+08:00 ] ::1 /ykt/thinkphp/index.php/images/gfv05160.jpg
ERR: 无法加载模块:Images

[ 2016-12-19T13:04:48+08:00 ] ::1 /ykt/thinkphp/index.php/style/jquery.min.js
ERR: 无法加载模块:Style

[ 2016-12-19T13:04:48+08:00 ] ::1 /ykt/thinkphp/index.php/images/xqq15160.jpg
ERR: 无法加载模块:Images

[ 2016-12-19T13:04:48+08:00 ] ::1 /ykt/thinkphp/index.php/images/xxqq18160.jpg
ERR: 无法加载模块:Images

[ 2016-12-19T13:04:48+08:00 ] ::1 /ykt/thinkphp/index.php/images/znl02160.jpg
ERR: 无法加载模块:Images

[ 2016-12-19T13:04:50+08:00 ] ::1 /ykt/thinkphp/index.php/images/znl02160.jpg
ERR: 无法加载模块:Images

[ 2016-12-19T13:04:50+08:00 ] ::1 /ykt/thinkphp/index.php/images/4566160-1.jpg
ERR: 无法加载模块:Images

[ 2016-12-19T13:04:50+08:00 ] ::1 /ykt/thinkphp/index.php/images/4654656160.jpg
ERR: 无法加载模块:Images

[ 2016-12-19T13:04:50+08:00 ] ::1 /ykt/thinkphp/index.php/images/46543160-2.jpg
ERR: 无法加载模块:Images

[ 2016-12-19T13:04:50+08:00 ] ::1 /ykt/thinkphp/index.php/images/968657458160.jpg
ERR: 无法加载模块:Images

[ 2016-12-19T13:04:50+08:00 ] ::1 /ykt/thinkphp/index.php/images/xqq15160.jpg
ERR: 无法加载模块:Images

[ 2016-12-19T13:04:50+08:00 ] ::1 /ykt/thinkphp/index.php/images/xqq14160.jpg
ERR: 无法加载模块:Images

[ 2016-12-19T13:04:50+08:00 ] ::1 /ykt/thinkphp/index.php/images/znl01160.jpg
ERR: 无法加载模块:Images

[ 2016-12-19T13:04:50+08:00 ] ::1 /ykt/thinkphp/index.php/images/xqq13160.jpg
ERR: 无法加载模块:Images

[ 2016-12-19T13:04:50+08:00 ] ::1 /ykt/thinkphp/index.php/style/jquery.min.js
ERR: 无法加载模块:Style

[ 2016-12-19T13:04:50+08:00 ] ::1 /ykt/thinkphp/index.php/images/xqq11160.jpg
ERR: 无法加载模块:Images

[ 2016-12-19T13:04:50+08:00 ] ::1 /ykt/thinkphp/index.php/images/xxqq17160.jpg
ERR: 无法加载模块:Images

[ 2016-12-19T13:04:50+08:00 ] ::1 /ykt/thinkphp/index.php/images/65466160.jpg
ERR: 无法加载模块:Images

[ 2016-12-19T13:04:50+08:00 ] ::1 /ykt/thinkphp/index.php/images/gfv05160.jpg
ERR: 无法加载模块:Images

[ 2016-12-19T13:04:50+08:00 ] ::1 /ykt/thinkphp/index.php/images/gfv04160.jpg
ERR: 无法加载模块:Images

[ 2016-12-19T13:04:50+08:00 ] ::1 /ykt/thinkphp/index.php/images/xxqq16160.jpg
ERR: 无法加载模块:Images

[ 2016-12-19T13:04:50+08:00 ] ::1 /ykt/thinkphp/index.php/images/zyx07160.jpg
ERR: 无法加载模块:Images

[ 2016-12-19T13:04:50+08:00 ] ::1 /ykt/thinkphp/index.php/images/xqq12160.jpg
ERR: 无法加载模块:Images

[ 2016-12-19T13:04:50+08:00 ] ::1 /ykt/thinkphp/index.php/images/xxqq18160.jpg
ERR: 无法加载模块:Images

[ 2016-12-19T13:38:38+08:00 ] ::1 /ykt/thinkphp/admin'
ERR: 无法加载模块:Admin'

[ 2016-12-19T13:40:34+08:00 ] ::1 /YKT/thinkphp/Application/Admin/Public/ueditor/ueditor-cn/zh-cn.js
ERR: 无法加载模块:Application

[ 2016-12-19T13:40:34+08:00 ] ::1 /YKT/thinkphp/Application/Admin/Public/ueditor/ueditor-cn/zh-cn.js
ERR: 无法加载模块:Application

[ 2016-12-19T13:57:02+08:00 ] ::1 /YKT/thinkphp/Application/Admin/Public/ueditor/ueditor-cn/zh-cn.js
ERR: 无法加载模块:Application

[ 2016-12-19T13:58:16+08:00 ] ::1 /YKT/thinkphp/Application/Admin/Public/ueditor/ueditor-cn/zh-cn.js
ERR: 无法加载模块:Application

[ 2016-12-19T14:00:33+08:00 ] ::1 /YKT/thinkphp/Application/Admin/Public/ueditor/ueditor-cn/zh-cn.js
ERR: 无法加载模块:Application

[ 2016-12-19T14:02:46+08:00 ] ::1 /YKT/thinkphp/Application/Admin/Public/ueditor/ueditor-cn/zh-cn.js
ERR: 无法加载模块:Application

[ 2016-12-19T14:05:21+08:00 ] ::1 /YKT/thinkphp/Application/Admin/Public/ueditor/ueditor-cn/zh-cn.js
ERR: 无法加载模块:Application

[ 2016-12-19T16:06:11+08:00 ] ::1 /YKT/thinkphp/Application/Admin/Public/ueditor/ueditor-cn/zh-cn.js
ERR: 无法加载模块:Application

[ 2016-12-19T16:14:12+08:00 ] ::1 /ykt/thinkphp/Public/images/logo.png
ERR: 无法加载模块:Public

[ 2016-12-19T16:14:12+08:00 ] ::1 /ykt/thinkphp/Public/style/img/share.png
ERR: 无法加载模块:Public

[ 2016-12-19T17:00:37+08:00 ] ::1 /ykt/thinkphp/Public/images/logo.png
ERR: 无法加载模块:Public

[ 2016-12-19T17:00:37+08:00 ] ::1 /ykt/thinkphp/Public/style/img/share.png
ERR: 无法加载模块:Public

[ 2016-12-19T17:49:45+08:00 ] ::1 /ykt/thinkphp/index.php/index
ERR: 无法加载模块:Index

[ 2016-12-19T17:49:48+08:00 ] ::1 /ykt/thinkphp/index.php/index/
ERR: 无法加载模块:Index

[ 2016-12-19T17:51:15+08:00 ] ::1 /ykt/thinkphp/index.php/style/jquery.min.js
ERR: 无法加载模块:Style

[ 2016-12-19T17:51:28+08:00 ] ::1 /ykt/thinkphp/Public/images/logo.png
ERR: 无法加载模块:Public

[ 2016-12-19T17:51:28+08:00 ] ::1 /ykt/thinkphp/Public/style/img/share.png
ERR: 无法加载模块:Public

[ 2016-12-19T17:52:16+08:00 ] ::1 /ykt/thinkphp/index.php/style/jquery.min.js
ERR: 无法加载模块:Style

[ 2016-12-19T18:06:06+08:00 ] ::1 /ykt/thinkphp/style/jquery.min.js
ERR: 无法加载模块:Style

[ 2016-12-19T18:07:43+08:00 ] ::1 /ykt/thinkphp/style/jquery.min.js
ERR: 无法加载模块:Style

[ 2016-12-19T18:08:29+08:00 ] ::1 /ykt/thinkphp/style/jquery.min.js
ERR: 无法加载模块:Style

[ 2016-12-19T18:11:01+08:00 ] ::1 /ykt/thinkphp/style/jquery.min.js
ERR: 无法加载模块:Style

[ 2016-12-19T20:51:21+08:00 ] ::1 /ykt/thinkphp/Public/images/logo.png
ERR: 无法加载模块:Public

[ 2016-12-19T20:51:21+08:00 ] ::1 /ykt/thinkphp/Public/style/img/share.png
ERR: 无法加载模块:Public

[ 2016-12-19T20:55:00+08:00 ] ::1 /ykt/thinkphp/style/jquery.min.js
ERR: 无法加载模块:Style

[ 2016-12-19T21:43:43+08:00 ] ::1 /ykt/thinkphp/Public/style/style.css
ERR: 无法加载模块:Public

[ 2016-12-19T21:44:06+08:00 ] ::1 /ykt/thinkphp/Public/style/style.css
ERR: 无法加载模块:Public

[ 2016-12-19T21:44:07+08:00 ] ::1 /ykt/thinkphp/Public/style/style.css
ERR: 无法加载模块:Public

[ 2016-12-19T21:44:18+08:00 ] ::1 /ykt/thinkphp/Public/style/style.css
ERR: 无法加载模块:Public

[ 2016-12-19T21:44:36+08:00 ] ::1 /ykt/thinkphp/Public/style/style.css
ERR: 无法加载模块:Public

[ 2016-12-19T21:45:42+08:00 ] ::1 /ykt/thinkphp/Public/images/logo.png
ERR: 无法加载模块:Public

[ 2016-12-19T21:45:42+08:00 ] ::1 /ykt/thinkphp/Public/style/img/share.png
ERR: 无法加载模块:Public

[ 2016-12-19T21:47:50+08:00 ] ::1 /ykt/thinkphp/Public/style/img/share.png
ERR: 无法加载模块:Public

[ 2016-12-19T21:47:50+08:00 ] ::1 /ykt/thinkphp/Public/images/logo.png
ERR: 无法加载模块:Public

[ 2016-12-19T21:47:59+08:00 ] ::1 /ykt/thinkphp/Public/images/logo.png
ERR: 无法加载模块:Public

[ 2016-12-19T21:47:59+08:00 ] ::1 /ykt/thinkphp/Public/style/img/share.png
ERR: 无法加载模块:Public

[ 2016-12-19T21:48:05+08:00 ] ::1 /ykt/thinkphp/Public/images/logo.png
ERR: 无法加载模块:Public

[ 2016-12-19T21:48:05+08:00 ] ::1 /ykt/thinkphp/Public/style/img/share.png
ERR: 无法加载模块:Public

[ 2016-12-19T21:49:01+08:00 ] ::1 /ykt/thinkphp/Public/images/logo.png
ERR: 无法加载模块:Public

[ 2016-12-19T21:49:01+08:00 ] ::1 /ykt/thinkphp/Public/style/img/share.png
ERR: 无法加载模块:Public

[ 2016-12-19T22:03:40+08:00 ] ::1 /ykt/thinkphp/Public/images/logo.png
ERR: 无法加载模块:Public

[ 2016-12-19T22:03:40+08:00 ] ::1 /ykt/thinkphp/Public/style/img/share.png
ERR: 无法加载模块:Public

[ 2016-12-19T22:04:55+08:00 ] ::1 /YKT/thinkphp/Public/images/logo.png
ERR: 无法加载模块:Public

[ 2016-12-19T22:04:55+08:00 ] ::1 /YKT/thinkphp/Public/style/img/share.png
ERR: 无法加载模块:Public

[ 2016-12-19T22:17:06+08:00 ] ::1 /YKT/thinkphp/Application/Admin/Public/ueditor/ueditor-cn/zh-cn.js
ERR: 无法加载模块:Application

[ 2016-12-19T22:17:06+08:00 ] ::1 /YKT/thinkphp/Application/Admin/Public/ueditor/ueditor-cn/zh-cn.js
ERR: 无法加载模块:Application

[ 2016-12-19T22:23:45+08:00 ] ::1 /YKT/thinkphp/Public/images/logo.png
ERR: 无法加载模块:Public

[ 2016-12-19T22:23:45+08:00 ] ::1 /YKT/thinkphp/Public/style/img/share.png
ERR: 无法加载模块:Public

[ 2016-12-19T22:27:50+08:00 ] ::1 /YKT/thinkphp/Application/Admin/Public/ueditor/ueditor-cn/zh-cn.js
ERR: 无法加载模块:Application

[ 2016-12-19T22:30:00+08:00 ] ::1 /YKT/thinkphp/Application/Admin/Public/ueditor/ueditor-cn/zh-cn.js
ERR: 无法加载模块:Application

[ 2016-12-19T22:33:05+08:00 ] ::1 /ykt/thinkphp/index.php/login
ERR: 无法加载模块:Login

[ 2016-12-19T23:07:23+08:00 ] ::1 /YKT/thinkphp/Public/images/logo.png
ERR: 无法加载模块:Public

[ 2016-12-19T23:07:23+08:00 ] ::1 /YKT/thinkphp/Public/style/img/share.png
ERR: 无法加载模块:Public

