[ 2016-12-28T10:08:48+08:00 ] ::1 /BLOG/Public/assets/js/jquery.min.js
ERR: 无法加载模块:Public

[ 2016-12-28T10:08:50+08:00 ] ::1 /BLOG/Public/assets/js/jquery.min.js
ERR: 无法加载模块:Public

[ 2016-12-28T10:08:51+08:00 ] ::1 /BLOG/Public/assets/js/jquery.min.js
ERR: 无法加载模块:Public

[ 2016-12-28T10:08:52+08:00 ] ::1 /BLOG/Public/assets/js/jquery.min.js
ERR: 无法加载模块:Public

[ 2016-12-28T10:08:52+08:00 ] ::1 /BLOG/Public/assets/js/jquery.min.js
ERR: 无法加载模块:Public

[ 2016-12-28T10:08:57+08:00 ] ::1 /BLOG/Public/assets/js/jquery.min.js
ERR: 无法加载模块:Public

[ 2016-12-28T10:08:57+08:00 ] ::1 /BLOG/Public/assets/js/jquery.min.js
ERR: 无法加载模块:Public

[ 2016-12-28T10:09:30+08:00 ] ::1 /BLOG/Public/assets/js/jquery.min.js
ERR: 无法加载模块:Public

[ 2016-12-28T10:11:56+08:00 ] ::1 /BLOG/Public/assets/js/jquery.min.js
ERR: 无法加载模块:Public

[ 2016-12-28T10:13:34+08:00 ] ::1 /BLOG/Public/assets/js/jquery.min.js
ERR: 无法加载模块:Public

[ 2016-12-28T10:13:39+08:00 ] ::1 /BLOG/Public/assets/js/jquery.min.js
ERR: 无法加载模块:Public

[ 2016-12-28T10:13:52+08:00 ] ::1 /BLOG/Public/assets/js/jquery.min.js
ERR: 无法加载模块:Public

[ 2016-12-28T10:14:59+08:00 ] ::1 /BLOG/Public/assets/js/jquery.min.js
ERR: 无法加载模块:Public

[ 2016-12-28T10:15:18+08:00 ] ::1 /BLOG/Public/assets/js/jquery.min.js
ERR: 无法加载模块:Public

[ 2016-12-28T10:19:57+08:00 ] ::1 /BLOG/Public/assets/js/jquery.min.js
ERR: 无法加载模块:Public

[ 2016-12-28T10:20:01+08:00 ] ::1 /BLOG/Public/assets/js/jquery.min.js
ERR: 无法加载模块:Public

[ 2016-12-28T10:20:01+08:00 ] ::1 /BLOG/Public/assets/js/jquery.min.js
ERR: 无法加载模块:Public

[ 2016-12-28T10:20:02+08:00 ] ::1 /BLOG/Public/assets/js/jquery.min.js
ERR: 无法加载模块:Public

[ 2016-12-28T10:20:03+08:00 ] ::1 /BLOG/Public/assets/js/jquery.min.js
ERR: 无法加载模块:Public

[ 2016-12-28T10:21:26+08:00 ] ::1 /BLOG/Public/assets/js/jquery.min.js
ERR: 无法加载模块:Public

[ 2016-12-28T10:22:22+08:00 ] ::1 /BLOG/Public/assets/js/jquery.min.js
ERR: 无法加载模块:Public

[ 2016-12-28T10:22:26+08:00 ] ::1 /BLOG/Public/assets/js/jquery.min.js
ERR: 无法加载模块:Public

[ 2016-12-28T10:24:24+08:00 ] ::1 /BLOG/Public/assets/js/jquery.min.js
ERR: 无法加载模块:Public

[ 2016-12-28T10:24:25+08:00 ] ::1 /BLOG/Public/assets/js/jquery.min.js
ERR: 无法加载模块:Public

[ 2016-12-28T10:24:29+08:00 ] ::1 /BLOG/Public/assets/js/jquery.min.js
ERR: 无法加载模块:Public

[ 2016-12-28T10:24:33+08:00 ] ::1 /BLOG/Public/assets/js/jquery.min.js
ERR: 无法加载模块:Public

[ 2016-12-28T10:25:42+08:00 ] ::1 /BLOG/Public/assets/js/jquery.min.js
ERR: 无法加载模块:Public

[ 2016-12-28T10:28:04+08:00 ] ::1 /BLOG/Public/assets/js/jquery.min.js
ERR: 无法加载模块:Public

[ 2016-12-28T10:28:25+08:00 ] ::1 /BLOG/Public/assets/js/jquery.min.js
ERR: 无法加载模块:Public

[ 2016-12-28T10:29:32+08:00 ] ::1 /BLOG/Public/assets/js/jquery.min.js
ERR: 无法加载模块:Public

[ 2016-12-28T10:29:33+08:00 ] ::1 /BLOG/Public/assets/js/jquery.min.js
ERR: 无法加载模块:Public

[ 2016-12-28T10:31:57+08:00 ] ::1 /BLOG/Public/assets/js/jquery.min.js
ERR: 无法加载模块:Public

[ 2016-12-28T10:31:57+08:00 ] ::1 /BLOG/Public/assets/js/jquery.min.js
ERR: 无法加载模块:Public

[ 2016-12-28T10:31:59+08:00 ] ::1 /BLOG/Public/assets/js/jquery.min.js
ERR: 无法加载模块:Public

[ 2016-12-28T10:32:00+08:00 ] ::1 /BLOG/Public/assets/js/jquery.min.js
ERR: 无法加载模块:Public

[ 2016-12-28T10:33:47+08:00 ] ::1 /BLOG/Public/assets/js/jquery.min.js
ERR: 无法加载模块:Public

[ 2016-12-28T10:33:47+08:00 ] ::1 /BLOG/Public/assets/js/jquery.min.js
ERR: 无法加载模块:Public

[ 2016-12-28T10:33:48+08:00 ] ::1 /BLOG/Public/assets/js/jquery.min.js
ERR: 无法加载模块:Public

[ 2016-12-28T10:33:48+08:00 ] ::1 /BLOG/Public/assets/js/jquery.min.js
ERR: 无法加载模块:Public

[ 2016-12-28T10:33:48+08:00 ] ::1 /BLOG/Public/assets/js/jquery.min.js
ERR: 无法加载模块:Public

[ 2016-12-28T10:33:48+08:00 ] ::1 /BLOG/Public/assets/js/jquery.min.js
ERR: 无法加载模块:Public

[ 2016-12-28T10:37:41+08:00 ] ::1 /BLOG/Public/assets/js/jquery.min.js
ERR: 无法加载模块:Public

[ 2016-12-28T10:39:35+08:00 ] ::1 /BLOG/Public/assets/js/jquery.min.js
ERR: 无法加载模块:Public

[ 2016-12-28T10:39:36+08:00 ] ::1 /BLOG/Public/assets/js/jquery.min.js
ERR: 无法加载模块:Public

[ 2016-12-28T10:40:27+08:00 ] ::1 /BLOG/Public/assets/js/jquery.min.js
ERR: 无法加载模块:Public

[ 2016-12-28T10:41:04+08:00 ] ::1 /BLOG/Public/assets/js/jquery.min.js
ERR: 无法加载模块:Public

[ 2016-12-28T10:41:05+08:00 ] ::1 /BLOG/Public/assets/js/jquery.min.js
ERR: 无法加载模块:Public

[ 2016-12-28T10:42:23+08:00 ] ::1 /BLOG/Public/assets/js/jquery.min.js
ERR: 无法加载模块:Public

[ 2016-12-28T10:42:24+08:00 ] ::1 /BLOG/Public/assets/js/jquery.min.js
ERR: 无法加载模块:Public

[ 2016-12-28T10:45:13+08:00 ] ::1 /BLOG/Public/assets/js/jquery.min.js
ERR: 无法加载模块:Public

[ 2016-12-28T10:45:16+08:00 ] ::1 /BLOG/Public/assets/js/jquery.min.js
ERR: 无法加载模块:Public

[ 2016-12-28T10:45:17+08:00 ] ::1 /BLOG/Public/assets/js/jquery.min.js
ERR: 无法加载模块:Public

[ 2016-12-28T10:45:18+08:00 ] ::1 /BLOG/Public/assets/js/jquery.min.js
ERR: 无法加载模块:Public

[ 2016-12-28T10:45:20+08:00 ] ::1 /BLOG/Public/assets/js/jquery.min.js
ERR: 无法加载模块:Public

[ 2016-12-28T10:45:24+08:00 ] ::1 /BLOG/Public/assets/js/jquery.min.js
ERR: 无法加载模块:Public

[ 2016-12-28T10:45:25+08:00 ] ::1 /BLOG/Public/assets/js/jquery.min.js
ERR: 无法加载模块:Public

[ 2016-12-28T10:45:25+08:00 ] ::1 /BLOG/Public/assets/js/jquery.min.js
ERR: 无法加载模块:Public

[ 2016-12-28T10:45:34+08:00 ] ::1 /BLOG/Public/assets/js/jquery.min.js
ERR: 无法加载模块:Public

[ 2016-12-28T10:45:35+08:00 ] ::1 /BLOG/Public/assets/js/jquery.min.js
ERR: 无法加载模块:Public

[ 2016-12-28T10:45:39+08:00 ] ::1 /BLOG/Public/assets/js/jquery.min.js
ERR: 无法加载模块:Public

[ 2016-12-28T10:45:40+08:00 ] ::1 /BLOG/Public/assets/js/jquery.min.js
ERR: 无法加载模块:Public

[ 2016-12-28T10:45:42+08:00 ] ::1 /BLOG/Public/assets/js/jquery.min.js
ERR: 无法加载模块:Public

[ 2016-12-28T10:45:59+08:00 ] ::1 /BLOG/Public/assets/js/jquery.min.js
ERR: 无法加载模块:Public

[ 2016-12-28T10:46:01+08:00 ] ::1 /BLOG/Public/assets/js/jquery.min.js
ERR: 无法加载模块:Public

[ 2016-12-28T10:46:08+08:00 ] ::1 /BLOG/Public/assets/js/jquery.min.js
ERR: 无法加载模块:Public

[ 2016-12-28T10:47:12+08:00 ] ::1 /BLOG/Public/assets/js/jquery.min.js
ERR: 无法加载模块:Public

[ 2016-12-28T10:47:14+08:00 ] ::1 /BLOG/Public/assets/js/jquery.min.js
ERR: 无法加载模块:Public

[ 2016-12-28T10:47:15+08:00 ] ::1 /BLOG/Public/assets/js/jquery.min.js
ERR: 无法加载模块:Public

[ 2016-12-28T10:47:19+08:00 ] ::1 /BLOG/Public/assets/js/jquery.min.js
ERR: 无法加载模块:Public

[ 2016-12-28T10:47:22+08:00 ] ::1 /BLOG/Public/assets/js/jquery.min.js
ERR: 无法加载模块:Public

[ 2016-12-28T10:47:24+08:00 ] ::1 /BLOG/Public/assets/js/jquery.min.js
ERR: 无法加载模块:Public

[ 2016-12-28T10:47:28+08:00 ] ::1 /BLOG/Public/assets/js/jquery.min.js
ERR: 无法加载模块:Public

[ 2016-12-28T10:47:30+08:00 ] ::1 /BLOG/Public/assets/js/jquery.min.js
ERR: 无法加载模块:Public

[ 2016-12-28T10:47:32+08:00 ] ::1 /BLOG/Public/assets/js/jquery.min.js
ERR: 无法加载模块:Public

[ 2016-12-28T10:58:43+08:00 ] ::1 /BLOG/Public/assets/js/jquery.min.js
ERR: 无法加载模块:Public

[ 2016-12-28T10:58:46+08:00 ] ::1 /BLOG/Public/assets/js/jquery.min.js
ERR: 无法加载模块:Public

[ 2016-12-28T10:58:46+08:00 ] ::1 /BLOG/Public/assets/js/jquery.min.js
ERR: 无法加载模块:Public

[ 2016-12-28T10:58:47+08:00 ] ::1 /BLOG/Public/assets/js/jquery.min.js
ERR: 无法加载模块:Public

[ 2016-12-28T11:01:36+08:00 ] ::1 /BLOG/Public/assets/js/jquery.min.js
ERR: 无法加载模块:Public

[ 2016-12-28T11:03:50+08:00 ] ::1 /BLOG/Public/assets/js/jquery.min.js
ERR: 无法加载模块:Public

[ 2016-12-28T11:03:51+08:00 ] ::1 /BLOG/Public/assets/js/jquery.min.js
ERR: 无法加载模块:Public

[ 2016-12-28T11:03:53+08:00 ] ::1 /BLOG/Public/assets/js/jquery.min.js
ERR: 无法加载模块:Public

[ 2016-12-28T11:03:53+08:00 ] ::1 /BLOG/Public/assets/js/jquery.min.js
ERR: 无法加载模块:Public

[ 2016-12-28T11:03:54+08:00 ] ::1 /BLOG/Public/assets/js/jquery.min.js
ERR: 无法加载模块:Public

[ 2016-12-28T11:03:55+08:00 ] ::1 /BLOG/Public/assets/js/jquery.min.js
ERR: 无法加载模块:Public

[ 2016-12-28T11:08:14+08:00 ] ::1 /BLOG/Public/assets/js/jquery.min.js
ERR: 无法加载模块:Public

[ 2016-12-28T11:08:16+08:00 ] ::1 /BLOG/Public/assets/js/jquery.min.js
ERR: 无法加载模块:Public

[ 2016-12-28T11:08:17+08:00 ] ::1 /BLOG/Public/assets/js/jquery.min.js
ERR: 无法加载模块:Public

[ 2016-12-28T11:08:18+08:00 ] ::1 /BLOG/Public/assets/js/jquery.min.js
ERR: 无法加载模块:Public

[ 2016-12-28T11:08:19+08:00 ] ::1 /BLOG/Public/assets/js/jquery.min.js
ERR: 无法加载模块:Public

[ 2016-12-28T11:08:43+08:00 ] ::1 /BLOG/Public/assets/js/jquery.min.js
ERR: 无法加载模块:Public

[ 2016-12-28T11:08:44+08:00 ] ::1 /BLOG/Public/assets/js/jquery.min.js
ERR: 无法加载模块:Public

[ 2016-12-28T11:08:46+08:00 ] ::1 /BLOG/Public/assets/js/jquery.min.js
ERR: 无法加载模块:Public

[ 2016-12-28T11:08:47+08:00 ] ::1 /BLOG/Public/assets/js/jquery.min.js
ERR: 无法加载模块:Public

[ 2016-12-28T11:08:48+08:00 ] ::1 /BLOG/Public/assets/js/jquery.min.js
ERR: 无法加载模块:Public

[ 2016-12-28T11:08:48+08:00 ] ::1 /BLOG/Public/assets/js/jquery.min.js
ERR: 无法加载模块:Public

[ 2016-12-28T11:08:49+08:00 ] ::1 /BLOG/Public/assets/js/jquery.min.js
ERR: 无法加载模块:Public

[ 2016-12-28T11:09:11+08:00 ] ::1 /BLOG/Public/assets/js/jquery.min.js
ERR: 无法加载模块:Public

[ 2016-12-28T11:09:12+08:00 ] ::1 /BLOG/Public/assets/js/jquery.min.js
ERR: 无法加载模块:Public

[ 2016-12-28T11:09:13+08:00 ] ::1 /BLOG/Public/assets/js/jquery.min.js
ERR: 无法加载模块:Public

[ 2016-12-28T11:09:14+08:00 ] ::1 /BLOG/Public/assets/js/jquery.min.js
ERR: 无法加载模块:Public

[ 2016-12-28T11:09:15+08:00 ] ::1 /BLOG/Public/assets/js/jquery.min.js
ERR: 无法加载模块:Public

[ 2016-12-28T11:09:16+08:00 ] ::1 /BLOG/Public/assets/js/jquery.min.js
ERR: 无法加载模块:Public

[ 2016-12-28T11:09:47+08:00 ] ::1 /BLOG/Public/assets/js/jquery.min.js
ERR: 无法加载模块:Public

[ 2016-12-28T11:09:49+08:00 ] ::1 /BLOG/Public/assets/js/jquery.min.js
ERR: 无法加载模块:Public

[ 2016-12-28T11:14:14+08:00 ] ::1 /BLOG/Public/assets/js/jquery.min.js
ERR: 无法加载模块:Public

[ 2016-12-28T11:14:15+08:00 ] ::1 /BLOG/Public/assets/js/jquery.min.js
ERR: 无法加载模块:Public

[ 2016-12-28T11:14:16+08:00 ] ::1 /BLOG/Public/assets/js/jquery.min.js
ERR: 无法加载模块:Public

[ 2016-12-28T11:14:17+08:00 ] ::1 /BLOG/Public/assets/js/jquery.min.js
ERR: 无法加载模块:Public

[ 2016-12-28T11:14:18+08:00 ] ::1 /BLOG/Public/assets/js/jquery.min.js
ERR: 无法加载模块:Public

[ 2016-12-28T11:14:20+08:00 ] ::1 /BLOG/Public/assets/js/jquery.min.js
ERR: 无法加载模块:Public

[ 2016-12-28T11:14:43+08:00 ] ::1 /BLOG/Public/assets/js/jquery.min.js
ERR: 无法加载模块:Public

[ 2016-12-28T11:14:45+08:00 ] ::1 /BLOG/Public/assets/js/jquery.min.js
ERR: 无法加载模块:Public

[ 2016-12-28T11:14:46+08:00 ] ::1 /BLOG/Public/assets/js/jquery.min.js
ERR: 无法加载模块:Public

[ 2016-12-28T11:16:00+08:00 ] ::1 /BLOG/Public/assets/js/jquery.min.js
ERR: 无法加载模块:Public

[ 2016-12-28T11:16:40+08:00 ] ::1 /BLOG/Public/assets/js/jquery.min.js
ERR: 无法加载模块:Public

[ 2016-12-28T11:16:44+08:00 ] ::1 /BLOG/Public/assets/js/jquery.min.js
ERR: 无法加载模块:Public

[ 2016-12-28T11:24:39+08:00 ] ::1 /BLOG/Public/assets/js/jquery.min.js
ERR: 无法加载模块:Public

[ 2016-12-28T11:24:41+08:00 ] ::1 /BLOG/Public/assets/js/jquery.min.js
ERR: 无法加载模块:Public

[ 2016-12-28T11:30:16+08:00 ] ::1 /BLOG/Public/assets/js/jquery.min.js
ERR: 无法加载模块:Public

[ 2016-12-28T11:30:20+08:00 ] ::1 /BLOG/Public/assets/js/jquery.min.js
ERR: 无法加载模块:Public

[ 2016-12-28T11:31:56+08:00 ] ::1 /BLOG/Public/assets/js/jquery.min.js
ERR: 无法加载模块:Public

[ 2016-12-28T11:32:00+08:00 ] ::1 /BLOG/Public/assets/js/jquery.min.js
ERR: 无法加载模块:Public

[ 2016-12-28T11:36:28+08:00 ] ::1 /BLOG/Public/assets/js/jquery.min.js
ERR: 无法加载模块:Public

[ 2016-12-28T11:36:30+08:00 ] ::1 /BLOG/Public/assets/js/jquery.min.js
ERR: 无法加载模块:Public

[ 2016-12-28T11:36:34+08:00 ] ::1 /BLOG/Public/assets/js/jquery.min.js
ERR: 无法加载模块:Public

[ 2016-12-28T11:36:37+08:00 ] ::1 /BLOG/Public/assets/js/jquery.min.js
ERR: 无法加载模块:Public

[ 2016-12-28T11:36:39+08:00 ] ::1 /BLOG/Public/assets/js/jquery.min.js
ERR: 无法加载模块:Public

[ 2016-12-28T11:36:41+08:00 ] ::1 /BLOG/Public/assets/js/jquery.min.js
ERR: 无法加载模块:Public

[ 2016-12-28T11:42:50+08:00 ] ::1 /BLOG/Public/assets/js/jquery.min.js
ERR: 无法加载模块:Public

[ 2016-12-28T11:42:57+08:00 ] ::1 /BLOG/Public/assets/js/jquery.min.js
ERR: 无法加载模块:Public

[ 2016-12-28T11:43:24+08:00 ] ::1 /BLOG/Public/assets/js/jquery.min.js
ERR: 无法加载模块:Public

[ 2016-12-28T11:43:25+08:00 ] ::1 /BLOG/Public/assets/js/jquery.min.js
ERR: 无法加载模块:Public

[ 2016-12-28T11:43:43+08:00 ] ::1 /BLOG/Public/assets/js/jquery.min.js
ERR: 无法加载模块:Public

[ 2016-12-28T11:43:46+08:00 ] ::1 /BLOG/Public/assets/js/jquery.min.js
ERR: 无法加载模块:Public

[ 2016-12-28T11:43:47+08:00 ] ::1 /BLOG/Public/assets/js/jquery.min.js
ERR: 无法加载模块:Public

[ 2016-12-28T11:43:48+08:00 ] ::1 /BLOG/Public/assets/js/jquery.min.js
ERR: 无法加载模块:Public

[ 2016-12-28T11:43:49+08:00 ] ::1 /BLOG/Public/assets/js/jquery.min.js
ERR: 无法加载模块:Public

[ 2016-12-28T11:45:39+08:00 ] ::1 /BLOG/Public/assets/js/jquery.min.js
ERR: 无法加载模块:Public

[ 2016-12-28T11:45:40+08:00 ] ::1 /BLOG/Public/assets/js/jquery.min.js
ERR: 无法加载模块:Public

[ 2016-12-28T11:47:00+08:00 ] ::1 /BLOG/Public/assets/js/jquery.min.js
ERR: 无法加载模块:Public

[ 2016-12-28T11:47:04+08:00 ] ::1 /BLOG/Public/assets/js/jquery.min.js
ERR: 无法加载模块:Public

[ 2016-12-28T11:47:12+08:00 ] ::1 /BLOG/Public/assets/js/jquery.min.js
ERR: 无法加载模块:Public

[ 2016-12-28T11:47:14+08:00 ] ::1 /BLOG/Public/assets/js/jquery.min.js
ERR: 无法加载模块:Public

[ 2016-12-28T11:47:17+08:00 ] ::1 /BLOG/Public/assets/js/jquery.min.js
ERR: 无法加载模块:Public

[ 2016-12-28T11:54:15+08:00 ] ::1 /BLOG/Public/assets/js/jquery.min.js
ERR: 无法加载模块:Public

[ 2016-12-28T11:54:34+08:00 ] ::1 /BLOG/Public/assets/js/jquery.min.js
ERR: 无法加载模块:Public

[ 2016-12-28T11:54:34+08:00 ] ::1 /BLOG/Public/assets/js/jquery.min.js
ERR: 无法加载模块:Public

[ 2016-12-28T11:54:35+08:00 ] ::1 /BLOG/Public/assets/js/jquery.min.js
ERR: 无法加载模块:Public

[ 2016-12-28T11:54:37+08:00 ] ::1 /BLOG/Public/assets/js/jquery.min.js
ERR: 无法加载模块:Public

[ 2016-12-28T11:54:39+08:00 ] ::1 /BLOG/Public/assets/js/jquery.min.js
ERR: 无法加载模块:Public

[ 2016-12-28T12:02:55+08:00 ] ::1 /BLOG/Public/assets/js/jquery.min.js
ERR: 无法加载模块:Public

[ 2016-12-28T12:02:59+08:00 ] ::1 /BLOG/Public/assets/js/jquery.min.js
ERR: 无法加载模块:Public

[ 2016-12-28T12:05:51+08:00 ] ::1 /BLOG/Public/assets/js/jquery.min.js
ERR: 无法加载模块:Public

[ 2016-12-28T12:06:05+08:00 ] ::1 /BLOG/Public/assets/js/jquery.min.js
ERR: 无法加载模块:Public

[ 2016-12-28T12:06:09+08:00 ] ::1 /BLOG/Public/assets/js/jquery.min.js
ERR: 无法加载模块:Public

[ 2016-12-28T12:06:12+08:00 ] ::1 /BLOG/Public/assets/js/jquery.min.js
ERR: 无法加载模块:Public

[ 2016-12-28T12:06:20+08:00 ] ::1 /BLOG/Public/assets/js/jquery.min.js
ERR: 无法加载模块:Public

[ 2016-12-28T12:06:23+08:00 ] ::1 /BLOG/Public/assets/js/jquery.min.js
ERR: 无法加载模块:Public

[ 2016-12-28T12:06:34+08:00 ] ::1 /BLOG/Public/assets/js/jquery.min.js
ERR: 无法加载模块:Public

[ 2016-12-28T12:06:44+08:00 ] ::1 /BLOG/Public/assets/js/jquery.min.js
ERR: 无法加载模块:Public

[ 2016-12-28T12:07:27+08:00 ] ::1 /BLOG/Public/assets/js/jquery.min.js
ERR: 无法加载模块:Public

[ 2016-12-28T12:17:09+08:00 ] ::1 /BLOG/Public/assets/js/jquery.min.js
ERR: 无法加载模块:Public

[ 2016-12-28T12:19:20+08:00 ] ::1 /BLOG/Publicassets/css/amazeui.min.css
ERR: 无法加载模块:Publicassets

[ 2016-12-28T12:22:08+08:00 ] ::1 /BLOG/Publicassets/css/amazeui.min.css
ERR: 无法加载模块:Publicassets

[ 2016-12-28T12:32:01+08:00 ] ::1 /BLOG/Public/assets/js/jquery.min.js
ERR: 无法加载模块:Public

[ 2016-12-28T12:32:02+08:00 ] ::1 /BLOG/Public/assets/js/jquery.min.js
ERR: 无法加载模块:Public

[ 2016-12-28T12:33:05+08:00 ] ::1 /BLOG/Public/assets/js/jquery.min.js
ERR: 无法加载模块:Public

[ 2016-12-28T12:37:29+08:00 ] ::1 /BLOG/Public/assets/js/jquery.min.js
ERR: 无法加载模块:Public

[ 2016-12-28T12:37:30+08:00 ] ::1 /BLOG/Public/assets/js/jquery.min.js
ERR: 无法加载模块:Public

[ 2016-12-28T12:37:38+08:00 ] ::1 /BLOG/Public/assets/js/jquery.min.js
ERR: 无法加载模块:Public

[ 2016-12-28T12:38:22+08:00 ] ::1 /BLOG/Public/assets/js/jquery.min.js
ERR: 无法加载模块:Public

[ 2016-12-28T12:38:49+08:00 ] ::1 /BLOG/Public/assets/js/jquery.min.js
ERR: 无法加载模块:Public

[ 2016-12-28T12:38:50+08:00 ] ::1 /BLOG/Public/assets/js/jquery.min.js
ERR: 无法加载模块:Public

[ 2016-12-28T12:39:27+08:00 ] ::1 /BLOG/Public/assets/js/jquery.min.js
ERR: 无法加载模块:Public

[ 2016-12-28T12:40:15+08:00 ] ::1 /BLOG/Public/assets/js/jquery.min.js
ERR: 无法加载模块:Public

[ 2016-12-28T12:40:16+08:00 ] ::1 /BLOG/Public/assets/js/jquery.min.js
ERR: 无法加载模块:Public

[ 2016-12-28T12:40:16+08:00 ] ::1 /BLOG/Public/assets/js/jquery.min.js
ERR: 无法加载模块:Public

[ 2016-12-28T12:40:17+08:00 ] ::1 /BLOG/Public/assets/js/jquery.min.js
ERR: 无法加载模块:Public

[ 2016-12-28T12:41:16+08:00 ] ::1 /BLOG/Public/assets/js/jquery.min.js
ERR: 无法加载模块:Public

[ 2016-12-28T12:41:17+08:00 ] ::1 /BLOG/Public/assets/js/jquery.min.js
ERR: 无法加载模块:Public

[ 2016-12-28T12:41:18+08:00 ] ::1 /BLOG/Public/assets/js/jquery.min.js
ERR: 无法加载模块:Public

[ 2016-12-28T12:41:21+08:00 ] ::1 /BLOG/Public/assets/js/jquery.min.js
ERR: 无法加载模块:Public

[ 2016-12-28T12:41:22+08:00 ] ::1 /BLOG/Public/assets/js/jquery.min.js
ERR: 无法加载模块:Public

[ 2016-12-28T12:41:23+08:00 ] ::1 /BLOG/Public/assets/js/jquery.min.js
ERR: 无法加载模块:Public

[ 2016-12-28T12:41:24+08:00 ] ::1 /BLOG/Public/assets/js/jquery.min.js
ERR: 无法加载模块:Public

[ 2016-12-28T12:41:25+08:00 ] ::1 /BLOG/Public/assets/js/jquery.min.js
ERR: 无法加载模块:Public

[ 2016-12-28T13:29:25+08:00 ] ::1 /BLOG/Public/assets/js/jquery.min.js
ERR: 无法加载模块:Public

[ 2016-12-28T13:29:26+08:00 ] ::1 /BLOG/Public/assets/js/jquery.min.js
ERR: 无法加载模块:Public

[ 2016-12-28T13:29:53+08:00 ] ::1 /BLOG/Public/assets/js/jquery.min.js
ERR: 无法加载模块:Public

[ 2016-12-28T13:29:53+08:00 ] ::1 /BLOG/Public/assets/js/jquery.min.js
ERR: 无法加载模块:Public

[ 2016-12-28T13:30:04+08:00 ] ::1 /BLOG/Public/assets/js/jquery.min.js
ERR: 无法加载模块:Public

[ 2016-12-28T13:30:09+08:00 ] ::1 /BLOG/Public/assets/js/jquery.min.js
ERR: 无法加载模块:Public

[ 2016-12-28T13:30:13+08:00 ] ::1 /BLOG/Public/assets/js/jquery.min.js
ERR: 无法加载模块:Public

[ 2016-12-28T13:32:38+08:00 ] ::1 /BLOG/Public/assets/js/jquery.min.js
ERR: 无法加载模块:Public

[ 2016-12-28T13:32:41+08:00 ] ::1 /BLOG/Public/assets/js/jquery.min.js
ERR: 无法加载模块:Public

[ 2016-12-28T13:32:42+08:00 ] ::1 /BLOG/assets/i/favicon.png
ERR: 无法加载模块:Assets

[ 2016-12-28T13:32:43+08:00 ] ::1 /BLOG/Public/assets/js/jquery.min.js
ERR: 无法加载模块:Public

[ 2016-12-28T13:37:56+08:00 ] ::1 /BLOG/Public/assets/js/jquery.min.js
ERR: 无法加载模块:Public

[ 2016-12-28T13:38:12+08:00 ] ::1 /BLOG/Public/assets/js/jquery.min.js
ERR: 无法加载模块:Public

[ 2016-12-28T13:41:26+08:00 ] ::1 /BLOG/Public/assets/js/jquery.min.js
ERR: 无法加载模块:Public

[ 2016-12-28T13:42:26+08:00 ] ::1 /BLOG/Public/assets/js/jquery.min.js
ERR: 无法加载模块:Public

[ 2016-12-28T13:49:38+08:00 ] ::1 /BLOG/Public/assets/js/jquery.min.js
ERR: 无法加载模块:Public

[ 2016-12-28T13:50:45+08:00 ] ::1 /BLOG/Public/assets/js/jquery.min.js
ERR: 无法加载模块:Public

[ 2016-12-28T13:50:45+08:00 ] ::1 /BLOG/Public/assets/js/jquery.min.js
ERR: 无法加载模块:Public

[ 2016-12-28T13:50:46+08:00 ] ::1 /BLOG/Public/assets/js/jquery.min.js
ERR: 无法加载模块:Public

[ 2016-12-28T13:52:43+08:00 ] ::1 /BLOG/Public/assets/js/jquery.min.js
ERR: 无法加载模块:Public

[ 2016-12-28T13:52:43+08:00 ] ::1 /BLOG/Public/assets/js/jquery.min.js
ERR: 无法加载模块:Public

[ 2016-12-28T13:53:03+08:00 ] ::1 /BLOG/Public/assets/js/jquery.min.js
ERR: 无法加载模块:Public

[ 2016-12-28T13:53:12+08:00 ] ::1 /BLOG/Public/assets/js/jquery.min.js
ERR: 无法加载模块:Public

[ 2016-12-28T13:53:26+08:00 ] ::1 /BLOG/Public/assets/js/jquery.min.js
ERR: 无法加载模块:Public

[ 2016-12-28T13:54:48+08:00 ] ::1 /BLOG/Public/assets/js/jquery.min.js
ERR: 无法加载模块:Public

[ 2016-12-28T13:55:42+08:00 ] ::1 /BLOG/Public/assets/js/jquery.min.js
ERR: 无法加载模块:Public

[ 2016-12-28T13:56:53+08:00 ] ::1 /BLOG/Public/assets/js/jquery.min.js
ERR: 无法加载模块:Public

[ 2016-12-28T13:57:35+08:00 ] ::1 /BLOG/Public/assets/js/jquery.min.js
ERR: 无法加载模块:Public

[ 2016-12-28T13:57:45+08:00 ] ::1 /BLOG/Public/assets/js/jquery.min.js
ERR: 无法加载模块:Public

[ 2016-12-28T13:58:52+08:00 ] ::1 /BLOG/Public/assets/js/jquery.min.js
ERR: 无法加载模块:Public

[ 2016-12-28T13:58:56+08:00 ] ::1 /BLOG/Public/assets/js/jquery.min.js
ERR: 无法加载模块:Public

[ 2016-12-28T13:58:59+08:00 ] ::1 /BLOG/Public/assets/js/jquery.min.js
ERR: 无法加载模块:Public

[ 2016-12-28T13:59:13+08:00 ] ::1 /BLOG/Public/assets/js/jquery.min.js
ERR: 无法加载模块:Public

[ 2016-12-28T13:59:15+08:00 ] ::1 /BLOG/Public/assets/js/jquery.min.js
ERR: 无法加载模块:Public

[ 2016-12-28T13:59:17+08:00 ] ::1 /BLOG/Public/assets/js/jquery.min.js
ERR: 无法加载模块:Public

[ 2016-12-28T13:59:20+08:00 ] ::1 /BLOG/Public/assets/js/jquery.min.js
ERR: 无法加载模块:Public

[ 2016-12-28T13:59:38+08:00 ] ::1 /BLOG/Public/assets/js/jquery.min.js
ERR: 无法加载模块:Public

[ 2016-12-28T13:59:45+08:00 ] ::1 /BLOG/Public/assets/js/jquery.min.js
ERR: 无法加载模块:Public

[ 2016-12-28T13:59:49+08:00 ] ::1 /BLOG/Public/assets/js/jquery.min.js
ERR: 无法加载模块:Public

[ 2016-12-28T13:59:50+08:00 ] ::1 /BLOG/Public/assets/js/jquery.min.js
ERR: 无法加载模块:Public

[ 2016-12-28T14:01:08+08:00 ] ::1 /BLOG/Public/assets/js/jquery.min.js
ERR: 无法加载模块:Public

[ 2016-12-28T14:01:10+08:00 ] ::1 /BLOG/Public/assets/js/jquery.min.js
ERR: 无法加载模块:Public

[ 2016-12-28T14:01:12+08:00 ] ::1 /BLOG/Public/assets/js/jquery.min.js
ERR: 无法加载模块:Public

[ 2016-12-28T14:01:16+08:00 ] ::1 /BLOG/Public/assets/js/jquery.min.js
ERR: 无法加载模块:Public

[ 2016-12-28T14:01:19+08:00 ] ::1 /BLOG/Public/assets/js/jquery.min.js
ERR: 无法加载模块:Public

[ 2016-12-28T14:01:35+08:00 ] ::1 /BLOG/Public/assets/js/jquery.min.js
ERR: 无法加载模块:Public

[ 2016-12-28T14:03:34+08:00 ] ::1 /BLOG/Public/assets/js/jquery.min.js
ERR: 无法加载模块:Public

[ 2016-12-28T14:03:42+08:00 ] ::1 /BLOG/Public/assets/js/jquery.min.js
ERR: 无法加载模块:Public

[ 2016-12-28T14:07:02+08:00 ] ::1 /BLOG/Public/assets/js/jquery.min.js
ERR: 无法加载模块:Public

[ 2016-12-28T14:07:04+08:00 ] ::1 /BLOG/Public/assets/js/jquery.min.js
ERR: 无法加载模块:Public

[ 2016-12-28T14:07:10+08:00 ] ::1 /BLOG/Public/assets/js/jquery.min.js
ERR: 无法加载模块:Public

[ 2016-12-28T14:07:18+08:00 ] ::1 /BLOG/Public/assets/js/jquery.min.js
ERR: 无法加载模块:Public

[ 2016-12-28T14:07:20+08:00 ] ::1 /BLOG/Public/assets/js/jquery.min.js
ERR: 无法加载模块:Public

[ 2016-12-28T14:07:22+08:00 ] ::1 /BLOG/Public/assets/js/jquery.min.js
ERR: 无法加载模块:Public

[ 2016-12-28T14:07:24+08:00 ] ::1 /BLOG/Public/assets/js/jquery.min.js
ERR: 无法加载模块:Public

[ 2016-12-28T14:07:27+08:00 ] ::1 /BLOG/Public/assets/js/jquery.min.js
ERR: 无法加载模块:Public

[ 2016-12-28T14:07:31+08:00 ] ::1 /BLOG/Public/assets/js/jquery.min.js
ERR: 无法加载模块:Public

[ 2016-12-28T14:07:33+08:00 ] ::1 /BLOG/Public/assets/js/jquery.min.js
ERR: 无法加载模块:Public

[ 2016-12-28T14:07:36+08:00 ] ::1 /BLOG/Public/assets/js/jquery.min.js
ERR: 无法加载模块:Public

[ 2016-12-28T14:08:59+08:00 ] ::1 /BLOG/Public/assets/js/jquery.min.js
ERR: 无法加载模块:Public

[ 2016-12-28T14:09:00+08:00 ] ::1 /BLOG/Public/assets/js/jquery.min.js
ERR: 无法加载模块:Public

[ 2016-12-28T14:10:23+08:00 ] ::1 /BLOG/Public/assets/js/jquery.min.js
ERR: 无法加载模块:Public

[ 2016-12-28T14:12:10+08:00 ] ::1 /BLOG/Public/assets/js/jquery.min.js
ERR: 无法加载模块:Public

[ 2016-12-28T14:12:12+08:00 ] ::1 /BLOG/Public/assets/js/jquery.min.js
ERR: 无法加载模块:Public

[ 2016-12-28T14:12:16+08:00 ] ::1 /BLOG/Public/assets/js/jquery.min.js
ERR: 无法加载模块:Public

[ 2016-12-28T14:12:34+08:00 ] ::1 /BLOG/Public/assets/js/jquery.min.js
ERR: 无法加载模块:Public

[ 2016-12-28T14:12:35+08:00 ] ::1 /BLOG/Public/assets/js/jquery.min.js
ERR: 无法加载模块:Public

[ 2016-12-28T14:12:38+08:00 ] ::1 /BLOG/Public/assets/js/jquery.min.js
ERR: 无法加载模块:Public

[ 2016-12-28T14:13:48+08:00 ] ::1 /BLOG/Public/assets/js/jquery.min.js
ERR: 无法加载模块:Public

[ 2016-12-28T14:13:52+08:00 ] ::1 /BLOG/Public/assets/js/jquery.min.js
ERR: 无法加载模块:Public

[ 2016-12-28T14:14:09+08:00 ] ::1 /BLOG/Public/assets/js/jquery.min.js
ERR: 无法加载模块:Public

[ 2016-12-28T14:14:17+08:00 ] ::1 /BLOG/Public/assets/js/jquery.min.js
ERR: 无法加载模块:Public

[ 2016-12-28T14:14:18+08:00 ] ::1 /BLOG/Public/assets/js/jquery.min.js
ERR: 无法加载模块:Public

[ 2016-12-28T14:14:19+08:00 ] ::1 /BLOG/Public/assets/js/jquery.min.js
ERR: 无法加载模块:Public

[ 2016-12-28T14:14:20+08:00 ] ::1 /BLOG/Public/assets/js/jquery.min.js
ERR: 无法加载模块:Public

[ 2016-12-28T14:14:32+08:00 ] ::1 /BLOG/Public/assets/js/jquery.min.js
ERR: 无法加载模块:Public

[ 2016-12-28T15:23:31+08:00 ] ::1 /BLOG/Public/assets/js/jquery.min.js
ERR: 无法加载模块:Public

[ 2016-12-28T15:23:49+08:00 ] ::1 /BLOG/Public/assets/js/jquery.min.js
ERR: 无法加载模块:Public

[ 2016-12-28T15:45:18+08:00 ] ::1 /BLOG/Public/assets/js/jquery.min.js
ERR: 无法加载模块:Public

[ 2016-12-28T16:34:27+08:00 ] ::1 /BLOG/Public/assets/js/jquery.min.js
ERR: 无法加载模块:Public

[ 2016-12-28T16:44:34+08:00 ] ::1 /BLOG/Public/assets/js/jquery.min.js
ERR: 无法加载模块:Public

[ 2016-12-28T16:48:06+08:00 ] ::1 /BLOG/Public/assets/js/jquery.min.js
ERR: 无法加载模块:Public

[ 2016-12-28T16:48:07+08:00 ] ::1 /BLOG/Public/assets/js/jquery.min.js
ERR: 无法加载模块:Public

[ 2016-12-28T16:48:14+08:00 ] ::1 /BLOG/Public/assets/js/jquery.min.js
ERR: 无法加载模块:Public

[ 2016-12-28T16:48:38+08:00 ] ::1 /BLOG/Public/assets/js/jquery.min.js
ERR: 无法加载模块:Public

[ 2016-12-28T16:51:42+08:00 ] ::1 /BLOG/Public/assets/js/jquery.min.js
ERR: 无法加载模块:Public

[ 2016-12-28T16:51:53+08:00 ] ::1 /BLOG/Public/assets/js/jquery.min.js
ERR: 无法加载模块:Public

[ 2016-12-28T16:52:13+08:00 ] ::1 /BLOG/Public/assets/js/jquery.min.js
ERR: 无法加载模块:Public

[ 2016-12-28T16:52:57+08:00 ] ::1 /BLOG/Public/assets/js/jquery.min.js
ERR: 无法加载模块:Public

[ 2016-12-28T16:53:00+08:00 ] ::1 /BLOG/Public/assets/js/jquery.min.js
ERR: 无法加载模块:Public

[ 2016-12-28T16:53:01+08:00 ] ::1 /BLOG/Public/assets/js/jquery.min.js
ERR: 无法加载模块:Public

[ 2016-12-28T16:53:27+08:00 ] ::1 /BLOG/Public/assets/js/jquery.min.js
ERR: 无法加载模块:Public

[ 2016-12-28T16:53:28+08:00 ] ::1 /BLOG/Public/assets/js/jquery.min.js
ERR: 无法加载模块:Public

[ 2016-12-28T16:53:31+08:00 ] ::1 /BLOG/Public/assets/js/jquery.min.js
ERR: 无法加载模块:Public

[ 2016-12-28T16:53:32+08:00 ] ::1 /BLOG/Public/assets/js/jquery.min.js
ERR: 无法加载模块:Public

[ 2016-12-28T16:53:33+08:00 ] ::1 /BLOG/Public/assets/js/jquery.min.js
ERR: 无法加载模块:Public

[ 2016-12-28T16:53:34+08:00 ] ::1 /BLOG/Public/assets/js/jquery.min.js
ERR: 无法加载模块:Public

[ 2016-12-28T16:53:37+08:00 ] ::1 /BLOG/Public/assets/js/jquery.min.js
ERR: 无法加载模块:Public

[ 2016-12-28T16:55:03+08:00 ] ::1 /BLOG/Public/assets/js/jquery.min.js
ERR: 无法加载模块:Public

[ 2016-12-28T17:06:43+08:00 ] ::1 /BLOG/Public/assets/js/jquery.min.js
ERR: 无法加载模块:Public

[ 2016-12-28T17:19:36+08:00 ] ::1 /BLOG/Publicsimditor-1.0.5/scripts/js/jquery.min.js
ERR: 无法加载模块:Publicsimditor-1.0.5

[ 2016-12-28T17:19:36+08:00 ] ::1 /BLOG/Publicsimditor-1.0.5/scripts/js/uploader.js
ERR: 无法加载模块:Publicsimditor-1.0.5

[ 2016-12-28T17:19:36+08:00 ] ::1 /BLOG/Publicsimditor-1.0.5/scripts/js/module.js
ERR: 无法加载模块:Publicsimditor-1.0.5

[ 2016-12-28T17:19:36+08:00 ] ::1 /BLOG/Publicsimditor-1.0.5/scripts/js/simditor.js
ERR: 无法加载模块:Publicsimditor-1.0.5

[ 2016-12-28T17:19:36+08:00 ] ::1 /BLOG/Publicsimditor-1.0.5/scripts/js/module.js
ERR: 无法加载模块:Publicsimditor-1.0.5

[ 2016-12-28T17:19:36+08:00 ] ::1 /BLOG/Publicsimditor-1.0.5/scripts/js/uploader.js
ERR: 无法加载模块:Publicsimditor-1.0.5

[ 2016-12-28T17:19:36+08:00 ] ::1 /BLOG/Publicsimditor-1.0.5/scripts/js/simditor.js
ERR: 无法加载模块:Publicsimditor-1.0.5

[ 2016-12-28T17:19:37+08:00 ] ::1 /BLOG/Publicsimditor-1.0.5/scripts/js/jquery.min.js
ERR: 无法加载模块:Publicsimditor-1.0.5

[ 2016-12-28T17:19:37+08:00 ] ::1 /BLOG/Publicsimditor-1.0.5/scripts/js/uploader.js
ERR: 无法加载模块:Publicsimditor-1.0.5

[ 2016-12-28T17:19:37+08:00 ] ::1 /BLOG/Publicsimditor-1.0.5/scripts/js/module.js
ERR: 无法加载模块:Publicsimditor-1.0.5

[ 2016-12-28T17:19:37+08:00 ] ::1 /BLOG/Publicsimditor-1.0.5/scripts/js/simditor.js
ERR: 无法加载模块:Publicsimditor-1.0.5

[ 2016-12-28T17:19:37+08:00 ] ::1 /BLOG/Publicsimditor-1.0.5/scripts/js/module.js
ERR: 无法加载模块:Publicsimditor-1.0.5

[ 2016-12-28T17:19:37+08:00 ] ::1 /BLOG/Publicsimditor-1.0.5/scripts/js/uploader.js
ERR: 无法加载模块:Publicsimditor-1.0.5

[ 2016-12-28T17:19:37+08:00 ] ::1 /BLOG/Publicsimditor-1.0.5/scripts/js/simditor.js
ERR: 无法加载模块:Publicsimditor-1.0.5

[ 2016-12-28T17:24:26+08:00 ] ::1 /BLOG/Application/Admin/Public/ueditor/ueditor-cn/zh-cn.js
ERR: 无法加载模块:Application

[ 2016-12-28T17:24:26+08:00 ] ::1 /BLOG/Application/Admin/Public/ueditor/ueditor-cn/zh-cn.js
ERR: 无法加载模块:Application

[ 2016-12-28T17:24:46+08:00 ] ::1 /BLOG/Application/Admin/Public/ueditor/ueditor-cn/zh-cn.js
ERR: 无法加载模块:Application

[ 2016-12-28T17:30:53+08:00 ] ::1 /BLOG/Public/assets/js/jquery.min.js
ERR: 无法加载模块:Public

[ 2016-12-28T17:30:56+08:00 ] ::1 /BLOG/Public/assets/js/jquery.min.js
ERR: 无法加载模块:Public

[ 2016-12-28T17:30:59+08:00 ] ::1 /BLOG/Public/assets/js/jquery.min.js
ERR: 无法加载模块:Public

[ 2016-12-28T17:31:01+08:00 ] ::1 /BLOG/Public/assets/js/jquery.min.js
ERR: 无法加载模块:Public

[ 2016-12-28T17:38:40+08:00 ] ::1 /BLOG/Public/assets/js/jquery.min.js
ERR: 无法加载模块:Public

[ 2016-12-28T17:38:42+08:00 ] ::1 /BLOG/Public/assets/js/jquery.min.js
ERR: 无法加载模块:Public

[ 2016-12-28T17:38:43+08:00 ] ::1 /BLOG/Public/assets/js/jquery.min.js
ERR: 无法加载模块:Public

[ 2016-12-28T17:38:54+08:00 ] ::1 /BLOG/Public/assets/js/jquery.min.js
ERR: 无法加载模块:Public

[ 2016-12-28T17:39:48+08:00 ] ::1 /BLOG/Public/assets/js/jquery.min.js
ERR: 无法加载模块:Public

[ 2016-12-28T17:39:48+08:00 ] ::1 /BLOG/Public/assets/js/jquery.min.js
ERR: 无法加载模块:Public

[ 2016-12-28T17:39:49+08:00 ] ::1 /BLOG/Public/assets/js/jquery.min.js
ERR: 无法加载模块:Public

[ 2016-12-28T17:41:11+08:00 ] ::1 /BLOG/Public/assets/js/jquery.min.js
ERR: 无法加载模块:Public

[ 2016-12-28T17:49:01+08:00 ] ::1 /BLOG/Public/assets/js/jquery.min.js
ERR: 无法加载模块:Public

[ 2016-12-28T17:50:13+08:00 ] ::1 /BLOG/Public/assets/js/jquery.min.js
ERR: 无法加载模块:Public

[ 2016-12-28T17:51:22+08:00 ] ::1 /BLOG/Public/assets/js/jquery.min.js
ERR: 无法加载模块:Public

[ 2016-12-28T17:51:43+08:00 ] ::1 /BLOG/Public/assets/js/jquery.min.js
ERR: 无法加载模块:Public

[ 2016-12-28T17:51:47+08:00 ] ::1 /BLOG/Public/assets/js/jquery.min.js
ERR: 无法加载模块:Public

[ 2016-12-28T17:52:58+08:00 ] ::1 /BLOG/Public/assets/js/jquery.min.js
ERR: 无法加载模块:Public

[ 2016-12-28T17:53:17+08:00 ] ::1 /BLOG/Public/assets/js/jquery.min.js
ERR: 无法加载模块:Public

[ 2016-12-28T17:54:24+08:00 ] ::1 /BLOG/Public/assets/js/jquery.min.js
ERR: 无法加载模块:Public

[ 2016-12-28T17:56:36+08:00 ] ::1 /BLOG/Public/assets/js/jquery.min.js
ERR: 无法加载模块:Public

[ 2016-12-28T17:57:28+08:00 ] ::1 /BLOG/Public/assets/js/jquery.min.js
ERR: 无法加载模块:Public

[ 2016-12-28T17:58:47+08:00 ] ::1 /BLOG/Public/assets/js/jquery.min.js
ERR: 无法加载模块:Public

[ 2016-12-28T17:58:51+08:00 ] ::1 /BLOG/Public/assets/js/jquery.min.js
ERR: 无法加载模块:Public

[ 2016-12-28T18:01:47+08:00 ] ::1 /BLOG/Public/assets/js/jquery.min.js
ERR: 无法加载模块:Public

[ 2016-12-28T18:01:50+08:00 ] ::1 /BLOG/Public/assets/js/jquery.min.js
ERR: 无法加载模块:Public

[ 2016-12-28T18:02:57+08:00 ] ::1 /BLOG/Public/assets/js/jquery.min.js
ERR: 无法加载模块:Public

[ 2016-12-28T18:05:19+08:00 ] ::1 /BLOG/Public/assets/js/jquery.min.js
ERR: 无法加载模块:Public

[ 2016-12-28T20:09:14+08:00 ] ::1 /BLOG/Public/assets/js/jquery.min.js
ERR: 无法加载模块:Public

[ 2016-12-28T20:09:32+08:00 ] ::1 /BLOG/Public/assets/js/jquery.min.js
ERR: 无法加载模块:Public

[ 2016-12-28T21:08:00+08:00 ] ::1 /BLOG/Public/assets/js/jquery.min.js
ERR: 无法加载模块:Public

[ 2016-12-28T23:23:03+08:00 ] ::1 /BLOG/Public/assets/js/jquery.min.js
ERR: 无法加载模块:Public

[ 2016-12-28T23:23:22+08:00 ] ::1 /BLOG/Public/assets/js/jquery.min.js
ERR: 无法加载模块:Public

[ 2016-12-28T23:23:22+08:00 ] ::1 /BLOG/Public/assets/js/jquery.min.js
ERR: 无法加载模块:Public

