[ 2016-12-29T10:04:08+08:00 ] ::1 /BLOG/Public/assets/js/jquery.min.js
ERR: 无法加载模块:Public

[ 2016-12-29T10:04:26+08:00 ] ::1 /BLOG/Public/assets/js/jquery.min.js
ERR: 无法加载模块:Public

[ 2016-12-29T10:14:30+08:00 ] ::1 /BLOG/Public/assets/js/jquery.min.js
ERR: 无法加载模块:Public

[ 2016-12-29T10:15:20+08:00 ] ::1 /BLOG/Public/assets/js/jquery.min.js
ERR: 无法加载模块:Public

[ 2016-12-29T10:22:49+08:00 ] ::1 /BLOG/Public/assets/js/jquery.min.js
ERR: 无法加载模块:Public

[ 2016-12-29T10:22:58+08:00 ] ::1 /BLOG/Public/assets/js/jquery.min.js
ERR: 无法加载模块:Public

[ 2016-12-29T10:23:29+08:00 ] ::1 /BLOG/Public/assets/js/jquery.min.js
ERR: 无法加载模块:Public

[ 2016-12-29T10:23:41+08:00 ] ::1 /BLOG/Public/assets/js/jquery.min.js
ERR: 无法加载模块:Public

[ 2016-12-29T10:23:48+08:00 ] ::1 /BLOG/Public/assets/js/jquery.min.js
ERR: 无法加载模块:Public

[ 2016-12-29T10:30:01+08:00 ] ::1 /BLOG/Public/assets/js/jquery.min.js
ERR: 无法加载模块:Public

[ 2016-12-29T10:30:24+08:00 ] ::1 /BLOG/Public/assets/js/jquery.min.js
ERR: 无法加载模块:Public

[ 2016-12-29T10:31:27+08:00 ] ::1 /BLOG/Public/assets/js/jquery.min.js
ERR: 无法加载模块:Public

[ 2016-12-29T10:31:48+08:00 ] ::1 /BLOG/Public/assets/js/jquery.min.js
ERR: 无法加载模块:Public

[ 2016-12-29T10:32:34+08:00 ] ::1 /BLOG/Public/assets/js/jquery.min.js
ERR: 无法加载模块:Public

[ 2016-12-29T10:33:03+08:00 ] ::1 /BLOG/Public/assets/js/jquery.min.js
ERR: 无法加载模块:Public

[ 2016-12-29T10:33:45+08:00 ] ::1 /BLOG/Public/assets/js/jquery.min.js
ERR: 无法加载模块:Public

[ 2016-12-29T10:33:57+08:00 ] ::1 /BLOG/Public/assets/js/jquery.min.js
ERR: 无法加载模块:Public

[ 2016-12-29T10:34:02+08:00 ] ::1 /BLOG/Public/assets/js/jquery.min.js
ERR: 无法加载模块:Public

[ 2016-12-29T10:34:03+08:00 ] ::1 /BLOG/Public/assets/js/jquery.min.js
ERR: 无法加载模块:Public

[ 2016-12-29T10:34:05+08:00 ] ::1 /BLOG/Public/assets/js/jquery.min.js
ERR: 无法加载模块:Public

[ 2016-12-29T10:34:06+08:00 ] ::1 /BLOG/Public/assets/js/jquery.min.js
ERR: 无法加载模块:Public

[ 2016-12-29T10:34:09+08:00 ] ::1 /BLOG/Public/assets/js/jquery.min.js
ERR: 无法加载模块:Public

[ 2016-12-29T10:34:51+08:00 ] ::1 /BLOG/Public/assets/js/jquery.min.js
ERR: 无法加载模块:Public

[ 2016-12-29T10:35:45+08:00 ] ::1 /BLOG/Public/assets/js/jquery.min.js
ERR: 无法加载模块:Public

[ 2016-12-29T10:36:20+08:00 ] ::1 /BLOG/Public/assets/js/jquery.min.js
ERR: 无法加载模块:Public

[ 2016-12-29T10:37:02+08:00 ] ::1 /BLOG/Public/assets/js/jquery.min.js
ERR: 无法加载模块:Public

[ 2016-12-29T10:37:03+08:00 ] ::1 /BLOG/Public/assets/js/jquery.min.js
ERR: 无法加载模块:Public

[ 2016-12-29T10:42:27+08:00 ] ::1 /BLOG/Public/assets/js/jquery.min.js
ERR: 无法加载模块:Public

[ 2016-12-29T10:42:33+08:00 ] ::1 /BLOG/Public/assets/js/jquery.min.js
ERR: 无法加载模块:Public

[ 2016-12-29T10:42:34+08:00 ] ::1 /BLOG/Public/assets/js/jquery.min.js
ERR: 无法加载模块:Public

[ 2016-12-29T10:43:16+08:00 ] ::1 /BLOG/Public/assets/js/jquery.min.js
ERR: 无法加载模块:Public

[ 2016-12-29T10:44:24+08:00 ] ::1 /BLOG/Public/assets/js/jquery.min.js
ERR: 无法加载模块:Public

[ 2016-12-29T10:44:45+08:00 ] ::1 /BLOG/Public/assets/js/jquery.min.js
ERR: 无法加载模块:Public

[ 2016-12-29T10:52:23+08:00 ] ::1 /BLOG/Public/assets/js/jquery.min.js
ERR: 无法加载模块:Public

[ 2016-12-29T10:52:24+08:00 ] ::1 /BLOG/Public/assets/js/jquery.min.js
ERR: 无法加载模块:Public

[ 2016-12-29T10:52:25+08:00 ] ::1 /BLOG/Public/assets/js/jquery.min.js
ERR: 无法加载模块:Public

[ 2016-12-29T10:52:27+08:00 ] ::1 /BLOG/Public/assets/js/jquery.min.js
ERR: 无法加载模块:Public

[ 2016-12-29T10:53:47+08:00 ] ::1 /BLOG/Public/assets/js/jquery.min.js
ERR: 无法加载模块:Public

[ 2016-12-29T10:53:48+08:00 ] ::1 /BLOG/Public/assets/js/jquery.min.js
ERR: 无法加载模块:Public

[ 2016-12-29T10:56:23+08:00 ] ::1 /BLOG/Public/assets/js/jquery.min.js
ERR: 无法加载模块:Public

[ 2016-12-29T10:56:24+08:00 ] ::1 /BLOG/Public/assets/js/jquery.min.js
ERR: 无法加载模块:Public

[ 2016-12-29T10:56:25+08:00 ] ::1 /BLOG/Public/assets/js/jquery.min.js
ERR: 无法加载模块:Public

[ 2016-12-29T10:56:26+08:00 ] ::1 /BLOG/Public/assets/js/jquery.min.js
ERR: 无法加载模块:Public

[ 2016-12-29T10:56:29+08:00 ] ::1 /BLOG/Public/assets/js/jquery.min.js
ERR: 无法加载模块:Public

[ 2016-12-29T10:56:56+08:00 ] ::1 /BLOG/Public/assets/js/jquery.min.js
ERR: 无法加载模块:Public

[ 2016-12-29T10:56:56+08:00 ] ::1 /BLOG/Publicassets/i/app-icon72x72@2x.png
ERR: 无法加载模块:Publicassets

[ 2016-12-29T11:00:01+08:00 ] ::1 /BLOG/Public/assets/js/jquery.min.js
ERR: 无法加载模块:Public

[ 2016-12-29T11:00:02+08:00 ] ::1 /BLOG/Public/assets/js/jquery.min.js
ERR: 无法加载模块:Public

[ 2016-12-29T11:00:03+08:00 ] ::1 /BLOG/Public/assets/js/jquery.min.js
ERR: 无法加载模块:Public

[ 2016-12-29T11:01:00+08:00 ] ::1 /BLOG/Public/assets/js/jquery.min.js
ERR: 无法加载模块:Public

[ 2016-12-29T11:01:10+08:00 ] ::1 /BLOG/Public/assets/js/jquery.min.js
ERR: 无法加载模块:Public

[ 2016-12-29T11:02:33+08:00 ] ::1 /BLOG/Public/assets/js/jquery.min.js
ERR: 无法加载模块:Public

[ 2016-12-29T11:02:34+08:00 ] ::1 /BLOG/Public/assets/js/jquery.min.js
ERR: 无法加载模块:Public

[ 2016-12-29T11:05:35+08:00 ] ::1 /BLOG/Public/assets/js/jquery.min.js
ERR: 无法加载模块:Public

[ 2016-12-29T11:05:46+08:00 ] ::1 /BLOG/Public/assets/js/jquery.min.js
ERR: 无法加载模块:Public

[ 2016-12-29T11:05:51+08:00 ] ::1 /BLOG/Public/assets/js/jquery.min.js
ERR: 无法加载模块:Public

[ 2016-12-29T11:06:03+08:00 ] ::1 /BLOG/Public/assets/js/jquery.min.js
ERR: 无法加载模块:Public

[ 2016-12-29T11:07:51+08:00 ] ::1 /BLOG/Public/assets/js/jquery.min.js
ERR: 无法加载模块:Public

[ 2016-12-29T11:08:50+08:00 ] ::1 /BLOG/Public/assets/js/jquery.min.js
ERR: 无法加载模块:Public

[ 2016-12-29T11:09:22+08:00 ] ::1 /BLOG/Public/assets/js/jquery.min.js
ERR: 无法加载模块:Public

[ 2016-12-29T11:09:34+08:00 ] ::1 /BLOG/Public/assets/js/jquery.min.js
ERR: 无法加载模块:Public

[ 2016-12-29T11:10:12+08:00 ] ::1 /BLOG/Public/assets/js/jquery.min.js
ERR: 无法加载模块:Public

[ 2016-12-29T11:10:31+08:00 ] ::1 /BLOG/Public/assets/js/jquery.min.js
ERR: 无法加载模块:Public

[ 2016-12-29T11:26:15+08:00 ] ::1 /BLOG/Public/assets/js/jquery.min.js
ERR: 无法加载模块:Public

[ 2016-12-29T11:54:58+08:00 ] ::1 /BLOG/Public/assets/js/jquery.min.js
ERR: 无法加载模块:Public

[ 2016-12-29T12:03:22+08:00 ] ::1 /BLOG/Public/assets/js/jquery.min.js
ERR: 无法加载模块:Public

[ 2016-12-29T12:06:12+08:00 ] ::1 /BLOG/Public/assets/js/jquery.min.js
ERR: 无法加载模块:Public

[ 2016-12-29T12:06:56+08:00 ] ::1 /BLOG/Public/assets/js/jquery.min.js
ERR: 无法加载模块:Public

[ 2016-12-29T12:06:58+08:00 ] ::1 /BLOG/Public/assets/js/jquery.min.js
ERR: 无法加载模块:Public

[ 2016-12-29T12:07:00+08:00 ] ::1 /BLOG/Public/assets/js/jquery.min.js
ERR: 无法加载模块:Public

[ 2016-12-29T12:07:18+08:00 ] ::1 /BLOG/Public/assets/js/jquery.min.js
ERR: 无法加载模块:Public

[ 2016-12-29T12:09:43+08:00 ] ::1 /BLOG/Public/assets/js/jquery.min.js
ERR: 无法加载模块:Public

[ 2016-12-29T12:10:32+08:00 ] ::1 /BLOG/Public/assets/js/jquery.min.js
ERR: 无法加载模块:Public

[ 2016-12-29T12:13:59+08:00 ] ::1 /BLOG/Public/assets/js/jquery.min.js
ERR: 无法加载模块:Public

[ 2016-12-29T12:14:01+08:00 ] ::1 /BLOG/Public/assets/js/jquery.min.js
ERR: 无法加载模块:Public

[ 2016-12-29T12:37:38+08:00 ] ::1 /BLOG/Public/assets/js/jquery.min.js
ERR: 无法加载模块:Public

[ 2016-12-29T12:41:39+08:00 ] ::1 /BLOG/Public/assets/js/jquery.min.js
ERR: 无法加载模块:Public

[ 2016-12-29T12:42:24+08:00 ] ::1 /BLOG/Public/assets/js/jquery.min.js
ERR: 无法加载模块:Public

[ 2016-12-29T12:43:42+08:00 ] ::1 /BLOG/Public/assets/js/jquery.min.js
ERR: 无法加载模块:Public

[ 2016-12-29T12:47:57+08:00 ] ::1 /BLOG/Public/assets/js/jquery.min.js
ERR: 无法加载模块:Public

[ 2016-12-29T12:48:28+08:00 ] ::1 /BLOG/Public/assets/js/jquery.min.js
ERR: 无法加载模块:Public

[ 2016-12-29T12:51:44+08:00 ] ::1 /BLOG/Public/assets/js/jquery.min.js
ERR: 无法加载模块:Public

[ 2016-12-29T12:55:42+08:00 ] ::1 /BLOG/Public/assets/js/jquery.min.js
ERR: 无法加载模块:Public

[ 2016-12-29T12:55:53+08:00 ] ::1 /BLOG/Public/assets/js/jquery.min.js
ERR: 无法加载模块:Public

[ 2016-12-29T12:56:48+08:00 ] ::1 /BLOG/Public/assets/js/jquery.min.js
ERR: 无法加载模块:Public

[ 2016-12-29T13:42:29+08:00 ] ::1 /BLOG/Public/assets/js/jquery.min.js
ERR: 无法加载模块:Public

[ 2016-12-29T13:42:40+08:00 ] ::1 /BLOG/Public/assets/js/jquery.min.js
ERR: 无法加载模块:Public

[ 2016-12-29T13:43:43+08:00 ] ::1 /BLOG/Application/Admin/Public/ueditor/ueditor-cn/zh-cn.js
ERR: 无法加载模块:Application

[ 2016-12-29T13:43:43+08:00 ] ::1 /BLOG/Application/Admin/Public/ueditor/ueditor-cn/zh-cn.js
ERR: 无法加载模块:Application

[ 2016-12-29T13:52:02+08:00 ] ::1 /BLOG/Application/Admin/Public/ueditor/ueditor-cn/zh-cn.js
ERR: 无法加载模块:Application

[ 2016-12-29T13:52:02+08:00 ] ::1 /BLOG/Application/Admin/Public/ueditor/ueditor-cn/zh-cn.js
ERR: 无法加载模块:Application

[ 2016-12-29T13:54:34+08:00 ] ::1 /BLOG/Application/Admin/Public/ueditor/ueditor-cn/zh-cn.js
ERR: 无法加载模块:Application

[ 2016-12-29T13:54:34+08:00 ] ::1 /BLOG/Application/Admin/Public/ueditor/ueditor-cn/zh-cn.js
ERR: 无法加载模块:Application

[ 2016-12-29T13:55:10+08:00 ] ::1 /BLOG/Application/Admin/Public/ueditor/ueditor-cn/zh-cn.js
ERR: 无法加载模块:Application

[ 2016-12-29T13:55:10+08:00 ] ::1 /BLOG/Application/Admin/Public/ueditor/ueditor-cn/zh-cn.js
ERR: 无法加载模块:Application

[ 2016-12-29T13:55:30+08:00 ] ::1 /BLOG/Application/Admin/Public/ueditor/ueditor-cn/zh-cn.js
ERR: 无法加载模块:Application

[ 2016-12-29T13:55:46+08:00 ] ::1 /BLOG/Application/Admin/Public/ueditor/ueditor-cn/zh-cn.js
ERR: 无法加载模块:Application

[ 2016-12-29T13:56:21+08:00 ] ::1 /BLOG/Application/Admin/Public/ueditor/ueditor-cn/zh-cn.js
ERR: 无法加载模块:Application

[ 2016-12-29T13:56:26+08:00 ] ::1 /BLOG/Application/Admin/Public/ueditor/ueditor-cn/zh-cn.js
ERR: 无法加载模块:Application

[ 2016-12-29T14:04:01+08:00 ] ::1 /BLOG/Public/assets/js/jquery.min.js
ERR: 无法加载模块:Public

[ 2016-12-29T14:04:29+08:00 ] ::1 /BLOG/Public/assets/js/jquery.min.js
ERR: 无法加载模块:Public

[ 2016-12-29T14:06:54+08:00 ] ::1 /BLOG/Public/assets/js/jquery.min.js
ERR: 无法加载模块:Public

[ 2016-12-29T14:06:55+08:00 ] ::1 /BLOG/Public/assets/js/jquery.min.js
ERR: 无法加载模块:Public

[ 2016-12-29T14:08:42+08:00 ] ::1 /BLOG/Public/assets/js/jquery.min.js
ERR: 无法加载模块:Public

[ 2016-12-29T14:10:07+08:00 ] ::1 /BLOG/Public/assets/js/jquery.min.js
ERR: 无法加载模块:Public

[ 2016-12-29T14:11:22+08:00 ] ::1 /BLOG/Public/assets/js/jquery.min.js
ERR: 无法加载模块:Public

[ 2016-12-29T14:11:47+08:00 ] ::1 /BLOG/Public/assets/js/jquery.min.js
ERR: 无法加载模块:Public

[ 2016-12-29T14:17:42+08:00 ] ::1 /BLOG/Public/assets/js/jquery.min.js
ERR: 无法加载模块:Public

[ 2016-12-29T14:19:54+08:00 ] ::1 /BLOG/Public/assets/js/jquery.min.js
ERR: 无法加载模块:Public

[ 2016-12-29T14:21:25+08:00 ] ::1 /BLOG/Public/assets/js/jquery.min.js
ERR: 无法加载模块:Public

[ 2016-12-29T14:21:27+08:00 ] ::1 /BLOG/Public/assets/js/jquery.min.js
ERR: 无法加载模块:Public

[ 2016-12-29T14:21:52+08:00 ] ::1 /BLOG/Public/assets/js/jquery.min.js
ERR: 无法加载模块:Public

[ 2016-12-29T14:22:00+08:00 ] ::1 /BLOG/Public/assets/js/jquery.min.js
ERR: 无法加载模块:Public

[ 2016-12-29T14:22:07+08:00 ] ::1 /BLOG/Public/assets/js/jquery.min.js
ERR: 无法加载模块:Public

[ 2016-12-29T14:22:22+08:00 ] ::1 /BLOG/Public/assets/js/jquery.min.js
ERR: 无法加载模块:Public

[ 2016-12-29T14:24:58+08:00 ] ::1 /BLOG/Public/assets/js/jquery.min.js
ERR: 无法加载模块:Public

[ 2016-12-29T14:25:17+08:00 ] ::1 /BLOG/Public/assets/js/jquery.min.js
ERR: 无法加载模块:Public

[ 2016-12-29T14:25:46+08:00 ] ::1 /BLOG/Public/assets/js/jquery.min.js
ERR: 无法加载模块:Public

[ 2016-12-29T14:26:17+08:00 ] ::1 /BLOG/Public/assets/js/jquery.min.js
ERR: 无法加载模块:Public

[ 2016-12-29T14:27:00+08:00 ] ::1 /BLOG/Public/assets/js/jquery.min.js
ERR: 无法加载模块:Public

[ 2016-12-29T14:27:46+08:00 ] ::1 /BLOG/Public/assets/js/jquery.min.js
ERR: 无法加载模块:Public

[ 2016-12-29T14:27:50+08:00 ] ::1 /BLOG/Public/assets/js/jquery.min.js
ERR: 无法加载模块:Public

[ 2016-12-29T14:28:59+08:00 ] ::1 /BLOG/Public/assets/js/jquery.min.js
ERR: 无法加载模块:Public

[ 2016-12-29T14:29:08+08:00 ] ::1 /BLOG/Public/assets/js/jquery.min.js
ERR: 无法加载模块:Public

[ 2016-12-29T14:33:25+08:00 ] ::1 /BLOG/Public/assets/js/jquery.min.js
ERR: 无法加载模块:Public

[ 2016-12-29T14:33:36+08:00 ] ::1 /BLOG/Public/assets/js/jquery.min.js
ERR: 无法加载模块:Public

[ 2016-12-29T14:43:36+08:00 ] ::1 /BLOG/Public/assets/js/jquery.min.js
ERR: 无法加载模块:Public

[ 2016-12-29T14:44:22+08:00 ] ::1 /BLOG/Public/assets/js/jquery.min.js
ERR: 无法加载模块:Public

