[ 2016-12-18T10:22:29+08:00 ] ::1 /ykt/thinkphp/index.php/Admin/Cate/design.html
ERR: 非法操作:design

[ 2016-12-18T11:08:29+08:00 ] ::1 /ykt/thinkphp/index.php/Admin/Link/dsfgfdsg
ERR: 非法操作:dsfgfdsg

[ 2016-12-18T11:26:07+08:00 ] ::1 /ykt/thinkphp/index.php/Admin/Cate/design.html
ERR: 非法操作:design

[ 2016-12-18T15:37:39+08:00 ] ::1 /ykt/thinkphp/index.php/Admin/Article/lst.html
ERR: 1064:You have an error in your SQL syntax; check the manual that corresponds to your MariaDB server version for the right syntax to use near 'LIMIT 1' at line 1
 [ SQL语句 ] : SELECT COUNT(*) AS tp_count FROM  LIMIT 1  

[ 2016-12-18T15:38:52+08:00 ] ::1 /ykt/thinkphp/index.php/Admin/Article/lst.html
ERR: 1064:You have an error in your SQL syntax; check the manual that corresponds to your MariaDB server version for the right syntax to use near 'LIMIT 1' at line 1
 [ SQL语句 ] : SELECT COUNT(*) AS tp_count FROM  LIMIT 1  

[ 2016-12-18T15:38:53+08:00 ] ::1 /ykt/thinkphp/index.php/Admin/Article/lst.html
ERR: 1064:You have an error in your SQL syntax; check the manual that corresponds to your MariaDB server version for the right syntax to use near 'LIMIT 1' at line 1
 [ SQL语句 ] : SELECT COUNT(*) AS tp_count FROM  LIMIT 1  

[ 2016-12-18T15:39:48+08:00 ] ::1 /ykt/thinkphp/index.php/Admin/Article/lst.html
ERR: 1064:You have an error in your SQL syntax; check the manual that corresponds to your MariaDB server version for the right syntax to use near 'LIMIT 1' at line 1
 [ SQL语句 ] : SELECT COUNT(*) AS tp_count FROM  LIMIT 1  

[ 2016-12-18T15:39:48+08:00 ] ::1 /ykt/thinkphp/index.php/Admin/Article/lst.html
ERR: 1064:You have an error in your SQL syntax; check the manual that corresponds to your MariaDB server version for the right syntax to use near 'LIMIT 1' at line 1
 [ SQL语句 ] : SELECT COUNT(*) AS tp_count FROM  LIMIT 1  

[ 2016-12-18T15:39:48+08:00 ] ::1 /ykt/thinkphp/index.php/Admin/Article/lst.html
ERR: 1064:You have an error in your SQL syntax; check the manual that corresponds to your MariaDB server version for the right syntax to use near 'LIMIT 1' at line 1
 [ SQL语句 ] : SELECT COUNT(*) AS tp_count FROM  LIMIT 1  

[ 2016-12-18T15:39:49+08:00 ] ::1 /ykt/thinkphp/index.php/Admin/Article/lst.html
ERR: 1064:You have an error in your SQL syntax; check the manual that corresponds to your MariaDB server version for the right syntax to use near 'LIMIT 1' at line 1
 [ SQL语句 ] : SELECT COUNT(*) AS tp_count FROM  LIMIT 1  

[ 2016-12-18T15:44:22+08:00 ] ::1 /ykt/thinkphp/index.php/Admin/Article/lst.html
ERR: 1064:You have an error in your SQL syntax; check the manual that corresponds to your MariaDB server version for the right syntax to use near 'LIMIT 1' at line 1
 [ SQL语句 ] : SELECT COUNT(*) AS tp_count FROM  LIMIT 1  

[ 2016-12-18T15:44:23+08:00 ] ::1 /ykt/thinkphp/index.php/Admin/Article/lst.html
ERR: 1064:You have an error in your SQL syntax; check the manual that corresponds to your MariaDB server version for the right syntax to use near 'LIMIT 1' at line 1
 [ SQL语句 ] : SELECT COUNT(*) AS tp_count FROM  LIMIT 1  

[ 2016-12-18T15:44:56+08:00 ] ::1 /ykt/thinkphp/index.php/Admin/Article/lst.html
ERR: 1064:You have an error in your SQL syntax; check the manual that corresponds to your MariaDB server version for the right syntax to use near 'LIMIT 1' at line 1
 [ SQL语句 ] : SELECT COUNT(*) AS tp_count FROM  LIMIT 1  

[ 2016-12-18T15:46:49+08:00 ] ::1 /ykt/thinkphp/index.php/Admin/Article
ERR: 非法操作:index

[ 2016-12-18T15:46:53+08:00 ] ::1 /ykt/thinkphp/index.php/Admin/Article/
ERR: 非法操作:index

[ 2016-12-18T15:47:02+08:00 ] ::1 /ykt/thinkphp/index.php/Admin/Article/lst.html
ERR: 1064:You have an error in your SQL syntax; check the manual that corresponds to your MariaDB server version for the right syntax to use near 'LIMIT 1' at line 1
 [ SQL语句 ] : SELECT COUNT(*) AS tp_count FROM  LIMIT 1  

[ 2016-12-18T15:47:19+08:00 ] ::1 /ykt/thinkphp/index.php/Admin/Article/lst.html
ERR: 1064:You have an error in your SQL syntax; check the manual that corresponds to your MariaDB server version for the right syntax to use near 'LIMIT 1' at line 1
 [ SQL语句 ] : SELECT COUNT(*) AS tp_count FROM  LIMIT 1  

[ 2016-12-18T15:47:41+08:00 ] ::1 /ykt/thinkphp/index.php/Admin/Article/lst.html
ERR: 1064:You have an error in your SQL syntax; check the manual that corresponds to your MariaDB server version for the right syntax to use near 'LIMIT 1' at line 1
 [ SQL语句 ] : SELECT COUNT(*) AS tp_count FROM  LIMIT 1  

[ 2016-12-18T15:47:42+08:00 ] ::1 /ykt/thinkphp/index.php/Admin/Article/lst.html
ERR: 1064:You have an error in your SQL syntax; check the manual that corresponds to your MariaDB server version for the right syntax to use near 'LIMIT 1' at line 1
 [ SQL语句 ] : SELECT COUNT(*) AS tp_count FROM  LIMIT 1  

[ 2016-12-18T15:48:19+08:00 ] ::1 /ykt/thinkphp/index.php/Admin/Article/lst.html
ERR: 1064:You have an error in your SQL syntax; check the manual that corresponds to your MariaDB server version for the right syntax to use near 'LIMIT 1' at line 1
 [ SQL语句 ] : SELECT COUNT(*) AS tp_count FROM  LIMIT 1  

[ 2016-12-18T15:48:19+08:00 ] ::1 /ykt/thinkphp/index.php/Admin/Article/lst.html
ERR: 1064:You have an error in your SQL syntax; check the manual that corresponds to your MariaDB server version for the right syntax to use near 'LIMIT 1' at line 1
 [ SQL语句 ] : SELECT COUNT(*) AS tp_count FROM  LIMIT 1  

[ 2016-12-18T15:48:19+08:00 ] ::1 /ykt/thinkphp/index.php/Admin/Article/lst.html
ERR: 1064:You have an error in your SQL syntax; check the manual that corresponds to your MariaDB server version for the right syntax to use near 'LIMIT 1' at line 1
 [ SQL语句 ] : SELECT COUNT(*) AS tp_count FROM  LIMIT 1  

[ 2016-12-18T15:48:20+08:00 ] ::1 /ykt/thinkphp/index.php/Admin/Article/lst.html
ERR: 1064:You have an error in your SQL syntax; check the manual that corresponds to your MariaDB server version for the right syntax to use near 'LIMIT 1' at line 1
 [ SQL语句 ] : SELECT COUNT(*) AS tp_count FROM  LIMIT 1  

[ 2016-12-18T15:48:20+08:00 ] ::1 /ykt/thinkphp/index.php/Admin/Article/lst.html
ERR: 1064:You have an error in your SQL syntax; check the manual that corresponds to your MariaDB server version for the right syntax to use near 'LIMIT 1' at line 1
 [ SQL语句 ] : SELECT COUNT(*) AS tp_count FROM  LIMIT 1  

[ 2016-12-18T15:48:26+08:00 ] ::1 /ykt/thinkphp/index.php/Admin/Article/lst.html
ERR: 1064:You have an error in your SQL syntax; check the manual that corresponds to your MariaDB server version for the right syntax to use near 'LIMIT 1' at line 1
 [ SQL语句 ] : SELECT COUNT(*) AS tp_count FROM  LIMIT 1  

[ 2016-12-18T15:49:16+08:00 ] ::1 /ykt/thinkphp/index.php/Admin/Article/lst.html
ERR: 1054:Unknown column 'Article.auther' in 'field list'
 [ SQL语句 ] : SELECT Article.id AS id,Article.title AS title,Article.auther AS auther,Article.pic AS pic,Cate.catename AS catename FROM ykt_article Article LEFT JOIN ykt_cate Cate ON Article.cateid=Cate.id ORDER BY Article.id desc LIMIT 0,2  

[ 2016-12-18T15:49:17+08:00 ] ::1 /ykt/thinkphp/index.php/Admin/Article/lst.html
ERR: 1054:Unknown column 'Article.auther' in 'field list'
 [ SQL语句 ] : SELECT Article.id AS id,Article.title AS title,Article.auther AS auther,Article.pic AS pic,Cate.catename AS catename FROM ykt_article Article LEFT JOIN ykt_cate Cate ON Article.cateid=Cate.id ORDER BY Article.id desc LIMIT 0,2  

[ 2016-12-18T17:00:36+08:00 ] ::1 /ykt/thinkphp/index.php/Admin/Article/design.html
ERR: 非法操作:design

[ 2016-12-18T17:00:46+08:00 ] ::1 /ykt/thinkphp/index.php/Admin/Article/design.html
ERR: 非法操作:design

[ 2016-12-18T17:00:47+08:00 ] ::1 /ykt/thinkphp/index.php/Admin/Article/design.html
ERR: 非法操作:design

[ 2016-12-18T17:00:51+08:00 ] ::1 /ykt/thinkphp/index.php/Admin/Admin/lst
ERR: 1054:Unknown column 'sort' in 'order clause'
 [ SQL语句 ] : SELECT * FROM `ykt_admin` ORDER BY sort asc 

[ 2016-12-18T19:35:49+08:00 ] ::1 /ykt/thinkphp/index.php/Admin/css/admin_login.css
ERR: 无法加载控制器:Css

[ 2016-12-18T20:44:20+08:00 ] ::1 /ykt/thinkphp/index.php/Admin/css/admin_login.css
ERR: 无法加载控制器:Css

[ 2016-12-18T22:06:10+08:00 ] ::1 /ykt/thinkphp/index.php/Admin/index/__MOUDLE__/Admin/edit/id/10
ERR: 非法操作:__MOUDLE__

[ 2016-12-18T22:06:32+08:00 ] ::1 /ykt/thinkphp/index.php/Admin/index/__MOUDLE__/Admin/edit/id/10
ERR: 非法操作:__MOUDLE__

[ 2016-12-18T22:06:33+08:00 ] ::1 /ykt/thinkphp/index.php/Admin/index/__MOUDLE__/Admin/edit/id/10
ERR: 非法操作:__MOUDLE__

[ 2016-12-18T22:06:35+08:00 ] ::1 /ykt/thinkphp/index.php/Admin/index/__MOUDEL__/Admin/edit/id/10
ERR: 非法操作:__MOUDEL__

[ 2016-12-18T22:06:53+08:00 ] ::1 /ykt/thinkphp/index.php/Admin/index/__MOUDEL__/Admin/edit/id/10
ERR: 非法操作:__MOUDEL__

[ 2016-12-18T22:07:26+08:00 ] ::1 /ykt/thinkphp/index.php/Admin/index/__MOUDEL__/Admin/edit/id/10
ERR: 非法操作:__MOUDEL__

[ 2016-12-18T22:07:30+08:00 ] ::1 /ykt/thinkphp/index.php/Admin/index/__MOUDEL__/Admin/edit/id/10
ERR: 非法操作:__MOUDEL__

[ 2016-12-18T22:07:55+08:00 ] ::1 /ykt/thinkphp/index.php/Admin/index/__MOUDEL__/Admin/edit/id/10
ERR: 非法操作:__MOUDEL__

[ 2016-12-18T22:07:56+08:00 ] ::1 /ykt/thinkphp/index.php/Admin/index/__MOUDEL__/Admin/edit/id/10
ERR: 非法操作:__MOUDEL__

[ 2016-12-18T22:52:48+08:00 ] ::1 /ykt/thinkphp/index.php/Admin/Admin/index.html
ERR: 非法操作:index

