[ 2016-12-29T10:16:21+08:00 ] ::1 /BLOG/ADMIN
ERR: 无法加载控制器:Index

[ 2016-12-29T11:36:08+08:00 ] ::1 /BLOG/index.php/Admin/user
ERR: 模板不存在:./Application/Admin/View/User/index.html

[ 2016-12-29T11:45:55+08:00 ] ::1 /BLOG/index.php/Admin/User/lst
ERR: 无法加载控制器:User

[ 2016-12-29T11:46:13+08:00 ] ::1 /BLOG/index.php/Admin/User
ERR: 无法加载控制器:User

[ 2016-12-29T11:47:15+08:00 ] ::1 /BLOG/index.php/Admin/User
ERR: 非法操作:index

[ 2016-12-29T13:42:49+08:00 ] ::1 /BLOG/index.php/Admin/Cate/index.html
ERR: 非法操作:index

[ 2016-12-29T13:43:07+08:00 ] ::1 /BLOG/index.php/Admin/Article/index.html
ERR: 非法操作:index

[ 2016-12-29T13:43:10+08:00 ] ::1 /BLOG/index.php/Admin/Article/index.html
ERR: 非法操作:index

[ 2016-12-29T13:43:13+08:00 ] ::1 /BLOG/index.php/Admin/Cate/index.html
ERR: 非法操作:index

[ 2016-12-29T13:43:15+08:00 ] ::1 /BLOG/index.php/Admin/Link/index.html
ERR: 非法操作:index

[ 2016-12-29T13:43:19+08:00 ] ::1 /BLOG/index.php/Admin/Admin/index.html
ERR: 非法操作:index

[ 2016-12-29T13:43:21+08:00 ] ::1 /BLOG/index.php/Admin/User/index.html
ERR: 非法操作:index

[ 2016-12-29T13:45:40+08:00 ] ::1 /BLOG/index.php/Admin/Admin/__MODUL__/index
ERR: 非法操作:__MODUL__

[ 2016-12-29T13:45:53+08:00 ] ::1 /BLOG/index.php/Admin/Admin/__MODUL__/index
ERR: 非法操作:__MODUL__

[ 2016-12-29T13:45:53+08:00 ] ::1 /BLOG/index.php/Admin/Admin/__MODUL__/index
ERR: 非法操作:__MODUL__

[ 2016-12-29T13:51:51+08:00 ] ::1 /BLOG/index.php/Admin/Article/index.html
ERR: 非法操作:index

[ 2016-12-29T13:55:11+08:00 ] ::1 /BLOG/index.php/Admin/article/
ERR: 非法操作:index

[ 2016-12-29T13:55:27+08:00 ] ::1 /BLOG/index.php/Admin/article/
ERR: 非法操作:index

[ 2016-12-29T13:55:28+08:00 ] ::1 /BLOG/index.php/Admin/article/
ERR: 非法操作:index

